TN:
SF:src/App.css
FNF:0
FNH:0
LF:0
LH:0
BRF:0
BRH:0
end_of_record
TN:
SF:src/App.tsx
FN:30,App
FNF:1
FNH:1
FNDA:1,App
DA:31,1
LF:1
LH:1
BRF:0
BRH:0
end_of_record
TN:
SF:src/application/CIAClassificationApp.tsx
FN:4,(anonymous_0)
FN:7,(anonymous_1)
FN:11,(anonymous_2)
FN:14,(anonymous_3)
FN:17,(anonymous_4)
FN:21,(anonymous_5)
FN:24,(anonymous_6)
FN:27,(anonymous_7)
FN:31,(anonymous_8)
FN:34,(anonymous_9)
FN:37,(anonymous_10)
FN:62,(anonymous_11)
FN:76,(anonymous_12)
FN:85,(anonymous_13)
FN:93,(anonymous_14)
FN:101,(anonymous_15)
FN:109,(anonymous_16)
FN:117,(anonymous_17)
FN:118,(anonymous_18)
FN:121,(anonymous_19)
FN:125,(anonymous_20)
FN:128,(anonymous_21)
FN:132,(anonymous_22)
FN:142,(anonymous_23)
FN:222,(anonymous_24)
FN:405,(anonymous_25)
FNF:26
FNH:16
FNDA:6,(anonymous_0)
FNDA:6,(anonymous_1)
FNDA:6,(anonymous_2)
FNDA:6,(anonymous_3)
FNDA:6,(anonymous_4)
FNDA:6,(anonymous_5)
FNDA:6,(anonymous_6)
FNDA:6,(anonymous_7)
FNDA:6,(anonymous_8)
FNDA:6,(anonymous_9)
FNDA:6,(anonymous_10)
FNDA:44,(anonymous_11)
FNDA:24,(anonymous_12)
FNDA:24,(anonymous_13)
FNDA:0,(anonymous_14)
FNDA:0,(anonymous_15)
FNDA:0,(anonymous_16)
FNDA:0,(anonymous_17)
FNDA:0,(anonymous_18)
FNDA:0,(anonymous_19)
FNDA:24,(anonymous_20)
FNDA:0,(anonymous_21)
FNDA:0,(anonymous_22)
FNDA:24,(anonymous_23)
FNDA:0,(anonymous_24)
FNDA:0,(anonymous_25)
DA:4,6
DA:5,6
DA:7,6
DA:8,6
DA:11,6
DA:12,6
DA:14,6
DA:15,6
DA:17,6
DA:18,6
DA:21,6
DA:22,6
DA:24,6
DA:25,6
DA:27,6
DA:28,6
DA:31,6
DA:32,6
DA:34,6
DA:35,6
DA:37,6
DA:38,6
DA:62,6
DA:63,44
DA:65,44
DA:67,44
DA:72,44
DA:74,44
DA:76,44
DA:77,24
DA:81,44
DA:83,44
DA:85,44
DA:86,24
DA:93,44
DA:95,0
DA:96,0
DA:101,44
DA:103,0
DA:104,0
DA:109,44
DA:111,0
DA:112,0
DA:117,44
DA:118,0
DA:121,44
DA:122,0
DA:125,44
DA:128,0
DA:132,0
DA:136,44
DA:142,44
DA:143,24
DA:144,10
DA:145,10
DA:147,14
DA:148,14
DA:152,44
DA:222,0
DA:405,0
LF:60
LH:48
BRDA:81,0,0,44
BRDA:81,0,1,44
BRDA:143,1,0,10
BRDA:143,1,1,14
BRDA:156,2,0,16
BRDA:156,2,1,28
BRDA:234,3,0,16
BRDA:234,3,1,28
BRF:8
BRH:8
end_of_record
TN:
SF:src/components/charts/RadarChart.tsx
FN:64,(anonymous_0)
FN:86,(anonymous_1)
FN:104,(anonymous_2)
FN:105,(anonymous_3)
FN:106,(anonymous_4)
FN:122,(anonymous_5)
FN:125,(anonymous_6)
FN:197,(anonymous_7)
FN:226,(anonymous_8)
FN:243,(anonymous_9)
FN:251,(anonymous_10)
FNF:11
FNH:9
FNDA:52,(anonymous_0)
FNDA:132,(anonymous_1)
FNDA:42,(anonymous_2)
FNDA:0,(anonymous_3)
FNDA:0,(anonymous_4)
FNDA:42,(anonymous_5)
FNDA:47,(anonymous_6)
FNDA:47,(anonymous_7)
FNDA:47,(anonymous_8)
FNDA:1,(anonymous_9)
FNDA:44,(anonymous_10)
DA:15,9
DA:16,9
DA:17,9
DA:64,9
DA:71,52
DA:72,52
DA:75,52
DA:76,52
DA:80,52
DA:86,52
DA:87,132
DA:89,15
DA:92,29
DA:94,58
DA:96,27
DA:98,3
DA:100,0
DA:104,52
DA:105,42
DA:106,0
DA:107,0
DA:112,0
DA:113,0
DA:114,0
DA:120,42
DA:122,42
DA:125,52
DA:126,47
DA:128,47
DA:129,47
DA:130,5
DA:133,47
DA:134,47
DA:135,3
DA:136,3
DA:139,44
DA:140,44
DA:141,44
DA:143,44
DA:146,47
DA:147,47
DA:150,47
DA:152,47
DA:198,0
DA:205,0
DA:227,0
DA:234,0
DA:235,0
DA:243,47
DA:244,1
DA:245,1
DA:249,47
DA:251,47
DA:252,44
DA:253,44
DA:254,44
DA:258,0
DA:260,0
DA:263,52
DA:267,52
LF:60
LH:47
BRDA:16,0,0,9
BRDA:16,0,1,0
BRDA:65,1,0,52
BRDA:66,2,0,52
BRDA:67,3,0,52
BRDA:68,4,0,52
BRDA:69,5,0,52
BRDA:87,6,0,15
BRDA:87,6,1,0
BRDA:87,6,2,29
BRDA:87,6,3,58
BRDA:87,6,4,27
BRDA:87,6,5,3
BRDA:87,6,6,0
BRDA:107,7,0,0
BRDA:107,7,1,0
BRDA:108,8,0,0
BRDA:108,8,1,0
BRDA:113,9,0,0
BRDA:113,9,1,0
BRDA:126,10,0,0
BRDA:126,10,1,47
BRDA:129,11,0,5
BRDA:129,11,1,42
BRDA:134,12,0,3
BRDA:134,12,1,44
BRDA:143,13,0,0
BRDA:143,13,1,44
BRDA:146,14,0,0
BRDA:146,14,1,44
BRDA:147,15,0,0
BRDA:147,15,1,44
BRDA:150,16,0,0
BRDA:150,16,1,44
BRDA:205,17,0,0
BRDA:205,17,1,0
BRDA:215,18,0,0
BRDA:215,18,1,44
BRDA:235,19,0,0
BRDA:235,19,1,0
BRDA:244,20,0,1
BRDA:244,20,1,0
BRDA:253,21,0,44
BRDA:253,21,1,0
BRDA:258,22,0,0
BRDA:258,22,1,0
BRDA:263,23,0,2
BRDA:263,23,1,50
BRDA:269,24,0,5
BRDA:269,24,1,47
BRDA:278,25,0,47
BRDA:278,25,1,0
BRDA:284,26,0,47
BRDA:284,26,1,0
BRDA:290,27,0,47
BRDA:290,27,1,0
BRF:56
BRH:30
end_of_record
TN:
SF:src/components/common/BusinessImpactSection.tsx
FN:9,(anonymous_0)
FN:29,(anonymous_1)
FN:50,(anonymous_2)
FN:69,(anonymous_3)
FN:224,(anonymous_4)
FNF:5
FNH:5
FNDA:30,(anonymous_0)
FNDA:30,(anonymous_1)
FNDA:30,(anonymous_2)
FNDA:30,(anonymous_3)
FNDA:2,(anonymous_4)
DA:9,4
DA:10,30
DA:12,20
DA:14,5
DA:16,5
DA:18,0
DA:19,0
DA:29,4
DA:30,30
DA:32,20
DA:34,5
DA:36,5
DA:38,0
DA:39,0
DA:50,4
DA:51,30
DA:53,20
DA:55,5
DA:57,5
DA:59,0
DA:60,0
DA:69,4
DA:75,30
DA:77,30
DA:78,30
DA:79,30
DA:81,30
DA:226,2
LF:28
LH:22
BRDA:10,0,0,20
BRDA:10,0,1,5
BRDA:10,0,2,5
BRDA:10,0,3,0
BRDA:30,1,0,20
BRDA:30,1,1,5
BRDA:30,1,2,5
BRDA:30,1,3,0
BRDA:51,2,0,20
BRDA:51,2,1,5
BRDA:51,2,2,5
BRDA:51,2,3,0
BRDA:72,3,0,30
BRDA:75,4,0,30
BRDA:75,4,1,2
BRDA:75,4,2,2
BRDA:98,5,0,30
BRDA:98,5,1,0
BRDA:103,6,0,30
BRDA:103,6,1,30
BRDA:114,7,0,30
BRDA:114,7,1,2
BRDA:117,8,0,30
BRDA:117,8,1,12
BRDA:127,9,0,30
BRDA:127,9,1,30
BRDA:138,10,0,30
BRDA:138,10,1,2
BRDA:141,11,0,30
BRDA:141,11,1,13
BRDA:151,12,0,30
BRDA:151,12,1,4
BRDA:162,13,0,4
BRDA:162,13,1,0
BRDA:165,14,0,4
BRDA:165,14,1,0
BRDA:174,15,0,30
BRDA:174,15,1,4
BRDA:185,16,0,4
BRDA:185,16,1,0
BRDA:188,17,0,4
BRDA:188,17,1,0
BRDA:198,18,0,30
BRDA:198,18,1,11
BRDA:209,19,0,11
BRDA:209,19,1,0
BRDA:212,20,0,11
BRDA:212,20,1,0
BRDA:217,21,0,11
BRDA:217,21,1,3
BRDA:217,21,2,1
BRF:51
BRH:41
end_of_record
TN:
SF:src/components/common/CodeBlock.tsx
FN:12,(anonymous_0)
FN:24,(anonymous_1)
FN:45,(anonymous_2)
FN:63,(anonymous_3)
FN:115,(anonymous_4)
FN:125,(anonymous_5)
FN:129,(anonymous_6)
FN:135,(anonymous_7)
FN:174,(anonymous_8)
FNF:9
FNH:9
FNDA:18,(anonymous_0)
FNDA:4,(anonymous_1)
FNDA:2,(anonymous_2)
FNDA:3,(anonymous_3)
FNDA:20,(anonymous_4)
FNDA:2,(anonymous_5)
FNDA:1,(anonymous_6)
FNDA:18,(anonymous_7)
FNDA:5,(anonymous_8)
DA:12,1
DA:13,18
DA:15,18
DA:20,18
DA:21,2
DA:23,2
DA:26,4
DA:27,0
DA:29,4
DA:30,2
DA:32,2
DA:33,2
DA:35,0
DA:36,0
DA:38,0
DA:41,16
DA:42,1
DA:44,1
DA:47,2
DA:48,0
DA:50,2
DA:51,1
DA:53,1
DA:54,1
DA:56,0
DA:59,15
DA:60,1
DA:62,1
DA:65,3
DA:66,0
DA:68,3
DA:69,1
DA:71,2
DA:72,2
DA:74,0
DA:79,18
DA:115,1
DA:123,20
DA:125,20
DA:126,2
DA:127,2
DA:128,1
DA:129,1
DA:131,1
DA:135,20
DA:136,18
DA:137,18
DA:143,20
DA:175,5
LF:49
LH:41
BRDA:20,0,0,2
BRDA:20,0,1,16
BRDA:20,1,0,18
BRDA:20,1,1,16
BRDA:20,1,2,16
BRDA:20,1,3,16
BRDA:26,2,0,0
BRDA:26,2,1,4
BRDA:29,3,0,2
BRDA:29,3,1,2
BRDA:32,4,0,2
BRDA:32,4,1,0
BRDA:35,5,0,0
BRDA:35,5,1,0
BRDA:41,6,0,1
BRDA:41,6,1,15
BRDA:47,7,0,0
BRDA:47,7,1,2
BRDA:50,8,0,1
BRDA:50,8,1,1
BRDA:53,9,0,1
BRDA:53,9,1,0
BRDA:59,10,0,1
BRDA:59,10,1,14
BRDA:59,11,0,15
BRDA:59,11,1,14
BRDA:65,12,0,0
BRDA:65,12,1,3
BRDA:68,13,0,1
BRDA:68,13,1,2
BRDA:71,14,0,2
BRDA:71,14,1,0
BRDA:118,15,0,20
BRDA:119,16,0,20
BRDA:120,17,0,20
BRDA:121,18,0,20
BRDA:151,19,0,20
BRDA:151,19,1,16
BRDA:153,20,0,20
BRDA:153,20,1,19
BRDA:161,21,0,1
BRDA:161,21,1,18
BRDA:171,22,0,2
BRDA:171,22,1,18
BRDA:181,23,0,5
BRDA:181,23,1,0
BRF:46
BRH:37
end_of_record
TN:
SF:src/components/common/ErrorMessage.tsx
FN:67,(anonymous_0)
FNF:1
FNH:1
FNDA:59,(anonymous_0)
DA:67,24
DA:74,59
LF:2
LH:2
BRDA:68,0,0,59
BRDA:71,1,0,59
BRDA:72,2,0,59
BRDA:94,3,0,59
BRDA:94,3,1,51
BRF:5
BRH:5
end_of_record
TN:
SF:src/components/common/ErrorToast.tsx
FN:84,(anonymous_0)
FN:137,(anonymous_1)
FN:149,(anonymous_2)
FN:151,(anonymous_3)
FN:157,(anonymous_4)
FN:159,(anonymous_5)
FN:163,(anonymous_6)
FN:244,(anonymous_7)
FNF:8
FNH:8
FNDA:21,(anonymous_0)
FNDA:22,(anonymous_1)
FNDA:3,(anonymous_2)
FNDA:3,(anonymous_3)
FNDA:16,(anonymous_4)
FNDA:1,(anonymous_5)
FNDA:12,(anonymous_6)
FNDA:1,(anonymous_7)
DA:84,3
DA:85,21
DA:87,1
DA:89,1
DA:91,18
DA:93,0
DA:95,0
DA:97,1
DA:99,0
DA:137,3
DA:147,22
DA:149,22
DA:150,3
DA:151,3
DA:152,3
DA:153,3
DA:157,22
DA:158,16
DA:159,12
DA:160,1
DA:163,12
DA:165,4
DA:168,22
DA:169,1
DA:172,21
DA:174,21
DA:245,1
DA:246,1
LF:28
LH:25
BRDA:85,0,0,1
BRDA:85,0,1,1
BRDA:85,0,2,18
BRDA:85,0,3,0
BRDA:85,0,4,0
BRDA:85,0,5,1
BRDA:85,0,6,0
BRDA:139,1,0,22
BRDA:142,2,0,22
BRDA:143,3,0,22
BRDA:145,4,0,22
BRDA:158,5,0,12
BRDA:158,5,1,4
BRDA:158,6,0,16
BRDA:158,6,1,15
BRDA:168,7,0,1
BRDA:168,7,1,21
BRDA:168,8,0,22
BRDA:168,8,1,1
BRDA:177,9,0,3
BRDA:177,9,1,18
BRDA:241,10,0,22
BRDA:241,10,1,4
BRDA:271,11,0,22
BRDA:271,11,1,14
BRDA:271,11,2,14
BRDA:271,11,3,13
BRF:27
BRH:24
end_of_record
TN:
SF:src/components/common/KeyValuePair.tsx
FN:43,KeyValuePair
FNF:1
FNH:1
FNDA:62,KeyValuePair
DA:53,62
LF:1
LH:1
BRDA:46,0,0,62
BRDA:47,1,0,62
BRDA:48,2,0,62
BRDA:49,3,0,62
BRDA:56,4,0,62
BRDA:56,4,1,4
BRDA:59,5,0,62
BRDA:59,5,1,0
BRDA:63,6,0,62
BRDA:63,6,1,0
BRF:10
BRH:8
end_of_record
TN:
SF:src/components/common/KeyboardShortcutHelp.tsx
FN:21,(anonymous_0)
FN:29,(anonymous_1)
FN:32,(anonymous_2)
FN:43,(anonymous_3)
FN:46,(anonymous_4)
FN:55,(anonymous_5)
FN:58,(anonymous_6)
FN:63,(anonymous_7)
FN:74,(anonymous_8)
FN:89,(anonymous_9)
FN:92,(anonymous_10)
FN:112,(anonymous_11)
FN:145,(anonymous_12)
FN:155,(anonymous_13)
FNF:14
FNH:13
FNDA:58,(anonymous_0)
FNDA:38,(anonymous_1)
FNDA:7,(anonymous_2)
FNDA:58,(anonymous_3)
FNDA:2,(anonymous_4)
FNDA:13,(anonymous_5)
FNDA:38,(anonymous_6)
FNDA:1,(anonymous_7)
FNDA:0,(anonymous_8)
FNDA:1,(anonymous_9)
FNDA:13,(anonymous_10)
FNDA:2,(anonymous_11)
FNDA:7,(anonymous_12)
FNDA:7,(anonymous_13)
DA:21,7
DA:26,58
DA:27,58
DA:29,58
DA:30,38
DA:32,38
DA:33,7
DA:34,7
DA:35,7
DA:37,7
DA:40,38
DA:43,58
DA:44,58
DA:46,13
DA:47,2
DA:48,2
DA:49,2
DA:50,2
DA:54,13
DA:55,13
DA:58,58
DA:59,38
DA:63,13
DA:64,1
DA:65,1
DA:67,1
DA:71,1
DA:72,1
DA:74,1
DA:75,0
DA:77,0
DA:78,0
DA:79,0
DA:80,0
DA:81,0
DA:82,0
DA:86,1
DA:87,1
DA:89,1
DA:92,13
DA:93,13
DA:94,13
DA:98,58
DA:100,13
DA:112,2
DA:146,7
DA:156,7
LF:47
LH:40
BRDA:27,0,0,58
BRDA:27,0,1,57
BRDA:34,1,0,7
BRDA:34,1,1,0
BRDA:44,2,0,45
BRDA:44,2,1,13
BRDA:47,3,0,2
BRDA:47,3,1,0
BRDA:59,4,0,25
BRDA:59,4,1,13
BRDA:65,5,0,0
BRDA:65,5,1,1
BRDA:75,6,0,0
BRDA:75,6,1,0
BRDA:77,7,0,0
BRDA:77,7,1,0
BRDA:77,8,0,0
BRDA:77,8,1,0
BRDA:80,9,0,0
BRDA:80,9,1,0
BRDA:80,10,0,0
BRDA:80,10,1,0
BRDA:98,11,0,45
BRDA:98,11,1,13
BRDA:152,12,0,7
BRDA:152,12,1,0
BRF:26
BRH:12
end_of_record
TN:
SF:src/components/common/LoadingSkeleton.tsx
FN:54,(anonymous_0)
FN:67,(anonymous_1)
FN:69,(anonymous_2)
FN:83,(anonymous_3)
FN:88,(anonymous_4)
FN:98,(anonymous_5)
FN:103,(anonymous_6)
FN:113,(anonymous_7)
FN:115,(anonymous_8)
FN:130,(anonymous_9)
FN:132,(anonymous_10)
FN:145,(anonymous_11)
FN:148,(anonymous_12)
FNF:13
FNH:13
FNDA:485,(anonymous_0)
FNDA:473,(anonymous_1)
FNDA:2348,(anonymous_2)
FNDA:4,(anonymous_3)
FNDA:12,(anonymous_4)
FNDA:2,(anonymous_5)
FNDA:8,(anonymous_6)
FNDA:2,(anonymous_7)
FNDA:10,(anonymous_8)
FNDA:2,(anonymous_9)
FNDA:8,(anonymous_10)
FNDA:2,(anonymous_11)
FNDA:8,(anonymous_12)
DA:54,7
DA:60,485
DA:61,485
DA:63,485
DA:68,473
DA:70,2348
DA:84,4
DA:89,12
DA:99,2
DA:104,8
DA:114,2
DA:116,10
DA:131,2
DA:133,8
DA:146,2
DA:149,8
DA:163,485
DA:165,485
DA:173,485
DA:175,485
LF:20
LH:20
BRDA:55,0,0,485
BRDA:56,1,0,485
BRDA:57,2,0,485
BRDA:58,3,0,485
BRDA:163,4,0,485
BRDA:163,4,1,0
BRDA:173,5,0,485
BRDA:173,5,1,2
BRF:8
BRH:7
end_of_record
TN:
SF:src/components/common/LoadingSpinner.tsx
FN:51,(anonymous_0)
FNF:1
FNH:1
FNDA:12,(anonymous_0)
DA:51,2
DA:56,12
DA:62,12
LF:3
LH:3
BRDA:52,0,0,12
BRDA:53,1,0,12
BRDA:54,2,0,12
BRF:3
BRH:3
end_of_record
TN:
SF:src/components/common/MetricCard.tsx
FN:49,(anonymous_0)
FNF:1
FNH:1
FNDA:180,(anonymous_0)
DA:49,6
DA:60,180
DA:99,180
DA:101,180
LF:4
LH:4
BRDA:55,0,0,180
BRDA:56,1,0,180
BRDA:57,2,0,180
BRDA:105,3,0,180
BRDA:105,3,1,179
BRDA:105,4,0,179
BRDA:105,4,1,176
BRDA:107,5,0,165
BRDA:107,5,1,15
BRDA:108,6,0,180
BRDA:108,6,1,165
BRDA:118,7,0,180
BRDA:118,7,1,4
BRDA:118,8,0,1
BRDA:118,8,1,3
BRDA:127,9,0,180
BRDA:127,9,1,114
BRF:17
BRH:17
end_of_record
TN:
SF:src/components/common/ResourceCard.tsx
FN:11,(anonymous_0)
FN:21,(anonymous_1)
FN:65,(anonymous_2)
FN:71,(anonymous_3)
FN:89,(anonymous_4)
FN:96,(anonymous_5)
FN:146,(anonymous_6)
FNF:7
FNH:7
FNDA:2,(anonymous_0)
FNDA:2,(anonymous_1)
FNDA:2,(anonymous_2)
FNDA:2,(anonymous_3)
FNDA:40,(anonymous_4)
FNDA:40,(anonymous_5)
FNDA:40,(anonymous_6)
DA:11,2
DA:12,2
DA:13,2
DA:21,40
DA:27,2
DA:29,2
DA:35,1
DA:41,1
DA:47,1
DA:65,2
DA:71,2
DA:72,2
DA:73,2
DA:75,2
DA:79,40
DA:80,40
DA:81,3
DA:83,1
DA:90,40
DA:91,40
DA:92,40
DA:93,40
DA:97,40
DA:98,40
DA:147,40
LF:25
LH:25
BRDA:12,0,0,2
BRDA:12,0,1,0
BRDA:13,1,0,2
BRDA:13,1,1,2
BRDA:27,2,0,2
BRDA:27,2,1,40
BRDA:27,2,2,1
BRDA:27,2,3,1
BRDA:68,3,0,2
BRDA:72,4,0,2
BRDA:72,4,1,2
BRDA:80,5,0,40
BRDA:80,5,1,4
BRDA:81,6,0,1
BRDA:81,6,1,1
BRDA:90,7,0,40
BRDA:90,7,1,40
BRDA:92,8,0,40
BRDA:92,8,1,0
BRDA:97,9,0,40
BRDA:97,9,1,0
BRDA:97,10,0,40
BRDA:97,10,1,40
BRDA:101,11,0,3
BRDA:101,11,1,3
BRDA:112,12,0,40
BRDA:112,12,1,40
BRDA:114,13,0,40
BRDA:114,13,1,40
BRDA:121,14,0,40
BRDA:121,14,1,40
BRDA:124,15,0,40
BRDA:124,15,1,40
BRDA:124,15,2,40
BRDA:124,15,3,40
BRDA:126,16,0,10
BRDA:126,16,1,40
BRDA:131,17,0,30
BRDA:131,17,1,30
BRDA:136,18,0,39
BRDA:136,18,1,39
BRDA:144,19,0,31
BRDA:144,19,1,31
BRDA:155,20,0,110
BRDA:155,20,1,110
BRF:45
BRH:42
end_of_record
TN:
SF:src/components/common/RiskLevelBadge.tsx
FN:31,(anonymous_0)
FN:59,getRiskIcon
FNF:2
FNH:2
FNDA:13,(anonymous_0)
FNDA:2,getRiskIcon
DA:31,2
DA:37,13
DA:38,1
DA:45,12
DA:47,13
DA:49,13
DA:60,2
DA:62,2
DA:63,1
DA:64,1
DA:68,0
DA:69,1
DA:70,1
DA:71,0
DA:75,0
DA:78,0
LF:16
LH:12
BRDA:33,0,0,13
BRDA:34,1,0,13
BRDA:35,2,0,13
BRDA:37,3,0,1
BRDA:37,3,1,12
BRDA:45,4,0,3
BRDA:45,4,1,9
BRDA:51,5,0,13
BRDA:51,5,1,2
BRDA:62,6,0,1
BRDA:62,6,1,1
BRDA:62,7,0,2
BRDA:62,7,1,1
BRDA:64,8,0,0
BRDA:64,8,1,1
BRDA:65,9,0,1
BRDA:65,9,1,1
BRDA:69,10,0,1
BRDA:69,10,1,0
BRDA:71,11,0,0
BRDA:71,11,1,0
BRDA:72,12,0,0
BRDA:72,12,1,0
BRF:23
BRH:17
end_of_record
TN:
SF:src/components/common/SecurityLevelBadge.tsx
FN:45,(anonymous_0)
FN:53,(anonymous_1)
FN:70,(anonymous_2)
FNF:3
FNH:3
FNDA:641,(anonymous_0)
FNDA:303,(anonymous_1)
FNDA:6,(anonymous_2)
DA:45,12
DA:53,641
DA:54,303
DA:56,28
DA:58,68
DA:60,142
DA:62,32
DA:64,33
DA:66,0
DA:70,641
DA:71,6
DA:73,1
DA:75,1
DA:77,2
DA:79,1
DA:81,1
DA:83,0
DA:87,641
DA:88,641
DA:90,641
LF:20
LH:18
BRDA:50,0,0,641
BRDA:54,1,0,28
BRDA:54,1,1,68
BRDA:54,1,2,142
BRDA:54,1,3,32
BRDA:54,1,4,33
BRDA:54,1,5,0
BRDA:71,2,0,1
BRDA:71,2,1,1
BRDA:71,2,2,2
BRDA:71,2,3,1
BRDA:71,2,4,1
BRDA:71,2,5,0
BRDA:87,3,0,641
BRDA:87,3,1,303
BRDA:88,4,0,641
BRDA:88,4,1,6
BRDA:95,5,0,641
BRDA:95,5,1,86
BRF:19
BRH:17
end_of_record
TN:
SF:src/components/common/SecurityLevelIndicator.tsx
FN:34,(anonymous_0)
FN:40,(anonymous_1)
FN:57,(anonymous_2)
FNF:3
FNH:3
FNDA:91,(anonymous_0)
FNDA:91,(anonymous_1)
FNDA:91,(anonymous_2)
DA:34,6
DA:40,91
DA:41,91
DA:43,5
DA:45,3
DA:47,78
DA:49,3
DA:51,2
DA:53,0
DA:57,91
DA:58,91
DA:60,55
DA:62,1
DA:64,35
DA:68,91
LF:15
LH:14
BRDA:36,0,0,91
BRDA:37,1,0,91
BRDA:41,2,0,5
BRDA:41,2,1,3
BRDA:41,2,2,78
BRDA:41,2,3,3
BRDA:41,2,4,2
BRDA:41,2,5,0
BRDA:58,3,0,55
BRDA:58,3,1,1
BRDA:58,3,2,35
BRF:11
BRH:10
end_of_record
TN:
SF:src/components/common/ShortcutBadge.tsx
FN:26,(anonymous_0)
FN:41,(anonymous_1)
FNF:2
FNH:2
FNDA:30,(anonymous_0)
FNDA:44,(anonymous_1)
DA:12,8
DA:26,8
DA:32,30
DA:33,30
DA:35,30
DA:42,44
DA:72,8
LF:7
LH:7
BRDA:28,0,0,30
BRDA:29,1,0,30
BRDA:30,2,0,30
BRDA:32,3,0,29
BRDA:32,3,1,1
BRDA:58,4,0,44
BRDA:58,4,1,14
BRF:7
BRH:7
end_of_record
TN:
SF:src/components/common/StatusBadge.tsx
FN:66,(anonymous_0)
FN:77,(anonymous_1)
FN:96,(anonymous_2)
FNF:3
FNH:3
FNDA:73,(anonymous_0)
FNDA:73,(anonymous_1)
FNDA:73,(anonymous_2)
DA:48,5
DA:66,5
DA:75,73
DA:77,73
DA:78,73
DA:80,9
DA:82,10
DA:84,19
DA:86,4
DA:88,31
DA:90,0
DA:92,0
DA:96,73
DA:97,73
DA:99,31
DA:101,1
DA:103,41
DA:107,73
LF:18
LH:16
BRDA:69,0,0,73
BRDA:71,1,0,73
BRDA:75,2,0,0
BRDA:75,2,1,73
BRDA:75,3,0,73
BRDA:75,3,1,0
BRDA:78,4,0,9
BRDA:78,4,1,10
BRDA:78,4,2,19
BRDA:78,4,3,4
BRDA:78,4,4,31
BRDA:78,4,5,0
BRDA:78,4,6,0
BRDA:97,5,0,31
BRDA:97,5,1,1
BRDA:97,5,2,41
BRF:16
BRH:12
end_of_record
TN:
SF:src/components/common/TabContainer.tsx
FN:72,(anonymous_0)
FN:95,(anonymous_1)
FN:101,(anonymous_2)
FN:110,(anonymous_3)
FN:111,(anonymous_4)
FN:140,(anonymous_5)
FNF:6
FNH:6
FNDA:84,(anonymous_0)
FNDA:233,(anonymous_1)
FNDA:466,(anonymous_2)
FNDA:8,(anonymous_3)
FNDA:7,(anonymous_4)
FNDA:233,(anonymous_5)
DA:72,5
DA:79,84
DA:84,84
DA:96,233
DA:98,233
DA:102,466
DA:110,8
DA:111,7
DA:141,233
LF:9
LH:9
BRDA:76,0,0,84
BRDA:77,1,0,84
BRDA:102,2,0,233
BRDA:102,2,1,233
BRDA:108,3,0,83
BRDA:108,3,1,150
BRDA:112,4,0,233
BRDA:112,4,1,74
BRDA:118,5,0,83
BRDA:118,5,1,150
BRDA:122,6,0,36
BRDA:122,6,1,197
BRDA:129,7,0,233
BRDA:129,7,1,42
BRDA:149,8,0,83
BRDA:149,8,1,150
BRDA:151,9,0,233
BRDA:151,9,1,83
BRF:18
BRH:18
end_of_record
TN:
SF:src/components/common/ValueDisplay.tsx
FN:19,(anonymous_0)
FN:26,(anonymous_1)
FN:42,(anonymous_2)
FNF:3
FNH:3
FNDA:21,(anonymous_0)
FNDA:21,(anonymous_1)
FNDA:21,(anonymous_2)
DA:19,1
DA:26,21
DA:27,21
DA:29,2
DA:31,1
DA:33,1
DA:35,1
DA:38,16
DA:42,21
DA:43,21
DA:45,1
DA:47,3
DA:50,17
DA:54,21
LF:14
LH:14
BRDA:21,0,0,21
BRDA:22,1,0,21
BRDA:24,2,0,21
BRDA:27,3,0,2
BRDA:27,3,1,1
BRDA:27,3,2,1
BRDA:27,3,3,1
BRDA:27,3,4,16
BRDA:27,3,5,16
BRDA:43,4,0,1
BRDA:43,4,1,3
BRDA:43,4,2,17
BRDA:43,4,3,17
BRDA:59,5,0,21
BRDA:59,5,1,3
BRF:15
BRH:15
end_of_record
TN:
SF:src/components/common/WidgetContainer.tsx
FN:25,(anonymous_0)
FNF:1
FNH:1
FNDA:254,(anonymous_0)
DA:25,14
DA:37,254
DA:39,254
DA:45,254
DA:46,254
DA:48,254
DA:49,254
DA:50,2
DA:53,254
DA:54,2
DA:72,252
LF:11
LH:11
BRDA:28,0,0,254
BRDA:29,1,0,254
BRDA:30,2,0,254
BRDA:31,3,0,254
BRDA:37,4,0,254
BRDA:37,4,1,175
BRDA:39,5,0,2
BRDA:39,5,1,252
BRDA:40,6,0,1
BRDA:40,6,1,1
BRDA:41,7,0,80
BRDA:41,7,1,172
BRDA:42,8,0,78
BRDA:42,8,1,2
BRDA:43,9,0,166
BRDA:43,9,1,6
BRDA:45,10,0,245
BRDA:45,10,1,9
BRDA:46,11,0,245
BRDA:46,11,1,9
BRDA:49,12,0,2
BRDA:49,12,1,252
BRDA:50,13,0,1
BRDA:50,13,1,1
BRDA:53,14,0,2
BRDA:53,14,1,252
BRDA:66,15,0,2
BRDA:66,15,1,0
BRDA:76,16,0,252
BRDA:76,16,1,244
BRDA:79,17,0,254
BRDA:79,17,1,0
BRDA:81,18,0,80
BRDA:81,18,1,172
BRDA:82,19,0,80
BRDA:82,19,1,172
BRF:36
BRH:34
end_of_record
TN:
SF:src/components/common/WidgetErrorBoundary.tsx
FN:94,(anonymous_0)
FN:102,(anonymous_1)
FN:109,(anonymous_2)
FN:125,(anonymous_3)
FN:129,(anonymous_4)
FNF:5
FNH:5
FNDA:564,(anonymous_0)
FNDA:22,(anonymous_1)
FNDA:25,(anonymous_2)
FNDA:1,(anonymous_3)
FNDA:1010,(anonymous_4)
DA:95,564
DA:96,564
DA:103,50
DA:110,25
DA:112,25
DA:117,25
DA:118,2
DA:125,1
DA:126,1
DA:130,1010
DA:131,1010
DA:133,1010
DA:134,50
DA:135,4
DA:138,46
DA:150,960
LF:16
LH:16
BRDA:113,0,0,19
BRDA:113,0,1,6
BRDA:117,1,0,2
BRDA:117,1,1,23
BRDA:131,2,0,1010
BRDA:133,3,0,50
BRDA:133,3,1,960
BRDA:134,4,0,4
BRDA:134,4,1,46
BRDA:141,5,0,36
BRDA:141,5,1,10
BRDA:142,6,0,50
BRDA:142,6,1,0
BRF:13
BRH:12
end_of_record
TN:
SF:src/components/common/WidgetSection.tsx
FN:46,(anonymous_0)
FNF:1
FNH:1
FNDA:84,(anonymous_0)
DA:46,6
DA:56,84
DA:65,84
DA:67,84
LF:4
LH:4
BRDA:51,0,0,84
BRDA:52,1,0,84
BRDA:54,2,0,84
BRDA:65,3,0,84
BRDA:65,3,1,59
BRDA:74,4,0,84
BRDA:74,4,1,75
BRDA:82,5,0,84
BRDA:82,5,1,1
BRF:9
BRH:9
end_of_record
TN:
SF:src/components/widgets/assessmentcenter/BusinessImpactAnalysisWidget.tsx
FN:33,(anonymous_0)
FN:48,(anonymous_1)
FN:95,(anonymous_2)
FN:118,(anonymous_3)
FN:141,(anonymous_4)
FN:167,(anonymous_5)
FN:193,(anonymous_6)
FN:236,(anonymous_7)
FN:294,(anonymous_8)
FN:356,(anonymous_9)
FN:393,(anonymous_10)
FN:456,(anonymous_11)
FN:483,(anonymous_12)
FN:632,getHighestImpactArea
FN:673,getSecurityLevelValue
FN:685,getImpactColorClass
FN:702,getImpactTextColorClass
FN:715,calculateDefaultImpactLevel
FN:742,getDefaultComponentImpact
FNF:19
FNH:13
FNDA:2,(anonymous_0)
FNDA:23,(anonymous_1)
FNDA:0,(anonymous_2)
FNDA:0,(anonymous_3)
FNDA:0,(anonymous_4)
FNDA:0,(anonymous_5)
FNDA:44,(anonymous_6)
FNDA:138,(anonymous_7)
FNDA:5,(anonymous_8)
FNDA:14,(anonymous_9)
FNDA:23,(anonymous_10)
FNDA:23,(anonymous_11)
FNDA:23,(anonymous_12)
FNDA:23,getHighestImpactArea
FNDA:23,getSecurityLevelValue
FNDA:0,getImpactColorClass
FNDA:15,getImpactTextColorClass
FNDA:0,calculateDefaultImpactLevel
FNDA:3,getDefaultComponentImpact
DA:33,2
DA:45,2
DA:48,23
DA:49,23
DA:50,23
DA:51,23
DA:58,23
DA:61,22
DA:66,3
DA:75,19
DA:81,0
DA:82,0
DA:95,0
DA:96,0
DA:97,0
DA:98,23
DA:101,23
DA:102,22
DA:106,3
DA:111,19
DA:113,19
DA:114,0
DA:118,0
DA:119,0
DA:120,0
DA:121,0
DA:124,23
DA:125,22
DA:129,3
DA:134,19
DA:136,19
DA:137,0
DA:141,0
DA:142,0
DA:143,0
DA:144,0
DA:150,23
DA:151,22
DA:155,3
DA:160,19
DA:162,19
DA:163,0
DA:167,0
DA:172,0
DA:180,23
DA:181,44
DA:182,44
DA:185,44
DA:187,44
DA:188,44
DA:189,44
DA:190,44
DA:193,44
DA:197,44
DA:207,23
DA:236,138
DA:238,138
DA:242,23
DA:294,14
DA:296,5
DA:300,23
DA:356,14
DA:357,5
DA:393,23
DA:394,23
DA:447,23
DA:457,23
DA:484,23
DA:504,92
DA:637,23
DA:639,23
DA:640,23
DA:642,23
DA:643,23
DA:645,23
DA:646,1
DA:648,23
DA:649,1
DA:651,1
DA:652,1
DA:654,23
DA:655,1
DA:658,23
DA:659,23
DA:662,0
DA:663,0
DA:666,23
DA:667,23
DA:670,23
DA:674,1
DA:682,0
DA:686,1
DA:688,126
DA:690,126
DA:692,69
DA:694,69
DA:696,40
DA:698,40
DA:703,4
DA:704,4
DA:705,0
DA:706,0
DA:707,23
DA:708,23
DA:709,0
DA:710,4
DA:712,4
DA:720,19
DA:728,19
DA:729,3
DA:730,3
DA:732,3
DA:735,3
DA:736,3
DA:737,3
DA:738,3
DA:739,3
DA:743,0
DA:745,3
DA:746,0
DA:767,0
DA:768,0
DA:789,0
LF:123
LH:94
BRDA:39,0,0,2
BRDA:40,1,0,2
BRDA:50,2,0,23
BRDA:50,2,1,0
BRDA:58,3,0,22
BRDA:58,3,1,1
BRDA:66,4,0,19
BRDA:66,4,1,19
BRDA:97,5,0,23
BRDA:97,5,1,-23
BRDA:101,6,0,22
BRDA:101,6,1,1
BRDA:106,7,0,19
BRDA:106,7,1,19
BRDA:120,8,0,0
BRDA:120,8,1,0
BRDA:124,9,0,22
BRDA:124,9,1,1
BRDA:129,10,0,19
BRDA:129,10,1,19
BRDA:143,11,0,0
BRDA:143,11,1,0
BRDA:150,12,0,22
BRDA:150,12,1,1
BRDA:155,13,0,19
BRDA:155,13,1,19
BRDA:180,14,0,23
BRDA:180,14,1,44
BRDA:181,15,0,44
BRDA:181,15,1,44
BRDA:182,16,0,44
BRDA:182,16,1,44
BRDA:187,17,0,44
BRDA:187,17,1,0
BRDA:188,18,0,44
BRDA:188,18,1,0
BRDA:189,19,0,44
BRDA:189,19,1,0
BRDA:218,20,0,138
BRDA:218,20,1,138
BRDA:221,21,0,138
BRDA:221,21,1,138
BRDA:230,22,0,138
BRDA:230,22,1,138
BRDA:255,23,0,21
BRDA:255,23,1,21
BRDA:257,24,0,21
BRDA:257,24,1,21
BRDA:259,25,0,21
BRDA:259,25,1,1
BRDA:268,26,0,14
BRDA:268,26,1,5
BRDA:270,27,0,5
BRDA:270,27,1,21
BRDA:272,28,0,21
BRDA:272,28,1,21
BRDA:281,29,0,14
BRDA:281,29,1,5
BRDA:283,30,0,5
BRDA:283,30,1,21
BRDA:285,31,0,21
BRDA:285,31,1,1
BRDA:304,32,0,21
BRDA:304,32,1,21
BRDA:306,33,0,21
BRDA:306,33,1,21
BRDA:308,34,0,21
BRDA:308,34,1,21
BRDA:317,35,0,14
BRDA:317,35,1,5
BRDA:319,36,0,21
BRDA:319,36,1,21
BRDA:321,37,0,21
BRDA:321,37,1,1
BRDA:330,38,0,14
BRDA:330,38,1,5
BRDA:332,39,0,21
BRDA:332,39,1,21
BRDA:334,40,0,21
BRDA:334,40,1,1
BRDA:343,41,0,14
BRDA:343,41,1,5
BRDA:345,42,0,5
BRDA:345,42,1,21
BRDA:347,43,0,21
BRDA:347,43,1,21
BRDA:435,44,0,23
BRDA:435,44,1,23
BRDA:435,45,0,23
BRDA:435,45,1,23
BRDA:508,46,0,23
BRDA:508,46,1,23
BRDA:510,47,0,23
BRDA:510,47,1,23
BRDA:532,48,0,23
BRDA:532,48,1,23
BRDA:538,49,0,23
BRDA:538,49,1,23
BRDA:543,50,0,23
BRDA:543,50,1,23
BRDA:552,51,0,23
BRDA:552,51,1,23
BRDA:558,52,0,23
BRDA:558,52,1,23
BRDA:560,53,0,23
BRDA:560,53,1,23
BRDA:569,54,0,23
BRDA:569,54,1,23
BRDA:575,55,0,23
BRDA:575,55,1,23
BRDA:577,56,0,23
BRDA:577,56,1,23
BRDA:639,57,0,23
BRDA:639,57,1,0
BRDA:642,58,0,23
BRDA:642,58,1,0
BRDA:645,59,0,1
BRDA:645,59,1,22
BRDA:648,60,0,23
BRDA:648,60,1,0
BRDA:651,61,0,1
BRDA:651,61,1,0
BRDA:654,62,0,1
BRDA:654,62,1,22
BRDA:658,63,0,23
BRDA:658,63,1,0
BRDA:662,64,0,0
BRDA:662,64,1,0
BRDA:666,65,0,23
BRDA:666,65,1,0
BRDA:682,66,0,0
BRDA:682,66,1,0
BRDA:686,67,0,126
BRDA:686,67,1,126
BRDA:686,67,2,69
BRDA:686,67,3,3
BRDA:686,67,4,7
BRDA:686,67,5,40
BRDA:703,68,0,4
BRDA:703,68,1,0
BRDA:705,69,0,0
BRDA:705,69,1,23
BRDA:707,70,0,23
BRDA:707,70,1,0
BRDA:709,71,0,4
BRDA:709,71,1,-4
BRDA:709,72,0,0
BRDA:709,72,1,23
BRDA:728,73,0,3
BRDA:728,73,1,3
BRDA:729,74,0,3
BRDA:729,74,1,3
BRDA:730,75,0,3
BRDA:730,75,1,3
BRDA:735,76,0,3
BRDA:735,76,1,0
BRDA:736,77,0,3
BRDA:736,77,1,0
BRDA:737,78,0,3
BRDA:737,78,1,0
BRDA:738,79,0,3
BRDA:738,79,1,0
BRDA:743,80,0,3
BRDA:743,80,1,0
BRDA:745,81,0,0
BRDA:745,81,1,3
BRDA:750,82,0,9
BRDA:750,82,1,3
BRDA:754,83,0,3
BRDA:754,83,1,3
BRDA:758,84,0,0
BRDA:758,84,1,3
BRDA:762,85,0,3
BRDA:762,85,1,3
BRDA:767,86,0,0
BRDA:767,86,1,0
BRDA:772,87,0,3
BRDA:772,87,1,6
BRDA:776,88,0,3
BRDA:776,88,1,3
BRDA:780,89,0,0
BRDA:780,89,1,3
BRDA:784,90,0,3
BRDA:784,90,1,3
BRDA:793,91,0,3
BRDA:793,91,1,3
BRDA:797,92,0,3
BRDA:797,92,1,3
BRDA:801,93,0,0
BRDA:801,93,1,3
BRDA:805,94,0,9
BRDA:805,94,1,9
BRF:192
BRH:157
end_of_record
TN:
SF:src/components/widgets/assessmentcenter/SecurityBusinessTab.tsx
FN:25,(anonymous_0)
FNF:1
FNH:1
FNDA:22,(anonymous_0)
DA:25,3
DA:33,22
LF:2
LH:2
BRDA:34,0,0,22
BRDA:34,0,1,0
BRF:2
BRH:1
end_of_record
TN:
SF:src/components/widgets/assessmentcenter/SecurityComplianceTab.tsx
FN:22,(anonymous_0)
FN:104,(anonymous_1)
FN:126,(anonymous_2)
FNF:3
FNH:3
FNDA:17,(anonymous_0)
FNDA:32,(anonymous_1)
FNDA:15,(anonymous_2)
DA:22,3
DA:30,17
DA:106,32
DA:128,15
LF:4
LH:4
BRDA:31,0,0,17
BRDA:31,0,1,0
BRDA:43,1,0,1
BRDA:43,1,1,16
BRDA:52,2,0,0
BRDA:52,2,1,1
BRDA:54,3,0,1
BRDA:54,3,1,0
BRDA:72,4,0,1
BRDA:72,4,1,15
BRDA:73,5,0,16
BRDA:73,5,1,0
BRDA:74,6,0,15
BRDA:74,6,1,0
BRDA:75,7,0,15
BRDA:75,7,1,0
BRDA:80,8,0,16
BRDA:80,8,1,0
BRDA:88,9,0,17
BRDA:88,9,1,16
BRDA:102,10,0,15
BRDA:102,10,1,1
BRDA:124,11,0,15
BRDA:124,11,1,1
BRF:24
BRH:17
end_of_record
TN:
SF:src/components/widgets/assessmentcenter/SecurityImplementationTab.tsx
FN:24,(anonymous_0)
FNF:1
FNH:1
FNDA:19,(anonymous_0)
DA:24,3
DA:35,19
LF:2
LH:2
BRDA:37,0,0,19
BRDA:37,0,1,0
BRDA:61,1,0,1
BRDA:61,1,1,18
BRDA:63,2,0,0
BRDA:63,2,1,18
BRDA:65,3,0,1
BRDA:65,3,1,17
BRDA:72,4,0,1
BRDA:72,4,1,18
BRDA:74,5,0,0
BRDA:74,5,1,18
BRDA:76,6,0,1
BRDA:76,6,1,17
BRF:14
BRH:11
end_of_record
TN:
SF:src/components/widgets/assessmentcenter/SecurityLevelWidget.tsx
FN:44,(anonymous_0)
FN:69,(anonymous_1)
FN:114,(anonymous_2)
FN:124,(anonymous_3)
FN:134,(anonymous_4)
FN:152,(anonymous_5)
FN:186,(anonymous_6)
FN:292,(anonymous_7)
FN:312,(anonymous_8)
FN:358,(anonymous_9)
FN:375,(anonymous_10)
FN:421,(anonymous_11)
FN:438,(anonymous_12)
FNF:13
FNH:10
FNDA:81,(anonymous_0)
FNDA:39,(anonymous_1)
FNDA:1,(anonymous_2)
FNDA:1,(anonymous_3)
FNDA:1,(anonymous_4)
FNDA:243,(anonymous_5)
FNDA:1,(anonymous_6)
FNDA:405,(anonymous_7)
FNDA:0,(anonymous_8)
FNDA:405,(anonymous_9)
FNDA:0,(anonymous_10)
FNDA:405,(anonymous_11)
FNDA:0,(anonymous_12)
DA:44,7
DA:54,81
DA:56,81
DA:58,81
DA:62,81
DA:63,81
DA:65,81
DA:69,81
DA:70,39
DA:71,38
DA:72,38
DA:75,1
DA:76,1
DA:78,1
DA:84,39
DA:94,39
DA:95,39
DA:97,0
DA:98,0
DA:104,1
DA:114,81
DA:116,1
DA:117,1
DA:118,1
DA:119,1
DA:124,81
DA:126,1
DA:127,1
DA:128,1
DA:129,1
DA:134,81
DA:136,1
DA:137,1
DA:138,1
DA:139,1
DA:144,81
DA:152,81
DA:156,243
DA:158,81
DA:159,79
DA:160,77
DA:161,6
DA:162,2
DA:163,0
DA:166,81
DA:167,79
DA:168,75
DA:169,4
DA:170,2
DA:171,0
DA:174,81
DA:175,79
DA:176,77
DA:177,6
DA:178,4
DA:179,0
DA:182,0
DA:186,81
DA:187,1
DA:189,1
DA:191,0
DA:193,0
DA:195,0
DA:199,81
DA:293,405
DA:312,0
DA:359,405
DA:375,0
DA:422,405
DA:438,0
LF:70
LH:58
BRDA:51,0,0,81
BRDA:52,1,0,81
BRDA:70,2,0,38
BRDA:70,2,1,1
BRDA:78,3,0,1
BRDA:78,3,1,0
BRDA:80,4,0,0
BRDA:80,4,1,0
BRDA:84,5,0,39
BRDA:84,5,1,0
BRDA:99,6,0,0
BRDA:99,6,1,0
BRDA:117,7,0,1
BRDA:117,7,1,0
BRDA:127,8,0,1
BRDA:127,8,1,0
BRDA:137,9,0,1
BRDA:137,9,1,0
BRDA:156,10,0,81
BRDA:156,10,1,81
BRDA:156,10,2,81
BRDA:156,10,3,0
BRDA:158,11,0,2
BRDA:158,11,1,79
BRDA:159,12,0,2
BRDA:159,12,1,77
BRDA:160,13,0,71
BRDA:160,13,1,6
BRDA:161,14,0,4
BRDA:161,14,1,2
BRDA:162,15,0,2
BRDA:162,15,1,0
BRDA:166,16,0,2
BRDA:166,16,1,79
BRDA:167,17,0,4
BRDA:167,17,1,75
BRDA:168,18,0,71
BRDA:168,18,1,4
BRDA:169,19,0,2
BRDA:169,19,1,2
BRDA:170,20,0,2
BRDA:170,20,1,0
BRDA:174,21,0,2
BRDA:174,21,1,79
BRDA:175,22,0,2
BRDA:175,22,1,77
BRDA:176,23,0,71
BRDA:176,23,1,6
BRDA:177,24,0,2
BRDA:177,24,1,4
BRDA:178,25,0,4
BRDA:178,25,1,0
BRDA:187,26,0,1
BRDA:187,26,1,0
BRDA:187,26,2,0
BRDA:187,26,3,0
BRDA:227,27,0,81
BRDA:227,27,1,81
BRDA:227,27,2,0
BRDA:239,28,0,81
BRDA:239,28,1,2
BRDA:239,28,2,80
BRDA:318,29,0,81
BRDA:318,29,1,1
BRDA:381,30,0,81
BRDA:381,30,1,1
BRDA:444,31,0,81
BRDA:444,31,1,1
BRDA:467,32,0,1
BRDA:467,32,1,80
BRDA:474,33,0,1
BRDA:474,33,1,0
BRDA:476,34,0,0
BRDA:476,34,1,0
BRDA:486,35,0,1
BRDA:486,35,1,0
BRDA:496,36,0,1
BRDA:496,36,1,0
BRDA:506,37,0,1
BRDA:506,37,1,0
BRDA:511,38,0,1
BRDA:511,38,1,1
BRDA:518,39,0,1
BRDA:518,39,1,0
BRDA:526,40,0,1
BRDA:526,40,1,0
BRDA:532,41,0,1
BRDA:532,41,1,0
BRDA:532,41,2,0
BRDA:544,42,0,1
BRDA:544,42,1,0
BRDA:544,42,2,0
BRF:92
BRH:63
end_of_record
TN:
SF:src/components/widgets/assessmentcenter/SecurityOverviewTab.tsx
FN:32,(anonymous_0)
FNF:1
FNH:1
FNDA:30,(anonymous_0)
DA:32,2
DA:45,30
LF:2
LH:2
BRDA:47,0,0,30
BRDA:47,0,1,0
BRDA:167,1,0,30
BRDA:167,1,1,2
BRF:4
BRH:3
end_of_record
TN:
SF:src/components/widgets/assessmentcenter/SecuritySummaryWidget.tsx
FN:34,(anonymous_0)
FNF:1
FNH:1
FNDA:1,(anonymous_0)
DA:34,1
DA:44,1
DA:48,20
DA:53,20
DA:56,20
DA:57,20
DA:74,20
DA:83,20
DA:157,20
LF:9
LH:9
BRDA:38,0,0,1
BRDA:39,1,0,1
BRDA:56,2,0,20
BRDA:56,2,1,20
BRDA:56,2,2,20
BRDA:57,3,0,20
BRDA:57,3,1,20
BRDA:57,3,2,20
BRDA:138,4,0,20
BRDA:138,4,1,20
BRDA:139,5,0,20
BRDA:139,5,1,20
BRDA:140,6,0,20
BRDA:140,6,1,20
BRDA:141,7,0,20
BRDA:141,7,1,20
BRF:16
BRH:16
end_of_record
TN:
SF:src/components/widgets/businessvalue/ComplianceStatusWidget.tsx
FN:16,(anonymous_0)
FN:32,(anonymous_1)
FN:49,(anonymous_2)
FN:71,(anonymous_3)
FN:74,(anonymous_4)
FN:98,(anonymous_5)
FN:136,(anonymous_6)
FN:141,(anonymous_7)
FN:166,(anonymous_8)
FN:286,(anonymous_9)
FN:290,(anonymous_10)
FN:312,(anonymous_11)
FN:316,(anonymous_12)
FN:338,(anonymous_13)
FN:342,(anonymous_14)
FN:376,(anonymous_15)
FN:413,(anonymous_16)
FN:474,getSecurityLevelValue
FNF:18
FNH:18
FNDA:2,(anonymous_0)
FNDA:2,(anonymous_1)
FNDA:19,(anonymous_2)
FNDA:15,(anonymous_3)
FNDA:15,(anonymous_4)
FNDA:19,(anonymous_5)
FNDA:19,(anonymous_6)
FNDA:19,(anonymous_7)
FNDA:19,(anonymous_8)
FNDA:15,(anonymous_9)
FNDA:15,(anonymous_10)
FNDA:15,(anonymous_11)
FNDA:15,(anonymous_12)
FNDA:15,(anonymous_13)
FNDA:15,(anonymous_14)
FNDA:2,(anonymous_15)
FNDA:2,(anonymous_16)
FNDA:19,getSecurityLevelValue
DA:16,2
DA:17,2
DA:18,2
DA:19,2
DA:32,2
DA:44,2
DA:47,19
DA:49,19
DA:50,19
DA:58,19
DA:64,15
DA:71,15
DA:74,15
DA:75,15
DA:77,15
DA:78,19
DA:84,17
DA:85,13
DA:98,0
DA:99,19
DA:100,19
DA:101,19
DA:103,19
DA:104,17
DA:105,3
DA:111,0
DA:112,13
DA:116,13
DA:117,13
DA:120,13
DA:122,13
DA:123,0
DA:136,0
DA:137,19
DA:141,19
DA:142,19
DA:143,19
DA:145,17
DA:146,17
DA:153,15
DA:154,2
DA:166,0
DA:168,19
DA:169,19
DA:170,19
DA:175,19
DA:182,6
DA:210,0
DA:215,0
DA:287,15
DA:290,15
DA:313,15
DA:316,15
DA:339,15
DA:342,15
DA:377,2
DA:379,2
DA:384,6
DA:385,6
DA:387,6
DA:414,2
DA:475,19
DA:482,19
LF:63
LH:56
BRDA:17,0,0,2
BRDA:17,0,1,0
BRDA:18,1,0,2
BRDA:18,1,1,0
BRDA:38,2,0,2
BRDA:39,3,0,2
BRDA:71,4,0,15
BRDA:71,4,1,15
BRDA:75,5,0,0
BRDA:75,5,1,15
BRDA:75,6,0,15
BRDA:75,6,1,45
BRDA:75,6,2,45
BRDA:99,7,0,19
BRDA:99,7,1,0
BRDA:100,8,0,19
BRDA:100,8,1,0
BRDA:101,9,0,19
BRDA:101,9,1,0
BRDA:104,10,0,3
BRDA:104,10,1,14
BRDA:111,11,0,13
BRDA:111,11,1,-13
BRDA:116,12,0,13
BRDA:116,12,1,0
BRDA:142,13,0,19
BRDA:142,13,1,0
BRDA:142,14,0,19
BRDA:142,14,1,19
BRDA:142,14,2,19
BRDA:142,14,3,19
BRDA:168,15,0,19
BRDA:168,15,1,0
BRDA:210,16,0,0
BRDA:210,16,1,0
BRDA:218,17,0,19
BRDA:218,17,1,19
BRDA:219,18,0,19
BRDA:219,18,1,19
BRDA:248,19,0,19
BRDA:248,19,1,19
BRDA:251,20,0,19
BRDA:251,20,1,19
BRDA:254,21,0,19
BRDA:254,21,1,19
BRDA:260,22,0,19
BRDA:260,22,1,19
BRDA:264,23,0,15
BRDA:264,23,1,15
BRDA:267,24,0,15
BRDA:267,24,1,15
BRDA:270,25,0,15
BRDA:270,25,1,15
BRDA:278,26,0,15
BRDA:278,26,1,15
BRDA:282,27,0,15
BRDA:282,27,1,15
BRDA:296,28,0,36
BRDA:296,28,1,36
BRDA:308,29,0,15
BRDA:308,29,1,15
BRDA:322,30,0,23
BRDA:322,30,1,23
BRDA:334,31,0,15
BRDA:334,31,1,15
BRDA:348,32,0,30
BRDA:348,32,1,30
BRDA:362,33,0,15
BRDA:362,33,1,15
BRDA:367,34,0,2
BRDA:367,34,1,2
BRDA:370,35,0,2
BRDA:370,35,1,2
BRDA:379,36,0,2
BRDA:379,36,1,2
BRDA:381,37,0,2
BRDA:381,37,1,2
BRDA:392,38,0,6
BRDA:392,38,1,6
BRDA:409,39,0,6
BRDA:409,39,1,6
BRDA:409,39,2,2
BRDA:415,40,0,2
BRDA:415,40,1,2
BRDA:415,41,0,2
BRDA:415,41,1,2
BRDA:415,41,2,2
BRDA:418,42,0,4
BRDA:418,42,1,4
BRDA:421,43,0,0
BRDA:421,43,1,0
BRDA:443,44,0,19
BRDA:443,44,1,0
BRDA:443,45,0,19
BRDA:443,45,1,19
BRDA:444,46,0,19
BRDA:444,46,1,0
BRDA:449,47,0,0
BRDA:449,47,1,15
BRDA:482,48,0,19
BRDA:482,48,1,19
BRF:101
BRH:84
end_of_record
TN:
SF:src/components/widgets/businessvalue/CostEstimationWidget.tsx
FN:28,(anonymous_0)
FN:48,(anonymous_1)
FN:58,(anonymous_2)
FN:68,(anonymous_3)
FN:94,(anonymous_4)
FN:107,(anonymous_5)
FN:122,(anonymous_6)
FN:130,(anonymous_7)
FN:140,(anonymous_8)
FN:291,(anonymous_9)
FN:305,getDefaultExpertise
FNF:11
FNH:11
FNDA:3,(anonymous_0)
FNDA:103,(anonymous_1)
FNDA:53,(anonymous_2)
FNDA:53,(anonymous_3)
FNDA:53,(anonymous_4)
FNDA:3,(anonymous_5)
FNDA:3,(anonymous_6)
FNDA:53,(anonymous_7)
FNDA:53,(anonymous_8)
FNDA:103,(anonymous_9)
FNDA:103,getDefaultExpertise
DA:28,3
DA:38,3
DA:47,103
DA:48,103
DA:58,103
DA:68,103
DA:69,53
DA:77,103
DA:78,103
DA:79,53
DA:81,53
DA:83,53
DA:85,53
DA:87,53
DA:94,53
DA:98,53
DA:99,53
DA:100,53
DA:103,103
DA:105,53
DA:106,50
DA:107,3
DA:108,3
DA:110,0
DA:111,0
DA:115,0
DA:117,0
DA:118,0
DA:122,0
DA:123,0
DA:131,53
DA:134,53
DA:140,110
DA:141,53
DA:147,103
DA:150,103
DA:292,103
DA:309,103
DA:310,103
DA:312,103
DA:314,103
DA:316,53
DA:322,0
DA:329,0
DA:337,1
DA:341,1
DA:342,1
DA:344,1
DA:346,1
DA:348,0
DA:354,0
DA:361,0
DA:368,2
DA:372,1
DA:374,1
DA:376,1
DA:378,0
DA:380,4
DA:387,24
DA:395,7
LF:60
LH:47
BRDA:32,0,0,3
BRDA:33,1,0,3
BRDA:77,2,0,103
BRDA:77,2,1,103
BRDA:78,3,0,103
BRDA:78,3,1,53
BRDA:79,4,0,53
BRDA:79,4,1,53
BRDA:99,5,0,53
BRDA:99,5,1,0
BRDA:105,6,0,50
BRDA:105,6,1,3
BRDA:105,7,0,53
BRDA:105,7,1,53
BRDA:105,7,2,50
BRDA:107,8,0,3
BRDA:107,8,1,0
BRDA:107,9,0,3
BRDA:107,9,1,3
BRDA:110,10,0,0
BRDA:110,10,1,0
BRDA:147,11,0,103
BRDA:147,11,1,103
BRDA:153,12,0,103
BRDA:153,12,1,103
BRDA:154,13,0,103
BRDA:154,13,1,103
BRDA:309,14,0,103
BRDA:309,14,1,0
BRDA:310,15,0,103
BRDA:310,15,1,103
BRDA:310,15,2,53
BRDA:310,15,3,0
BRDA:310,15,4,0
BRDA:310,15,5,1
BRDA:341,16,0,1
BRDA:341,16,1,0
BRDA:342,17,0,1
BRDA:342,17,1,1
BRDA:342,17,2,0
BRDA:342,17,3,0
BRDA:342,17,4,0
BRDA:342,17,5,2
BRDA:372,18,0,1
BRDA:372,18,1,1
BRDA:372,18,2,0
BRDA:372,18,3,4
BRDA:372,18,4,24
BRDA:372,18,5,7
BRF:49
BRH:37
end_of_record
TN:
SF:src/components/widgets/businessvalue/ValueCreationWidget.tsx
FN:36,(anonymous_0)
FN:47,(anonymous_1)
FN:55,(anonymous_2)
FN:72,(anonymous_3)
FN:89,(anonymous_4)
FN:128,(anonymous_5)
FN:217,(anonymous_6)
FN:238,(anonymous_7)
FN:274,(anonymous_8)
FN:285,(anonymous_9)
FN:337,(anonymous_10)
FN:338,(anonymous_11)
FN:361,(anonymous_12)
FN:385,(anonymous_13)
FN:386,(anonymous_14)
FN:414,(anonymous_15)
FN:429,(anonymous_16)
FN:444,(anonymous_17)
FN:457,(anonymous_18)
FN:458,(anonymous_19)
FN:504,generateFallbackValueMetrics
FN:556,getPercentageValue
FNF:22
FNH:19
FNDA:2,(anonymous_0)
FNDA:44,(anonymous_1)
FNDA:20,(anonymous_2)
FNDA:16,(anonymous_3)
FNDA:1,(anonymous_4)
FNDA:0,(anonymous_5)
FNDA:0,(anonymous_6)
FNDA:38,(anonymous_7)
FNDA:0,(anonymous_8)
FNDA:44,(anonymous_9)
FNDA:44,(anonymous_10)
FNDA:44,(anonymous_11)
FNDA:39,(anonymous_12)
FNDA:44,(anonymous_13)
FNDA:44,(anonymous_14)
FNDA:3,(anonymous_15)
FNDA:3,(anonymous_16)
FNDA:3,(anonymous_17)
FNDA:44,(anonymous_18)
FNDA:44,(anonymous_19)
FNDA:44,generateFallbackValueMetrics
FNDA:38,getPercentageValue
DA:36,2
DA:43,2
DA:45,44
DA:47,44
DA:48,44
DA:55,20
DA:56,20
DA:58,20
DA:60,44
DA:62,44
DA:64,44
DA:66,44
DA:68,20
DA:72,1
DA:73,16
DA:75,1
DA:77,1
DA:79,0
DA:81,44
DA:83,44
DA:85,44
DA:89,20
DA:90,1
DA:91,20
DA:92,1
DA:93,44
DA:99,19
DA:100,19
DA:105,0
DA:112,0
DA:113,19
DA:128,0
DA:132,0
DA:133,0
DA:134,44
DA:136,44
DA:138,9
DA:139,9
DA:144,9
DA:146,0
DA:147,0
DA:151,0
DA:152,9
DA:158,3
DA:167,0
DA:168,0
DA:172,0
DA:173,0
DA:179,3
DA:188,0
DA:189,0
DA:193,0
DA:194,0
DA:200,3
DA:209,0
DA:212,0
DA:213,0
DA:217,0
DA:218,0
DA:219,0
DA:225,0
DA:230,38
DA:231,38
DA:238,38
DA:239,0
DA:240,0
DA:241,0
DA:242,44
DA:248,19
DA:249,19
DA:254,0
DA:256,0
DA:258,0
DA:260,0
DA:262,2
DA:264,32
DA:266,2
DA:269,2
DA:270,2
DA:274,2
DA:275,0
DA:285,0
DA:286,44
DA:289,44
DA:337,44
DA:339,44
DA:340,44
DA:341,44
DA:362,39
DA:385,44
DA:387,44
DA:388,44
DA:389,44
DA:415,3
DA:430,3
DA:445,3
DA:457,44
DA:459,44
DA:460,44
DA:461,44
DA:510,44
DA:516,38
DA:557,38
DA:561,38
LF:104
LH:71
BRDA:40,0,0,2
BRDA:41,1,0,2
BRDA:56,2,0,20
BRDA:56,2,1,20
BRDA:56,2,2,44
BRDA:56,2,3,44
BRDA:56,2,4,44
BRDA:56,2,5,20
BRDA:73,3,0,1
BRDA:73,3,1,1
BRDA:73,3,2,20
BRDA:73,3,3,20
BRDA:73,3,4,44
BRDA:73,3,5,44
BRDA:91,4,0,1
BRDA:91,4,1,19
BRDA:92,5,0,44
BRDA:92,5,1,-43
BRDA:99,6,0,19
BRDA:99,6,1,0
BRDA:99,7,0,19
BRDA:99,7,1,19
BRDA:133,8,0,44
BRDA:133,8,1,-44
BRDA:134,9,0,44
BRDA:134,9,1,0
BRDA:138,10,0,9
BRDA:138,10,1,0
BRDA:138,11,0,9
BRDA:138,11,1,9
BRDA:144,12,0,0
BRDA:144,12,1,0
BRDA:144,12,2,0
BRDA:144,12,3,0
BRDA:146,13,0,0
BRDA:146,13,1,0
BRDA:146,14,0,0
BRDA:146,14,1,0
BRDA:151,15,0,9
BRDA:151,15,1,3
BRDA:167,16,0,0
BRDA:167,16,1,0
BRDA:167,17,0,0
BRDA:167,17,1,0
BRDA:172,18,0,0
BRDA:172,18,1,3
BRDA:188,19,0,0
BRDA:188,19,1,0
BRDA:188,20,0,0
BRDA:188,20,1,0
BRDA:193,21,0,0
BRDA:193,21,1,3
BRDA:226,22,0,0
BRDA:226,22,1,44
BRDA:240,23,0,0
BRDA:240,23,1,0
BRDA:241,24,0,38
BRDA:241,24,1,-38
BRDA:248,25,0,19
BRDA:248,25,1,0
BRDA:248,26,0,19
BRDA:248,26,1,19
BRDA:254,27,0,0
BRDA:254,27,1,0
BRDA:254,27,2,0
BRDA:254,27,3,2
BRDA:254,27,4,32
BRDA:254,27,5,1
BRDA:286,28,0,38
BRDA:286,28,1,38
BRDA:292,29,0,44
BRDA:292,29,1,44
BRDA:293,30,0,44
BRDA:293,30,1,44
BRDA:339,31,0,44
BRDA:339,31,1,0
BRDA:339,32,0,44
BRDA:339,32,1,44
BRDA:350,33,0,44
BRDA:350,33,1,44
BRDA:352,34,0,44
BRDA:352,34,1,44
BRDA:364,35,0,156
BRDA:364,35,1,156
BRDA:371,36,0,156
BRDA:371,36,1,39
BRDA:374,37,0,39
BRDA:374,37,1,39
BRDA:387,38,0,44
BRDA:387,38,1,0
BRDA:387,39,0,44
BRDA:387,39,1,44
BRDA:398,40,0,44
BRDA:398,40,1,44
BRDA:400,41,0,44
BRDA:400,41,1,44
BRDA:459,42,0,44
BRDA:459,42,1,0
BRDA:459,43,0,44
BRDA:459,43,1,44
BRDA:470,44,0,44
BRDA:470,44,1,44
BRDA:472,45,0,44
BRDA:472,45,1,44
BRF:104
BRH:70
end_of_record
TN:
SF:src/components/widgets/impactanalysis/AvailabilityImpactWidget.tsx
FN:15,(anonymous_0)
FNF:1
FNH:1
FNDA:2,(anonymous_0)
DA:15,2
DA:24,14
LF:2
LH:2
BRDA:19,0,0,2
BRDA:20,1,0,2
BRDA:21,2,0,2
BRF:3
BRH:3
end_of_record
TN:
SF:src/components/widgets/impactanalysis/ConfidentialityImpactWidget.tsx
FN:16,(anonymous_0)
FNF:1
FNH:1
FNDA:2,(anonymous_0)
DA:16,2
DA:27,15
LF:2
LH:2
BRDA:22,0,0,2
BRDA:23,1,0,2
BRDA:24,2,0,15
BRF:3
BRH:3
end_of_record
TN:
SF:src/components/widgets/impactanalysis/ImpactWidget.tsx
FN:85,(anonymous_0)
FN:99,(anonymous_1)
FN:111,(anonymous_2)
FN:123,(anonymous_3)
FN:155,(anonymous_4)
FN:190,(anonymous_5)
FN:198,(anonymous_6)
FN:199,(anonymous_7)
FN:202,(anonymous_8)
FN:209,(anonymous_9)
FN:215,(anonymous_10)
FN:224,(anonymous_11)
FN:235,(anonymous_12)
FN:464,(anonymous_13)
FNF:14
FNH:13
FNDA:61,(anonymous_0)
FNDA:38,(anonymous_1)
FNDA:24,(anonymous_2)
FNDA:21,(anonymous_3)
FNDA:61,(anonymous_4)
FNDA:83,(anonymous_5)
FNDA:61,(anonymous_6)
FNDA:61,(anonymous_7)
FNDA:61,(anonymous_8)
FNDA:0,(anonymous_9)
FNDA:61,(anonymous_10)
FNDA:83,(anonymous_11)
FNDA:83,(anonymous_12)
FNDA:5,(anonymous_13)
DA:85,5
DA:86,61
DA:88,61
DA:90,25
DA:99,38
DA:102,19
DA:111,24
DA:114,17
DA:123,21
DA:126,0
DA:127,0
DA:155,5
DA:156,61
DA:158,25
DA:163,19
DA:168,17
DA:173,0
DA:174,0
DA:190,5
DA:198,83
DA:199,83
DA:200,83
DA:202,83
DA:207,83
DA:209,83
DA:210,0
DA:211,0
DA:215,83
DA:216,61
DA:217,0
DA:221,83
DA:222,83
DA:224,83
DA:225,83
DA:227,2
DA:228,2
DA:230,0
DA:231,0
DA:235,83
DA:236,83
DA:238,38
DA:239,38
DA:251,24
DA:260,21
DA:261,16
DA:262,16
DA:264,0
DA:267,5
DA:270,21
DA:279,0
DA:280,0
DA:285,83
DA:465,5
DA:481,5
LF:54
LH:42
BRDA:88,0,0,25
BRDA:88,0,1,19
BRDA:88,0,2,17
BRDA:88,0,3,0
BRDA:156,1,0,25
BRDA:156,1,1,19
BRDA:156,1,2,17
BRDA:156,1,3,0
BRDA:193,2,0,83
BRDA:195,3,0,83
BRDA:200,4,0,83
BRDA:200,4,1,36
BRDA:203,5,0,61
BRDA:203,5,1,0
BRDA:210,6,0,0
BRDA:210,6,1,0
BRDA:216,7,0,0
BRDA:216,7,1,61
BRDA:225,8,0,81
BRDA:225,8,1,2
BRDA:225,9,0,83
BRDA:225,9,1,3
BRDA:228,10,0,2
BRDA:228,10,1,0
BRDA:236,11,0,38
BRDA:236,11,1,24
BRDA:236,11,2,21
BRDA:236,11,3,0
BRDA:242,12,0,38
BRDA:242,12,1,14
BRDA:243,13,0,38
BRDA:243,13,1,15
BRDA:244,14,0,38
BRDA:244,14,1,15
BRDA:245,15,0,38
BRDA:245,15,1,15
BRDA:246,16,0,38
BRDA:246,16,1,27
BRDA:254,17,0,24
BRDA:254,17,1,11
BRDA:255,18,0,24
BRDA:255,18,1,11
BRDA:260,19,0,16
BRDA:260,19,1,5
BRDA:274,20,0,21
BRDA:274,20,1,9
BRDA:288,21,0,83
BRDA:288,21,1,0
BRDA:289,22,0,83
BRDA:289,22,1,0
BRDA:318,23,0,83
BRDA:318,23,1,83
BRDA:335,24,0,83
BRDA:335,24,1,38
BRDA:387,25,0,83
BRDA:387,25,1,24
BRDA:414,26,0,83
BRDA:414,26,1,21
BRDA:460,27,0,83
BRDA:460,27,1,3
BRDA:460,27,2,3
BRDA:460,27,3,2
BRF:62
BRH:52
end_of_record
TN:
SF:src/components/widgets/impactanalysis/IntegrityImpactWidget.tsx
FN:15,(anonymous_0)
FNF:1
FNH:1
FNDA:2,(anonymous_0)
DA:15,2
DA:24,16
LF:2
LH:2
BRDA:19,0,0,2
BRDA:20,1,0,2
BRDA:21,2,0,16
BRF:3
BRH:3
end_of_record
TN:
SF:src/components/widgets/implementationguide/CIAComponentDetails.tsx
FN:80,(anonymous_0)
FN:94,(anonymous_1)
FN:99,(anonymous_2)
FN:107,(anonymous_3)
FN:201,(anonymous_4)
FN:215,(anonymous_5)
FN:216,(anonymous_6)
FN:275,(anonymous_7)
FNF:8
FNH:7
FNDA:62,(anonymous_0)
FNDA:51,(anonymous_1)
FNDA:51,(anonymous_2)
FNDA:82,(anonymous_3)
FNDA:124,(anonymous_4)
FNDA:11,(anonymous_5)
FNDA:0,(anonymous_6)
FNDA:17,(anonymous_7)
DA:27,3
DA:80,3
DA:91,62
DA:92,62
DA:94,62
DA:95,51
DA:96,51
DA:99,62
DA:100,51
DA:101,51
DA:107,62
DA:112,82
DA:113,82
DA:114,62
DA:115,62
DA:117,20
DA:120,62
DA:202,124
DA:215,11
DA:217,0
DA:218,0
DA:219,0
DA:276,17
LF:23
LH:20
BRDA:112,0,0,0
BRDA:112,0,1,82
BRDA:113,1,0,62
BRDA:113,1,1,20
BRDA:113,2,0,82
BRDA:113,2,1,82
BRDA:115,3,0,62
BRDA:115,3,1,0
BRDA:115,4,0,62
BRDA:115,4,1,62
BRDA:217,5,0,0
BRDA:217,5,1,0
BRDA:217,6,0,0
BRDA:217,6,1,0
BRDA:229,7,0,10
BRDA:229,7,1,52
BRDA:232,8,0,10
BRDA:232,8,1,52
BRDA:236,9,0,62
BRDA:236,9,1,10
BRF:20
BRH:14
end_of_record
TN:
SF:src/components/widgets/implementationguide/ImplementationGuidancePanel.tsx
FN:31,(anonymous_0)
FNF:1
FNH:1
FNDA:32,(anonymous_0)
DA:31,3
DA:39,32
LF:2
LH:2
BRDA:36,0,0,32
BRDA:37,1,0,32
BRDA:59,2,0,32
BRDA:59,2,1,31
BRDA:62,3,0,31
BRDA:62,3,1,30
BRDA:69,4,0,30
BRDA:69,4,1,1
BRDA:75,5,0,30
BRDA:75,5,1,2
BRDA:79,6,0,30
BRDA:79,6,1,1
BRDA:87,7,0,31
BRDA:87,7,1,31
BRDA:94,8,0,31
BRDA:94,8,1,1
BRDA:100,9,0,31
BRDA:100,9,1,2
BRDA:104,10,0,31
BRDA:104,10,1,1
BRDA:112,11,0,31
BRDA:112,11,1,30
BRDA:119,12,0,30
BRDA:119,12,1,1
BRDA:125,13,0,30
BRDA:125,13,1,2
BRDA:129,14,0,30
BRDA:129,14,1,1
BRF:28
BRH:28
end_of_record
TN:
SF:src/components/widgets/implementationguide/SecurityResourcesWidget.tsx
FN:31,(anonymous_0)
FN:83,(anonymous_1)
FN:105,(anonymous_2)
FN:118,(anonymous_3)
FN:136,(anonymous_4)
FN:160,(anonymous_5)
FN:165,(anonymous_6)
FN:172,(anonymous_7)
FN:180,(anonymous_8)
FN:185,(anonymous_9)
FN:187,(anonymous_10)
FN:195,(anonymous_11)
FN:240,(anonymous_12)
FN:248,(anonymous_13)
FN:268,(anonymous_14)
FN:270,(anonymous_15)
FN:278,(anonymous_16)
FN:282,(anonymous_17)
FN:296,(anonymous_18)
FN:303,(anonymous_19)
FN:317,(anonymous_20)
FN:323,(anonymous_21)
FN:328,(anonymous_22)
FN:336,(anonymous_23)
FN:342,(anonymous_24)
FN:361,(anonymous_25)
FN:419,(anonymous_26)
FN:419,(anonymous_27)
FN:497,(anonymous_28)
FN:505,(anonymous_29)
FN:515,(anonymous_30)
FN:589,(anonymous_31)
FN:607,(anonymous_32)
FN:619,(anonymous_33)
FN:622,(anonymous_34)
FN:634,(anonymous_35)
FNF:36
FNH:28
FNDA:2,(anonymous_0)
FNDA:2,(anonymous_1)
FNDA:20,(anonymous_2)
FNDA:20,(anonymous_3)
FNDA:14,(anonymous_4)
FNDA:0,(anonymous_5)
FNDA:0,(anonymous_6)
FNDA:3,(anonymous_7)
FNDA:2,(anonymous_8)
FNDA:3,(anonymous_9)
FNDA:0,(anonymous_10)
FNDA:0,(anonymous_11)
FNDA:19,(anonymous_12)
FNDA:97,(anonymous_13)
FNDA:0,(anonymous_14)
FNDA:20,(anonymous_15)
FNDA:50,(anonymous_16)
FNDA:19,(anonymous_17)
FNDA:0,(anonymous_18)
FNDA:0,(anonymous_19)
FNDA:8,(anonymous_20)
FNDA:19,(anonymous_21)
FNDA:20,(anonymous_22)
FNDA:0,(anonymous_23)
FNDA:20,(anonymous_24)
FNDA:17,(anonymous_25)
FNDA:20,(anonymous_26)
FNDA:20,(anonymous_27)
FNDA:17,(anonymous_28)
FNDA:17,(anonymous_29)
FNDA:34,(anonymous_30)
FNDA:5,(anonymous_31)
FNDA:1,(anonymous_32)
FNDA:1,(anonymous_33)
FNDA:1,(anonymous_34)
FNDA:3,(anonymous_35)
DA:22,2
DA:23,2
DA:24,2
DA:31,2
DA:32,2
DA:83,2
DA:95,2
DA:98,20
DA:99,20
DA:100,20
DA:101,20
DA:102,20
DA:103,20
DA:105,20
DA:106,20
DA:118,20
DA:119,20
DA:123,20
DA:127,20
DA:130,14
DA:131,14
DA:136,14
DA:137,14
DA:138,2
DA:143,14
DA:144,14
DA:145,12
DA:148,12
DA:151,2
DA:153,2
DA:154,2
DA:157,2
DA:160,0
DA:161,0
DA:162,0
DA:165,0
DA:166,0
DA:167,12
DA:172,15
DA:174,15
DA:176,15
DA:177,2
DA:180,2
DA:184,12
DA:185,3
DA:187,3
DA:188,0
DA:190,3
DA:191,2
DA:195,12
DA:196,0
DA:197,12
DA:198,12
DA:201,12
DA:213,17
DA:219,19
DA:231,19
DA:237,17
DA:238,17
DA:240,19
DA:241,19
DA:242,19
DA:243,19
DA:244,19
DA:248,97
DA:249,97
DA:250,97
DA:252,50
DA:253,50
DA:255,19
DA:258,69
DA:259,69
DA:268,18
DA:269,0
DA:270,0
DA:271,20
DA:272,20
DA:275,20
DA:278,19
DA:279,50
DA:281,36
DA:282,19
DA:283,20
DA:284,20
DA:285,19
DA:288,19
DA:292,0
DA:295,0
DA:296,0
DA:297,0
DA:301,0
DA:302,0
DA:303,0
DA:305,0
DA:314,4
DA:317,4
DA:318,8
DA:319,20
DA:320,20
DA:323,19
DA:324,19
DA:325,19
DA:328,20
DA:330,20
DA:331,20
DA:336,0
DA:337,20
DA:340,20
DA:342,20
DA:343,20
DA:344,0
DA:345,20
DA:348,20
DA:361,17
DA:363,19
DA:364,19
DA:373,51
DA:419,20
DA:497,17
DA:506,17
DA:515,34
DA:590,5
DA:607,1
DA:620,1
DA:622,1
DA:634,3
LF:126
LH:107
BRDA:32,0,0,2
BRDA:32,0,1,2
BRDA:32,1,0,2
BRDA:32,1,1,2
BRDA:32,1,2,2
BRDA:87,2,0,2
BRDA:88,3,0,2
BRDA:89,4,0,2
BRDA:90,5,0,2
BRDA:119,6,0,20
BRDA:119,6,1,0
BRDA:120,7,0,20
BRDA:120,7,1,20
BRDA:127,8,0,20
BRDA:127,8,1,20
BRDA:130,9,0,14
BRDA:130,9,1,0
BRDA:143,10,0,14
BRDA:143,10,1,0
BRDA:144,11,0,2
BRDA:144,11,1,12
BRDA:153,12,0,2
BRDA:153,12,1,0
BRDA:161,13,0,0
BRDA:161,13,1,0
BRDA:166,14,0,12
BRDA:166,14,1,-12
BRDA:176,15,0,2
BRDA:176,15,1,13
BRDA:190,16,0,2
BRDA:190,16,1,1
BRDA:197,17,0,12
BRDA:197,17,1,0
BRDA:201,18,0,19
BRDA:201,18,1,17
BRDA:213,19,0,17
BRDA:213,19,1,19
BRDA:219,20,0,17
BRDA:219,20,1,19
BRDA:232,21,0,19
BRDA:232,21,1,19
BRDA:233,22,0,19
BRDA:233,22,1,17
BRDA:234,23,0,17
BRDA:234,23,1,17
BRDA:241,24,0,19
BRDA:241,24,1,19
BRDA:242,25,0,19
BRDA:242,25,1,0
BRDA:252,26,0,50
BRDA:252,26,1,0
BRDA:271,27,0,20
BRDA:271,27,1,0
BRDA:281,28,0,36
BRDA:281,28,1,0
BRDA:295,29,0,0
BRDA:295,29,1,0
BRDA:301,30,0,0
BRDA:301,30,1,0
BRDA:305,31,0,0
BRDA:305,31,1,0
BRDA:305,31,2,2
BRDA:305,31,3,2
BRDA:344,32,0,20
BRDA:344,32,1,-20
BRDA:376,33,0,20
BRDA:376,33,1,20
BRDA:377,34,0,20
BRDA:377,34,1,20
BRDA:436,35,0,20
BRDA:436,35,1,20
BRDA:444,36,0,20
BRDA:444,36,1,20
BRDA:446,37,0,20
BRDA:446,37,1,20
BRDA:478,38,0,20
BRDA:478,38,1,20
BRDA:493,39,0,17
BRDA:493,39,1,17
BRDA:511,40,0,34
BRDA:511,40,1,34
BRDA:566,41,0,20
BRDA:566,41,1,20
BRDA:572,42,0,20
BRDA:572,42,1,20
BRDA:579,43,0,5
BRDA:579,43,1,5
BRDA:587,44,0,5
BRDA:587,44,1,5
BRDA:591,45,0,15
BRDA:591,45,1,15
BRDA:600,46,0,36
BRDA:600,46,1,36
BRDA:610,47,0,1
BRDA:610,47,1,1
BRDA:624,48,0,3
BRDA:624,48,1,3
BRDA:637,49,0,0
BRDA:637,49,1,1
BRF:99
BRH:79
end_of_record
TN:
SF:src/components/widgets/implementationguide/SecurityVisualizationWidget.tsx
FN:36,(anonymous_0)
FN:47,(anonymous_1)
FN:66,(anonymous_2)
FN:76,(anonymous_3)
FNF:4
FNH:4
FNDA:16,(anonymous_0)
FNDA:7,(anonymous_1)
FNDA:7,(anonymous_2)
FNDA:16,(anonymous_3)
DA:36,3
DA:45,16
DA:47,16
DA:48,7
DA:49,7
DA:50,7
DA:53,7
DA:54,7
DA:55,7
DA:60,7
DA:61,7
DA:63,7
DA:66,16
DA:67,7
DA:73,7
DA:76,16
DA:77,16
DA:78,16
DA:79,16
DA:81,16
DA:85,16
DA:86,0
DA:100,16
DA:130,16
LF:24
LH:23
BRDA:42,0,0,16
BRDA:43,1,0,16
BRDA:81,2,0,16
BRDA:81,2,1,0
BRDA:82,3,0,16
BRDA:82,3,1,16
BRDA:85,4,0,0
BRDA:85,4,1,16
BRDA:85,5,0,16
BRDA:85,5,1,16
BRDA:102,6,0,16
BRDA:102,6,1,0
BRDA:110,7,0,16
BRDA:110,7,1,16
BRDA:118,8,0,16
BRDA:118,8,1,0
BRDA:133,9,0,16
BRDA:133,9,1,0
BRDA:134,10,0,16
BRDA:134,10,1,0
BRF:20
BRH:14
end_of_record
TN:
SF:src/components/widgets/implementationguide/TechnicalDetailsWidget.tsx
FN:28,(anonymous_0)
FNF:1
FNH:1
FNDA:2,(anonymous_0)
DA:28,2
DA:35,2
DA:45,14
DA:53,14
DA:116,14
LF:5
LH:5
BRDA:32,0,0,2
BRDA:33,1,0,2
BRDA:120,2,0,14
BRDA:120,2,1,14
BRDA:122,3,0,14
BRDA:122,3,1,14
BRF:6
BRH:6
end_of_record
TN:
SF:src/constants/appConstants.ts
FN:23,(anonymous_0)
FN:231,(anonymous_1)
FNF:2
FNH:1
FNDA:9,(anonymous_0)
FNDA:0,(anonymous_1)
DA:23,39
DA:31,9
DA:32,2
DA:41,7
DA:65,39
DA:74,39
DA:81,39
DA:88,39
DA:96,39
DA:108,39
DA:117,39
DA:128,39
DA:137,39
DA:167,39
DA:175,39
DA:184,39
DA:231,0
DA:238,39
DA:252,39
DA:292,39
DA:323,39
DA:341,39
DA:359,39
DA:368,39
DA:373,39
DA:383,39
DA:395,39
DA:405,39
DA:415,39
DA:424,39
DA:433,39
DA:438,39
DA:454,39
LF:33
LH:32
BRDA:31,0,0,2
BRDA:31,0,1,7
BRDA:43,1,0,7
BRDA:43,1,1,6
BRDA:44,2,0,2
BRDA:44,2,1,4
BRDA:46,3,0,9
BRDA:46,3,1,7
BRDA:47,4,0,2
BRDA:47,4,1,5
BRDA:49,5,0,9
BRDA:49,5,1,6
BRDA:50,6,0,2
BRDA:50,6,1,4
BRDA:54,7,0,9
BRDA:54,7,1,7
BRDA:55,8,0,2
BRDA:55,8,1,5
BRDA:57,9,0,9
BRDA:57,9,1,6
BRDA:58,10,0,2
BRDA:58,10,1,4
BRF:22
BRH:22
end_of_record
TN:
SF:src/constants/businessConstants.ts
FN:767,getBusinessConsiderationsForCategory
FN:785,getBusinessBenefitsForLevel
FN:797,getIndustryROIFactor
FNF:3
FNH:3
FNDA:9,getBusinessConsiderationsForCategory
FNDA:7,getBusinessBenefitsForLevel
FNDA:12,getIndustryROIFactor
DA:25,9
DA:185,9
DA:270,9
DA:335,9
DA:349,9
DA:381,9
DA:637,9
DA:724,9
DA:770,9
DA:771,9
DA:772,8
DA:776,1
DA:788,7
DA:798,12
DA:799,12
LF:15
LH:15
BRDA:771,0,0,8
BRDA:771,0,1,1
BRDA:788,1,0,7
BRDA:788,1,1,1
BRDA:800,2,0,12
BRDA:800,2,1,2
BRF:6
BRH:6
end_of_record
TN:
SF:src/constants/complianceConstants.ts
FN:238,getRequiredSecurityLevel
FNF:1
FNH:0
FNDA:0,getRequiredSecurityLevel
DA:16,7
DA:32,7
DA:41,7
DA:67,7
DA:82,7
DA:101,7
DA:129,7
DA:159,7
DA:193,7
DA:242,0
LF:10
LH:9
BRDA:242,0,0,0
BRDA:242,0,1,0
BRF:2
BRH:0
end_of_record
TN:
SF:src/constants/coreConstants.ts
FN:283,(anonymous_0)
FNF:1
FNH:0
FNDA:0,(anonymous_0)
DA:47,1
DA:81,1
DA:104,1
DA:129,1
DA:155,1
DA:182,1
DA:233,1
DA:262,1
DA:283,0
DA:299,1
DA:308,1
DA:316,1
DA:329,1
DA:353,1
DA:374,1
DA:385,1
DA:396,1
DA:407,1
DA:412,1
DA:425,1
DA:437,1
DA:446,1
DA:459,1
DA:469,1
DA:479,1
DA:492,1
DA:502,1
LF:27
LH:26
BRF:0
BRH:0
end_of_record
TN:
SF:src/constants/costConstants.ts
FN:236,formatCurrency
FN:250,formatPercentage
FN:262,calculateTotalCapex
FN:282,calculateTotalOpex
FNF:4
FNH:4
FNDA:10,formatCurrency
FNDA:9,formatPercentage
FNDA:4,calculateTotalCapex
FNDA:5,calculateTotalOpex
DA:15,8
DA:25,8
DA:35,8
DA:48,8
DA:79,8
DA:100,8
DA:110,8
DA:121,8
DA:141,8
DA:151,8
DA:161,8
DA:177,8
DA:189,8
DA:200,8
DA:211,8
DA:222,8
DA:237,10
DA:251,9
DA:267,4
DA:287,5
LF:20
LH:20
BRDA:236,0,0,10
BRF:1
BRH:1
end_of_record
TN:
SF:src/constants/designTokens.ts
FN:242,getSpacing
FN:251,getTypography
FN:261,getSemanticColor
FN:273,getShadow
FN:282,getBorderRadius
FN:300,(anonymous_5)
FN:308,(anonymous_6)
FN:316,(anonymous_7)
FN:324,(anonymous_8)
FN:332,(anonymous_9)
FN:340,(anonymous_10)
FN:348,(anonymous_11)
FN:357,(anonymous_12)
FNF:13
FNH:5
FNDA:6,getSpacing
FNDA:4,getTypography
FNDA:7,getSemanticColor
FNDA:4,getShadow
FNDA:5,getBorderRadius
FNDA:0,(anonymous_5)
FNDA:0,(anonymous_6)
FNDA:0,(anonymous_7)
FNDA:0,(anonymous_8)
FNDA:0,(anonymous_9)
FNDA:0,(anonymous_10)
FNDA:0,(anonymous_11)
FNDA:0,(anonymous_12)
DA:22,12
DA:41,12
DA:61,12
DA:71,12
DA:84,12
DA:128,12
DA:147,12
DA:165,12
DA:177,12
DA:191,12
DA:207,12
DA:229,12
DA:243,6
DA:252,4
DA:265,7
DA:274,4
DA:283,5
DA:295,12
DA:301,0
DA:309,0
DA:317,0
DA:325,0
DA:333,0
DA:341,0
DA:349,0
DA:358,0
DA:366,0
LF:27
LH:18
BRDA:263,0,0,7
BRDA:357,1,0,0
BRF:2
BRH:1
end_of_record
TN:
SF:src/constants/index.ts
FNF:0
FNH:0
LF:0
LH:0
BRF:0
BRH:0
end_of_record
TN:
SF:src/constants/keyboardShortcuts.ts
FNF:0
FNH:0
DA:15,23
DA:115,23
DA:126,23
DA:135,23
DA:219,23
DA:224,23
DA:229,23
LF:7
LH:7
BRF:0
BRH:0
end_of_record
TN:
SF:src/constants/riskConstants.ts
FN:195,getRiskLevelColor
FN:205,getRiskLevelFromSecurityLevel
FNF:2
FNH:2
FNDA:7,getRiskLevelColor
FNDA:8,getRiskLevelFromSecurityLevel
DA:7,44
DA:24,44
DA:33,44
DA:45,44
DA:56,44
DA:67,44
DA:79,44
DA:90,44
DA:104,44
DA:117,44
DA:132,44
DA:152,44
DA:166,44
DA:196,7
DA:208,8
LF:15
LH:15
BRDA:196,0,0,7
BRDA:196,0,1,2
BRDA:208,1,0,8
BRDA:208,1,1,1
BRF:4
BRH:4
end_of_record
TN:
SF:src/constants/securityLevels.ts
FN:111,getSecurityLevelByValue
FN:121,getSecurityLevelValue
FN:148,getRiskLevelForSecurity
FNF:3
FNH:3
FNDA:11,getSecurityLevelByValue
FNDA:11,getSecurityLevelValue
FNDA:16,getRiskLevelForSecurity
DA:7,37
DA:19,37
DA:30,37
DA:41,37
DA:57,37
DA:71,37
DA:97,37
DA:112,11
DA:122,11
DA:134,37
DA:149,16
LF:11
LH:11
BRDA:112,0,0,11
BRDA:112,0,1,4
BRDA:122,1,0,11
BRDA:122,1,1,3
BRDA:149,2,0,16
BRDA:149,2,1,1
BRF:6
BRH:6
end_of_record
TN:
SF:src/constants/testConstants.ts
FN:20,(anonymous_0)
FN:25,(anonymous_1)
FN:31,(anonymous_2)
FN:37,(anonymous_3)
FN:38,(anonymous_4)
FN:87,(anonymous_5)
FN:98,(anonymous_6)
FN:107,(anonymous_7)
FNF:8
FNH:7
FNDA:2,(anonymous_0)
FNDA:0,(anonymous_1)
FNDA:2,(anonymous_2)
FNDA:1,(anonymous_3)
FNDA:1,(anonymous_4)
FNDA:1,(anonymous_5)
FNDA:1,(anonymous_6)
FNDA:2,(anonymous_7)
DA:6,1
DA:13,1
DA:20,1
DA:21,2
DA:25,1
DA:26,0
DA:27,0
DA:31,1
DA:32,2
DA:33,2
DA:37,1
DA:38,1
DA:39,1
DA:44,1
DA:68,1
DA:75,1
DA:87,1
DA:88,1
DA:89,1
DA:97,1
DA:99,1
DA:100,1
DA:108,2
DA:115,1
LF:24
LH:22
BRDA:20,0,0,2
BRDA:39,1,0,1
BRDA:39,1,1,1
BRDA:89,2,0,1
BRDA:89,2,1,0
BRDA:101,3,0,1
BRDA:101,3,1,1
BRDA:101,3,2,1
BRDA:108,4,0,1
BRDA:108,4,1,1
BRF:10
BRH:9
end_of_record
TN:
SF:src/constants/testIds.ts
FN:45,createTestId
FN:48,(anonymous_1)
FN:89,createWidgetTestId
FN:93,(anonymous_3)
FN:94,(anonymous_4)
FN:95,(anonymous_5)
FN:96,(anonymous_6)
FN:97,(anonymous_7)
FN:98,(anonymous_8)
FN:99,(anonymous_9)
FN:100,(anonymous_10)
FN:101,(anonymous_11)
FN:102,(anonymous_12)
FN:106,(anonymous_13)
FN:110,(anonymous_14)
FN:124,(anonymous_15)
FN:129,(anonymous_16)
FN:134,(anonymous_17)
FN:139,(anonymous_18)
FN:144,(anonymous_19)
FN:149,(anonymous_20)
FN:155,(anonymous_21)
FN:160,(anonymous_22)
FN:165,(anonymous_23)
FN:170,(anonymous_24)
FN:175,(anonymous_25)
FN:180,(anonymous_26)
FN:185,(anonymous_27)
FN:191,(anonymous_28)
FN:196,(anonymous_29)
FN:206,(anonymous_30)
FN:215,(anonymous_31)
FN:220,(anonymous_32)
FN:225,(anonymous_33)
FN:230,(anonymous_34)
FN:235,(anonymous_35)
FN:245,categorySpecific
FN:256,(anonymous_37)
FN:257,(anonymous_38)
FN:265,(anonymous_39)
FN:278,(anonymous_40)
FN:285,(anonymous_41)
FN:999,(anonymous_42)
FN:1006,asSecurityLevel
FNF:44
FNH:29
FNDA:3857,createTestId
FNDA:14358,(anonymous_1)
FNDA:504,createWidgetTestId
FNDA:924,(anonymous_3)
FNDA:386,(anonymous_4)
FNDA:60,(anonymous_5)
FNDA:1459,(anonymous_6)
FNDA:0,(anonymous_7)
FNDA:20,(anonymous_8)
FNDA:72,(anonymous_9)
FNDA:308,(anonymous_10)
FNDA:0,(anonymous_11)
FNDA:124,(anonymous_12)
FNDA:0,(anonymous_13)
FNDA:0,(anonymous_14)
FNDA:0,(anonymous_15)
FNDA:0,(anonymous_16)
FNDA:0,(anonymous_17)
FNDA:0,(anonymous_18)
FNDA:1,(anonymous_19)
FNDA:1,(anonymous_20)
FNDA:1,(anonymous_21)
FNDA:1,(anonymous_22)
FNDA:1,(anonymous_23)
FNDA:1,(anonymous_24)
FNDA:1,(anonymous_25)
FNDA:1,(anonymous_26)
FNDA:0,(anonymous_27)
FNDA:0,(anonymous_28)
FNDA:1,(anonymous_29)
FNDA:1,(anonymous_30)
FNDA:1,(anonymous_31)
FNDA:1,(anonymous_32)
FNDA:2,(anonymous_33)
FNDA:2,(anonymous_34)
FNDA:1,(anonymous_35)
FNDA:0,categorySpecific
FNDA:0,(anonymous_37)
FNDA:0,(anonymous_38)
FNDA:0,(anonymous_39)
FNDA:1,(anonymous_40)
FNDA:0,(anonymous_41)
FNDA:2,(anonymous_42)
FNDA:3,asSecurityLevel
DA:46,3857
DA:48,14358
DA:90,504
DA:91,504
DA:93,924
DA:94,386
DA:95,60
DA:96,1459
DA:97,0
DA:98,20
DA:99,72
DA:100,308
DA:101,0
DA:103,124
DA:107,0
DA:111,0
DA:120,42
DA:124,0
DA:129,0
DA:134,0
DA:139,0
DA:144,1
DA:150,1
DA:155,1
DA:160,1
DA:165,1
DA:170,1
DA:175,1
DA:180,1
DA:186,0
DA:191,0
DA:197,1
DA:208,1
DA:209,1
DA:215,1
DA:220,1
DA:225,2
DA:230,2
DA:235,1
DA:246,0
DA:252,42
DA:257,0
DA:258,0
DA:266,0
DA:279,1
DA:286,0
DA:290,42
DA:310,42
DA:311,42
DA:312,42
DA:313,42
DA:314,42
DA:315,42
DA:316,42
DA:317,42
DA:318,42
DA:319,42
DA:320,42
DA:321,42
DA:323,42
DA:382,42
DA:448,42
DA:496,42
DA:505,42
DA:530,42
DA:565,42
DA:579,42
DA:615,42
DA:640,42
DA:671,42
DA:684,42
DA:694,42
DA:706,42
DA:723,42
DA:745,42
DA:779,42
DA:794,42
DA:800,42
DA:806,42
DA:846,42
DA:870,42
DA:890,42
DA:922,42
DA:958,42
DA:999,42
DA:1000,2
DA:1007,3
DA:1013,42
LF:88
LH:73
BRDA:103,0,0,62
BRDA:103,0,1,62
BRDA:107,1,0,0
BRDA:107,1,1,0
BRDA:111,2,0,0
BRDA:111,2,1,0
BRDA:258,3,0,0
BRDA:258,3,1,0
BRF:8
BRH:2
end_of_record
TN:
SF:src/constants/uiConstants.ts
FN:67,getComponentIcon
FN:77,getBusinessImpactIcon
FN:91,getSecurityIcon
FNF:3
FNH:3
FNDA:124,getComponentIcon
FNDA:15,getBusinessImpactIcon
FNDA:23,getSecurityIcon
DA:8,40
DA:26,40
DA:37,40
DA:46,40
DA:68,124
DA:78,15
DA:80,15
DA:82,15
DA:92,23
DA:94,23
DA:96,23
DA:102,40
DA:113,40
LF:13
LH:13
BRDA:68,0,0,124
BRDA:68,0,1,1
BRDA:82,1,0,15
BRDA:82,1,1,2
BRDA:96,2,0,23
BRDA:96,2,1,2
BRF:6
BRH:6
end_of_record
TN:
SF:src/contexts/ErrorContext.tsx
FN:133,(anonymous_0)
FN:146,(anonymous_1)
FN:153,(anonymous_2)
FN:165,(anonymous_3)
FN:174,(anonymous_4)
FN:175,(anonymous_5)
FN:175,(anonymous_6)
FN:181,(anonymous_7)
FN:188,(anonymous_8)
FN:196,(anonymous_9)
FN:198,(anonymous_10)
FN:206,(anonymous_11)
FN:210,(anonymous_12)
FN:262,(anonymous_13)
FNF:14
FNH:13
FNDA:43,(anonymous_0)
FNDA:20,(anonymous_1)
FNDA:20,(anonymous_2)
FNDA:20,(anonymous_3)
FNDA:2,(anonymous_4)
FNDA:2,(anonymous_5)
FNDA:5,(anonymous_6)
FNDA:1,(anonymous_7)
FNDA:4,(anonymous_8)
FNDA:1,(anonymous_9)
FNDA:0,(anonymous_10)
FNDA:2,(anonymous_11)
FNDA:38,(anonymous_12)
FNDA:32,(anonymous_13)
DA:87,3
DA:133,3
DA:139,43
DA:140,43
DA:141,43
DA:146,43
DA:147,20
DA:153,43
DA:154,20
DA:156,20
DA:165,20
DA:166,20
DA:167,20
DA:174,43
DA:175,5
DA:181,43
DA:182,1
DA:188,43
DA:189,4
DA:190,4
DA:196,43
DA:197,1
DA:198,1
DA:199,0
DA:206,43
DA:207,2
DA:210,43
DA:220,43
DA:262,3
DA:263,32
DA:265,32
DA:266,2
DA:269,30
LF:33
LH:32
BRDA:135,0,0,43
BRDA:136,1,0,43
BRDA:137,2,0,43
BRDA:225,3,0,43
BRDA:225,3,1,5
BRDA:231,4,0,5
BRDA:231,4,1,5
BRDA:232,5,0,5
BRDA:232,5,1,5
BRDA:265,6,0,2
BRDA:265,6,1,30
BRF:11
BRH:11
end_of_record
TN:
SF:src/contexts/KeyboardShortcutContext.tsx
FN:45,KeyboardShortcutProvider
FN:59,(anonymous_1)
FN:66,(anonymous_2)
FN:75,(anonymous_3)
FN:78,(anonymous_4)
FN:87,(anonymous_5)
FN:95,(anonymous_6)
FN:100,(anonymous_7)
FN:141,useKeyboardShortcutContext
FN:166,useKeyboardShortcutContextOptional
FNF:10
FNH:10
FNDA:57,KeyboardShortcutProvider
FNDA:3,(anonymous_1)
FNDA:3,(anonymous_2)
FNDA:1,(anonymous_3)
FNDA:1,(anonymous_4)
FNDA:2,(anonymous_5)
FNDA:2,(anonymous_6)
FNDA:57,(anonymous_7)
FNDA:121,useKeyboardShortcutContext
FNDA:2,useKeyboardShortcutContextOptional
DA:19,9
DA:50,57
DA:51,57
DA:52,57
DA:54,57
DA:59,57
DA:60,3
DA:66,3
DA:75,57
DA:76,1
DA:78,1
DA:79,1
DA:80,1
DA:87,57
DA:88,2
DA:89,2
DA:95,57
DA:96,2
DA:97,2
DA:100,57
DA:101,57
DA:123,57
DA:142,121
DA:144,121
DA:145,2
DA:150,119
DA:167,2
LF:27
LH:27
BRDA:47,0,0,57
BRDA:48,1,0,57
BRDA:144,2,0,2
BRDA:144,2,1,119
BRF:4
BRH:4
end_of_record
TN:
SF:src/data/ciaOptionsData.ts
FN:309,getCIAOptionsForComponent
FN:331,getImplementationDetails
FN:392,getDefaultSLAMetrics
FN:457,getDefaultPrivacyImpact
FN:480,getDefaultValidationLevel
FN:503,(anonymous_5)
FNF:6
FNH:6
FNDA:3,getCIAOptionsForComponent
FNDA:23,getImplementationDetails
FNDA:46,getDefaultSLAMetrics
FNDA:17,getDefaultPrivacyImpact
FNDA:19,getDefaultValidationLevel
FNDA:21,(anonymous_5)
DA:13,26
DA:19,26
DA:25,26
DA:31,26
DA:42,26
DA:127,26
DA:201,26
DA:270,26
DA:312,3
DA:314,1
DA:316,1
DA:318,1
DA:320,0
DA:335,23
DA:343,23
DA:351,23
DA:359,23
DA:361,23
DA:363,11
DA:364,11
DA:366,6
DA:367,6
DA:369,6
DA:370,6
DA:373,23
DA:375,23
DA:377,23
DA:379,23
DA:399,46
DA:401,5
DA:409,4
DA:417,23
DA:425,8
DA:433,5
DA:441,1
DA:458,17
DA:460,2
DA:462,1
DA:464,4
DA:466,5
DA:468,4
DA:470,1
DA:481,19
DA:483,2
DA:485,1
DA:487,4
DA:489,9
DA:491,2
DA:493,1
DA:503,26
DA:504,21
DA:506,2
DA:508,2
DA:510,4
DA:512,10
DA:514,2
DA:516,1
LF:57
LH:56
BRDA:312,0,0,1
BRDA:312,0,1,1
BRDA:312,0,2,1
BRDA:312,0,3,0
BRDA:361,1,0,11
BRDA:361,1,1,6
BRDA:361,1,2,6
BRDA:399,2,0,5
BRDA:399,2,1,4
BRDA:399,2,2,23
BRDA:399,2,3,8
BRDA:399,2,4,5
BRDA:399,2,5,1
BRDA:458,3,0,2
BRDA:458,3,1,1
BRDA:458,3,2,4
BRDA:458,3,3,5
BRDA:458,3,4,4
BRDA:458,3,5,1
BRDA:481,4,0,2
BRDA:481,4,1,1
BRDA:481,4,2,4
BRDA:481,4,3,9
BRDA:481,4,4,2
BRDA:481,4,5,1
BRDA:504,5,0,2
BRDA:504,5,1,2
BRDA:504,5,2,4
BRDA:504,5,3,10
BRDA:504,5,4,2
BRDA:504,5,5,1
BRF:31
BRH:30
end_of_record
TN:
SF:src/data/riskImpactData.ts
FN:51,isRiskImpactLevel
FN:64,isRiskImpact
FN:84,isValidCIAComponent
FN:116,getRiskLevelFromSecurityLevel
FN:394,getBusinessImpact
FN:456,calculateBusinessImpactLevel
FN:505,getRiskImpactLabel
FN:535,createDefaultBusinessImpact
FNF:8
FNH:8
FNDA:12,isRiskImpactLevel
FNDA:11,isRiskImpact
FNDA:27,isValidCIAComponent
FNDA:39,getRiskLevelFromSecurityLevel
FNDA:18,getBusinessImpact
FNDA:134,calculateBusinessImpactLevel
FNDA:8,getRiskImpactLabel
FNDA:27,createDefaultBusinessImpact
DA:52,12
DA:65,11
DA:66,5
DA:69,6
DA:71,6
DA:87,27
DA:96,24
DA:117,39
DA:126,24
DA:161,24
DA:195,24
DA:222,24
DA:274,24
DA:326,24
DA:398,18
DA:399,1
DA:404,17
DA:406,7
DA:407,7
DA:409,5
DA:410,5
DA:412,5
DA:413,5
DA:415,0
DA:418,17
DA:461,134
DA:469,134
DA:470,134
DA:471,134
DA:473,134
DA:475,134
DA:477,134
DA:485,134
DA:486,134
DA:506,8
DA:514,8
DA:539,27
DA:541,27
LF:38
LH:37
BRDA:53,0,0,12
BRDA:53,0,1,7
BRDA:65,1,0,5
BRDA:65,1,1,6
BRDA:65,2,0,11
BRDA:65,2,1,7
BRDA:72,3,0,6
BRDA:72,3,1,4
BRDA:72,3,2,3
BRDA:88,4,0,27
BRDA:88,4,1,23
BRDA:117,5,0,39
BRDA:117,5,1,1
BRDA:398,6,0,1
BRDA:398,6,1,17
BRDA:404,7,0,17
BRDA:404,7,1,5
BRDA:404,7,2,5
BRDA:404,7,3,0
BRDA:421,8,0,17
BRDA:421,8,1,17
BRDA:422,9,0,18
BRDA:422,9,1,17
BRDA:423,10,0,0
BRDA:423,10,1,17
BRDA:425,11,0,17
BRDA:425,11,1,0
BRDA:469,12,0,134
BRDA:469,12,1,0
BRDA:470,13,0,134
BRDA:470,13,1,0
BRDA:471,14,0,134
BRDA:471,14,1,0
BRDA:486,15,0,134
BRDA:486,15,1,0
BRDA:514,16,0,8
BRDA:514,16,1,3
BRF:37
BRH:30
end_of_record
TN:
SF:src/data/securityResources.ts
FNF:0
FNH:0
DA:6,18
DA:200,18
LF:2
LH:2
BRF:0
BRH:0
end_of_record
TN:
SF:src/data/testDataProvider.ts
FN:17,createTestDataProvider
FN:38,getDefaultSecurityIcon
FN:52,getDefaultValuePoints
FN:70,getDefaultExpertiseLevel
FN:84,getProtectionLevel
FN:98,enhanceAvailabilityOptions
FN:103,(anonymous_6)
FN:148,enhanceIntegrityOptions
FN:161,(anonymous_8)
FN:203,enhanceConfidentialityOptions
FN:216,(anonymous_10)
FN:259,createTestROIEstimates
FN:306,getUptimeForLevel
FN:320,getRtoForLevel
FN:334,getRpoForLevel
FN:348,getMttrForLevel
FN:362,getRiskLevelForSecurityLevel
FN:376,getDevelopmentEffortForLevel
FN:390,getMaintenanceEffortForLevel
FN:404,getExpertiseForLevel
FN:426,(anonymous_20)
FNF:21
FNH:18
FNDA:20,createTestDataProvider
FNDA:5,getDefaultSecurityIcon
FNDA:5,getDefaultValuePoints
FNDA:0,getDefaultExpertiseLevel
FNDA:0,getProtectionLevel
FNDA:20,enhanceAvailabilityOptions
FNDA:100,(anonymous_6)
FNDA:20,enhanceIntegrityOptions
FNDA:100,(anonymous_8)
FNDA:20,enhanceConfidentialityOptions
FNDA:100,(anonymous_10)
FNDA:20,createTestROIEstimates
FNDA:100,getUptimeForLevel
FNDA:100,getRtoForLevel
FNDA:100,getRpoForLevel
FNDA:100,getMttrForLevel
FNDA:900,getRiskLevelForSecurityLevel
FNDA:300,getDevelopmentEffortForLevel
FNDA:300,getMaintenanceEffortForLevel
FNDA:300,getExpertiseForLevel
FNDA:0,(anonymous_20)
DA:18,20
DA:32,20
DA:39,5
DA:46,5
DA:53,5
DA:54,1
DA:57,4
DA:64,5
DA:71,0
DA:78,0
DA:85,0
DA:92,0
DA:101,20
DA:103,20
DA:104,100
DA:105,100
DA:142,20
DA:151,20
DA:153,20
DA:161,20
DA:162,100
DA:163,100
DA:197,20
DA:206,20
DA:208,20
DA:216,20
DA:217,100
DA:218,100
DA:253,20
DA:260,20
DA:307,100
DA:314,100
DA:321,100
DA:328,100
DA:335,100
DA:342,100
DA:349,100
DA:356,100
DA:363,900
DA:370,900
DA:377,300
DA:384,300
DA:391,300
DA:398,300
DA:405,300
DA:412,300
DA:427,0
DA:428,0
DA:429,0
DA:430,0
DA:431,0
DA:433,0
DA:435,0
DA:437,0
DA:439,0
LF:55
LH:42
BRDA:46,0,0,5
BRDA:46,0,1,0
BRDA:53,1,0,1
BRDA:53,1,1,4
BRDA:60,2,0,2
BRDA:60,2,1,2
BRDA:60,3,0,4
BRDA:60,3,1,3
BRDA:78,4,0,0
BRDA:78,4,1,0
BRDA:92,5,0,0
BRDA:92,5,1,0
BRDA:314,6,0,100
BRDA:314,6,1,0
BRDA:328,7,0,100
BRDA:328,7,1,0
BRDA:342,8,0,100
BRDA:342,8,1,0
BRDA:356,9,0,100
BRDA:356,9,1,0
BRDA:370,10,0,900
BRDA:370,10,1,0
BRDA:384,11,0,300
BRDA:384,11,1,0
BRDA:398,12,0,300
BRDA:398,12,1,0
BRDA:412,13,0,300
BRDA:412,13,1,0
BRDA:434,14,0,0
BRDA:434,14,1,0
BRDA:436,15,0,0
BRDA:436,15,1,0
BRDA:438,16,0,0
BRDA:438,16,1,0
BRDA:439,17,0,0
BRDA:439,17,1,0
BRF:36
BRH:15
end_of_record
TN:
SF:src/data/valueCreationData.ts
FN:119,getROIEstimateForLevel
FN:377,getROIEstimate
FN:391,getValuePoints
FN:401,getBusinessConsiderations
FN:413,getBusinessBenefits
FNF:5
FNH:5
FNDA:30,getROIEstimateForLevel
FNDA:7,getROIEstimate
FNDA:8,getValuePoints
FNDA:8,getBusinessConsiderations
FNDA:8,getBusinessBenefits
DA:8,26
DA:60,26
DA:71,26
DA:120,30
DA:121,2
DA:124,28
DA:126,28
DA:128,7
DA:130,6
DA:133,5
DA:135,4
DA:138,5
DA:140,1
DA:147,26
DA:158,26
DA:194,26
DA:284,26
DA:381,7
DA:382,7
DA:392,8
DA:404,8
DA:414,8
DA:420,26
LF:23
LH:23
BRDA:120,0,0,2
BRDA:120,0,1,28
BRDA:126,1,0,7
BRDA:126,1,1,6
BRDA:126,1,2,5
BRDA:126,1,3,5
BRDA:126,1,4,4
BRDA:126,1,5,5
BRDA:126,1,6,5
BRDA:126,1,7,1
BRDA:382,2,0,7
BRDA:382,2,1,1
BRDA:392,3,0,8
BRDA:392,3,1,1
BRDA:404,4,0,8
BRDA:404,4,1,1
BRDA:414,5,0,8
BRDA:414,5,1,1
BRF:18
BRH:18
end_of_record
TN:
SF:src/data/security/availabilityData.ts
FNF:0
FNH:0
DA:14,32
LF:1
LH:1
BRF:0
BRH:0
end_of_record
TN:
SF:src/data/security/confidentialityData.ts
FNF:0
FNH:0
DA:14,32
LF:1
LH:1
BRF:0
BRH:0
end_of_record
TN:
SF:src/data/security/index.ts
FNF:0
FNH:0
DA:20,32
DA:21,32
DA:22,32
DA:23,32
LF:4
LH:4
BRF:0
BRH:0
end_of_record
TN:
SF:src/data/security/integrityData.ts
FNF:0
FNH:0
DA:14,32
LF:1
LH:1
BRF:0
BRH:0
end_of_record
TN:
SF:src/data/security/roiEstimatesData.ts
FNF:0
FNH:0
DA:12,33
LF:1
LH:1
BRF:0
BRH:0
end_of_record
TN:
SF:src/hooks/index.ts
FNF:0
FNH:0
LF:0
LH:0
BRF:0
BRH:0
end_of_record
TN:
SF:src/hooks/useBusinessImpact.ts
FN:30,useBusinessImpact
FN:36,(anonymous_1)
FNF:2
FNH:2
FNDA:105,useBusinessImpact
FNDA:104,(anonymous_1)
DA:34,105
DA:36,105
DA:37,104
DA:38,28
DA:41,76
DA:42,76
DA:43,76
DA:45,1
DA:46,1
DA:50,105
LF:10
LH:10
BRDA:37,0,0,28
BRDA:37,0,1,76
BRDA:43,1,0,76
BRDA:43,1,1,3
BRF:4
BRH:4
end_of_record
TN:
SF:src/hooks/useCIAContentService.ts
FN:151,(anonymous_0)
FN:157,(anonymous_1)
FN:172,(anonymous_2)
FN:177,(anonymous_3)
FNF:4
FNH:4
FNDA:389,(anonymous_0)
FNDA:192,(anonymous_1)
FNDA:1,(anonymous_2)
FNDA:191,(anonymous_3)
DA:151,13
DA:152,389
DA:154,389
DA:155,389
DA:157,389
DA:158,192
DA:159,192
DA:160,192
DA:161,192
DA:162,191
DA:163,191
DA:165,1
DA:166,1
DA:168,192
DA:172,389
DA:173,1
DA:174,1
DA:177,389
DA:178,191
DA:181,389
LF:20
LH:20
BRF:0
BRH:0
end_of_record
TN:
SF:src/hooks/useCIADataProvider.ts
FN:9,(anonymous_0)
FN:16,(anonymous_1)
FN:40,(anonymous_2)
FNF:3
FNH:3
FNDA:42,(anonymous_0)
FNDA:21,(anonymous_1)
FNDA:20,(anonymous_2)
DA:9,14
DA:10,42
DA:13,42
DA:14,42
DA:16,42
DA:17,21
DA:18,21
DA:19,21
DA:21,21
DA:25,6
DA:26,6
DA:28,0
DA:29,0
DA:34,0
DA:36,6
DA:40,42
DA:41,20
DA:44,42
LF:18
LH:15
BRDA:30,0,0,0
BRDA:30,0,1,0
BRF:2
BRH:0
end_of_record
TN:
SF:src/hooks/useCIAOptions.ts
FN:416,(anonymous_0)
FN:417,(anonymous_1)
FN:418,(anonymous_2)
FN:419,(anonymous_3)
FN:420,(anonymous_4)
FN:422,(anonymous_5)
FN:439,(anonymous_6)
FN:445,(anonymous_7)
FN:454,(anonymous_8)
FNF:9
FNH:9
FNDA:7,(anonymous_0)
FNDA:6,(anonymous_1)
FNDA:6,(anonymous_2)
FNDA:6,(anonymous_3)
FNDA:6,(anonymous_4)
FNDA:10,(anonymous_5)
FNDA:5,(anonymous_6)
FNDA:15,(anonymous_7)
FNDA:2,(anonymous_8)
DA:109,9
DA:147,9
DA:185,9
DA:223,9
DA:416,9
DA:417,7
DA:418,7
DA:419,7
DA:420,7
DA:422,7
DA:423,10
DA:425,2
DA:427,2
DA:429,2
DA:431,2
DA:433,2
DA:435,0
DA:439,7
DA:444,5
DA:445,5
DA:446,15
DA:447,15
DA:448,15
DA:451,5
DA:454,7
DA:455,2
DA:458,7
LF:27
LH:26
BRDA:423,0,0,2
BRDA:423,0,1,2
BRDA:423,0,2,2
BRDA:423,0,3,2
BRDA:423,0,4,2
BRDA:423,0,5,0
BRDA:446,1,0,15
BRDA:446,1,1,5
BRDA:447,2,0,15
BRDA:447,2,1,7
BRDA:448,3,0,4
BRDA:448,3,1,11
BRDA:455,4,0,2
BRDA:455,4,1,0
BRF:14
BRH:12
end_of_record
TN:
SF:src/hooks/useComplianceService.ts
FN:26,useComplianceService
FN:30,(anonymous_1)
FN:53,(anonymous_2)
FN:56,(anonymous_3)
FN:74,(anonymous_4)
FNF:5
FNH:5
FNDA:24,useComplianceService
FNDA:12,(anonymous_1)
FNDA:12,(anonymous_2)
FNDA:12,(anonymous_3)
FNDA:12,(anonymous_4)
DA:27,24
DA:28,24
DA:30,24
DA:31,12
DA:39,12
DA:53,24
DA:54,12
DA:56,12
DA:57,12
DA:58,12
DA:59,12
DA:60,12
DA:64,0
DA:65,0
DA:66,0
DA:67,0
DA:72,12
DA:74,12
DA:75,12
DA:79,24
LF:20
LH:16
BRDA:58,0,0,12
BRDA:58,0,1,0
BRDA:59,1,0,12
BRDA:59,1,1,0
BRDA:65,2,0,0
BRDA:65,2,1,0
BRDA:66,3,0,0
BRDA:66,3,1,0
BRF:8
BRH:2
end_of_record
TN:
SF:src/hooks/useComponentDetails.ts
FN:29,useComponentDetails
FN:35,(anonymous_1)
FNF:2
FNH:2
FNDA:103,useComponentDetails
FNDA:102,(anonymous_1)
DA:33,103
DA:35,103
DA:36,102
DA:38,75
DA:39,75
DA:40,75
DA:42,1
DA:43,1
DA:47,103
LF:9
LH:9
BRDA:36,0,0,27
BRDA:36,0,1,75
BRDA:40,1,0,2
BRDA:40,1,1,72
BRF:4
BRH:4
end_of_record
TN:
SF:src/hooks/useFormattedMetrics.ts
FN:79,useFormattedMetrics
FN:85,(anonymous_1)
FN:87,(anonymous_2)
FN:88,(anonymous_3)
FN:90,(anonymous_4)
FNF:5
FNH:5
FNDA:24,useFormattedMetrics
FNDA:22,(anonymous_1)
FNDA:12,(anonymous_2)
FNDA:7,(anonymous_3)
FNDA:11,(anonymous_4)
DA:82,24
DA:83,24
DA:85,24
DA:86,22
DA:87,12
DA:88,7
DA:90,11
LF:7
LH:7
BRDA:82,0,0,24
BRDA:82,0,1,13
BRDA:83,1,0,24
BRDA:83,1,1,14
BRDA:88,2,0,7
BRF:5
BRH:5
end_of_record
TN:
SF:src/hooks/useKeyboardShortcuts.ts
FN:42,useKeyboardShortcuts
FN:53,(anonymous_1)
FN:61,(anonymous_2)
FN:68,(anonymous_3)
FN:106,(anonymous_4)
FN:115,(anonymous_5)
FNF:6
FNH:6
FNDA:54,useKeyboardShortcuts
FNDA:34,(anonymous_1)
FNDA:8,(anonymous_2)
FNDA:8,(anonymous_3)
FNDA:34,(anonymous_4)
FNDA:33,(anonymous_5)
DA:48,54
DA:50,54
DA:51,54
DA:53,54
DA:54,34
DA:55,34
DA:61,54
DA:62,8
DA:63,1
DA:66,7
DA:68,7
DA:69,8
DA:70,1
DA:73,7
DA:78,7
DA:81,7
DA:82,5
DA:88,5
DA:89,4
DA:91,5
DA:92,0
DA:95,5
DA:96,5
DA:98,0
DA:106,54
DA:107,34
DA:108,1
DA:111,33
DA:113,33
DA:115,33
DA:116,33
DA:117,33
LF:32
LH:30
BRDA:45,0,0,54
BRDA:46,1,0,54
BRDA:47,2,0,54
BRDA:62,3,0,1
BRDA:62,3,1,7
BRDA:62,4,0,8
BRDA:62,4,1,8
BRDA:69,5,0,1
BRDA:69,5,1,7
BRDA:81,6,0,5
BRDA:81,6,1,2
BRDA:88,7,0,4
BRDA:88,7,1,1
BRDA:91,8,0,0
BRDA:91,8,1,5
BRDA:107,9,0,1
BRDA:107,9,1,33
BRDA:107,10,0,34
BRDA:107,10,1,33
BRF:19
BRH:18
end_of_record
TN:
SF:src/hooks/useLocalStorage.ts
FN:55,useLocalStorage
FN:59,(anonymous_1)
FN:73,(anonymous_2)
FN:75,(anonymous_3)
FN:93,(anonymous_4)
FN:98,(anonymous_5)
FN:110,(anonymous_6)
FNF:7
FNH:7
FNDA:116,useLocalStorage
FNDA:62,(anonymous_1)
FNDA:33,(anonymous_2)
FNDA:33,(anonymous_3)
FNDA:62,(anonymous_4)
FNDA:3,(anonymous_5)
FNDA:62,(anonymous_6)
DA:59,116
DA:60,62
DA:61,0
DA:64,62
DA:65,62
DA:66,62
DA:68,3
DA:69,3
DA:73,116
DA:74,33
DA:75,33
DA:76,33
DA:78,33
DA:79,33
DA:80,33
DA:82,1
DA:86,33
DA:89,0
DA:93,116
DA:94,62
DA:95,0
DA:98,62
DA:99,3
DA:100,2
DA:101,2
DA:103,1
DA:108,62
DA:110,62
DA:111,62
DA:115,116
LF:30
LH:27
BRDA:60,0,0,0
BRDA:60,0,1,62
BRDA:66,1,0,16
BRDA:66,1,1,45
BRDA:76,2,0,5
BRDA:76,2,1,28
BRDA:78,3,0,33
BRDA:78,3,1,0
BRDA:94,4,0,0
BRDA:94,4,1,62
BRDA:99,5,0,2
BRDA:99,5,1,1
BRDA:99,6,0,3
BRDA:99,6,1,2
BRF:14
BRH:11
end_of_record
TN:
SF:src/hooks/useResponsiveBreakpoint.ts
FN:22,getBreakpoint
FN:55,useResponsiveBreakpoint
FN:56,(anonymous_2)
FN:61,(anonymous_3)
FN:62,(anonymous_4)
FN:69,(anonymous_5)
FNF:6
FNH:6
FNDA:33,getBreakpoint
FNDA:23,useResponsiveBreakpoint
FNDA:16,(anonymous_2)
FNDA:16,(anonymous_3)
FNDA:17,(anonymous_4)
FNDA:16,(anonymous_5)
DA:11,11
DA:23,33
DA:24,24
DA:25,12
DA:56,23
DA:57,16
DA:58,16
DA:61,23
DA:62,16
DA:63,17
DA:64,17
DA:67,16
DA:69,16
DA:72,23
LF:14
LH:14
BRDA:23,0,0,9
BRDA:23,0,1,24
BRDA:24,1,0,12
BRDA:24,1,1,12
BRDA:57,2,0,0
BRDA:57,2,1,16
BRF:6
BRH:5
end_of_record
TN:
SF:src/hooks/useSecurityLevelState.ts
FN:78,useSecurityLevelState
FN:87,(anonymous_1)
FN:88,(anonymous_2)
FN:91,(anonymous_3)
FN:99,(anonymous_4)
FNF:5
FNH:5
FNDA:103,useSecurityLevelState
FNDA:27,(anonymous_1)
FNDA:27,(anonymous_2)
FNDA:6,(anonymous_3)
FNDA:8,(anonymous_4)
DA:81,103
DA:87,103
DA:88,27
DA:91,103
DA:92,6
DA:99,103
DA:100,8
DA:103,103
LF:8
LH:8
BRDA:82,0,0,103
BRDA:82,0,1,56
BRDA:83,1,0,103
BRDA:83,1,1,57
BRDA:84,2,0,103
BRDA:84,2,1,57
BRDA:91,3,0,6
BRF:7
BRH:7
end_of_record
TN:
SF:src/hooks/useSecurityMetricsService.ts
FN:13,(anonymous_0)
FN:21,(anonymous_1)
FN:44,(anonymous_2)
FNF:3
FNH:3
FNDA:36,(anonymous_0)
FNDA:18,(anonymous_1)
FNDA:18,(anonymous_2)
DA:13,13
DA:14,36
DA:16,36
DA:17,36
DA:19,36
DA:21,36
DA:22,18
DA:23,18
DA:24,18
DA:26,18
DA:30,18
DA:32,0
DA:33,0
DA:38,0
DA:40,18
DA:44,36
DA:45,18
DA:48,36
LF:18
LH:15
BRDA:26,0,0,1
BRDA:26,0,1,17
BRDA:34,1,0,0
BRDA:34,1,1,0
BRF:4
BRH:2
end_of_record
TN:
SF:src/hooks/useSecuritySummaryData.ts
FN:32,useSecuritySummaryData
FN:39,(anonymous_1)
FN:49,(anonymous_2)
FN:54,(anonymous_3)
FN:65,(anonymous_4)
FN:72,(anonymous_5)
FN:101,(anonymous_6)
FN:132,(anonymous_7)
FN:175,(anonymous_8)
FN:207,(anonymous_9)
FN:214,(anonymous_10)
FN:229,(anonymous_11)
FN:239,(anonymous_12)
FN:262,(anonymous_13)
FN:285,(anonymous_14)
FNF:15
FNH:15
FNDA:20,useSecuritySummaryData
FNDA:10,(anonymous_1)
FNDA:10,(anonymous_2)
FNDA:10,(anonymous_3)
FNDA:10,(anonymous_4)
FNDA:20,(anonymous_5)
FNDA:20,(anonymous_6)
FNDA:20,(anonymous_7)
FNDA:10,(anonymous_8)
FNDA:10,(anonymous_9)
FNDA:10,(anonymous_10)
FNDA:10,(anonymous_11)
FNDA:20,(anonymous_12)
FNDA:20,(anonymous_13)
FNDA:10,(anonymous_14)
DA:39,20
DA:49,20
DA:54,20
DA:55,10
DA:56,10
DA:57,10
DA:60,10
DA:61,10
DA:62,10
DA:65,20
DA:66,10
DA:67,10
DA:68,10
DA:69,1
DA:72,20
DA:73,20
DA:74,20
DA:75,20
DA:77,0
DA:78,0
DA:81,0
DA:85,20
DA:87,2
DA:89,0
DA:91,18
DA:93,0
DA:95,0
DA:97,0
DA:101,20
DA:102,20
DA:106,20
DA:107,20
DA:110,20
DA:112,0
DA:116,0
DA:118,0
DA:120,0
DA:122,0
DA:124,0
DA:126,0
DA:128,0
DA:132,20
DA:133,20
DA:137,0
DA:138,0
DA:143,0
DA:145,0
DA:149,20
DA:157,20
DA:158,20
DA:159,20
DA:162,20
DA:164,20
DA:165,18
DA:166,0
DA:167,0
DA:175,20
DA:176,10
DA:177,10
DA:179,10
DA:185,10
DA:186,10
DA:195,0
DA:197,0
DA:198,0
DA:207,20
DA:208,10
DA:209,10
DA:210,10
DA:211,1
DA:214,20
DA:215,10
DA:217,0
DA:219,0
DA:221,9
DA:223,1
DA:225,0
DA:229,20
DA:230,10
DA:239,20
DA:240,20
DA:241,20
DA:245,0
DA:250,0
DA:253,0
DA:256,20
DA:257,20
DA:258,20
DA:259,2
DA:262,20
DA:263,20
DA:264,20
DA:268,0
DA:273,0
DA:276,0
DA:279,20
DA:280,20
DA:281,20
DA:282,2
DA:285,20
DA:286,10
DA:287,10
DA:292,10
DA:294,0
DA:295,0
DA:299,20
LF:106
LH:71
BRDA:66,0,0,0
BRDA:66,0,1,10
BRDA:67,1,0,0
BRDA:67,1,1,10
BRDA:68,2,0,9
BRDA:68,2,1,1
BRDA:73,3,0,20
BRDA:73,3,1,0
BRDA:75,4,0,0
BRDA:75,4,1,20
BRDA:78,5,0,0
BRDA:78,5,1,0
BRDA:85,6,0,2
BRDA:85,6,1,0
BRDA:85,6,2,18
BRDA:85,6,3,0
BRDA:85,6,4,0
BRDA:85,6,5,0
BRDA:102,7,0,20
BRDA:102,7,1,0
BRDA:103,8,0,20
BRDA:103,8,1,20
BRDA:110,9,0,20
BRDA:110,9,1,0
BRDA:116,10,0,0
BRDA:116,10,1,0
BRDA:116,10,2,0
BRDA:116,10,3,0
BRDA:116,10,4,0
BRDA:116,10,5,0
BRDA:133,11,0,0
BRDA:133,11,1,20
BRDA:134,12,0,20
BRDA:134,12,1,20
BRDA:143,13,0,0
BRDA:143,13,1,0
BRDA:157,14,0,20
BRDA:157,14,1,2
BRDA:158,15,0,20
BRDA:158,15,1,2
BRDA:159,16,0,20
BRDA:159,16,1,2
BRDA:164,17,0,2
BRDA:164,17,1,18
BRDA:165,18,0,18
BRDA:165,18,1,0
BRDA:166,19,0,0
BRDA:166,19,1,0
BRDA:177,20,0,0
BRDA:177,20,1,10
BRDA:185,21,0,10
BRDA:185,21,1,0
BRDA:188,22,0,10
BRDA:188,22,1,0
BRDA:190,23,0,10
BRDA:190,23,1,0
BRDA:191,24,0,10
BRDA:191,24,1,0
BRDA:208,25,0,0
BRDA:208,25,1,10
BRDA:209,26,0,0
BRDA:209,26,1,10
BRDA:210,27,0,9
BRDA:210,27,1,1
BRDA:215,28,0,0
BRDA:215,28,1,0
BRDA:215,28,2,9
BRDA:215,28,3,1
BRDA:215,28,4,0
BRDA:241,29,0,0
BRDA:241,29,1,20
BRDA:242,30,0,20
BRDA:242,30,1,20
BRDA:250,31,0,0
BRDA:250,31,1,0
BRDA:256,32,0,0
BRDA:256,32,1,20
BRDA:257,33,0,0
BRDA:257,33,1,20
BRDA:258,34,0,18
BRDA:258,34,1,2
BRDA:264,35,0,0
BRDA:264,35,1,20
BRDA:265,36,0,20
BRDA:265,36,1,20
BRDA:273,37,0,0
BRDA:273,37,1,0
BRDA:279,38,0,0
BRDA:279,38,1,20
BRDA:280,39,0,0
BRDA:280,39,1,20
BRDA:281,40,0,18
BRDA:281,40,1,2
BRDA:292,41,0,10
BRDA:292,41,1,0
BRF:95
BRH:50
end_of_record
TN:
SF:src/hooks/useServiceData.ts
FN:89,useServiceData
FN:99,(anonymous_1)
FN:100,(anonymous_2)
FN:114,(anonymous_3)
FNF:4
FNH:4
FNDA:68,useServiceData
FNDA:35,(anonymous_1)
FNDA:35,(anonymous_2)
FNDA:29,(anonymous_3)
DA:93,68
DA:99,68
DA:100,35
DA:102,35
DA:103,35
DA:104,35
DA:106,8
DA:114,68
DA:115,29
DA:119,68
LF:10
LH:10
BRDA:91,0,0,68
BRDA:109,1,0,5
BRDA:109,1,1,3
BRF:3
BRH:3
end_of_record
TN:
SF:src/hooks/useTabs.ts
FN:39,useTabs
FN:44,(anonymous_1)
FN:45,(anonymous_2)
FN:45,(anonymous_3)
FN:52,(anonymous_4)
FN:53,(anonymous_5)
FN:64,(anonymous_6)
FNF:7
FNH:7
FNDA:129,useTabs
FNDA:97,(anonymous_1)
FNDA:268,(anonymous_2)
FNDA:233,(anonymous_3)
FNDA:36,(anonymous_4)
FNDA:70,(anonymous_5)
FNDA:26,(anonymous_6)
DA:40,129
DA:41,129
DA:42,129
DA:44,129
DA:45,268
DA:52,129
DA:53,70
DA:54,36
DA:55,33
DA:56,33
DA:64,129
DA:65,26
DA:66,1
DA:69,25
DA:72,25
DA:74,5
DA:75,5
DA:76,5
DA:78,12
DA:79,12
DA:80,12
DA:82,3
DA:83,3
DA:84,3
DA:86,3
DA:87,3
DA:88,3
DA:90,2
DA:93,23
DA:94,23
DA:96,23
DA:99,129
LF:32
LH:32
BRDA:39,0,0,129
BRDA:41,1,0,129
BRDA:41,1,1,67
BRDA:41,1,2,2
BRDA:54,2,0,33
BRDA:54,2,1,3
BRDA:54,3,0,36
BRDA:54,3,1,35
BRDA:65,4,0,1
BRDA:65,4,1,25
BRDA:72,5,0,25
BRDA:72,5,1,12
BRDA:72,5,2,3
BRDA:72,5,3,3
BRDA:72,5,4,2
BRDA:75,6,0,3
BRDA:75,6,1,2
BRDA:79,7,0,9
BRDA:79,7,1,3
BRF:19
BRH:19
end_of_record
TN:
SF:src/hooks/useTechnicalDetailsData.ts
FN:26,useTechnicalDetailsData
FN:32,(anonymous_1)
FN:37,(anonymous_2)
FN:56,(anonymous_3)
FN:75,(anonymous_4)
FN:94,(anonymous_5)
FN:106,(anonymous_6)
FN:118,(anonymous_7)
FN:137,(anonymous_8)
FN:151,(anonymous_9)
FN:179,(anonymous_10)
FN:193,(anonymous_11)
FN:207,(anonymous_12)
FNF:13
FNH:8
FNDA:2,useTechnicalDetailsData
FNDA:2,(anonymous_1)
FNDA:14,(anonymous_2)
FNDA:0,(anonymous_3)
FNDA:0,(anonymous_4)
FNDA:0,(anonymous_5)
FNDA:12,(anonymous_6)
FNDA:12,(anonymous_7)
FNDA:14,(anonymous_8)
FNDA:14,(anonymous_9)
FNDA:0,(anonymous_10)
FNDA:0,(anonymous_11)
FNDA:14,(anonymous_12)
DA:32,2
DA:33,2
DA:34,14
DA:37,14
DA:38,14
DA:39,14
DA:40,36
DA:43,14
DA:47,2
DA:51,11
DA:52,13
DA:56,0
DA:57,0
DA:58,0
DA:59,0
DA:62,14
DA:66,13
DA:70,11
DA:71,13
DA:75,0
DA:76,0
DA:77,0
DA:78,0
DA:81,14
DA:85,13
DA:89,11
DA:90,13
DA:94,0
DA:95,0
DA:100,14
DA:106,12
DA:107,12
DA:112,14
DA:118,12
DA:119,12
DA:124,14
DA:137,12
DA:141,14
DA:151,15
DA:155,14
DA:156,14
DA:157,14
DA:161,14
DA:162,15
DA:165,15
DA:167,14
DA:168,14
DA:179,0
DA:183,14
DA:193,0
DA:197,14
DA:207,0
DA:211,14
DA:212,14
DA:213,14
DA:217,14
DA:218,0
DA:221,0
DA:223,0
DA:224,0
DA:228,0
LF:61
LH:43
BRDA:39,0,0,36
BRDA:39,0,1,-22
BRDA:47,1,0,2
BRDA:47,1,1,11
BRDA:58,2,0,0
BRDA:58,2,1,0
BRDA:66,3,0,2
BRDA:66,3,1,11
BRDA:77,4,0,0
BRDA:77,4,1,0
BRDA:85,5,0,2
BRDA:85,5,1,11
BRDA:156,6,0,14
BRDA:156,6,1,0
BRDA:161,7,0,15
BRDA:161,7,1,-1
BRDA:161,8,0,14
BRDA:161,8,1,15
BRDA:212,9,0,14
BRDA:212,9,1,0
BRDA:217,10,0,0
BRDA:217,10,1,14
BRDA:217,11,0,14
BRDA:217,11,1,0
BRF:24
BRH:14
end_of_record
TN:
SF:src/hooks/useWidgetError.ts
FN:80,useWidgetError
FN:87,(anonymous_1)
FN:112,(anonymous_2)
FN:119,(anonymous_3)
FN:127,(anonymous_4)
FNF:5
FNH:5
FNDA:32,useWidgetError
FNDA:8,(anonymous_1)
FNDA:7,(anonymous_2)
FNDA:13,(anonymous_3)
FNDA:8,(anonymous_4)
DA:81,32
DA:87,32
DA:88,8
DA:89,3
DA:90,5
DA:91,1
DA:95,4
DA:96,1
DA:97,1
DA:99,0
DA:102,3
DA:105,4
DA:112,32
DA:113,7
DA:119,32
DA:120,13
DA:121,13
DA:127,32
DA:128,8
DA:129,8
DA:132,32
LF:21
LH:20
BRDA:88,0,0,3
BRDA:88,0,1,5
BRDA:90,1,0,1
BRDA:90,1,1,4
BRDA:95,2,0,1
BRDA:95,2,1,3
BRDA:95,3,0,4
BRDA:95,3,1,2
BRF:8
BRH:8
end_of_record
TN:
SF:src/services/BaseService.ts
FN:56,(anonymous_0)
FN:72,(anonymous_1)
FN:82,(anonymous_2)
FN:101,(anonymous_3)
FN:125,(anonymous_4)
FN:155,(anonymous_5)
FN:179,(anonymous_6)
FN:188,(anonymous_7)
FN:210,(anonymous_8)
FN:228,(anonymous_9)
FN:248,(anonymous_10)
FN:263,(anonymous_11)
FN:270,(anonymous_12)
FN:277,(anonymous_13)
FN:302,(anonymous_14)
FN:319,(anonymous_15)
FN:376,(anonymous_16)
FN:392,(anonymous_17)
FN:410,(anonymous_18)
FN:426,(anonymous_19)
FN:444,(anonymous_20)
FNF:21
FNH:17
FNDA:2027,(anonymous_0)
FNDA:0,(anonymous_1)
FNDA:0,(anonymous_2)
FNDA:1,(anonymous_3)
[...]
BRDA:570,68,1,5
BRDA:574,69,0,0
BRDA:574,69,1,5
BRF:158
BRH:145
end_of_record
TN:
SF:src/utils/securityDefaults.ts
FN:6,getDefaultDevelopmentEffort
FN:20,getDefaultMaintenanceEffort
FN:34,getDefaultExpertiseLevel
FN:48,getInformationSensitivity
FN:62,getProtectionLevel
FNF:5
FNH:5
FNDA:6,getDefaultDevelopmentEffort
FNDA:6,getDefaultMaintenanceEffort
FNDA:6,getDefaultExpertiseLevel
FNDA:6,getInformationSensitivity
FNDA:6,getProtectionLevel
DA:7,6
DA:8,1
DA:9,1
DA:10,1
DA:11,1
DA:12,1
DA:13,1
DA:21,6
DA:22,1
DA:23,1
DA:24,1
DA:25,1
DA:26,1
DA:27,1
DA:35,6
DA:36,1
DA:37,1
DA:38,1
DA:39,1
DA:40,1
DA:41,1
DA:49,6
DA:50,1
DA:51,1
DA:52,1
DA:53,1
DA:54,1
DA:55,1
DA:63,6
DA:64,1
DA:65,1
DA:66,1
DA:67,1
DA:68,1
DA:69,1
LF:35
LH:35
BRDA:7,0,0,1
BRDA:7,0,1,1
BRDA:7,0,2,1
BRDA:7,0,3,1
BRDA:7,0,4,1
BRDA:7,0,5,1
BRDA:21,1,0,1
BRDA:21,1,1,1
BRDA:21,1,2,1
BRDA:21,1,3,1
BRDA:21,1,4,1
BRDA:21,1,5,1
BRDA:35,2,0,1
BRDA:35,2,1,1
BRDA:35,2,2,1
BRDA:35,2,3,1
BRDA:35,2,4,1
BRDA:35,2,5,1
BRDA:49,3,0,1
BRDA:49,3,1,1
BRDA:49,3,2,1
BRDA:49,3,3,1
BRDA:49,3,4,1
BRDA:49,3,5,1
BRDA:63,4,0,1
BRDA:63,4,1,1
BRDA:63,4,2,1
BRDA:63,4,3,1
BRDA:63,4,4,1
BRDA:63,4,5,1
BRF:30
BRH:30
end_of_record
TN:
SF:src/utils/securityLevelUtils.ts
FN:52,normalizeSecurityLevel
FN:105,getSecurityLevelValue
FN:159,getSecurityLevelFromValue
FN:193,getRiskLevelFromSecurityLevel
FN:235,calculateOverallSecurityLevel
FN:295,meetsSecurityRequirements
FN:342,getSecurityLevelGap
FN:362,getRecommendedSecurityLevels
FN:419,getSecurityLevelPercentage
FN:453,getSecurityLevelClass
FN:481,getSecurityLevelBadgeVariant
FN:525,isSecurityLevel
FN:540,asSecurityLevel
FN:553,getSecurityLevelDescription
FN:590,meetsComplianceRequirements
FN:616,getSecurityIcon
FN:634,getRecommendedSecurityLevel
FN:650,formatSecurityLevel
FN:673,(anonymous_18)
FNF:19
FNH:19
FNDA:1108,normalizeSecurityLevel
FNDA:914,getSecurityLevelValue
FNDA:7,getSecurityLevelFromValue
FNDA:186,getRiskLevelFromSecurityLevel
FNDA:68,calculateOverallSecurityLevel
FNDA:3,meetsSecurityRequirements
FNDA:3,getSecurityLevelGap
FNDA:3,getRecommendedSecurityLevels
FNDA:7,getSecurityLevelPercentage
FNDA:8,getSecurityLevelClass
FNDA:6,getSecurityLevelBadgeVariant
FNDA:14,isSecurityLevel
FNDA:4,asSecurityLevel
FNDA:15,getSecurityLevelDescription
FNDA:6,meetsComplianceRequirements
FNDA:6,getSecurityIcon
FNDA:7,getRecommendedSecurityLevel
FNDA:10,formatSecurityLevel
FNDA:8,(anonymous_18)
DA:31,34
DA:55,1108
DA:57,1107
DA:66,1107
DA:67,1098
DA:72,9
DA:75,1108
DA:76,6
DA:80,3
DA:107,914
DA:108,914
DA:116,914
DA:117,1
DA:121,913
DA:123,913
DA:131,913
DA:160,7
DA:167,7
DA:194,186
DA:202,186
DA:241,68
DA:242,68
DA:243,68
DA:246,68
DA:250,68
DA:253,68
DA:304,3
DA:307,3
DA:310,3
DA:313,3
DA:346,3
DA:375,3
DA:380,3
DA:385,3
DA:390,3
DA:423,7
DA:424,7
DA:425,7
DA:426,7
DA:456,8
DA:460,8
DA:462,2
DA:464,1
DA:466,2
DA:468,1
DA:470,1
DA:472,1
DA:484,6
DA:486,6
DA:488,1
DA:490,1
DA:492,2
DA:494,1
DA:496,1
DA:498,0
DA:526,14
DA:528,10
DA:544,4
DA:554,15
DA:562,15
DA:594,6
DA:604,6
DA:607,6
DA:617,6
DA:625,6
DA:637,7
DA:638,5
DA:639,4
DA:640,3
DA:641,2
DA:651,10
DA:654,8
DA:657,8
DA:658,7
DA:659,6
DA:660,4
DA:661,3
DA:664,1
DA:673,34
DA:674,8
DA:675,8
DA:676,6
DA:677,5
DA:678,4
DA:679,2
DA:680,1
LF:86
LH:85
BRDA:55,0,0,1
BRDA:55,0,1,1107
BRDA:66,1,0,1098
BRDA:66,1,1,9
BRDA:72,2,0,9
BRDA:72,2,1,0
BRDA:75,3,0,6
BRDA:75,3,1,1102
BRDA:107,4,0,914
BRDA:107,4,1,0
BRDA:116,5,0,1
BRDA:116,5,1,913
BRDA:131,6,0,913
BRDA:131,6,1,0
BRDA:167,7,0,7
BRDA:167,7,1,2
BRDA:202,8,0,186
BRDA:202,8,1,1
BRDA:241,9,0,68
BRDA:241,9,1,6
BRDA:242,10,0,68
BRDA:242,10,1,6
BRDA:243,11,0,68
BRDA:243,11,1,5
BRDA:253,12,0,68
BRDA:253,12,1,0
BRDA:313,13,0,3
BRDA:313,13,1,3
BRDA:313,13,2,2
BRDA:391,14,0,3
BRDA:391,14,1,0
BRDA:392,15,0,3
BRDA:392,15,1,0
BRDA:393,16,0,3
BRDA:393,16,1,0
BRDA:456,17,0,8
BRDA:456,17,1,0
BRDA:460,18,0,2
BRDA:460,18,1,1
BRDA:460,18,2,2
BRDA:460,18,3,1
BRDA:460,18,4,1
BRDA:460,18,5,1
BRDA:486,19,0,1
BRDA:486,19,1,1
BRDA:486,19,2,2
BRDA:486,19,3,1
BRDA:486,19,4,1
BRDA:486,19,5,0
BRDA:526,20,0,4
BRDA:526,20,1,10
BRDA:542,21,0,4
BRDA:544,22,0,2
BRDA:544,22,1,2
BRDA:562,23,0,15
BRDA:562,23,1,0
BRDA:604,24,0,6
BRDA:604,24,1,0
BRDA:625,25,0,6
BRDA:625,25,1,1
BRDA:637,26,0,2
BRDA:637,26,1,5
BRDA:638,27,0,1
BRDA:638,27,1,4
BRDA:639,28,0,1
BRDA:639,28,1,3
BRDA:640,29,0,1
BRDA:640,29,1,2
BRDA:651,30,0,2
BRDA:651,30,1,8
BRDA:657,31,0,1
BRDA:657,31,1,7
BRDA:658,32,0,1
BRDA:658,32,1,6
BRDA:659,33,0,2
BRDA:659,33,1,4
BRDA:660,34,0,1
BRDA:660,34,1,3
BRDA:661,35,0,2
BRDA:661,35,1,1
BRDA:675,36,0,2
BRDA:675,36,1,6
BRDA:676,37,0,1
BRDA:676,37,1,5
BRDA:677,38,0,1
BRDA:677,38,1,4
BRDA:678,39,0,2
BRDA:678,39,1,2
BRDA:679,40,0,1
BRDA:679,40,1,1
BRF:90
BRH:79
end_of_record
TN:
SF:src/utils/serviceUtils.ts
FN:25,createEmptyCIADetails
FNF:1
FNH:1
FNDA:60,createEmptyCIADetails
DA:26,60
LF:1
LH:1
BRF:0
BRH:0
end_of_record
TN:
SF:src/utils/statusUtils.ts
FN:47,getStatusVariant
FN:81,getRiskColorClass
FN:114,getComplianceStatusText
FNF:3
FNH:3
FNDA:43,getStatusVariant
FNDA:31,getRiskColorClass
FNDA:9,getComplianceStatusText
DA:48,43
DA:49,43
DA:50,41
DA:51,38
DA:52,36
DA:53,33
DA:54,31
DA:82,31
DA:83,29
DA:84,27
DA:85,7
DA:86,3
DA:115,9
DA:116,6
DA:117,3
LF:15
LH:15
BRDA:49,0,0,2
BRDA:49,0,1,41
BRDA:50,1,0,3
BRDA:50,1,1,38
BRDA:51,2,0,2
BRDA:51,2,1,36
BRDA:52,3,0,3
BRDA:52,3,1,33
BRDA:53,4,0,2
BRDA:53,4,1,31
BRDA:82,5,0,2
BRDA:82,5,1,29
BRDA:83,6,0,2
BRDA:83,6,1,27
BRDA:84,7,0,20
BRDA:84,7,1,7
BRDA:85,8,0,4
BRDA:85,8,1,3
BRDA:115,9,0,3
BRDA:115,9,1,6
BRDA:116,10,0,3
BRDA:116,10,1,3
BRF:22
BRH:22
end_of_record
TN:
SF:src/utils/tailwindClassHelpers.ts
FN:284,cn
FNF:1
FNH:1
FNDA:10510,cn
DA:34,26
DA:285,10510
LF:2
LH:2
BRF:0
BRH:0
end_of_record
TN:
SF:src/utils/technicalDetailsDefaults.ts
FN:10,getDefaultTechnicalDetails
FN:32,getDefaultDescription
FN:93,getDefaultTechDescription
FN:154,getDefaultRequirements
FN:282,getDefaultTechnologies
FN:343,getDefaultConfigurations
FN:404,getDefaultExpertise
FNF:7
FNH:4
FNDA:6,getDefaultTechnicalDetails
FNDA:6,getDefaultDescription
FNDA:21,getDefaultTechDescription
FNDA:7,getDefaultRequirements
FNDA:0,getDefaultTechnologies
FNDA:0,getDefaultConfigurations
FNDA:0,getDefaultExpertise
DA:18,6
DA:36,6
DA:37,2
DA:39,0
DA:41,0
DA:43,2
DA:45,0
DA:47,0
DA:49,0
DA:53,4
DA:54,2
DA:56,0
DA:58,0
DA:60,2
DA:62,0
DA:64,0
DA:66,0
DA:70,2
DA:72,0
DA:74,0
DA:76,2
DA:78,0
DA:80,0
DA:82,0
DA:97,21
DA:98,13
DA:100,1
DA:102,0
DA:104,10
DA:106,1
DA:108,1
DA:110,0
DA:114,8
DA:115,5
DA:117,0
DA:119,0
DA:121,4
DA:123,0
DA:125,1
DA:127,0
DA:131,3
DA:133,0
DA:135,0
DA:137,3
DA:139,0
DA:141,0
DA:143,0
DA:158,7
DA:159,3
DA:161,0
DA:163,0
DA:170,3
DA:178,0
DA:186,0
DA:194,0
DA:198,4
DA:199,2
DA:201,0
DA:203,0
DA:209,2
DA:217,0
DA:225,0
DA:233,0
DA:237,2
DA:239,0
DA:241,0
DA:247,2
DA:255,0
DA:263,0
DA:271,0
DA:286,0
DA:287,0
DA:289,0
DA:291,0
DA:293,0
DA:295,0
DA:297,0
DA:299,0
DA:303,0
DA:304,0
DA:306,0
DA:308,0
DA:310,0
DA:312,0
DA:314,0
DA:316,0
DA:320,0
DA:322,0
DA:324,0
DA:326,0
DA:328,0
DA:330,0
DA:332,0
DA:347,0
DA:348,0
DA:350,0
DA:352,0
DA:354,0
DA:356,0
DA:358,0
DA:360,0
DA:364,0
DA:365,0
DA:367,0
DA:369,0
DA:371,0
DA:373,0
DA:375,0
DA:377,0
DA:381,0
DA:383,0
DA:385,0
DA:387,0
DA:389,0
DA:391,0
DA:393,0
DA:408,0
DA:409,0
DA:411,0
DA:413,0
DA:415,0
DA:421,0
DA:428,0
DA:436,0
DA:440,0
DA:441,0
DA:443,0
DA:445,0
DA:447,0
DA:453,0
DA:460,0
DA:467,0
DA:471,0
DA:473,0
DA:475,0
DA:477,0
DA:479,0
DA:486,0
DA:494,0
LF:139
LH:29
BRDA:36,0,0,2
BRDA:36,0,1,4
BRDA:37,1,0,0
BRDA:37,1,1,0
BRDA:37,1,2,2
BRDA:37,1,3,0
BRDA:37,1,4,0
BRDA:37,1,5,0
BRDA:53,2,0,2
BRDA:53,2,1,2
BRDA:54,3,0,0
BRDA:54,3,1,0
BRDA:54,3,2,2
BRDA:54,3,3,0
BRDA:54,3,4,0
BRDA:54,3,5,0
BRDA:70,4,0,0
BRDA:70,4,1,0
BRDA:70,4,2,2
BRDA:70,4,3,0
BRDA:70,4,4,0
BRDA:70,4,5,0
BRDA:97,5,0,13
BRDA:97,5,1,8
BRDA:98,6,0,1
BRDA:98,6,1,0
BRDA:98,6,2,10
BRDA:98,6,3,1
BRDA:98,6,4,1
BRDA:98,6,5,0
BRDA:114,7,0,5
BRDA:114,7,1,3
BRDA:115,8,0,0
BRDA:115,8,1,0
BRDA:115,8,2,4
BRDA:115,8,3,0
BRDA:115,8,4,1
BRDA:115,8,5,0
BRDA:131,9,0,3
BRDA:131,9,1,0
BRDA:131,9,2,3
BRDA:131,9,3,0
BRDA:131,9,4,0
BRDA:131,9,5,0
BRDA:158,10,0,3
BRDA:158,10,1,4
BRDA:159,11,0,0
BRDA:159,11,1,0
BRDA:159,11,2,3
BRDA:159,11,3,0
BRDA:159,11,4,0
BRDA:159,11,5,0
BRDA:198,12,0,2
BRDA:198,12,1,2
BRDA:199,13,0,0
BRDA:199,13,1,0
BRDA:199,13,2,2
BRDA:199,13,3,0
BRDA:199,13,4,0
BRDA:199,13,5,0
BRDA:237,14,0,0
BRDA:237,14,1,0
BRDA:237,14,2,2
BRDA:237,14,3,0
BRDA:237,14,4,0
BRDA:237,14,5,0
BRDA:286,15,0,0
BRDA:286,15,1,0
BRDA:287,16,0,0
BRDA:287,16,1,0
BRDA:287,16,2,0
BRDA:287,16,3,0
BRDA:287,16,4,0
BRDA:287,16,5,0
BRDA:303,17,0,0
BRDA:303,17,1,0
BRDA:304,18,0,0
BRDA:304,18,1,0
BRDA:304,18,2,0
BRDA:304,18,3,0
BRDA:304,18,4,0
BRDA:304,18,5,0
BRDA:320,19,0,0
BRDA:320,19,1,0
BRDA:320,19,2,0
BRDA:320,19,3,0
BRDA:320,19,4,0
BRDA:320,19,5,0
BRDA:347,20,0,0
BRDA:347,20,1,0
BRDA:348,21,0,0
BRDA:348,21,1,0
BRDA:348,21,2,0
BRDA:348,21,3,0
BRDA:348,21,4,0
BRDA:348,21,5,0
BRDA:364,22,0,0
BRDA:364,22,1,0
BRDA:365,23,0,0
BRDA:365,23,1,0
BRDA:365,23,2,0
BRDA:365,23,3,0
BRDA:365,23,4,0
BRDA:365,23,5,0
BRDA:381,24,0,0
BRDA:381,24,1,0
BRDA:381,24,2,0
BRDA:381,24,3,0
BRDA:381,24,4,0
BRDA:381,24,5,0
BRDA:408,25,0,0
BRDA:408,25,1,0
BRDA:409,26,0,0
BRDA:409,26,1,0
BRDA:409,26,2,0
BRDA:409,26,3,0
BRDA:409,26,4,0
BRDA:409,26,5,0
BRDA:440,27,0,0
BRDA:440,27,1,0
BRDA:441,28,0,0
BRDA:441,28,1,0
BRDA:441,28,2,0
BRDA:441,28,3,0
BRDA:441,28,4,0
BRDA:441,28,5,0
BRDA:471,29,0,0
BRDA:471,29,1,0
BRDA:471,29,2,0
BRDA:471,29,3,0
BRDA:471,29,4,0
BRDA:471,29,5,0
BRF:132
BRH:26
end_of_record
TN:
SF:src/utils/testUtils.tsx
FN:61,renderWidget
FN:80,waitForWidgetLoad
FN:81,(anonymous_2)
FN:101,waitForWidgetContent
FN:102,(anonymous_4)
FN:119,waitForWidgetError
FN:120,(anonymous_6)
FNF:7
FNH:0
FNDA:0,renderWidget
FNDA:0,waitForWidgetLoad
FNDA:0,(anonymous_2)
FNDA:0,waitForWidgetContent
FNDA:0,(anonymous_4)
FNDA:0,waitForWidgetError
FNDA:0,(anonymous_6)
DA:10,13
DA:19,13
DA:28,13
DA:37,13
DA:46,13
DA:65,0
DA:81,0
DA:82,0
DA:83,0
DA:86,0
DA:87,0
DA:102,0
DA:103,0
DA:105,0
DA:120,0
DA:121,0
DA:123,0
LF:17
LH:5
BRDA:103,0,0,0
BRDA:103,0,1,0
BRDA:121,1,0,0
BRDA:121,1,1,0
BRF:4
BRH:0
end_of_record
TN:
SF:src/utils/typeGuards.ts
FN:57,isAvailabilityDetail
FN:72,isIntegrityDetail
FN:86,isConfidentialityDetail
FN:98,(anonymous_3)
FN:105,isValidCIADetail
FN:136,isObject
FN:145,isString
FN:152,isNumber
FN:163,safeAccess
FN:194,ensureArray
FN:201,safeNumberConversion
FN:219,getSecurityLevelOption
FN:243,hasProperty
FN:252,isROIMetrics
FN:265,isTechnicalImplementationDetails
FN:282,isSecurityResource
FN:300,hasWidgetProps
FN:314,isWidgetProps
FN:332,isSecurityProfile
FN:353,isComplianceStatus
FN:387,isComplianceFramework
FN:424,isROIMetricDetails
FN:448,isSecurityLevel
FN:461,isCIAComponentType
FN:474,isCIADetails
FN:502,isSecurityLevelWidgetProps
FN:524,isCIAImpactSummaryWidgetProps
FN:546,isBusinessImpactDetails
FN:559,(anonymous_28)
FN:569,isROIEstimate
FN:580,isWidgetConfig
FN:588,hasTagValue
FN:601,parseRiskLevel
FN:632,extractSecurityLevels
FN:655,getImplementationCost
FN:690,isBusinessImpactCategory
FN:708,isComplianceFrameworkName
FN:728,isComplianceFrameworkObject
FN:746,isRiskLevel
FN:771,isWidget
FN:789,isWidgetType
FN:813,isBoolean
FN:822,isArray
FN:834,isFunction
FN:843,isNull
FN:852,isUndefined
FN:861,isNullish
FN:870,isDate
FN:879,isError
FN:888,isValidKey
FN:898,isCIAComponent
FN:908,(anonymous_51)
FN:921,isStatusType
FN:942,(anonymous_53)
FN:956,hasMethod
FNF:55
FNH:43
FNDA:5,isAvailabilityDetail
FNDA:4,isIntegrityDetail
FNDA:7,isConfidentialityDetail
FNDA:2,(anonymous_3)
FNDA:3,isValidCIADetail
FNDA:231,isObject
FNDA:158,isString
FNDA:42,isNumber
FNDA:6,safeAccess
FNDA:5,ensureArray
FNDA:5,safeNumberConversion
FNDA:7,getSecurityLevelOption
FNDA:110,hasProperty
FNDA:4,isROIMetrics
FNDA:3,isTechnicalImplementationDetails
FNDA:3,isSecurityResource
FNDA:0,hasWidgetProps
FNDA:3,isWidgetProps
FNDA:12,isSecurityProfile
FNDA:14,isComplianceStatus
FNDA:10,isComplianceFramework
FNDA:4,isROIMetricDetails
FNDA:22,isSecurityLevel
FNDA:17,isCIAComponentType
FNDA:13,isCIADetails
FNDA:0,isSecurityLevelWidgetProps
FNDA:0,isCIAImpactSummaryWidgetProps
FNDA:6,isBusinessImpactDetails
FNDA:6,(anonymous_28)
FNDA:3,isROIEstimate
FNDA:4,isWidgetConfig
FNDA:12,hasTagValue
FNDA:12,parseRiskLevel
FNDA:8,extractSecurityLevels
FNDA:12,getImplementationCost
FNDA:0,isBusinessImpactCategory
FNDA:0,isComplianceFrameworkName
FNDA:0,isComplianceFrameworkObject
FNDA:0,isRiskLevel
FNDA:0,isWidget
FNDA:0,isWidgetType
FNDA:9,isBoolean
FNDA:60,isArray
FNDA:10,isFunction
FNDA:7,isNull
FNDA:8,isUndefined
FNDA:1058,isNullish
FNDA:8,isDate
FNDA:22,isError
FNDA:10,isValidKey
FNDA:9,isCIAComponent
FNDA:0,(anonymous_51)
FNDA:0,isStatusType
FNDA:0,(anonymous_53)
FNDA:147,hasMethod
DA:58,5
DA:60,5
DA:61,5
DA:73,4
DA:75,4
DA:76,4
DA:89,7
DA:91,7
DA:92,7
DA:98,2
DA:108,3
DA:139,231
DA:146,158
DA:153,42
DA:168,6
DA:169,2
DA:172,4
DA:176,6
DA:178,6
DA:179,13
DA:180,0
DA:183,13
DA:186,4
DA:195,5
DA:205,5
DA:206,4
DA:207,3
DA:208,3
DA:210,1
DA:223,7
DA:225,7
DA:232,6
DA:234,1
DA:244,110
DA:253,4
DA:266,3
DA:283,3
DA:301,0
DA:315,3
DA:317,3
DA:318,2
DA:319,0
DA:320,2
DA:322,2
DA:333,12
DA:335,8
DA:354,14
DA:356,10
DA:358,10
DA:359,7
DA:360,6
DA:362,5
DA:366,1
DA:367,4
DA:368,0
DA:370,4
DA:371,3
DA:375,0
DA:376,3
DA:378,3
DA:388,10
DA:389,2
DA:392,8
DA:393,2
DA:396,6
DA:397,0
DA:400,6
DA:402,6
DA:403,2
DA:407,4
DA:413,10
DA:414,2
DA:418,2
DA:425,4
DA:426,3
DA:449,22
DA:462,17
DA:475,13
DA:477,9
DA:479,9
DA:505,0
DA:507,0
DA:509,0
DA:527,0
DA:529,0
DA:531,0
DA:549,6
DA:551,3
DA:553,2
DA:559,6
DA:561,2
DA:570,3
DA:581,4
DA:582,3
DA:589,12
DA:590,7
DA:592,5
DA:604,12
DA:606,8
DA:608,7
DA:610,7
DA:611,7
DA:613,2
DA:621,2
DA:622,2
DA:623,2
DA:626,0
DA:637,8
DA:638,4
DA:645,4
DA:656,12
DA:658,8
DA:659,8
DA:660,4
DA:662,8
DA:663,3
DA:665,8
DA:666,3
DA:668,8
DA:691,0
DA:693,0
DA:709,0
DA:711,0
DA:729,0
DA:731,0
DA:733,0
DA:747,0
DA:749,0
DA:772,0
DA:774,0
DA:776,0
DA:790,0
DA:792,0
DA:814,9
DA:823,60
DA:835,10
DA:844,7
DA:853,8
DA:862,1058
DA:871,8
DA:880,22
DA:889,10
DA:899,9
DA:908,29
DA:912,0
DA:913,0
DA:922,0
DA:924,0
DA:933,0
DA:942,29
DA:946,0
DA:947,0
DA:960,147
LF:153
LH:119
BRDA:58,0,0,0
BRDA:58,0,1,5
BRDA:58,1,0,5
BRDA:58,1,1,5
BRDA:62,2,0,5
BRDA:62,2,1,4
BRDA:62,2,2,3
BRDA:62,2,3,2
BRDA:73,3,0,0
BRDA:73,3,1,4
BRDA:73,4,0,4
BRDA:73,4,1,4
BRDA:77,5,0,4
BRDA:77,5,1,3
BRDA:77,5,2,2
BRDA:89,6,0,0
BRDA:89,6,1,7
BRDA:89,7,0,7
BRDA:89,7,1,7
BRDA:93,8,0,7
BRDA:93,8,1,6
BRDA:93,8,2,5
BRDA:93,8,3,4
BRDA:93,8,4,3
BRDA:93,8,5,2
BRDA:108,9,0,3
BRDA:108,9,1,2
BRDA:139,10,0,231
BRDA:139,10,1,214
BRDA:139,10,2,200
BRDA:153,11,0,42
BRDA:153,11,1,23
BRDA:168,12,0,2
BRDA:168,12,1,4
BRDA:172,13,0,0
BRDA:172,13,1,4
BRDA:179,14,0,0
BRDA:179,14,1,13
BRDA:179,15,0,13
BRDA:179,15,1,13
BRDA:186,16,0,2
BRDA:186,16,1,2
BRDA:186,17,0,4
BRDA:186,17,1,2
BRDA:195,18,0,1
BRDA:195,18,1,4
BRDA:195,19,0,2
BRDA:195,19,1,2
BRDA:203,20,0,5
BRDA:205,21,0,1
BRDA:205,21,1,4
BRDA:206,22,0,3
BRDA:206,22,1,1
BRDA:208,23,0,2
BRDA:208,23,1,1
BRDA:223,24,0,7
BRDA:223,24,1,1
BRDA:225,25,0,6
BRDA:225,25,1,1
BRDA:226,26,0,7
BRDA:226,26,1,5
BRDA:226,26,2,4
BRDA:226,26,3,3
BRDA:226,26,4,2
BRDA:244,27,0,110
BRDA:244,27,1,106
BRDA:254,28,0,4
BRDA:254,28,1,3
BRDA:254,28,2,1
BRDA:267,29,0,3
BRDA:267,29,1,3
BRDA:267,29,2,2
BRDA:267,29,3,1
BRDA:267,29,4,1
BRDA:267,29,5,1
BRDA:267,29,6,1
BRDA:284,30,0,3
BRDA:284,30,1,3
BRDA:284,30,2,2
BRDA:284,30,3,2
BRDA:284,30,4,1
BRDA:284,30,5,1
BRDA:284,30,6,1
BRDA:284,30,7,1
BRDA:302,31,0,0
BRDA:302,31,1,0
BRDA:302,31,2,0
BRDA:302,31,3,0
BRDA:315,32,0,0
BRDA:315,32,1,3
BRDA:317,33,0,1
BRDA:317,33,1,2
BRDA:317,34,0,3
BRDA:317,34,1,2
BRDA:318,35,0,0
BRDA:318,35,1,2
BRDA:318,36,0,2
BRDA:318,36,1,1
BRDA:320,37,0,0
BRDA:320,37,1,2
BRDA:320,38,0,2
BRDA:320,38,1,1
BRDA:323,39,0,2
BRDA:323,39,1,1
BRDA:323,39,2,1
BRDA:333,40,0,4
BRDA:333,40,1,8
BRDA:336,41,0,8
BRDA:336,41,1,7
BRDA:336,41,2,6
BRDA:336,41,3,5
BRDA:336,41,4,4
BRDA:336,41,5,4
BRDA:336,41,6,3
BRDA:336,41,7,3
BRDA:354,42,0,4
BRDA:354,42,1,10
BRDA:354,43,0,14
BRDA:354,43,1,11
BRDA:358,44,0,3
BRDA:358,44,1,7
BRDA:359,45,0,1
BRDA:359,45,1,6
BRDA:360,46,0,1
BRDA:360,46,1,5
BRDA:362,47,0,1
BRDA:362,47,1,4
BRDA:363,48,0,5
BRDA:363,48,1,2
BRDA:367,49,0,0
BRDA:367,49,1,4
BRDA:367,50,0,4
BRDA:367,50,1,1
BRDA:370,51,0,1
BRDA:370,51,1,3
BRDA:370,52,0,4
BRDA:370,52,1,3
BRDA:371,53,0,0
BRDA:371,53,1,3
BRDA:372,54,0,3
BRDA:372,54,1,2
BRDA:376,55,0,0
BRDA:376,55,1,3
BRDA:376,56,0,3
BRDA:376,56,1,0
BRDA:388,57,0,2
BRDA:388,57,1,8
BRDA:392,58,0,2
BRDA:392,58,1,6
BRDA:396,59,0,0
BRDA:396,59,1,6
BRDA:402,60,0,2
BRDA:402,60,1,4
BRDA:402,61,0,6
BRDA:402,61,1,4
BRDA:407,62,0,4
BRDA:407,62,1,2
BRDA:407,62,2,2
BRDA:407,62,3,2
BRDA:407,62,4,2
BRDA:413,63,0,2
BRDA:413,63,1,8
BRDA:425,64,0,1
BRDA:425,64,1,3
BRDA:427,65,0,3
BRDA:427,65,1,2
BRDA:427,65,2,1
BRDA:427,65,3,1
BRDA:427,65,4,1
BRDA:427,65,5,1
BRDA:450,66,0,22
BRDA:450,66,1,16
BRDA:463,67,0,17
BRDA:463,67,1,11
BRDA:475,68,0,4
BRDA:475,68,1,9
BRDA:475,69,0,13
BRDA:475,69,1,11
BRDA:480,70,0,9
BRDA:480,70,1,8
BRDA:480,70,2,7
BRDA:480,70,3,6
BRDA:480,70,4,5
BRDA:480,70,5,4
BRDA:480,70,6,3
BRDA:480,70,7,2
BRDA:505,71,0,0
BRDA:505,71,1,0
BRDA:510,72,0,0
BRDA:510,72,1,0
BRDA:510,72,2,0
BRDA:510,72,3,0
BRDA:510,72,4,0
BRDA:510,72,5,0
BRDA:527,73,0,0
BRDA:527,73,1,0
BRDA:532,74,0,0
BRDA:532,74,1,0
BRDA:532,74,2,0
BRDA:532,74,3,0
BRDA:532,74,4,0
BRDA:532,74,5,0
BRDA:549,75,0,3
BRDA:549,75,1,3
BRDA:551,76,0,1
BRDA:551,76,1,2
BRDA:559,77,0,6
BRDA:559,77,1,1
BRDA:571,78,0,3
BRDA:571,78,1,3
BRDA:571,78,2,1
BRDA:581,79,0,1
BRDA:581,79,1,3
BRDA:582,80,0,3
BRDA:582,80,1,2
BRDA:589,81,0,7
BRDA:589,81,1,5
BRDA:589,82,0,12
BRDA:589,82,1,9
BRDA:589,82,2,7
BRDA:604,83,0,4
BRDA:604,83,1,8
BRDA:606,84,0,1
BRDA:606,84,1,7
BRDA:608,85,0,0
BRDA:608,85,1,7
BRDA:611,86,0,5
BRDA:611,86,1,2
BRDA:622,87,0,2
BRDA:622,87,1,0
BRDA:637,88,0,4
BRDA:637,88,1,4
BRDA:646,89,0,4
BRDA:646,89,1,0
BRDA:647,90,0,8
BRDA:647,90,1,2
BRDA:648,91,0,8
BRDA:648,91,1,2
BRDA:656,92,0,4
BRDA:656,92,1,8
BRDA:659,93,0,4
BRDA:659,93,1,4
BRDA:659,94,0,8
BRDA:659,94,1,4
BRDA:662,95,0,3
BRDA:662,95,1,5
BRDA:662,96,0,8
BRDA:662,96,1,3
BRDA:665,97,0,3
BRDA:665,97,1,5
BRDA:665,98,0,8
BRDA:665,98,1,3
BRDA:691,99,0,0
BRDA:691,99,1,0
BRDA:709,100,0,0
BRDA:709,100,1,0
BRDA:729,101,0,0
BRDA:729,101,1,0
BRDA:729,102,0,0
BRDA:729,102,1,0
BRDA:734,103,0,0
BRDA:734,103,1,0
BRDA:734,103,2,0
BRDA:734,103,3,0
BRDA:747,104,0,0
BRDA:747,104,1,0
BRDA:772,105,0,0
BRDA:772,105,1,0
BRDA:772,106,0,0
BRDA:772,106,1,0
BRDA:777,107,0,0
BRDA:777,107,1,0
BRDA:777,107,2,0
BRDA:790,108,0,0
BRDA:790,108,1,0
BRDA:862,109,0,1058
BRDA:862,109,1,888
BRDA:889,110,0,10
BRDA:889,110,1,6
BRDA:889,110,2,5
BRDA:910,111,0,0
BRDA:912,112,0,0
BRDA:912,112,1,0
BRDA:922,113,0,0
BRDA:922,113,1,0
BRDA:944,114,0,0
BRDA:946,115,0,0
BRDA:946,115,1,0
BRDA:961,116,0,147
BRDA:961,116,1,147
BRDA:961,116,2,147
BRDA:961,116,3,147
BRDA:961,116,4,20
BRF:293
BRH:226
end_of_record
TN:
SF:src/utils/widgetHelpers.ts
FN:46,formatSecurityLevel
FN:69,(anonymous_1)
FN:73,(anonymous_2)
FN:77,(anonymous_3)
FN:105,(anonymous_4)
FN:110,(anonymous_5)
FN:117,(anonymous_6)
FN:145,(anonymous_7)
FN:152,(anonymous_8)
FN:156,(anonymous_9)
FN:158,(anonymous_10)
FN:161,(anonymous_11)
FNF:12
FNH:12
FNDA:8,formatSecurityLevel
FNDA:1,(anonymous_1)
FNDA:1,(anonymous_2)
FNDA:1,(anonymous_3)
FNDA:2,(anonymous_4)
FNDA:1,(anonymous_5)
FNDA:1,(anonymous_6)
FNDA:2,(anonymous_7)
FNDA:1,(anonymous_8)
FNDA:1,(anonymous_9)
FNDA:1,(anonymous_10)
FNDA:1,(anonymous_11)
DA:49,8
DA:51,6
DA:53,6
DA:54,1
DA:57,5
DA:59,5
DA:60,4
DA:61,3
DA:62,2
DA:63,1
DA:65,0
DA:69,14
DA:70,1
DA:73,14
DA:74,1
DA:77,14
DA:78,1
DA:105,14
DA:106,2
DA:107,1
DA:110,14
DA:114,1
DA:117,14
DA:118,1
DA:145,14
DA:146,2
DA:147,1
DA:149,1
DA:152,14
DA:153,1
DA:156,14
DA:158,14
DA:159,1
DA:161,14
LF:34
LH:33
BRDA:49,0,0,2
BRDA:49,0,1,6
BRDA:53,1,0,1
BRDA:53,1,1,5
BRDA:59,2,0,1
BRDA:59,2,1,4
BRDA:60,3,0,1
BRDA:60,3,1,3
BRDA:61,4,0,1
BRDA:61,4,1,2
BRDA:62,5,0,1
BRDA:62,5,1,1
BRDA:63,6,0,1
BRDA:63,6,1,0
BRDA:106,7,0,1
BRDA:106,7,1,1
BRDA:146,8,0,1
BRDA:146,8,1,1
BRF:18
BRH:17
end_of_record
