{
  "stats": {
    "suites": 9,
    "tests": 20,
    "passes": 20,
    "pending": 0,
    "failures": 0,
    "start": "2026-07-09T21:38:40.190Z",
    "end": "2026-07-09T21:39:09.391Z",
    "duration": 29201,
    "testsRegistered": 20,
    "passPercent": 100,
    "pendingPercent": 0,
    "other": 0,
    "hasOther": false,
    "skipped": 0,
    "hasSkipped": false
  },
  "results": [
    {
      "uuid": "fd0e1d36-3640-4682-b752-321fad78d7b6",
      "title": "",
      "fullFile": "cypress/e2e/widgets/businessvalue/cost-estimation-enhanced.cy.ts",
      "file": "cypress/e2e/widgets/businessvalue/cost-estimation-enhanced.cy.ts",
      "beforeHooks": [],
      "afterHooks": [],
      "tests": [],
      "suites": [
        {
          "uuid": "5851ead8-35b1-4769-87fb-485b327341cd",
          "title": "Cost Estimation Widget - Enhanced",
          "fullFile": "",
          "file": "",
          "beforeHooks": [],
          "afterHooks": [],
          "tests": [],
          "suites": [
            {
              "uuid": "c7941f5a-dd92-46c6-99d8-d2a3d8f502dd",
              "title": "Rendering",
              "fullFile": "",
              "file": "",
              "beforeHooks": [],
              "afterHooks": [],
              "tests": [
                {
                  "title": "should display widget with all elements",
                  "fullTitle": "Cost Estimation Widget - Enhanced Rendering should display widget with all elements",
                  "timedOut": null,
                  "duration": 1342,
                  "state": "passed",
                  "speed": "fast",
                  "pass": true,
                  "fail": false,
                  "pending": false,
                  "context": null,
                  "code": "cy.get(_support_selectors__WEBPACK_IMPORTED_MODULE_0__.costEstimationWidget.root).should('be.visible');\n// Verify key cost elements are present\ncy.get(_support_selectors__WEBPACK_IMPORTED_MODULE_0__.costEstimationWidget.capex).should('exist');\ncy.get(_support_selectors__WEBPACK_IMPORTED_MODULE_0__.costEstimationWidget.opex).should('exist');\ncy.get(_support_selectors__WEBPACK_IMPORTED_MODULE_0__.costEstimationWidget.total).should('exist');",
                  "err": {},
                  "uuid": "2d5be2f4-05ea-440b-bf57-5b7ce10dcdbe",
                  "parentUUID": "c7941f5a-dd92-46c6-99d8-d2a3d8f502dd",
                  "isHook": false,
                  "skipped": false
                },
                {
                  "title": "should display cost values after security level selection",
                  "fullTitle": "Cost Estimation Widget - Enhanced Rendering should display cost values after security level selection",
                  "timedOut": null,
                  "duration": 2065,
                  "state": "passed",
                  "speed": "fast",
                  "pass": true,
                  "fail": false,
                  "pending": false,
                  "context": null,
                  "code": "// Select moderate security levels\ncy.get(_support_selectors__WEBPACK_IMPORTED_MODULE_0__.securityLevelWidget.availabilitySelect).select(_support_constants__WEBPACK_IMPORTED_MODULE_1__.SECURITY_LEVELS.MODERATE, { force: true });\ncy.wait(INTERACTION_DELAY);\ncy.get(_support_selectors__WEBPACK_IMPORTED_MODULE_0__.securityLevelWidget.integritySelect).select(_support_constants__WEBPACK_IMPORTED_MODULE_1__.SECURITY_LEVELS.MODERATE, { force: true });\ncy.wait(INTERACTION_DELAY);\ncy.get(_support_selectors__WEBPACK_IMPORTED_MODULE_0__.securityLevelWidget.confidentialitySelect).select(_support_constants__WEBPACK_IMPORTED_MODULE_1__.SECURITY_LEVELS.MODERATE, { force: true });\ncy.wait(500);\n// Verify costs are displayed and not zero\ncy.get(_support_selectors__WEBPACK_IMPORTED_MODULE_0__.costEstimationWidget.total)\n    .should('be.visible')\n    .and('not.contain', '$0');",
                  "err": {},
                  "uuid": "c2176623-fcf0-4f5f-9065-de9105519d0b",
                  "parentUUID": "c7941f5a-dd92-46c6-99d8-d2a3d8f502dd",
                  "isHook": false,
                  "skipped": false
                },
                {
                  "title": "should display CAPEX and OPEX sections",
                  "fullTitle": "Cost Estimation Widget - Enhanced Rendering should display CAPEX and OPEX sections",
                  "timedOut": null,
                  "duration": 988,
                  "state": "passed",
                  "speed": "fast",
                  "pass": true,
                  "fail": false,
                  "pending": false,
                  "context": null,
                  "code": "// Component displays CAPEX and OPEX as MetricCards, not sections\ncy.get(_support_selectors__WEBPACK_IMPORTED_MODULE_0__.costEstimationWidget.capex).should('be.visible');\ncy.get(_support_selectors__WEBPACK_IMPORTED_MODULE_0__.costEstimationWidget.opex).should('be.visible');",
                  "err": {},
                  "uuid": "aba85578-1550-44d7-acff-d2307eb83bbd",
                  "parentUUID": "c7941f5a-dd92-46c6-99d8-d2a3d8f502dd",
                  "isHook": false,
                  "skipped": false
                },
                {
                  "title": "should show implementation timeline",
                  "fullTitle": "Cost Estimation Widget - Enhanced Rendering should show implementation timeline",
                  "timedOut": null,
                  "duration": 789,
                  "state": "passed",
                  "speed": "fast",
                  "pass": true,
                  "fail": false,
                  "pending": false,
                  "context": null,
                  "code": "cy.get('body').then($body => {\n    if ($body.find(_support_selectors__WEBPACK_IMPORTED_MODULE_0__.costEstimationWidget.implementationTime).length > 0) {\n        cy.get(_support_selectors__WEBPACK_IMPORTED_MODULE_0__.costEstimationWidget.implementationTime)\n            .should('be.visible')\n            .and('not.be.empty');\n    }\n    else {\n        cy.log('Implementation timeline not found (may be conditional)');\n    }\n});",
                  "err": {},
                  "uuid": "c5d9c2af-6a92-4688-b76d-79990afc6f46",
                  "parentUUID": "c7941f5a-dd92-46c6-99d8-d2a3d8f502dd",
                  "isHook": false,
                  "skipped": false
                }
              ],
              "suites": [],
              "passes": [
                "2d5be2f4-05ea-440b-bf57-5b7ce10dcdbe",
                "c2176623-fcf0-4f5f-9065-de9105519d0b",
                "aba85578-1550-44d7-acff-d2307eb83bbd",
                "c5d9c2af-6a92-4688-b76d-79990afc6f46"
              ],
              "failures": [],
              "pending": [],
              "skipped": [],
              "duration": 5184,
              "root": false,
              "rootEmpty": false,
              "_timeout": 2000
            },
            {
              "uuid": "f8014f61-caa9-41a7-9e9b-c762b8f158ba",
              "title": "Cost Calculations",
              "fullFile": "",
              "file": "",
              "beforeHooks": [],
              "afterHooks": [],
              "tests": [
                {
                  "title": "should update costs when security levels change",
                  "fullTitle": "Cost Estimation Widget - Enhanced Cost Calculations should update costs when security levels change",
                  "timedOut": null,
                  "duration": 3672,
                  "state": "passed",
                  "speed": "fast",
                  "pass": true,
                  "fail": false,
                  "pending": false,
                  "context": null,
                  "code": "// Set low security levels\ncy.get(_support_selectors__WEBPACK_IMPORTED_MODULE_0__.securityLevelWidget.availabilitySelect).select(_support_constants__WEBPACK_IMPORTED_MODULE_1__.SECURITY_LEVELS.LOW, { force: true });\ncy.wait(INTERACTION_DELAY);\ncy.get(_support_selectors__WEBPACK_IMPORTED_MODULE_0__.securityLevelWidget.integritySelect).select(_support_constants__WEBPACK_IMPORTED_MODULE_1__.SECURITY_LEVELS.LOW, { force: true });\ncy.wait(INTERACTION_DELAY);\ncy.get(_support_selectors__WEBPACK_IMPORTED_MODULE_0__.securityLevelWidget.confidentialitySelect).select(_support_constants__WEBPACK_IMPORTED_MODULE_1__.SECURITY_LEVELS.LOW, { force: true });\ncy.wait(500);\n// Capture low cost\nlet lowCost;\ncy.get(_support_selectors__WEBPACK_IMPORTED_MODULE_0__.costEstimationWidget.total).invoke('text').then(text => {\n    lowCost = text;\n    cy.log(`Low security cost: ${lowCost}`);\n    // Set high security levels\n    cy.get(_support_selectors__WEBPACK_IMPORTED_MODULE_0__.securityLevelWidget.availabilitySelect).select(_support_constants__WEBPACK_IMPORTED_MODULE_1__.SECURITY_LEVELS.HIGH, { force: true });\n    cy.wait(INTERACTION_DELAY);\n    cy.get(_support_selectors__WEBPACK_IMPORTED_MODULE_0__.securityLevelWidget.integritySelect).select(_support_constants__WEBPACK_IMPORTED_MODULE_1__.SECURITY_LEVELS.HIGH, { force: true });\n    cy.wait(INTERACTION_DELAY);\n    cy.get(_support_selectors__WEBPACK_IMPORTED_MODULE_0__.securityLevelWidget.confidentialitySelect).select(_support_constants__WEBPACK_IMPORTED_MODULE_1__.SECURITY_LEVELS.HIGH, { force: true });\n    cy.wait(500);\n    // Verify high cost is different (and typically higher)\n    cy.get(_support_selectors__WEBPACK_IMPORTED_MODULE_0__.costEstimationWidget.total).invoke('text').should('not.equal', lowCost);\n    cy.log('✓ Costs update with security level changes');\n});",
                  "err": {},
                  "uuid": "5876d9bc-0690-471d-a2be-a862ef692b87",
                  "parentUUID": "f8014f61-caa9-41a7-9e9b-c762b8f158ba",
                  "isHook": false,
                  "skipped": false
                },
                {
                  "title": "should show three-year total projection",
                  "fullTitle": "Cost Estimation Widget - Enhanced Cost Calculations should show three-year total projection",
                  "timedOut": null,
                  "duration": 783,
                  "state": "passed",
                  "speed": "fast",
                  "pass": true,
                  "fail": false,
                  "pending": false,
                  "context": null,
                  "code": "cy.get('body').then($body => {\n    if ($body.find(_support_selectors__WEBPACK_IMPORTED_MODULE_0__.costEstimationWidget.threeYearTotal).length > 0) {\n        cy.get(_support_selectors__WEBPACK_IMPORTED_MODULE_0__.costEstimationWidget.threeYearTotal)\n            .should('be.visible')\n            .and('contain', '$');\n    }\n    else {\n        cy.log('Three-year total not found (may be conditional)');\n    }\n});",
                  "err": {},
                  "uuid": "536cebeb-f92c-4355-bbf7-82452f6194bb",
                  "parentUUID": "f8014f61-caa9-41a7-9e9b-c762b8f158ba",
                  "isHook": false,
                  "skipped": false
                },
                {
                  "title": "should calculate higher costs for higher security levels",
                  "fullTitle": "Cost Estimation Widget - Enhanced Cost Calculations should calculate higher costs for higher security levels",
                  "timedOut": null,
                  "duration": 5074,
                  "state": "passed",
                  "speed": "medium",
                  "pass": true,
                  "fail": false,
                  "pending": false,
                  "context": null,
                  "code": "// Test progression from Low to Very High\nconst levels = [\n    _support_constants__WEBPACK_IMPORTED_MODULE_1__.SECURITY_LEVELS.LOW,\n    _support_constants__WEBPACK_IMPORTED_MODULE_1__.SECURITY_LEVELS.MODERATE,\n    _support_constants__WEBPACK_IMPORTED_MODULE_1__.SECURITY_LEVELS.HIGH,\n];\nlet previousCost = 0;\nlevels.forEach(level => {\n    cy.get(_support_selectors__WEBPACK_IMPORTED_MODULE_0__.securityLevelWidget.availabilitySelect).select(level, { force: true });\n    cy.wait(INTERACTION_DELAY);\n    cy.get(_support_selectors__WEBPACK_IMPORTED_MODULE_0__.securityLevelWidget.integritySelect).select(level, { force: true });\n    cy.wait(INTERACTION_DELAY);\n    cy.get(_support_selectors__WEBPACK_IMPORTED_MODULE_0__.securityLevelWidget.confidentialitySelect).select(level, { force: true });\n    cy.wait(500);\n    cy.get(_support_selectors__WEBPACK_IMPORTED_MODULE_0__.costEstimationWidget.total).invoke('text').then(text => {\n        // Extract numeric value (basic extraction)\n        const costMatch = text.match(/[\\d,]+/);\n        if (costMatch) {\n            const cost = parseInt(costMatch[0].replace(/,/g, ''), 10);\n            cy.log(`${level} security cost: ${cost}`);\n            if (previousCost > 0) {\n                // Higher security should generally mean higher cost\n                // Note: This is a general expectation, might need adjustment\n                cy.log(`Comparing ${cost} with previous ${previousCost}`);\n            }\n            previousCost = cost;\n        }\n    });\n});",
                  "err": {},
                  "uuid": "c35747a7-f044-4a40-ae17-e4662ddcdf4a",
                  "parentUUID": "f8014f61-caa9-41a7-9e9b-c762b8f158ba",
                  "isHook": false,
                  "skipped": false
                }
              ],
              "suites": [],
              "passes": [
                "5876d9bc-0690-471d-a2be-a862ef692b87",
                "536cebeb-f92c-4355-bbf7-82452f6194bb",
                "c35747a7-f044-4a40-ae17-e4662ddcdf4a"
              ],
              "failures": [],
              "pending": [],
              "skipped": [],
              "duration": 9529,
              "root": false,
              "rootEmpty": false,
              "_timeout": 2000
            },
            {
              "uuid": "c9e69e56-c6a9-478f-b580-ac1e56537711",
              "title": "Error Handling",
              "fullFile": "",
              "file": "",
              "beforeHooks": [],
              "afterHooks": [],
              "tests": [
                {
                  "title": "should not display error state in normal operation",
                  "fullTitle": "Cost Estimation Widget - Enhanced Error Handling should not display error state in normal operation",
                  "timedOut": null,
                  "duration": 891,
                  "state": "passed",
                  "speed": "fast",
                  "pass": true,
                  "fail": false,
                  "pending": false,
                  "context": null,
                  "code": "cy.testWidgetError('widget-cost-estimation');",
                  "err": {},
                  "uuid": "63dc1857-e88c-4cba-b828-99e0c459dcd4",
                  "parentUUID": "c9e69e56-c6a9-478f-b580-ac1e56537711",
                  "isHook": false,
                  "skipped": false
                },
                {
                  "title": "should handle missing data gracefully",
                  "fullTitle": "Cost Estimation Widget - Enhanced Error Handling should handle missing data gracefully",
                  "timedOut": null,
                  "duration": 828,
                  "state": "passed",
                  "speed": "fast",
                  "pass": true,
                  "fail": false,
                  "pending": false,
                  "context": null,
                  "code": "// Widget should display even with default/empty state\ncy.get(_support_selectors__WEBPACK_IMPORTED_MODULE_0__.costEstimationWidget.root)\n    .should('be.visible')\n    .and('not.contain', 'Error');",
                  "err": {},
                  "uuid": "9a1c6c6e-e4ff-4ff4-bf49-ecd084143dcf",
                  "parentUUID": "c9e69e56-c6a9-478f-b580-ac1e56537711",
                  "isHook": false,
                  "skipped": false
                }
              ],
              "suites": [],
              "passes": [
                "63dc1857-e88c-4cba-b828-99e0c459dcd4",
                "9a1c6c6e-e4ff-4ff4-bf49-ecd084143dcf"
              ],
              "failures": [],
              "pending": [],
              "skipped": [],
              "duration": 1719,
              "root": false,
              "rootEmpty": false,
              "_timeout": 2000
            },
            {
              "uuid": "9b893b61-3adf-4c38-b6bb-a37e9a8caa58",
              "title": "Loading States",
              "fullFile": "",
              "file": "",
              "beforeHooks": [],
              "afterHooks": [],
              "tests": [
                {
                  "title": "should not show loading indicator after initial load",
                  "fullTitle": "Cost Estimation Widget - Enhanced Loading States should not show loading indicator after initial load",
                  "timedOut": null,
                  "duration": 770,
                  "state": "passed",
                  "speed": "fast",
                  "pass": true,
                  "fail": false,
                  "pending": false,
                  "context": null,
                  "code": "// Check for loading indicator - will not exist after page load\ncy.get('body').then($body => {\n    if ($body.find('[data-testid=\"widget-container-loading-container-cost-estimation-widget\"]').length > 0) {\n        cy.get('[data-testid=\"widget-container-loading-container-cost-estimation-widget\"]').should('not.exist');\n    }\n});",
                  "err": {},
                  "uuid": "21bfb438-bc94-4fb1-8f9a-db26b3901a5a",
                  "parentUUID": "9b893b61-3adf-4c38-b6bb-a37e9a8caa58",
                  "isHook": false,
                  "skipped": false
                },
                {
                  "title": "should display content instead of loading state",
                  "fullTitle": "Cost Estimation Widget - Enhanced Loading States should display content instead of loading state",
                  "timedOut": null,
                  "duration": 771,
                  "state": "passed",
                  "speed": "fast",
                  "pass": true,
                  "fail": false,
                  "pending": false,
                  "context": null,
                  "code": "cy.get(_support_selectors__WEBPACK_IMPORTED_MODULE_0__.costEstimationWidget.root)\n    .should('be.visible')\n    .and('not.contain', 'Loading...');",
                  "err": {},
                  "uuid": "65087b3b-07b4-4210-93f7-e81a44b7aea4",
                  "parentUUID": "9b893b61-3adf-4c38-b6bb-a37e9a8caa58",
                  "isHook": false,
                  "skipped": false
                }
              ],
              "suites": [],
              "passes": [
                "21bfb438-bc94-4fb1-8f9a-db26b3901a5a",
                "65087b3b-07b4-4210-93f7-e81a44b7aea4"
              ],
              "failures": [],
              "pending": [],
              "skipped": [],
              "duration": 1541,
              "root": false,
              "rootEmpty": false,
              "_timeout": 2000
            },
            {
              "uuid": "c01e222e-019f-4cf2-96c8-15083a7b49f1",
              "title": "Responsive Design",
              "fullFile": "",
              "file": "",
              "beforeHooks": [],
              "afterHooks": [],
              "tests": [
                {
                  "title": "should adapt layout for mobile viewport",
                  "fullTitle": "Cost Estimation Widget - Enhanced Responsive Design should adapt layout for mobile viewport",
                  "timedOut": null,
                  "duration": 1602,
                  "state": "passed",
                  "speed": "fast",
                  "pass": true,
                  "fail": false,
                  "pending": false,
                  "context": null,
                  "code": "cy.viewport('iphone-x');\ncy.wait(500);\ncy.get(_support_selectors__WEBPACK_IMPORTED_MODULE_0__.costEstimationWidget.root)\n    .should('be.visible');\n// Cost values should be visible on mobile (MetricCards are responsive)\ncy.get(_support_selectors__WEBPACK_IMPORTED_MODULE_0__.costEstimationWidget.capex).should('exist');\ncy.get(_support_selectors__WEBPACK_IMPORTED_MODULE_0__.costEstimationWidget.opex).should('exist');",
                  "err": {},
                  "uuid": "67916dd6-a28a-4fe4-b5ce-e25aedfcd7b7",
                  "parentUUID": "c01e222e-019f-4cf2-96c8-15083a7b49f1",
                  "isHook": false,
                  "skipped": false
                },
                {
                  "title": "should adapt layout for tablet viewport",
                  "fullTitle": "Cost Estimation Widget - Enhanced Responsive Design should adapt layout for tablet viewport",
                  "timedOut": null,
                  "duration": 1287,
                  "state": "passed",
                  "speed": "fast",
                  "pass": true,
                  "fail": false,
                  "pending": false,
                  "context": null,
                  "code": "cy.viewport('ipad-2');\ncy.wait(500);\ncy.get(_support_selectors__WEBPACK_IMPORTED_MODULE_0__.costEstimationWidget.root)\n    .should('be.visible');",
                  "err": {},
                  "uuid": "a7c19d9b-8629-43af-a163-5f235ce96cda",
                  "parentUUID": "c01e222e-019f-4cf2-96c8-15083a7b49f1",
                  "isHook": false,
                  "skipped": false
                },
                {
                  "title": "should display properly on desktop viewport",
                  "fullTitle": "Cost Estimation Widget - Enhanced Responsive Design should display properly on desktop viewport",
                  "timedOut": null,
                  "duration": 1294,
                  "state": "passed",
                  "speed": "fast",
                  "pass": true,
                  "fail": false,
                  "pending": false,
                  "context": null,
                  "code": "cy.viewport('macbook-15');\ncy.wait(500);\ncy.get(_support_selectors__WEBPACK_IMPORTED_MODULE_0__.costEstimationWidget.root)\n    .should('be.visible');\n// All cost values should be visible on desktop\ncy.get(_support_selectors__WEBPACK_IMPORTED_MODULE_0__.costEstimationWidget.capex).should('be.visible');\ncy.get(_support_selectors__WEBPACK_IMPORTED_MODULE_0__.costEstimationWidget.opex).should('be.visible');\ncy.get(_support_selectors__WEBPACK_IMPORTED_MODULE_0__.costEstimationWidget.total).should('be.visible');",
                  "err": {},
                  "uuid": "e29effa0-9b45-4952-9701-f351f9441480",
                  "parentUUID": "c01e222e-019f-4cf2-96c8-15083a7b49f1",
                  "isHook": false,
                  "skipped": false
                }
              ],
              "suites": [],
              "passes": [
                "67916dd6-a28a-4fe4-b5ce-e25aedfcd7b7",
                "a7c19d9b-8629-43af-a163-5f235ce96cda",
                "e29effa0-9b45-4952-9701-f351f9441480"
              ],
              "failures": [],
              "pending": [],
              "skipped": [],
              "duration": 4183,
              "root": false,
              "rootEmpty": false,
              "_timeout": 2000
            },
            {
              "uuid": "3703e5d0-99c2-4ee6-a95e-e9252bc59945",
              "title": "Accessibility",
              "fullFile": "",
              "file": "",
              "beforeHooks": [],
              "afterHooks": [],
              "tests": [
                {
                  "title": "should have proper ARIA labels",
                  "fullTitle": "Cost Estimation Widget - Enhanced Accessibility should have proper ARIA labels",
                  "timedOut": null,
                  "duration": 782,
                  "state": "passed",
                  "speed": "fast",
                  "pass": true,
                  "fail": false,
                  "pending": false,
                  "context": null,
                  "code": "// Widget container should have role region\ncy.get(_support_selectors__WEBPACK_IMPORTED_MODULE_0__.costEstimationWidget.root).within(() => {\n    cy.get('[role=\"region\"]').should('exist');\n});",
                  "err": {},
                  "uuid": "945b2275-917c-403e-a2ec-fb4bbbdf7575",
                  "parentUUID": "3703e5d0-99c2-4ee6-a95e-e9252bc59945",
                  "isHook": false,
                  "skipped": false
                },
                {
                  "title": "should have accessible cost value labels",
                  "fullTitle": "Cost Estimation Widget - Enhanced Accessibility should have accessible cost value labels",
                  "timedOut": null,
                  "duration": 809,
                  "state": "passed",
                  "speed": "fast",
                  "pass": true,
                  "fail": false,
                  "pending": false,
                  "context": null,
                  "code": "// Cost values should be clearly labeled\ncy.get(_support_selectors__WEBPACK_IMPORTED_MODULE_0__.costEstimationWidget.root).within(() => {\n    cy.contains(/CAPEX|Capital|Initial/i).should('be.visible');\n    cy.contains(/OPEX|Operational|Annual|Monthly/i).should('be.visible');\n});",
                  "err": {},
                  "uuid": "e22f446d-7f9e-45c0-923e-f2aa66c4822b",
                  "parentUUID": "3703e5d0-99c2-4ee6-a95e-e9252bc59945",
                  "isHook": false,
                  "skipped": false
                },
                {
                  "title": "should pass basic accessibility checks",
                  "fullTitle": "Cost Estimation Widget - Enhanced Accessibility should pass basic accessibility checks",
                  "timedOut": null,
                  "duration": 854,
                  "state": "passed",
                  "speed": "fast",
                  "pass": true,
                  "fail": false,
                  "pending": false,
                  "context": null,
                  "code": "cy.checkA11y();",
                  "err": {},
                  "uuid": "7a4e8cec-8357-4475-97df-68b8a35088f0",
                  "parentUUID": "3703e5d0-99c2-4ee6-a95e-e9252bc59945",
                  "isHook": false,
                  "skipped": false
                }
              ],
              "suites": [],
              "passes": [
                "945b2275-917c-403e-a2ec-fb4bbbdf7575",
                "e22f446d-7f9e-45c0-923e-f2aa66c4822b",
                "7a4e8cec-8357-4475-97df-68b8a35088f0"
              ],
              "failures": [],
              "pending": [],
              "skipped": [],
              "duration": 2445,
              "root": false,
              "rootEmpty": false,
              "_timeout": 2000
            },
            {
              "uuid": "41b6bded-80e5-4c0a-982b-9b9941f434ae",
              "title": "Interactions",
              "fullFile": "",
              "file": "",
              "beforeHooks": [],
              "afterHooks": [],
              "tests": [
                {
                  "title": "should respond quickly to security level changes",
                  "fullTitle": "Cost Estimation Widget - Enhanced Interactions should respond quickly to security level changes",
                  "timedOut": null,
                  "duration": 975,
                  "state": "passed",
                  "speed": "fast",
                  "pass": true,
                  "fail": false,
                  "pending": false,
                  "context": null,
                  "code": "const startTime = Date.now();\ncy.get(_support_selectors__WEBPACK_IMPORTED_MODULE_0__.securityLevelWidget.availabilitySelect)\n    .select(_support_constants__WEBPACK_IMPORTED_MODULE_1__.SECURITY_LEVELS.HIGH, { force: true });\ncy.get(_support_selectors__WEBPACK_IMPORTED_MODULE_0__.costEstimationWidget.root).should('be.visible');\ncy.then(() => {\n    const responseTime = Date.now() - startTime;\n    cy.log(`Widget response time: ${responseTime}ms`);\n    expect(responseTime).to.be.lessThan(1000);\n});",
                  "err": {},
                  "uuid": "a5803c29-a957-47a6-84d4-8542402460d1",
                  "parentUUID": "41b6bded-80e5-4c0a-982b-9b9941f434ae",
                  "isHook": false,
                  "skipped": false
                },
                {
                  "title": "should maintain cost display during rapid level changes",
                  "fullTitle": "Cost Estimation Widget - Enhanced Interactions should maintain cost display during rapid level changes",
                  "timedOut": null,
                  "duration": 1961,
                  "state": "passed",
                  "speed": "fast",
                  "pass": true,
                  "fail": false,
                  "pending": false,
                  "context": null,
                  "code": "// Rapidly change security levels\ncy.get(_support_selectors__WEBPACK_IMPORTED_MODULE_0__.securityLevelWidget.availabilitySelect).select(_support_constants__WEBPACK_IMPORTED_MODULE_1__.SECURITY_LEVELS.HIGH, { force: true });\ncy.get(_support_selectors__WEBPACK_IMPORTED_MODULE_0__.securityLevelWidget.availabilitySelect).select(_support_constants__WEBPACK_IMPORTED_MODULE_1__.SECURITY_LEVELS.LOW, { force: true });\ncy.get(_support_selectors__WEBPACK_IMPORTED_MODULE_0__.securityLevelWidget.availabilitySelect).select(_support_constants__WEBPACK_IMPORTED_MODULE_1__.SECURITY_LEVELS.MODERATE, { force: true });\ncy.wait(500);\n// Widget should still display costs correctly\ncy.get(_support_selectors__WEBPACK_IMPORTED_MODULE_0__.costEstimationWidget.root)\n    .should('be.visible')\n    .and('not.contain', 'Error')\n    .and('not.contain', 'NaN');",
                  "err": {},
                  "uuid": "e9df2d1e-5103-48e7-b260-7d22357769ef",
                  "parentUUID": "41b6bded-80e5-4c0a-982b-9b9941f434ae",
                  "isHook": false,
                  "skipped": false
                }
              ],
              "suites": [],
              "passes": [
                "a5803c29-a957-47a6-84d4-8542402460d1",
                "e9df2d1e-5103-48e7-b260-7d22357769ef"
              ],
              "failures": [],
              "pending": [],
              "skipped": [],
              "duration": 2936,
              "root": false,
              "rootEmpty": false,
              "_timeout": 2000
            },
            {
              "uuid": "de190059-6736-46d0-a7bb-fef71219fae2",
              "title": "Content Validation",
              "fullFile": "",
              "file": "",
              "beforeHooks": [],
              "afterHooks": [],
              "tests": [
                {
                  "title": "should display expected cost-related content",
                  "fullTitle": "Cost Estimation Widget - Enhanced Content Validation should display expected cost-related content",
                  "timedOut": null,
                  "duration": 789,
                  "state": "passed",
                  "speed": "fast",
                  "pass": true,
                  "fail": false,
                  "pending": false,
                  "context": null,
                  "code": "// Verify financial terminology is present\ncy.get(_support_selectors__WEBPACK_IMPORTED_MODULE_0__.costEstimationWidget.root).invoke('text').then((text) => {\n    const hasFinancialTerms = /cost|expense|budget|investment|estimate|capex|opex/i.test(text);\n    expect(hasFinancialTerms).to.be.true;\n});",
                  "err": {},
                  "uuid": "9b63d157-1826-49ba-8ba8-a93ae44355b8",
                  "parentUUID": "de190059-6736-46d0-a7bb-fef71219fae2",
                  "isHook": false,
                  "skipped": false
                }
              ],
              "suites": [],
              "passes": [
                "9b63d157-1826-49ba-8ba8-a93ae44355b8"
              ],
              "failures": [],
              "pending": [],
              "skipped": [],
              "duration": 789,
              "root": false,
              "rootEmpty": false,
              "_timeout": 2000
            }
          ],
          "passes": [],
          "failures": [],
          "pending": [],
          "skipped": [],
          "duration": 0,
          "root": false,
          "rootEmpty": false,
          "_timeout": 2000
        }
      ],
      "passes": [],
      "failures": [],
      "pending": [],
      "skipped": [],
      "duration": 0,
      "root": true,
      "rootEmpty": true,
      "_timeout": 2000
    }
  ],
  "meta": {
    "mocha": {
      "version": "7.2.0"
    },
    "mochawesome": {
      "options": {
        "quiet": false,
        "reportFilename": "mochawesome",
        "saveHtml": true,
        "saveJson": true,
        "consoleReporter": "spec",
        "useInlineDiffs": false,
        "code": true
      },
      "version": "7.1.4"
    },
    "marge": {
      "options": {
        "id": "default",
        "reportDir": "build/cypress/mochawesome",
        "overwrite": false,
        "html": true,
        "json": true,
        "code": true,
        "timestamp": "mmddyyyy_HHMMss",
        "charts": true,
        "showHooks": "failed",
        "embeddedScreenshots": true
      },
      "version": "6.3.2"
    }
  }
}