{
  "stats": {
    "suites": 9,
    "tests": 20,
    "passes": 20,
    "pending": 0,
    "failures": 0,
    "start": "2026-05-22T14:35:36.255Z",
    "end": "2026-05-22T14:36:10.810Z",
    "duration": 34555,
    "testsRegistered": 20,
    "passPercent": 100,
    "pendingPercent": 0,
    "other": 0,
    "hasOther": false,
    "skipped": 0,
    "hasSkipped": false
  },
  "results": [
    {
      "uuid": "5723ff04-63ee-4ddc-a4ad-bc4b8648fdf1",
      "title": "",
      "fullFile": "cypress/e2e/widgets/businessvalue/cost-estimation-enhanced.cy.ts",
      "file": "cypress/e2e/widgets/businessvalue/cost-estimation-enhanced.cy.ts",
      "beforeHooks": [],
      "afterHooks": [],
      "tests": [],
      "suites": [
        {
          "uuid": "c7aa0270-f86a-4e52-a880-2d4c1c9e49e0",
          "title": "Cost Estimation Widget - Enhanced",
          "fullFile": "",
          "file": "",
          "beforeHooks": [],
          "afterHooks": [],
          "tests": [],
          "suites": [
            {
              "uuid": "930263c8-982a-4963-bae7-9ed87df2f4e1",
              "title": "Rendering",
              "fullFile": "",
              "file": "",
              "beforeHooks": [],
              "afterHooks": [],
              "tests": [
                {
                  "title": "should display widget with all elements",
                  "fullTitle": "Cost Estimation Widget - Enhanced Rendering should display widget with all elements",
                  "timedOut": null,
                  "duration": 1961,
                  "state": "passed",
                  "speed": "fast",
                  "pass": true,
                  "fail": false,
                  "pending": false,
                  "context": null,
                  "code": "cy.get(_support_selectors__WEBPACK_IMPORTED_MODULE_0__.costEstimationWidget.root).should('be.visible');\n// Verify key cost elements are present\ncy.get(_support_selectors__WEBPACK_IMPORTED_MODULE_0__.costEstimationWidget.capex).should('exist');\ncy.get(_support_selectors__WEBPACK_IMPORTED_MODULE_0__.costEstimationWidget.opex).should('exist');\ncy.get(_support_selectors__WEBPACK_IMPORTED_MODULE_0__.costEstimationWidget.total).should('exist');",
                  "err": {},
                  "uuid": "315f27f7-e368-4279-ac72-f85d6ddff5f4",
                  "parentUUID": "930263c8-982a-4963-bae7-9ed87df2f4e1",
                  "isHook": false,
                  "skipped": false
                },
                {
                  "title": "should display cost values after security level selection",
                  "fullTitle": "Cost Estimation Widget - Enhanced Rendering should display cost values after security level selection",
                  "timedOut": null,
                  "duration": 2350,
                  "state": "passed",
                  "speed": "fast",
                  "pass": true,
                  "fail": false,
                  "pending": false,
                  "context": null,
                  "code": "// Select moderate security levels\ncy.get(_support_selectors__WEBPACK_IMPORTED_MODULE_0__.securityLevelWidget.availabilitySelect).select(_support_constants__WEBPACK_IMPORTED_MODULE_1__.SECURITY_LEVELS.MODERATE, { force: true });\ncy.wait(INTERACTION_DELAY);\ncy.get(_support_selectors__WEBPACK_IMPORTED_MODULE_0__.securityLevelWidget.integritySelect).select(_support_constants__WEBPACK_IMPORTED_MODULE_1__.SECURITY_LEVELS.MODERATE, { force: true });\ncy.wait(INTERACTION_DELAY);\ncy.get(_support_selectors__WEBPACK_IMPORTED_MODULE_0__.securityLevelWidget.confidentialitySelect).select(_support_constants__WEBPACK_IMPORTED_MODULE_1__.SECURITY_LEVELS.MODERATE, { force: true });\ncy.wait(500);\n// Verify costs are displayed and not zero\ncy.get(_support_selectors__WEBPACK_IMPORTED_MODULE_0__.costEstimationWidget.total)\n    .should('be.visible')\n    .and('not.contain', '$0');",
                  "err": {},
                  "uuid": "6bcce216-e349-493c-8e65-1be7049ad216",
                  "parentUUID": "930263c8-982a-4963-bae7-9ed87df2f4e1",
                  "isHook": false,
                  "skipped": false
                },
                {
                  "title": "should display CAPEX and OPEX sections",
                  "fullTitle": "Cost Estimation Widget - Enhanced Rendering should display CAPEX and OPEX sections",
                  "timedOut": null,
                  "duration": 1037,
                  "state": "passed",
                  "speed": "fast",
                  "pass": true,
                  "fail": false,
                  "pending": false,
                  "context": null,
                  "code": "// Component displays CAPEX and OPEX as MetricCards, not sections\ncy.get(_support_selectors__WEBPACK_IMPORTED_MODULE_0__.costEstimationWidget.capex).should('be.visible');\ncy.get(_support_selectors__WEBPACK_IMPORTED_MODULE_0__.costEstimationWidget.opex).should('be.visible');",
                  "err": {},
                  "uuid": "546bcc60-f597-464f-a88f-7e54d5a17ae0",
                  "parentUUID": "930263c8-982a-4963-bae7-9ed87df2f4e1",
                  "isHook": false,
                  "skipped": false
                },
                {
                  "title": "should show implementation timeline",
                  "fullTitle": "Cost Estimation Widget - Enhanced Rendering should show implementation timeline",
                  "timedOut": null,
                  "duration": 973,
                  "state": "passed",
                  "speed": "fast",
                  "pass": true,
                  "fail": false,
                  "pending": false,
                  "context": null,
                  "code": "cy.get('body').then($body => {\n    if ($body.find(_support_selectors__WEBPACK_IMPORTED_MODULE_0__.costEstimationWidget.implementationTime).length > 0) {\n        cy.get(_support_selectors__WEBPACK_IMPORTED_MODULE_0__.costEstimationWidget.implementationTime)\n            .should('be.visible')\n            .and('not.be.empty');\n    }\n    else {\n        cy.log('Implementation timeline not found (may be conditional)');\n    }\n});",
                  "err": {},
                  "uuid": "bc02b1da-95ac-4717-9205-f590e54293fd",
                  "parentUUID": "930263c8-982a-4963-bae7-9ed87df2f4e1",
                  "isHook": false,
                  "skipped": false
                }
              ],
              "suites": [],
              "passes": [
                "315f27f7-e368-4279-ac72-f85d6ddff5f4",
                "6bcce216-e349-493c-8e65-1be7049ad216",
                "546bcc60-f597-464f-a88f-7e54d5a17ae0",
                "bc02b1da-95ac-4717-9205-f590e54293fd"
              ],
              "failures": [],
              "pending": [],
              "skipped": [],
              "duration": 6321,
              "root": false,
              "rootEmpty": false,
              "_timeout": 2000
            },
            {
              "uuid": "6cb33afe-c2c6-47c7-9280-467918d150b2",
              "title": "Cost Calculations",
              "fullFile": "",
              "file": "",
              "beforeHooks": [],
              "afterHooks": [],
              "tests": [
                {
                  "title": "should update costs when security levels change",
                  "fullTitle": "Cost Estimation Widget - Enhanced Cost Calculations should update costs when security levels change",
                  "timedOut": null,
                  "duration": 3975,
                  "state": "passed",
                  "speed": "fast",
                  "pass": true,
                  "fail": false,
                  "pending": false,
                  "context": null,
                  "code": "// Set low security levels\ncy.get(_support_selectors__WEBPACK_IMPORTED_MODULE_0__.securityLevelWidget.availabilitySelect).select(_support_constants__WEBPACK_IMPORTED_MODULE_1__.SECURITY_LEVELS.LOW, { force: true });\ncy.wait(INTERACTION_DELAY);\ncy.get(_support_selectors__WEBPACK_IMPORTED_MODULE_0__.securityLevelWidget.integritySelect).select(_support_constants__WEBPACK_IMPORTED_MODULE_1__.SECURITY_LEVELS.LOW, { force: true });\ncy.wait(INTERACTION_DELAY);\ncy.get(_support_selectors__WEBPACK_IMPORTED_MODULE_0__.securityLevelWidget.confidentialitySelect).select(_support_constants__WEBPACK_IMPORTED_MODULE_1__.SECURITY_LEVELS.LOW, { force: true });\ncy.wait(500);\n// Capture low cost\nlet lowCost;\ncy.get(_support_selectors__WEBPACK_IMPORTED_MODULE_0__.costEstimationWidget.total).invoke('text').then(text => {\n    lowCost = text;\n    cy.log(`Low security cost: ${lowCost}`);\n    // Set high security levels\n    cy.get(_support_selectors__WEBPACK_IMPORTED_MODULE_0__.securityLevelWidget.availabilitySelect).select(_support_constants__WEBPACK_IMPORTED_MODULE_1__.SECURITY_LEVELS.HIGH, { force: true });\n    cy.wait(INTERACTION_DELAY);\n    cy.get(_support_selectors__WEBPACK_IMPORTED_MODULE_0__.securityLevelWidget.integritySelect).select(_support_constants__WEBPACK_IMPORTED_MODULE_1__.SECURITY_LEVELS.HIGH, { force: true });\n    cy.wait(INTERACTION_DELAY);\n    cy.get(_support_selectors__WEBPACK_IMPORTED_MODULE_0__.securityLevelWidget.confidentialitySelect).select(_support_constants__WEBPACK_IMPORTED_MODULE_1__.SECURITY_LEVELS.HIGH, { force: true });\n    cy.wait(500);\n    // Verify high cost is different (and typically higher)\n    cy.get(_support_selectors__WEBPACK_IMPORTED_MODULE_0__.costEstimationWidget.total).invoke('text').should('not.equal', lowCost);\n    cy.log('✓ Costs update with security level changes');\n});",
                  "err": {},
                  "uuid": "4c66a2d7-0b5e-4052-be6d-b21b509ceeac",
                  "parentUUID": "6cb33afe-c2c6-47c7-9280-467918d150b2",
                  "isHook": false,
                  "skipped": false
                },
                {
                  "title": "should show three-year total projection",
                  "fullTitle": "Cost Estimation Widget - Enhanced Cost Calculations should show three-year total projection",
                  "timedOut": null,
                  "duration": 905,
                  "state": "passed",
                  "speed": "fast",
                  "pass": true,
                  "fail": false,
                  "pending": false,
                  "context": null,
                  "code": "cy.get('body').then($body => {\n    if ($body.find(_support_selectors__WEBPACK_IMPORTED_MODULE_0__.costEstimationWidget.threeYearTotal).length > 0) {\n        cy.get(_support_selectors__WEBPACK_IMPORTED_MODULE_0__.costEstimationWidget.threeYearTotal)\n            .should('be.visible')\n            .and('contain', '$');\n    }\n    else {\n        cy.log('Three-year total not found (may be conditional)');\n    }\n});",
                  "err": {},
                  "uuid": "5149d66a-bd6f-4fba-87e4-3f92aca94d22",
                  "parentUUID": "6cb33afe-c2c6-47c7-9280-467918d150b2",
                  "isHook": false,
                  "skipped": false
                },
                {
                  "title": "should calculate higher costs for higher security levels",
                  "fullTitle": "Cost Estimation Widget - Enhanced Cost Calculations should calculate higher costs for higher security levels",
                  "timedOut": null,
                  "duration": 5450,
                  "state": "passed",
                  "speed": "medium",
                  "pass": true,
                  "fail": false,
                  "pending": false,
                  "context": null,
                  "code": "// Test progression from Low to Very High\nconst levels = [\n    _support_constants__WEBPACK_IMPORTED_MODULE_1__.SECURITY_LEVELS.LOW,\n    _support_constants__WEBPACK_IMPORTED_MODULE_1__.SECURITY_LEVELS.MODERATE,\n    _support_constants__WEBPACK_IMPORTED_MODULE_1__.SECURITY_LEVELS.HIGH,\n];\nlet previousCost = 0;\nlevels.forEach(level => {\n    cy.get(_support_selectors__WEBPACK_IMPORTED_MODULE_0__.securityLevelWidget.availabilitySelect).select(level, { force: true });\n    cy.wait(INTERACTION_DELAY);\n    cy.get(_support_selectors__WEBPACK_IMPORTED_MODULE_0__.securityLevelWidget.integritySelect).select(level, { force: true });\n    cy.wait(INTERACTION_DELAY);\n    cy.get(_support_selectors__WEBPACK_IMPORTED_MODULE_0__.securityLevelWidget.confidentialitySelect).select(level, { force: true });\n    cy.wait(500);\n    cy.get(_support_selectors__WEBPACK_IMPORTED_MODULE_0__.costEstimationWidget.total).invoke('text').then(text => {\n        // Extract numeric value (basic extraction)\n        const costMatch = text.match(/[\\d,]+/);\n        if (costMatch) {\n            const cost = parseInt(costMatch[0].replace(/,/g, ''), 10);\n            cy.log(`${level} security cost: ${cost}`);\n            if (previousCost > 0) {\n                // Higher security should generally mean higher cost\n                // Note: This is a general expectation, might need adjustment\n                cy.log(`Comparing ${cost} with previous ${previousCost}`);\n            }\n            previousCost = cost;\n        }\n    });\n});",
                  "err": {},
                  "uuid": "6cb3d501-9dde-47a3-a312-62973bfe1403",
                  "parentUUID": "6cb33afe-c2c6-47c7-9280-467918d150b2",
                  "isHook": false,
                  "skipped": false
                }
              ],
              "suites": [],
              "passes": [
                "4c66a2d7-0b5e-4052-be6d-b21b509ceeac",
                "5149d66a-bd6f-4fba-87e4-3f92aca94d22",
                "6cb3d501-9dde-47a3-a312-62973bfe1403"
              ],
              "failures": [],
              "pending": [],
              "skipped": [],
              "duration": 10330,
              "root": false,
              "rootEmpty": false,
              "_timeout": 2000
            },
            {
              "uuid": "f6413764-f85a-435c-99c7-fce28aaccb62",
              "title": "Error Handling",
              "fullFile": "",
              "file": "",
              "beforeHooks": [],
              "afterHooks": [],
              "tests": [
                {
                  "title": "should not display error state in normal operation",
                  "fullTitle": "Cost Estimation Widget - Enhanced Error Handling should not display error state in normal operation",
                  "timedOut": null,
                  "duration": 1059,
                  "state": "passed",
                  "speed": "fast",
                  "pass": true,
                  "fail": false,
                  "pending": false,
                  "context": null,
                  "code": "cy.testWidgetError('widget-cost-estimation');",
                  "err": {},
                  "uuid": "a0d0ed0b-6e84-43ca-99cb-6351dc5b7f23",
                  "parentUUID": "f6413764-f85a-435c-99c7-fce28aaccb62",
                  "isHook": false,
                  "skipped": false
                },
                {
                  "title": "should handle missing data gracefully",
                  "fullTitle": "Cost Estimation Widget - Enhanced Error Handling should handle missing data gracefully",
                  "timedOut": null,
                  "duration": 1317,
                  "state": "passed",
                  "speed": "fast",
                  "pass": true,
                  "fail": false,
                  "pending": false,
                  "context": null,
                  "code": "// Widget should display even with default/empty state\ncy.get(_support_selectors__WEBPACK_IMPORTED_MODULE_0__.costEstimationWidget.root)\n    .should('be.visible')\n    .and('not.contain', 'Error');",
                  "err": {},
                  "uuid": "c36ae219-f2b4-4819-a706-2b0ad2c0a757",
                  "parentUUID": "f6413764-f85a-435c-99c7-fce28aaccb62",
                  "isHook": false,
                  "skipped": false
                }
              ],
              "suites": [],
              "passes": [
                "a0d0ed0b-6e84-43ca-99cb-6351dc5b7f23",
                "c36ae219-f2b4-4819-a706-2b0ad2c0a757"
              ],
              "failures": [],
              "pending": [],
              "skipped": [],
              "duration": 2376,
              "root": false,
              "rootEmpty": false,
              "_timeout": 2000
            },
            {
              "uuid": "b4611da5-94fa-48ee-af3c-31f8eb872b3a",
              "title": "Loading States",
              "fullFile": "",
              "file": "",
              "beforeHooks": [],
              "afterHooks": [],
              "tests": [
                {
                  "title": "should not show loading indicator after initial load",
                  "fullTitle": "Cost Estimation Widget - Enhanced Loading States should not show loading indicator after initial load",
                  "timedOut": null,
                  "duration": 927,
                  "state": "passed",
                  "speed": "fast",
                  "pass": true,
                  "fail": false,
                  "pending": false,
                  "context": null,
                  "code": "// Check for loading indicator - will not exist after page load\ncy.get('body').then($body => {\n    if ($body.find('[data-testid=\"widget-container-loading-container-cost-estimation-widget\"]').length > 0) {\n        cy.get('[data-testid=\"widget-container-loading-container-cost-estimation-widget\"]').should('not.exist');\n    }\n});",
                  "err": {},
                  "uuid": "461f40d8-a5a5-4270-90fb-e31f415f4787",
                  "parentUUID": "b4611da5-94fa-48ee-af3c-31f8eb872b3a",
                  "isHook": false,
                  "skipped": false
                },
                {
                  "title": "should display content instead of loading state",
                  "fullTitle": "Cost Estimation Widget - Enhanced Loading States should display content instead of loading state",
                  "timedOut": null,
                  "duration": 948,
                  "state": "passed",
                  "speed": "fast",
                  "pass": true,
                  "fail": false,
                  "pending": false,
                  "context": null,
                  "code": "cy.get(_support_selectors__WEBPACK_IMPORTED_MODULE_0__.costEstimationWidget.root)\n    .should('be.visible')\n    .and('not.contain', 'Loading...');",
                  "err": {},
                  "uuid": "969811b2-aab4-4a74-99cc-086700e4426c",
                  "parentUUID": "b4611da5-94fa-48ee-af3c-31f8eb872b3a",
                  "isHook": false,
                  "skipped": false
                }
              ],
              "suites": [],
              "passes": [
                "461f40d8-a5a5-4270-90fb-e31f415f4787",
                "969811b2-aab4-4a74-99cc-086700e4426c"
              ],
              "failures": [],
              "pending": [],
              "skipped": [],
              "duration": 1875,
              "root": false,
              "rootEmpty": false,
              "_timeout": 2000
            },
            {
              "uuid": "93ad9935-1451-4eb7-9676-55b98442fabd",
              "title": "Responsive Design",
              "fullFile": "",
              "file": "",
              "beforeHooks": [],
              "afterHooks": [],
              "tests": [
                {
                  "title": "should adapt layout for mobile viewport",
                  "fullTitle": "Cost Estimation Widget - Enhanced Responsive Design should adapt layout for mobile viewport",
                  "timedOut": null,
                  "duration": 1555,
                  "state": "passed",
                  "speed": "fast",
                  "pass": true,
                  "fail": false,
                  "pending": false,
                  "context": null,
                  "code": "cy.viewport('iphone-x');\ncy.wait(500);\ncy.get(_support_selectors__WEBPACK_IMPORTED_MODULE_0__.costEstimationWidget.root)\n    .should('be.visible');\n// Cost values should be visible on mobile (MetricCards are responsive)\ncy.get(_support_selectors__WEBPACK_IMPORTED_MODULE_0__.costEstimationWidget.capex).should('exist');\ncy.get(_support_selectors__WEBPACK_IMPORTED_MODULE_0__.costEstimationWidget.opex).should('exist');",
                  "err": {},
                  "uuid": "935f209f-99e2-4261-b51b-c637c57454d0",
                  "parentUUID": "93ad9935-1451-4eb7-9676-55b98442fabd",
                  "isHook": false,
                  "skipped": false
                },
                {
                  "title": "should adapt layout for tablet viewport",
                  "fullTitle": "Cost Estimation Widget - Enhanced Responsive Design should adapt layout for tablet viewport",
                  "timedOut": null,
                  "duration": 1494,
                  "state": "passed",
                  "speed": "fast",
                  "pass": true,
                  "fail": false,
                  "pending": false,
                  "context": null,
                  "code": "cy.viewport('ipad-2');\ncy.wait(500);\ncy.get(_support_selectors__WEBPACK_IMPORTED_MODULE_0__.costEstimationWidget.root)\n    .should('be.visible');",
                  "err": {},
                  "uuid": "33b39efa-80b0-46a7-937d-c607cdd3cc13",
                  "parentUUID": "93ad9935-1451-4eb7-9676-55b98442fabd",
                  "isHook": false,
                  "skipped": false
                },
                {
                  "title": "should display properly on desktop viewport",
                  "fullTitle": "Cost Estimation Widget - Enhanced Responsive Design should display properly on desktop viewport",
                  "timedOut": null,
                  "duration": 1455,
                  "state": "passed",
                  "speed": "fast",
                  "pass": true,
                  "fail": false,
                  "pending": false,
                  "context": null,
                  "code": "cy.viewport('macbook-15');\ncy.wait(500);\ncy.get(_support_selectors__WEBPACK_IMPORTED_MODULE_0__.costEstimationWidget.root)\n    .should('be.visible');\n// All cost values should be visible on desktop\ncy.get(_support_selectors__WEBPACK_IMPORTED_MODULE_0__.costEstimationWidget.capex).should('be.visible');\ncy.get(_support_selectors__WEBPACK_IMPORTED_MODULE_0__.costEstimationWidget.opex).should('be.visible');\ncy.get(_support_selectors__WEBPACK_IMPORTED_MODULE_0__.costEstimationWidget.total).should('be.visible');",
                  "err": {},
                  "uuid": "ceff4847-d4a9-4bce-ae34-bbf64d570e15",
                  "parentUUID": "93ad9935-1451-4eb7-9676-55b98442fabd",
                  "isHook": false,
                  "skipped": false
                }
              ],
              "suites": [],
              "passes": [
                "935f209f-99e2-4261-b51b-c637c57454d0",
                "33b39efa-80b0-46a7-937d-c607cdd3cc13",
                "ceff4847-d4a9-4bce-ae34-bbf64d570e15"
              ],
              "failures": [],
              "pending": [],
              "skipped": [],
              "duration": 4504,
              "root": false,
              "rootEmpty": false,
              "_timeout": 2000
            },
            {
              "uuid": "68c4e4e6-87e2-48de-89a5-23d63def25d2",
              "title": "Accessibility",
              "fullFile": "",
              "file": "",
              "beforeHooks": [],
              "afterHooks": [],
              "tests": [
                {
                  "title": "should have proper ARIA labels",
                  "fullTitle": "Cost Estimation Widget - Enhanced Accessibility should have proper ARIA labels",
                  "timedOut": null,
                  "duration": 981,
                  "state": "passed",
                  "speed": "fast",
                  "pass": true,
                  "fail": false,
                  "pending": false,
                  "context": null,
                  "code": "// Widget container should have role region\ncy.get(_support_selectors__WEBPACK_IMPORTED_MODULE_0__.costEstimationWidget.root).within(() => {\n    cy.get('[role=\"region\"]').should('exist');\n});",
                  "err": {},
                  "uuid": "947ec68b-faeb-4962-ad0b-e29b357260af",
                  "parentUUID": "68c4e4e6-87e2-48de-89a5-23d63def25d2",
                  "isHook": false,
                  "skipped": false
                },
                {
                  "title": "should have accessible cost value labels",
                  "fullTitle": "Cost Estimation Widget - Enhanced Accessibility should have accessible cost value labels",
                  "timedOut": null,
                  "duration": 1301,
                  "state": "passed",
                  "speed": "fast",
                  "pass": true,
                  "fail": false,
                  "pending": false,
                  "context": null,
                  "code": "// Cost values should be clearly labeled\ncy.get(_support_selectors__WEBPACK_IMPORTED_MODULE_0__.costEstimationWidget.root).within(() => {\n    cy.contains(/CAPEX|Capital|Initial/i).should('be.visible');\n    cy.contains(/OPEX|Operational|Annual|Monthly/i).should('be.visible');\n});",
                  "err": {},
                  "uuid": "4066d620-28ca-4a8d-b7de-70d1e2243f04",
                  "parentUUID": "68c4e4e6-87e2-48de-89a5-23d63def25d2",
                  "isHook": false,
                  "skipped": false
                },
                {
                  "title": "should pass basic accessibility checks",
                  "fullTitle": "Cost Estimation Widget - Enhanced Accessibility should pass basic accessibility checks",
                  "timedOut": null,
                  "duration": 1289,
                  "state": "passed",
                  "speed": "fast",
                  "pass": true,
                  "fail": false,
                  "pending": false,
                  "context": null,
                  "code": "cy.checkA11y();",
                  "err": {},
                  "uuid": "1df65ad8-94fa-483e-b222-fa6a6e9a9940",
                  "parentUUID": "68c4e4e6-87e2-48de-89a5-23d63def25d2",
                  "isHook": false,
                  "skipped": false
                }
              ],
              "suites": [],
              "passes": [
                "947ec68b-faeb-4962-ad0b-e29b357260af",
                "4066d620-28ca-4a8d-b7de-70d1e2243f04",
                "1df65ad8-94fa-483e-b222-fa6a6e9a9940"
              ],
              "failures": [],
              "pending": [],
              "skipped": [],
              "duration": 3571,
              "root": false,
              "rootEmpty": false,
              "_timeout": 2000
            },
            {
              "uuid": "a19ef3aa-25d7-4c5b-93d3-6f2040e90e9e",
              "title": "Interactions",
              "fullFile": "",
              "file": "",
              "beforeHooks": [],
              "afterHooks": [],
              "tests": [
                {
                  "title": "should respond quickly to security level changes",
                  "fullTitle": "Cost Estimation Widget - Enhanced Interactions should respond quickly to security level changes",
                  "timedOut": null,
                  "duration": 1141,
                  "state": "passed",
                  "speed": "fast",
                  "pass": true,
                  "fail": false,
                  "pending": false,
                  "context": null,
                  "code": "const startTime = Date.now();\ncy.get(_support_selectors__WEBPACK_IMPORTED_MODULE_0__.securityLevelWidget.availabilitySelect)\n    .select(_support_constants__WEBPACK_IMPORTED_MODULE_1__.SECURITY_LEVELS.HIGH, { force: true });\ncy.get(_support_selectors__WEBPACK_IMPORTED_MODULE_0__.costEstimationWidget.root).should('be.visible');\ncy.then(() => {\n    const responseTime = Date.now() - startTime;\n    cy.log(`Widget response time: ${responseTime}ms`);\n    expect(responseTime).to.be.lessThan(1000);\n});",
                  "err": {},
                  "uuid": "921b9301-7aaf-457e-a820-dd30085b0801",
                  "parentUUID": "a19ef3aa-25d7-4c5b-93d3-6f2040e90e9e",
                  "isHook": false,
                  "skipped": false
                },
                {
                  "title": "should maintain cost display during rapid level changes",
                  "fullTitle": "Cost Estimation Widget - Enhanced Interactions should maintain cost display during rapid level changes",
                  "timedOut": null,
                  "duration": 2080,
                  "state": "passed",
                  "speed": "fast",
                  "pass": true,
                  "fail": false,
                  "pending": false,
                  "context": null,
                  "code": "// Rapidly change security levels\ncy.get(_support_selectors__WEBPACK_IMPORTED_MODULE_0__.securityLevelWidget.availabilitySelect).select(_support_constants__WEBPACK_IMPORTED_MODULE_1__.SECURITY_LEVELS.HIGH, { force: true });\ncy.get(_support_selectors__WEBPACK_IMPORTED_MODULE_0__.securityLevelWidget.availabilitySelect).select(_support_constants__WEBPACK_IMPORTED_MODULE_1__.SECURITY_LEVELS.LOW, { force: true });\ncy.get(_support_selectors__WEBPACK_IMPORTED_MODULE_0__.securityLevelWidget.availabilitySelect).select(_support_constants__WEBPACK_IMPORTED_MODULE_1__.SECURITY_LEVELS.MODERATE, { force: true });\ncy.wait(500);\n// Widget should still display costs correctly\ncy.get(_support_selectors__WEBPACK_IMPORTED_MODULE_0__.costEstimationWidget.root)\n    .should('be.visible')\n    .and('not.contain', 'Error')\n    .and('not.contain', 'NaN');",
                  "err": {},
                  "uuid": "cdbcde3e-3923-467f-9d20-cd983809c1b0",
                  "parentUUID": "a19ef3aa-25d7-4c5b-93d3-6f2040e90e9e",
                  "isHook": false,
                  "skipped": false
                }
              ],
              "suites": [],
              "passes": [
                "921b9301-7aaf-457e-a820-dd30085b0801",
                "cdbcde3e-3923-467f-9d20-cd983809c1b0"
              ],
              "failures": [],
              "pending": [],
              "skipped": [],
              "duration": 3221,
              "root": false,
              "rootEmpty": false,
              "_timeout": 2000
            },
            {
              "uuid": "77764af1-3d87-45bb-9aeb-348edfbe0a7b",
              "title": "Content Validation",
              "fullFile": "",
              "file": "",
              "beforeHooks": [],
              "afterHooks": [],
              "tests": [
                {
                  "title": "should display expected cost-related content",
                  "fullTitle": "Cost Estimation Widget - Enhanced Content Validation should display expected cost-related content",
                  "timedOut": null,
                  "duration": 971,
                  "state": "passed",
                  "speed": "fast",
                  "pass": true,
                  "fail": false,
                  "pending": false,
                  "context": null,
                  "code": "// Verify financial terminology is present\ncy.get(_support_selectors__WEBPACK_IMPORTED_MODULE_0__.costEstimationWidget.root).invoke('text').then((text) => {\n    const hasFinancialTerms = /cost|expense|budget|investment|estimate|capex|opex/i.test(text);\n    expect(hasFinancialTerms).to.be.true;\n});",
                  "err": {},
                  "uuid": "030da16f-8691-438f-b7c2-a69515f1a898",
                  "parentUUID": "77764af1-3d87-45bb-9aeb-348edfbe0a7b",
                  "isHook": false,
                  "skipped": false
                }
              ],
              "suites": [],
              "passes": [
                "030da16f-8691-438f-b7c2-a69515f1a898"
              ],
              "failures": [],
              "pending": [],
              "skipped": [],
              "duration": 971,
              "root": false,
              "rootEmpty": false,
              "_timeout": 2000
            }
          ],
          "passes": [],
          "failures": [],
          "pending": [],
          "skipped": [],
          "duration": 0,
          "root": false,
          "rootEmpty": false,
          "_timeout": 2000
        }
      ],
      "passes": [],
      "failures": [],
      "pending": [],
      "skipped": [],
      "duration": 0,
      "root": true,
      "rootEmpty": true,
      "_timeout": 2000
    }
  ],
  "meta": {
    "mocha": {
      "version": "7.2.0"
    },
    "mochawesome": {
      "options": {
        "quiet": false,
        "reportFilename": "mochawesome",
        "saveHtml": true,
        "saveJson": true,
        "consoleReporter": "spec",
        "useInlineDiffs": false,
        "code": true
      },
      "version": "7.1.4"
    },
    "marge": {
      "options": {
        "id": "default",
        "reportDir": "build/cypress/mochawesome",
        "overwrite": false,
        "html": true,
        "json": true,
        "code": true,
        "timestamp": "mmddyyyy_HHMMss",
        "charts": true,
        "showHooks": "failed",
        "embeddedScreenshots": true
      },
      "version": "6.3.2"
    }
  }
}