{
  "stats": {
    "suites": 9,
    "tests": 16,
    "passes": 16,
    "pending": 0,
    "failures": 0,
    "start": "2026-05-21T11:17:34.631Z",
    "end": "2026-05-21T11:17:56.906Z",
    "duration": 22275,
    "testsRegistered": 16,
    "passPercent": 100,
    "pendingPercent": 0,
    "other": 0,
    "hasOther": false,
    "skipped": 0,
    "hasSkipped": false
  },
  "results": [
    {
      "uuid": "4d8cdbbc-a50d-4180-ac1c-b4076f38543d",
      "title": "",
      "fullFile": "cypress/e2e/integration/all-widgets.cy.ts",
      "file": "cypress/e2e/integration/all-widgets.cy.ts",
      "beforeHooks": [],
      "afterHooks": [],
      "tests": [],
      "suites": [
        {
          "uuid": "14840461-332c-4319-8ea7-db500579985c",
          "title": "All Widgets Integration",
          "fullFile": "",
          "file": "",
          "beforeHooks": [],
          "afterHooks": [],
          "tests": [],
          "suites": [
            {
              "uuid": "62049cba-0ea3-4995-a568-05338574016a",
              "title": "Widget Rendering",
              "fullFile": "",
              "file": "",
              "beforeHooks": [],
              "afterHooks": [],
              "tests": [
                {
                  "title": "should render core widgets",
                  "fullTitle": "All Widgets Integration Widget Rendering should render core widgets",
                  "timedOut": null,
                  "duration": 1576,
                  "state": "passed",
                  "speed": "fast",
                  "pass": true,
                  "fail": false,
                  "pending": false,
                  "context": null,
                  "code": "// Core widgets that should always be present (most critical 5 widgets)\ncy.log('Checking for core essential widgets');\ncy.get(_support_selectors__WEBPACK_IMPORTED_MODULE_0__.securityLevelWidget.root).should('exist').and('be.visible');\ncy.get(_support_selectors__WEBPACK_IMPORTED_MODULE_0__.securitySummaryWidget.root).should('exist').and('be.visible');\ncy.get(_support_selectors__WEBPACK_IMPORTED_MODULE_0__.costEstimationWidget.root).should('exist').and('be.visible');\ncy.get(_support_selectors__WEBPACK_IMPORTED_MODULE_0__.valueCreationWidget.root).should('exist').and('be.visible');\ncy.get(_support_selectors__WEBPACK_IMPORTED_MODULE_0__.complianceStatusWidget.root).should('exist').and('be.visible');",
                  "err": {},
                  "uuid": "ae5accd8-dda3-4ec6-b0dc-75a6c75392d2",
                  "parentUUID": "62049cba-0ea3-4995-a568-05338574016a",
                  "isHook": false,
                  "skipped": false
                },
                {
                  "title": "should render CIA impact widgets",
                  "fullTitle": "All Widgets Integration Widget Rendering should render CIA impact widgets",
                  "timedOut": null,
                  "duration": 1014,
                  "state": "passed",
                  "speed": "fast",
                  "pass": true,
                  "fail": false,
                  "pending": false,
                  "context": null,
                  "code": "cy.log('Checking for CIA impact widgets');\ncy.get(_support_selectors__WEBPACK_IMPORTED_MODULE_0__.availabilityImpactWidget.root).should('exist');\ncy.get(_support_selectors__WEBPACK_IMPORTED_MODULE_0__.integrityImpactWidget.root).should('exist');\ncy.get(_support_selectors__WEBPACK_IMPORTED_MODULE_0__.confidentialityImpactWidget.root).should('exist');",
                  "err": {},
                  "uuid": "3af29d59-7e61-4a6b-976c-4a17a7f03124",
                  "parentUUID": "62049cba-0ea3-4995-a568-05338574016a",
                  "isHook": false,
                  "skipped": false
                },
                {
                  "title": "should render implementation widgets",
                  "fullTitle": "All Widgets Integration Widget Rendering should render implementation widgets",
                  "timedOut": null,
                  "duration": 787,
                  "state": "passed",
                  "speed": "fast",
                  "pass": true,
                  "fail": false,
                  "pending": false,
                  "context": null,
                  "code": "cy.log('Checking for implementation widgets');\ncy.get(_support_selectors__WEBPACK_IMPORTED_MODULE_0__.technicalDetailsWidget.root).should('exist');\ncy.get(_support_selectors__WEBPACK_IMPORTED_MODULE_0__.securityResourcesWidget.root).should('exist');",
                  "err": {},
                  "uuid": "7afa1a0f-d6c6-46e7-9aa6-17ff3347d438",
                  "parentUUID": "62049cba-0ea3-4995-a568-05338574016a",
                  "isHook": false,
                  "skipped": false
                }
              ],
              "suites": [],
              "passes": [
                "ae5accd8-dda3-4ec6-b0dc-75a6c75392d2",
                "3af29d59-7e61-4a6b-976c-4a17a7f03124",
                "7afa1a0f-d6c6-46e7-9aa6-17ff3347d438"
              ],
              "failures": [],
              "pending": [],
              "skipped": [],
              "duration": 3377,
              "root": false,
              "rootEmpty": false,
              "_timeout": 2000
            },
            {
              "uuid": "b9ad6218-b344-4e8d-a241-d71426c9cf26",
              "title": "Security Level Synchronization",
              "fullFile": "",
              "file": "",
              "beforeHooks": [],
              "afterHooks": [],
              "tests": [
                {
                  "title": "should update all widgets when security levels change",
                  "fullTitle": "All Widgets Integration Security Level Synchronization should update all widgets when security levels change",
                  "timedOut": null,
                  "duration": 2060,
                  "state": "passed",
                  "speed": "fast",
                  "pass": true,
                  "fail": false,
                  "pending": false,
                  "context": null,
                  "code": "// Change all security levels to High\ncy.get(_support_selectors__WEBPACK_IMPORTED_MODULE_0__.securityLevelWidget.availabilitySelect).select(_support_constants__WEBPACK_IMPORTED_MODULE_1__.SECURITY_LEVELS.HIGH, { force: true });\ncy.wait(300);\ncy.get(_support_selectors__WEBPACK_IMPORTED_MODULE_0__.securityLevelWidget.integritySelect).select(_support_constants__WEBPACK_IMPORTED_MODULE_1__.SECURITY_LEVELS.HIGH, { force: true });\ncy.wait(300);\ncy.get(_support_selectors__WEBPACK_IMPORTED_MODULE_0__.securityLevelWidget.confidentialitySelect).select(_support_constants__WEBPACK_IMPORTED_MODULE_1__.SECURITY_LEVELS.HIGH, { force: true });\ncy.wait(500); // Wait for all widgets to update\n// Verify key widgets updated their content\ncy.get(_support_selectors__WEBPACK_IMPORTED_MODULE_0__.securitySummaryWidget.root)\n    .should('contain', 'High');\ncy.get(_support_selectors__WEBPACK_IMPORTED_MODULE_0__.costEstimationWidget.root)\n    .should('be.visible');\ncy.get(_support_selectors__WEBPACK_IMPORTED_MODULE_0__.valueCreationWidget.root)\n    .should('be.visible');",
                  "err": {},
                  "uuid": "6fcf46ec-4655-45bb-bc9b-2721f6794e54",
                  "parentUUID": "b9ad6218-b344-4e8d-a241-d71426c9cf26",
                  "isHook": false,
                  "skipped": false
                },
                {
                  "title": "should maintain consistency across security level changes",
                  "fullTitle": "All Widgets Integration Security Level Synchronization should maintain consistency across security level changes",
                  "timedOut": null,
                  "duration": 4882,
                  "state": "passed",
                  "speed": "fast",
                  "pass": true,
                  "fail": false,
                  "pending": false,
                  "context": null,
                  "code": "// Test multiple level changes\nconst testSequence = [\n    { level: _support_constants__WEBPACK_IMPORTED_MODULE_1__.SECURITY_LEVELS.LOW, label: 'Low' },\n    { level: _support_constants__WEBPACK_IMPORTED_MODULE_1__.SECURITY_LEVELS.MODERATE, label: 'Moderate' },\n    { level: _support_constants__WEBPACK_IMPORTED_MODULE_1__.SECURITY_LEVELS.HIGH, label: 'High' },\n];\ntestSequence.forEach(({ level, label }) => {\n    cy.log(`Testing security level: ${label}`);\n    // Set all levels\n    cy.get(_support_selectors__WEBPACK_IMPORTED_MODULE_0__.securityLevelWidget.availabilitySelect).select(level, { force: true });\n    cy.wait(200);\n    cy.get(_support_selectors__WEBPACK_IMPORTED_MODULE_0__.securityLevelWidget.integritySelect).select(level, { force: true });\n    cy.wait(200);\n    cy.get(_support_selectors__WEBPACK_IMPORTED_MODULE_0__.securityLevelWidget.confidentialitySelect).select(level, { force: true });\n    cy.wait(500);\n    // Verify at least the security summary reflects the change\n    cy.get(_support_selectors__WEBPACK_IMPORTED_MODULE_0__.securitySummaryWidget.root)\n        .should('be.visible')\n        .and('contain', label);\n});",
                  "err": {},
                  "uuid": "53c079d4-94a8-4b6a-b1be-8d4d2a60cdb5",
                  "parentUUID": "b9ad6218-b344-4e8d-a241-d71426c9cf26",
                  "isHook": false,
                  "skipped": false
                }
              ],
              "suites": [],
              "passes": [
                "6fcf46ec-4655-45bb-bc9b-2721f6794e54",
                "53c079d4-94a8-4b6a-b1be-8d4d2a60cdb5"
              ],
              "failures": [],
              "pending": [],
              "skipped": [],
              "duration": 6942,
              "root": false,
              "rootEmpty": false,
              "_timeout": 2000
            },
            {
              "uuid": "41d88ee8-39a5-4475-ad5b-8c93ac073841",
              "title": "Responsive Layout",
              "fullFile": "",
              "file": "",
              "beforeHooks": [],
              "afterHooks": [],
              "tests": [
                {
                  "title": "should adapt to mobile viewport",
                  "fullTitle": "All Widgets Integration Responsive Layout should adapt to mobile viewport",
                  "timedOut": null,
                  "duration": 986,
                  "state": "passed",
                  "speed": "fast",
                  "pass": true,
                  "fail": false,
                  "pending": false,
                  "context": null,
                  "code": "cy.testResponsiveLayout(['iphone-x']);\n// Verify widgets stack vertically on mobile\ncy.get('[data-testid=\"app-container\"]')\n    .should('be.visible');\n// Widgets should still be accessible\ncy.get(_support_selectors__WEBPACK_IMPORTED_MODULE_0__.securityLevelWidget.root)\n    .should('exist');",
                  "err": {},
                  "uuid": "fbee786e-a052-4d82-9b17-6775901c4e5d",
                  "parentUUID": "41d88ee8-39a5-4475-ad5b-8c93ac073841",
                  "isHook": false,
                  "skipped": false
                },
                {
                  "title": "should adapt to tablet viewport",
                  "fullTitle": "All Widgets Integration Responsive Layout should adapt to tablet viewport",
                  "timedOut": null,
                  "duration": 919,
                  "state": "passed",
                  "speed": "fast",
                  "pass": true,
                  "fail": false,
                  "pending": false,
                  "context": null,
                  "code": "cy.testResponsiveLayout(['ipad-2']);\n// Verify app renders properly on tablet\ncy.get('[data-testid=\"app-container\"]')\n    .should('be.visible');",
                  "err": {},
                  "uuid": "7a5dc704-dce7-470f-a53f-b166a3dd5cf5",
                  "parentUUID": "41d88ee8-39a5-4475-ad5b-8c93ac073841",
                  "isHook": false,
                  "skipped": false
                },
                {
                  "title": "should adapt to desktop viewport",
                  "fullTitle": "All Widgets Integration Responsive Layout should adapt to desktop viewport",
                  "timedOut": null,
                  "duration": 1048,
                  "state": "passed",
                  "speed": "fast",
                  "pass": true,
                  "fail": false,
                  "pending": false,
                  "context": null,
                  "code": "cy.testResponsiveLayout(['macbook-15']);\n// Verify all widgets are accessible on desktop\ncy.get(_support_selectors__WEBPACK_IMPORTED_MODULE_0__.securityLevelWidget.root)\n    .should('exist');\ncy.get(_support_selectors__WEBPACK_IMPORTED_MODULE_0__.securitySummaryWidget.root)\n    .should('exist');",
                  "err": {},
                  "uuid": "378df474-8f33-4306-bced-f0bfc2144965",
                  "parentUUID": "41d88ee8-39a5-4475-ad5b-8c93ac073841",
                  "isHook": false,
                  "skipped": false
                }
              ],
              "suites": [],
              "passes": [
                "fbee786e-a052-4d82-9b17-6775901c4e5d",
                "7a5dc704-dce7-470f-a53f-b166a3dd5cf5",
                "378df474-8f33-4306-bced-f0bfc2144965"
              ],
              "failures": [],
              "pending": [],
              "skipped": [],
              "duration": 2953,
              "root": false,
              "rootEmpty": false,
              "_timeout": 2000
            },
            {
              "uuid": "5d9022a0-dd9e-4b12-aa21-ed935f487e0f",
              "title": "Widget Loading States",
              "fullFile": "",
              "file": "",
              "beforeHooks": [],
              "afterHooks": [],
              "tests": [
                {
                  "title": "should not show loading indicators after initial load",
                  "fullTitle": "All Widgets Integration Widget Loading States should not show loading indicators after initial load",
                  "timedOut": null,
                  "duration": 1463,
                  "state": "passed",
                  "speed": "fast",
                  "pass": true,
                  "fail": false,
                  "pending": false,
                  "context": null,
                  "code": "// Wait for page to fully load\ncy.wait(1000);\n// Check that loading indicators are not present\ncy.get('[data-testid*=\"loading\"]').should('not.exist');",
                  "err": {},
                  "uuid": "7cd15bb3-d041-4c2e-a62c-fae2ecb1e6c2",
                  "parentUUID": "5d9022a0-dd9e-4b12-aa21-ed935f487e0f",
                  "isHook": false,
                  "skipped": false
                },
                {
                  "title": "should display content after loading completes",
                  "fullTitle": "All Widgets Integration Widget Loading States should display content after loading completes",
                  "timedOut": null,
                  "duration": 768,
                  "state": "passed",
                  "speed": "fast",
                  "pass": true,
                  "fail": false,
                  "pending": false,
                  "context": null,
                  "code": "// Verify widgets show content, not loading states\nconst widgets = [_support_selectors__WEBPACK_IMPORTED_MODULE_0__.securityLevelWidget, _support_selectors__WEBPACK_IMPORTED_MODULE_0__.securitySummaryWidget, _support_selectors__WEBPACK_IMPORTED_MODULE_0__.costEstimationWidget];\nwidgets.forEach(widget => {\n    cy.get(widget.root)\n        .should('exist')\n        .and('be.visible')\n        .and('not.contain', 'Loading...');\n});",
                  "err": {},
                  "uuid": "7ca2373c-ddfe-4e77-b2f2-ad7f82729181",
                  "parentUUID": "5d9022a0-dd9e-4b12-aa21-ed935f487e0f",
                  "isHook": false,
                  "skipped": false
                }
              ],
              "suites": [],
              "passes": [
                "7cd15bb3-d041-4c2e-a62c-fae2ecb1e6c2",
                "7ca2373c-ddfe-4e77-b2f2-ad7f82729181"
              ],
              "failures": [],
              "pending": [],
              "skipped": [],
              "duration": 2231,
              "root": false,
              "rootEmpty": false,
              "_timeout": 2000
            },
            {
              "uuid": "b2a65e83-cc4e-40b5-998e-49ef6ce69b45",
              "title": "Error Handling",
              "fullFile": "",
              "file": "",
              "beforeHooks": [],
              "afterHooks": [],
              "tests": [
                {
                  "title": "should not display error states in normal operation",
                  "fullTitle": "All Widgets Integration Error Handling should not display error states in normal operation",
                  "timedOut": null,
                  "duration": 455,
                  "state": "passed",
                  "speed": "fast",
                  "pass": true,
                  "fail": false,
                  "pending": false,
                  "context": null,
                  "code": "// Verify no error indicators are shown\ncy.get('[data-testid*=\"error\"]').should('not.exist');\n// Verify no error messages in widgets\ncy.get('[role=\"alert\"]').should('not.exist');",
                  "err": {},
                  "uuid": "a2d9a2a6-d921-4eba-9c8a-222a29193dbc",
                  "parentUUID": "b2a65e83-cc4e-40b5-998e-49ef6ce69b45",
                  "isHook": false,
                  "skipped": false
                }
              ],
              "suites": [],
              "passes": [
                "a2d9a2a6-d921-4eba-9c8a-222a29193dbc"
              ],
              "failures": [],
              "pending": [],
              "skipped": [],
              "duration": 455,
              "root": false,
              "rootEmpty": false,
              "_timeout": 2000
            },
            {
              "uuid": "0cd9b46f-a9f4-4616-a010-ff6cc9178dde",
              "title": "Basic Accessibility",
              "fullFile": "",
              "file": "",
              "beforeHooks": [],
              "afterHooks": [],
              "tests": [
                {
                  "title": "should have proper ARIA attributes on interactive elements",
                  "fullTitle": "All Widgets Integration Basic Accessibility should have proper ARIA attributes on interactive elements",
                  "timedOut": null,
                  "duration": 1028,
                  "state": "passed",
                  "speed": "fast",
                  "pass": true,
                  "fail": false,
                  "pending": false,
                  "context": null,
                  "code": "cy.checkA11y();",
                  "err": {},
                  "uuid": "7e2b1ab7-fbca-4a9f-b525-e368172a0144",
                  "parentUUID": "0cd9b46f-a9f4-4616-a010-ff6cc9178dde",
                  "isHook": false,
                  "skipped": false
                },
                {
                  "title": "should have accessible labels on security level selectors",
                  "fullTitle": "All Widgets Integration Basic Accessibility should have accessible labels on security level selectors",
                  "timedOut": null,
                  "duration": 463,
                  "state": "passed",
                  "speed": "fast",
                  "pass": true,
                  "fail": false,
                  "pending": false,
                  "context": null,
                  "code": "const selectorLabels = [\n    {\n        selector: _support_selectors__WEBPACK_IMPORTED_MODULE_0__.securityLevelWidget.availabilitySelect,\n        labelFor: 'availability-select',\n        label: 'Availability',\n    },\n    {\n        selector: _support_selectors__WEBPACK_IMPORTED_MODULE_0__.securityLevelWidget.integritySelect,\n        labelFor: 'integrity-select',\n        label: 'Integrity',\n    },\n    {\n        selector: _support_selectors__WEBPACK_IMPORTED_MODULE_0__.securityLevelWidget.confidentialitySelect,\n        labelFor: 'confidentiality-select',\n        label: 'Confidentiality',\n    },\n];\nselectorLabels.forEach(({ selector, labelFor, label }) => {\n    cy.get(selector)\n        .should('exist')\n        .and('have.attr', 'id', labelFor);\n    cy.get(`label[for=\"${labelFor}\"]`)\n        .should('exist')\n        .and('contain.text', label);\n});",
                  "err": {},
                  "uuid": "d1474092-af2e-4189-bafd-5bbcd3859d46",
                  "parentUUID": "0cd9b46f-a9f4-4616-a010-ff6cc9178dde",
                  "isHook": false,
                  "skipped": false
                }
              ],
              "suites": [],
              "passes": [
                "7e2b1ab7-fbca-4a9f-b525-e368172a0144",
                "d1474092-af2e-4189-bafd-5bbcd3859d46"
              ],
              "failures": [],
              "pending": [],
              "skipped": [],
              "duration": 1491,
              "root": false,
              "rootEmpty": false,
              "_timeout": 2000
            },
            {
              "uuid": "f640b34d-25ec-46c8-8097-b648328485b8",
              "title": "Performance",
              "fullFile": "",
              "file": "",
              "beforeHooks": [],
              "afterHooks": [],
              "tests": [
                {
                  "title": "should load all widgets within acceptable time",
                  "fullTitle": "All Widgets Integration Performance should load all widgets within acceptable time",
                  "timedOut": null,
                  "duration": 1077,
                  "state": "passed",
                  "speed": "fast",
                  "pass": true,
                  "fail": false,
                  "pending": false,
                  "context": null,
                  "code": "const startTime = Date.now();\ncy.visit('/');\ncy.waitForWidget('widget-security-level');\ncy.then(() => {\n    const loadTime = Date.now() - startTime;\n    cy.log(`Page load time: ${loadTime}ms`);\n    // Should load within 3 seconds\n    expect(loadTime).to.be.lessThan(3000);\n});",
                  "err": {},
                  "uuid": "98d0e919-950e-45d8-aa74-9c497af05e8f",
                  "parentUUID": "f640b34d-25ec-46c8-8097-b648328485b8",
                  "isHook": false,
                  "skipped": false
                },
                {
                  "title": "should respond to interactions quickly",
                  "fullTitle": "All Widgets Integration Performance should respond to interactions quickly",
                  "timedOut": null,
                  "duration": 584,
                  "state": "passed",
                  "speed": "fast",
                  "pass": true,
                  "fail": false,
                  "pending": false,
                  "context": null,
                  "code": "const startTime = Date.now();\ncy.get(_support_selectors__WEBPACK_IMPORTED_MODULE_0__.securityLevelWidget.availabilitySelect)\n    .select(_support_constants__WEBPACK_IMPORTED_MODULE_1__.SECURITY_LEVELS.HIGH, { force: true });\ncy.then(() => {\n    const responseTime = Date.now() - startTime;\n    cy.log(`Response time: ${responseTime}ms`);\n    // Should respond within 500ms\n    expect(responseTime).to.be.lessThan(500);\n});",
                  "err": {},
                  "uuid": "6998bfdf-b126-497f-9ac8-8768179fb4e5",
                  "parentUUID": "f640b34d-25ec-46c8-8097-b648328485b8",
                  "isHook": false,
                  "skipped": false
                }
              ],
              "suites": [],
              "passes": [
                "98d0e919-950e-45d8-aa74-9c497af05e8f",
                "6998bfdf-b126-497f-9ac8-8768179fb4e5"
              ],
              "failures": [],
              "pending": [],
              "skipped": [],
              "duration": 1661,
              "root": false,
              "rootEmpty": false,
              "_timeout": 2000
            },
            {
              "uuid": "3b037185-a45b-4386-a235-ebfedcff8352",
              "title": "State Persistence",
              "fullFile": "",
              "file": "",
              "beforeHooks": [],
              "afterHooks": [],
              "tests": [
                {
                  "title": "should maintain security levels across widget interactions",
                  "fullTitle": "All Widgets Integration State Persistence should maintain security levels across widget interactions",
                  "timedOut": null,
                  "duration": 2097,
                  "state": "passed",
                  "speed": "fast",
                  "pass": true,
                  "fail": false,
                  "pending": false,
                  "context": null,
                  "code": "// Set initial levels\ncy.get(_support_selectors__WEBPACK_IMPORTED_MODULE_0__.securityLevelWidget.availabilitySelect).select(_support_constants__WEBPACK_IMPORTED_MODULE_1__.SECURITY_LEVELS.HIGH, { force: true });\ncy.wait(200);\ncy.get(_support_selectors__WEBPACK_IMPORTED_MODULE_0__.securityLevelWidget.integritySelect).select(_support_constants__WEBPACK_IMPORTED_MODULE_1__.SECURITY_LEVELS.MODERATE, { force: true });\ncy.wait(200);\ncy.get(_support_selectors__WEBPACK_IMPORTED_MODULE_0__.securityLevelWidget.confidentialitySelect).select(_support_constants__WEBPACK_IMPORTED_MODULE_1__.SECURITY_LEVELS.HIGH, { force: true });\ncy.wait(500);\n// Verify levels are set\ncy.get(_support_selectors__WEBPACK_IMPORTED_MODULE_0__.securityLevelWidget.availabilitySelect).should('have.value', _support_constants__WEBPACK_IMPORTED_MODULE_1__.SECURITY_LEVELS.HIGH);\ncy.get(_support_selectors__WEBPACK_IMPORTED_MODULE_0__.securityLevelWidget.integritySelect).should('have.value', _support_constants__WEBPACK_IMPORTED_MODULE_1__.SECURITY_LEVELS.MODERATE);\ncy.get(_support_selectors__WEBPACK_IMPORTED_MODULE_0__.securityLevelWidget.confidentialitySelect).should('have.value', _support_constants__WEBPACK_IMPORTED_MODULE_1__.SECURITY_LEVELS.HIGH);\n// Interact with another widget (scroll to it)\ncy.get(_support_selectors__WEBPACK_IMPORTED_MODULE_0__.costEstimationWidget.root).scrollIntoView();\ncy.wait(300);\n// Verify levels are still set\ncy.get(_support_selectors__WEBPACK_IMPORTED_MODULE_0__.securityLevelWidget.availabilitySelect).should('have.value', _support_constants__WEBPACK_IMPORTED_MODULE_1__.SECURITY_LEVELS.HIGH);\ncy.get(_support_selectors__WEBPACK_IMPORTED_MODULE_0__.securityLevelWidget.integritySelect).should('have.value', _support_constants__WEBPACK_IMPORTED_MODULE_1__.SECURITY_LEVELS.MODERATE);\ncy.get(_support_selectors__WEBPACK_IMPORTED_MODULE_0__.securityLevelWidget.confidentialitySelect).should('have.value', _support_constants__WEBPACK_IMPORTED_MODULE_1__.SECURITY_LEVELS.HIGH);",
                  "err": {},
                  "uuid": "e505a054-7cee-4a00-bd04-c1689d8f067f",
                  "parentUUID": "3b037185-a45b-4386-a235-ebfedcff8352",
                  "isHook": false,
                  "skipped": false
                }
              ],
              "suites": [],
              "passes": [
                "e505a054-7cee-4a00-bd04-c1689d8f067f"
              ],
              "failures": [],
              "pending": [],
              "skipped": [],
              "duration": 2097,
              "root": false,
              "rootEmpty": false,
              "_timeout": 2000
            }
          ],
          "passes": [],
          "failures": [],
          "pending": [],
          "skipped": [],
          "duration": 0,
          "root": false,
          "rootEmpty": false,
          "_timeout": 2000
        }
      ],
      "passes": [],
      "failures": [],
      "pending": [],
      "skipped": [],
      "duration": 0,
      "root": true,
      "rootEmpty": true,
      "_timeout": 2000
    }
  ],
  "meta": {
    "mocha": {
      "version": "7.2.0"
    },
    "mochawesome": {
      "options": {
        "quiet": false,
        "reportFilename": "mochawesome",
        "saveHtml": true,
        "saveJson": true,
        "consoleReporter": "spec",
        "useInlineDiffs": false,
        "code": true
      },
      "version": "7.1.4"
    },
    "marge": {
      "options": {
        "id": "default",
        "reportDir": "build/cypress/mochawesome",
        "overwrite": false,
        "html": true,
        "json": true,
        "code": true,
        "timestamp": "mmddyyyy_HHMMss",
        "charts": true,
        "showHooks": "failed",
        "embeddedScreenshots": true
      },
      "version": "6.3.2"
    }
  }
}