{
  "stats": {
    "suites": 7,
    "tests": 14,
    "passes": 14,
    "pending": 0,
    "failures": 0,
    "start": "2026-06-05T18:24:14.626Z",
    "end": "2026-06-05T18:24:52.636Z",
    "duration": 38010,
    "testsRegistered": 14,
    "passPercent": 100,
    "pendingPercent": 0,
    "other": 0,
    "hasOther": false,
    "skipped": 0,
    "hasSkipped": false
  },
  "results": [
    {
      "uuid": "11d79429-601f-44b6-a152-29ee9bccecd4",
      "title": "",
      "fullFile": "cypress/e2e/workflows/complete-assessment.cy.ts",
      "file": "cypress/e2e/workflows/complete-assessment.cy.ts",
      "beforeHooks": [],
      "afterHooks": [],
      "tests": [],
      "suites": [
        {
          "uuid": "9f2276fb-07d1-4608-9ed4-985c8f63eaaf",
          "title": "Complete Assessment Workflow",
          "fullFile": "",
          "file": "",
          "beforeHooks": [],
          "afterHooks": [],
          "tests": [],
          "suites": [
            {
              "uuid": "913dbe15-56a8-45ec-873c-76bf8e6fdc23",
              "title": "New User Assessment Journey",
              "fullFile": "",
              "file": "",
              "beforeHooks": [],
              "afterHooks": [],
              "tests": [
                {
                  "title": "should guide user through complete assessment process",
                  "fullTitle": "Complete Assessment Workflow New User Assessment Journey should guide user through complete assessment process",
                  "timedOut": null,
                  "duration": 3278,
                  "state": "passed",
                  "speed": "fast",
                  "pass": true,
                  "fail": false,
                  "pending": false,
                  "context": null,
                  "code": "cy.log(\"🎯 Starting new user assessment workflow\");\n// Step 1: Verify initial state - no security levels selected\ncy.log(\"Step 1: Verifying initial application state\");\ncy.get(\"body\").should(\"be.visible\");\ncy.get(\"select\").should(\"have.length.at.least\", 3);\n// Step 2-4: User selects security levels systematically\ncy.log(\"Step 2-4: Selecting security levels\");\ncy.setSecurityLevels(_support_constants__WEBPACK_IMPORTED_MODULE_0__.SECURITY_LEVELS.MODERATE, // Availability\n_support_constants__WEBPACK_IMPORTED_MODULE_0__.SECURITY_LEVELS.HIGH, // Integrity\n_support_constants__WEBPACK_IMPORTED_MODULE_0__.SECURITY_LEVELS.HIGH // Confidentiality\n);\n// Verify selections persisted\ncy.get(\"select\").eq(0).should(\"have.value\", _support_constants__WEBPACK_IMPORTED_MODULE_0__.SECURITY_LEVELS.MODERATE);\ncy.get(\"select\").eq(1).should(\"have.value\", _support_constants__WEBPACK_IMPORTED_MODULE_0__.SECURITY_LEVELS.HIGH);\ncy.get(\"select\").eq(2).should(\"have.value\", _support_constants__WEBPACK_IMPORTED_MODULE_0__.SECURITY_LEVELS.HIGH);\n// Step 5: Review Security Summary\ncy.log(\"Step 5: Reviewing security summary\");\ncy.get('[data-testid*=\"security-summary\"], [data-testid*=\"summary\"]').then(($widgets) => {\n    if ($widgets.length > 0) {\n        cy.log(\"✓ Security summary widget found\");\n        expect($widgets.length).to.be.at.least(1);\n    }\n    else {\n        cy.log(\"ℹ Security summary not visible - may be in collapsed state\");\n    }\n});\n// Step 6: Review Business Impact Analysis\ncy.log(\"Step 6: Reviewing business impact analysis\");\ncy.get('[data-testid*=\"business-impact\"], [data-testid*=\"impact\"]').then(($widgets) => {\n    if ($widgets.length > 0) {\n        cy.log(`✓ Found ${$widgets.length} impact analysis widgets`);\n        // Check for impact categories\n        const impactText = $widgets.text().toLowerCase();\n        const hasImpactCategories = impactText.includes(\"financial\") ||\n            impactText.includes(\"operational\") ||\n            impactText.includes(\"reputational\") ||\n            impactText.includes(\"regulatory\");\n        if (hasImpactCategories) {\n            cy.log(\"✓ Impact analysis shows business impact categories\");\n        }\n    }\n});\n// Step 7: Review Compliance Status\ncy.log(\"Step 7: Reviewing compliance status\");\ncy.get('[data-testid*=\"compliance\"]').then(($widgets) => {\n    if ($widgets.length > 0) {\n        cy.log(`✓ Found ${$widgets.length} compliance widgets`);\n        // Verify compliance frameworks are mentioned\n        const text = $widgets.text().toLowerCase();\n        const hasFrameworks = text.includes(\"nist\") ||\n            text.includes(\"iso\") ||\n            text.includes(\"gdpr\") ||\n            text.includes(\"hipaa\") ||\n            text.includes(\"pci\");\n        if (hasFrameworks) {\n            cy.log(\"✓ Compliance frameworks detected\");\n        }\n    }\n});\n// Step 8: Review Cost Estimation\ncy.log(\"Step 8: Reviewing cost estimation\");\ncy.get('[data-testid*=\"cost\"], [data-testid*=\"capex\"], [data-testid*=\"opex\"]').then(($widgets) => {\n    if ($widgets.length > 0) {\n        cy.log(`✓ Found ${$widgets.length} cost-related elements`);\n        // Verify cost values are present\n        const text = $widgets.text();\n        const hasCostValues = text.includes(\"$\") ||\n            text.includes(\"€\") ||\n            text.includes(\"£\") ||\n            /\\d+%/.test(text);\n        if (hasCostValues) {\n            cy.log(\"✓ Cost estimation values displayed\");\n        }\n    }\n});\n// Step 9: Review Technical Implementation Details\ncy.log(\"Step 9: Reviewing technical details\");\ncy.get('[data-testid*=\"technical\"], [data-testid*=\"implementation\"]').then(($widgets) => {\n    if ($widgets.length > 0) {\n        cy.log(`✓ Found ${$widgets.length} technical detail elements`);\n    }\n});\n// Step 10: Verify all widgets are responsive and functional\ncy.log(\"Step 10: Verifying all widgets loaded successfully\");\ncy.verifyMinimumWidgets(5);\ncy.log(\"✅ Complete assessment workflow validated\");",
                  "err": {},
                  "uuid": "0864eda3-4230-4571-866c-de3f0b84cc03",
                  "parentUUID": "913dbe15-56a8-45ec-873c-76bf8e6fdc23",
                  "isHook": false,
                  "skipped": false
                },
                {
                  "title": "should maintain assessment state during navigation",
                  "fullTitle": "Complete Assessment Workflow New User Assessment Journey should maintain assessment state during navigation",
                  "timedOut": null,
                  "duration": 2957,
                  "state": "passed",
                  "speed": "fast",
                  "pass": true,
                  "fail": false,
                  "pending": false,
                  "context": null,
                  "code": "cy.log(\"🔄 Testing state persistence\");\n// Set security levels\ncy.setSecurityLevels(_support_constants__WEBPACK_IMPORTED_MODULE_0__.SECURITY_LEVELS.HIGH, _support_constants__WEBPACK_IMPORTED_MODULE_0__.SECURITY_LEVELS.MODERATE, _support_constants__WEBPACK_IMPORTED_MODULE_0__.SECURITY_LEVELS.HIGH);\n// Verify selections\ncy.get(\"select\").eq(0).should(\"have.value\", _support_constants__WEBPACK_IMPORTED_MODULE_0__.SECURITY_LEVELS.HIGH);\ncy.get(\"select\").eq(1).should(\"have.value\", _support_constants__WEBPACK_IMPORTED_MODULE_0__.SECURITY_LEVELS.MODERATE);\ncy.get(\"select\").eq(2).should(\"have.value\", _support_constants__WEBPACK_IMPORTED_MODULE_0__.SECURITY_LEVELS.HIGH);\n// Reload page\ncy.reload();\ncy.ensureAppLoaded();\n// Verify state persisted (if localStorage is used)\ncy.window().then((win) => {\n    const storedData = win.localStorage.getItem(\"securityLevels\");\n    if (storedData) {\n        cy.log(\"✓ Security levels persisted in localStorage\");\n        expect(storedData).to.exist;\n    }\n    else {\n        cy.log(\"ℹ No localStorage persistence - using default session state\");\n    }\n});",
                  "err": {},
                  "uuid": "280d9c8f-b9ed-465e-8bcb-d83d64f0e72d",
                  "parentUUID": "913dbe15-56a8-45ec-873c-76bf8e6fdc23",
                  "isHook": false,
                  "skipped": false
                }
              ],
              "suites": [],
              "passes": [
                "0864eda3-4230-4571-866c-de3f0b84cc03",
                "280d9c8f-b9ed-465e-8bcb-d83d64f0e72d"
              ],
              "failures": [],
              "pending": [],
              "skipped": [],
              "duration": 6235,
              "root": false,
              "rootEmpty": false,
              "_timeout": 2000
            },
            {
              "uuid": "e205d261-93e1-43b0-844c-2571e860497b",
              "title": "Assessment Modification Workflow",
              "fullFile": "",
              "file": "",
              "beforeHooks": [],
              "afterHooks": [],
              "tests": [
                {
                  "title": "should allow users to modify and update their assessment",
                  "fullTitle": "Complete Assessment Workflow Assessment Modification Workflow should allow users to modify and update their assessment",
                  "timedOut": null,
                  "duration": 6836,
                  "state": "passed",
                  "speed": "medium",
                  "pass": true,
                  "fail": false,
                  "pending": false,
                  "context": null,
                  "code": "cy.log(\"🔄 Starting assessment modification workflow\");\n// Initial assessment: Low security across the board\ncy.log(\"Phase 1: Creating initial low-security assessment\");\ncy.setSecurityLevels(_support_constants__WEBPACK_IMPORTED_MODULE_0__.SECURITY_LEVELS.LOW, _support_constants__WEBPACK_IMPORTED_MODULE_0__.SECURITY_LEVELS.LOW, _support_constants__WEBPACK_IMPORTED_MODULE_0__.SECURITY_LEVELS.LOW);\n// Capture initial state\ncy.get('[data-testid*=\"cost\"]')\n    .first()\n    .invoke(\"text\")\n    .then((initialCost) => {\n    cy.log(`Initial cost state captured: ${initialCost.slice(0, 50)}...`);\n    // User realizes they need higher security - upgrade to High\n    cy.log(\"Phase 2: Upgrading to high security\");\n    cy.setSecurityLevels(_support_constants__WEBPACK_IMPORTED_MODULE_0__.SECURITY_LEVELS.HIGH, _support_constants__WEBPACK_IMPORTED_MODULE_0__.SECURITY_LEVELS.HIGH, _support_constants__WEBPACK_IMPORTED_MODULE_0__.SECURITY_LEVELS.HIGH);\n    // Verify cost widget updated\n    cy.get('[data-testid*=\"cost\"]')\n        .first()\n        .invoke(\"text\")\n        .then((newText) => {\n        // Cost display should have changed\n        cy.log(`New cost state: ${newText.slice(0, 50)}...`);\n        // Verify the widget updated with valid content\n        expect(newText.length).to.be.greaterThan(0);\n        // Optionally verify it changed from initial state\n        cy.log(`Cost changed: ${initialCost !== newText}`);\n    });\n});\n// User adjusts to balanced approach\ncy.log(\"Phase 3: Adjusting to balanced security posture\");\ncy.setSecurityLevels(_support_constants__WEBPACK_IMPORTED_MODULE_0__.SECURITY_LEVELS.MODERATE, _support_constants__WEBPACK_IMPORTED_MODULE_0__.SECURITY_LEVELS.HIGH, _support_constants__WEBPACK_IMPORTED_MODULE_0__.SECURITY_LEVELS.MODERATE);\n// Verify all widgets updated\ncy.get('[data-testid*=\"widget\"]').should(\"exist\");\ncy.log(\"✅ Assessment modification workflow completed\");",
                  "err": {},
                  "uuid": "0ef11e47-cf69-4b08-aab4-250adde72db1",
                  "parentUUID": "e205d261-93e1-43b0-844c-2571e860497b",
                  "isHook": false,
                  "skipped": false
                }
              ],
              "suites": [],
              "passes": [
                "0ef11e47-cf69-4b08-aab4-250adde72db1"
              ],
              "failures": [],
              "pending": [],
              "skipped": [],
              "duration": 6836,
              "root": false,
              "rootEmpty": false,
              "_timeout": 2000
            },
            {
              "uuid": "fa849e05-6442-4b39-bcfc-d05680441c62",
              "title": "Multi-Scenario Comparison",
              "fullFile": "",
              "file": "",
              "beforeHooks": [],
              "afterHooks": [],
              "tests": [
                {
                  "title": "should assess Minimum Security scenario correctly",
                  "fullTitle": "Complete Assessment Workflow Multi-Scenario Comparison should assess Minimum Security scenario correctly",
                  "timedOut": null,
                  "duration": 2761,
                  "state": "passed",
                  "speed": "fast",
                  "pass": true,
                  "fail": false,
                  "pending": false,
                  "context": null,
                  "code": "cy.log(`📊 Testing scenario: ${scenario.name}`);\n// Set security levels for scenario\ncy.setSecurityLevels(scenario.availability, scenario.integrity, scenario.confidentiality);\n// Verify levels were set\ncy.get(\"select\")\n    .eq(0)\n    .should(\"have.value\", scenario.availability);\ncy.get(\"select\").eq(1).should(\"have.value\", scenario.integrity);\ncy.get(\"select\")\n    .eq(2)\n    .should(\"have.value\", scenario.confidentiality);\n// Capture scenario results\ncy.get(\"body\").then(($body) => {\n    const pageText = $body.text();\n    cy.log(`Scenario ${scenario.name}: Assessment complete`);\n    cy.log(`Page contains ${pageText.length} characters of content`);\n});\n// Verify widgets are rendering for this scenario\ncy.verifyMinimumWidgets(5);\ncy.log(`✅ ${scenario.name} scenario validated`);",
                  "err": {},
                  "uuid": "a2a5eca5-68d3-4782-b161-4f45ebb12fc6",
                  "parentUUID": "fa849e05-6442-4b39-bcfc-d05680441c62",
                  "isHook": false,
                  "skipped": false
                },
                {
                  "title": "should assess Balanced Security scenario correctly",
                  "fullTitle": "Complete Assessment Workflow Multi-Scenario Comparison should assess Balanced Security scenario correctly",
                  "timedOut": null,
                  "duration": 2288,
                  "state": "passed",
                  "speed": "fast",
                  "pass": true,
                  "fail": false,
                  "pending": false,
                  "context": null,
                  "code": "cy.log(`📊 Testing scenario: ${scenario.name}`);\n// Set security levels for scenario\ncy.setSecurityLevels(scenario.availability, scenario.integrity, scenario.confidentiality);\n// Verify levels were set\ncy.get(\"select\")\n    .eq(0)\n    .should(\"have.value\", scenario.availability);\ncy.get(\"select\").eq(1).should(\"have.value\", scenario.integrity);\ncy.get(\"select\")\n    .eq(2)\n    .should(\"have.value\", scenario.confidentiality);\n// Capture scenario results\ncy.get(\"body\").then(($body) => {\n    const pageText = $body.text();\n    cy.log(`Scenario ${scenario.name}: Assessment complete`);\n    cy.log(`Page contains ${pageText.length} characters of content`);\n});\n// Verify widgets are rendering for this scenario\ncy.verifyMinimumWidgets(5);\ncy.log(`✅ ${scenario.name} scenario validated`);",
                  "err": {},
                  "uuid": "10203401-ef58-41a4-bb63-bcfe431dec90",
                  "parentUUID": "fa849e05-6442-4b39-bcfc-d05680441c62",
                  "isHook": false,
                  "skipped": false
                },
                {
                  "title": "should assess Maximum Security scenario correctly",
                  "fullTitle": "Complete Assessment Workflow Multi-Scenario Comparison should assess Maximum Security scenario correctly",
                  "timedOut": null,
                  "duration": 2646,
                  "state": "passed",
                  "speed": "fast",
                  "pass": true,
                  "fail": false,
                  "pending": false,
                  "context": null,
                  "code": "cy.log(`📊 Testing scenario: ${scenario.name}`);\n// Set security levels for scenario\ncy.setSecurityLevels(scenario.availability, scenario.integrity, scenario.confidentiality);\n// Verify levels were set\ncy.get(\"select\")\n    .eq(0)\n    .should(\"have.value\", scenario.availability);\ncy.get(\"select\").eq(1).should(\"have.value\", scenario.integrity);\ncy.get(\"select\")\n    .eq(2)\n    .should(\"have.value\", scenario.confidentiality);\n// Capture scenario results\ncy.get(\"body\").then(($body) => {\n    const pageText = $body.text();\n    cy.log(`Scenario ${scenario.name}: Assessment complete`);\n    cy.log(`Page contains ${pageText.length} characters of content`);\n});\n// Verify widgets are rendering for this scenario\ncy.verifyMinimumWidgets(5);\ncy.log(`✅ ${scenario.name} scenario validated`);",
                  "err": {},
                  "uuid": "148c3961-649f-497d-b85d-e16f30d28262",
                  "parentUUID": "fa849e05-6442-4b39-bcfc-d05680441c62",
                  "isHook": false,
                  "skipped": false
                },
                {
                  "title": "should show meaningful differences between scenarios",
                  "fullTitle": "Complete Assessment Workflow Multi-Scenario Comparison should show meaningful differences between scenarios",
                  "timedOut": null,
                  "duration": 4643,
                  "state": "passed",
                  "speed": "fast",
                  "pass": true,
                  "fail": false,
                  "pending": false,
                  "context": null,
                  "code": "cy.log(\"📊 Comparing Low vs High security scenarios\");\n// Test Low security\ncy.log(\"Phase 1: Testing Low security\");\ncy.setSecurityLevels(_support_constants__WEBPACK_IMPORTED_MODULE_0__.SECURITY_LEVELS.LOW, _support_constants__WEBPACK_IMPORTED_MODULE_0__.SECURITY_LEVELS.LOW, _support_constants__WEBPACK_IMPORTED_MODULE_0__.SECURITY_LEVELS.LOW);\nlet lowSecurityText = \"\";\ncy.get(\"body\")\n    .invoke(\"text\")\n    .then((text) => {\n    lowSecurityText = text.toLowerCase();\n});\n// Test High security\ncy.log(\"Phase 2: Testing High security\");\ncy.setSecurityLevels(_support_constants__WEBPACK_IMPORTED_MODULE_0__.SECURITY_LEVELS.HIGH, _support_constants__WEBPACK_IMPORTED_MODULE_0__.SECURITY_LEVELS.HIGH, _support_constants__WEBPACK_IMPORTED_MODULE_0__.SECURITY_LEVELS.HIGH);\ncy.get(\"body\")\n    .invoke(\"text\")\n    .then((highSecurityText) => {\n    // Verify the content changed between scenarios\n    const textChanged = highSecurityText.toLowerCase() !== lowSecurityText;\n    expect(textChanged).to.be.true;\n    cy.log(\"✓ Content differs between Low and High security scenarios\");\n});",
                  "err": {},
                  "uuid": "51f58301-8ce8-4c50-9d1c-9ee6f4fc846f",
                  "parentUUID": "fa849e05-6442-4b39-bcfc-d05680441c62",
                  "isHook": false,
                  "skipped": false
                }
              ],
              "suites": [],
              "passes": [
                "a2a5eca5-68d3-4782-b161-4f45ebb12fc6",
                "10203401-ef58-41a4-bb63-bcfe431dec90",
                "148c3961-649f-497d-b85d-e16f30d28262",
                "51f58301-8ce8-4c50-9d1c-9ee6f4fc846f"
              ],
              "failures": [],
              "pending": [],
              "skipped": [],
              "duration": 12338,
              "root": false,
              "rootEmpty": false,
              "_timeout": 2000
            },
            {
              "uuid": "7693badf-c78a-4e7b-8e5d-4984f38cea7f",
              "title": "Error Handling and Edge Cases",
              "fullFile": "",
              "file": "",
              "beforeHooks": [],
              "afterHooks": [],
              "tests": [
                {
                  "title": "should handle rapid security level changes gracefully",
                  "fullTitle": "Complete Assessment Workflow Error Handling and Edge Cases should handle rapid security level changes gracefully",
                  "timedOut": null,
                  "duration": 1856,
                  "state": "passed",
                  "speed": "fast",
                  "pass": true,
                  "fail": false,
                  "pending": false,
                  "context": null,
                  "code": "cy.log(\"⚡ Testing rapid security level changes\");\n// Rapidly change security levels\nconst levels = [\n    _support_constants__WEBPACK_IMPORTED_MODULE_0__.SECURITY_LEVELS.LOW,\n    _support_constants__WEBPACK_IMPORTED_MODULE_0__.SECURITY_LEVELS.HIGH,\n    _support_constants__WEBPACK_IMPORTED_MODULE_0__.SECURITY_LEVELS.MODERATE,\n    _support_constants__WEBPACK_IMPORTED_MODULE_0__.SECURITY_LEVELS.HIGH,\n    _support_constants__WEBPACK_IMPORTED_MODULE_0__.SECURITY_LEVELS.LOW,\n];\nlevels.forEach((level, index) => {\n    cy.log(`Rapid change ${index + 1}: ${level}`);\n    cy.get(\"select\").eq(0).select(level, { force: true });\n});\n// Verify no errors occurred\ncy.window().then((win) => {\n    // Check for console errors if tracking is enabled\n    if (win.consoleErrors) {\n        const criticalErrors = win.consoleErrors.filter((msg) => msg.includes(\"error\") ||\n            msg.includes(\"undefined\") ||\n            msg.includes(\"null\"));\n        expect(criticalErrors).to.have.length(0, \"No critical errors during rapid changes\");\n    }\n});\n// Verify app still functional\ncy.verifyMinimumWidgets(5);\ncy.log(\"✅ Rapid changes handled gracefully\");",
                  "err": {},
                  "uuid": "7840a651-404d-4a71-b83e-d32a049b8579",
                  "parentUUID": "7693badf-c78a-4e7b-8e5d-4984f38cea7f",
                  "isHook": false,
                  "skipped": false
                },
                {
                  "title": "should recover from invalid localStorage data",
                  "fullTitle": "Complete Assessment Workflow Error Handling and Edge Cases should recover from invalid localStorage data",
                  "timedOut": null,
                  "duration": 1282,
                  "state": "passed",
                  "speed": "fast",
                  "pass": true,
                  "fail": false,
                  "pending": false,
                  "context": null,
                  "code": "cy.log(\"🔧 Testing recovery from corrupted state\");\n// Inject invalid data into localStorage\ncy.window().then((win) => {\n    win.localStorage.setItem(\"securityLevels\", '{\"invalid\": \"data\"}');\n    win.localStorage.setItem(\"assessmentData\", \"invalid-json\");\n});\n// Reload page\ncy.reload();\ncy.ensureAppLoaded();\n// App should recover and show default state\ncy.get(\"select\").should(\"have.length.at.least\", 3);\ncy.verifyMinimumWidgets(5);\ncy.log(\"✅ Application recovered from invalid state\");",
                  "err": {},
                  "uuid": "27876e4a-2473-4dce-9aac-64fbd36421bc",
                  "parentUUID": "7693badf-c78a-4e7b-8e5d-4984f38cea7f",
                  "isHook": false,
                  "skipped": false
                }
              ],
              "suites": [],
              "passes": [
                "7840a651-404d-4a71-b83e-d32a049b8579",
                "27876e4a-2473-4dce-9aac-64fbd36421bc"
              ],
              "failures": [],
              "pending": [],
              "skipped": [],
              "duration": 3138,
              "root": false,
              "rootEmpty": false,
              "_timeout": 2000
            },
            {
              "uuid": "b3309ab0-e159-40f6-a341-28743d802db0",
              "title": "Performance Validation",
              "fullFile": "",
              "file": "",
              "beforeHooks": [],
              "afterHooks": [],
              "tests": [
                {
                  "title": "should complete assessment workflow within acceptable time",
                  "fullTitle": "Complete Assessment Workflow Performance Validation should complete assessment workflow within acceptable time",
                  "timedOut": null,
                  "duration": 2545,
                  "state": "passed",
                  "speed": "fast",
                  "pass": true,
                  "fail": false,
                  "pending": false,
                  "context": null,
                  "code": "cy.then(() => {\n    const startTime = Date.now();\n    // Complete full assessment\n    cy.setSecurityLevels(_support_constants__WEBPACK_IMPORTED_MODULE_0__.SECURITY_LEVELS.HIGH, _support_constants__WEBPACK_IMPORTED_MODULE_0__.SECURITY_LEVELS.HIGH, _support_constants__WEBPACK_IMPORTED_MODULE_0__.SECURITY_LEVELS.MODERATE);\n    // Verify all widgets loaded\n    cy.get('[data-testid*=\"widget\"]').should(\"have.length.at.least\", 5);\n    cy.then(() => {\n        const duration = Date.now() - startTime;\n        cy.log(`Assessment workflow completed in ${duration}ms`);\n        // Adjusted for setSecurityLevels internal waits (~1400ms)\n        expect(duration).to.be.lessThan(6000); // 6 second max\n    });\n});",
                  "err": {},
                  "uuid": "8fb1629e-8c78-47d4-8927-125cbe12771b",
                  "parentUUID": "b3309ab0-e159-40f6-a341-28743d802db0",
                  "isHook": false,
                  "skipped": false
                },
                {
                  "title": "should respond quickly to security level changes",
                  "fullTitle": "Complete Assessment Workflow Performance Validation should respond quickly to security level changes",
                  "timedOut": null,
                  "duration": 674,
                  "state": "passed",
                  "speed": "fast",
                  "pass": true,
                  "fail": false,
                  "pending": false,
                  "context": null,
                  "code": "cy.log(\"⚡ Testing interaction response time\");\ncy.then(() => {\n    const startTime = Date.now();\n    cy.get(\"select\")\n        .eq(0)\n        .select(_support_constants__WEBPACK_IMPORTED_MODULE_0__.SECURITY_LEVELS.HIGH, { force: true });\n    cy.then(() => {\n        const responseTime = Date.now() - startTime;\n        cy.log(`Response time: ${responseTime}ms`);\n        expect(responseTime).to.be.lessThan(1000); // 1 second max\n    });\n});",
                  "err": {},
                  "uuid": "0472448e-594c-4f8c-b0ff-bfeac5bb659c",
                  "parentUUID": "b3309ab0-e159-40f6-a341-28743d802db0",
                  "isHook": false,
                  "skipped": false
                }
              ],
              "suites": [],
              "passes": [
                "8fb1629e-8c78-47d4-8927-125cbe12771b",
                "0472448e-594c-4f8c-b0ff-bfeac5bb659c"
              ],
              "failures": [],
              "pending": [],
              "skipped": [],
              "duration": 3219,
              "root": false,
              "rootEmpty": false,
              "_timeout": 2000
            },
            {
              "uuid": "52b1e029-3b2f-42fc-8baf-6f7bbb86c2dd",
              "title": "UI/UX Redesign Validation",
              "fullFile": "",
              "file": "",
              "beforeHooks": [],
              "afterHooks": [],
              "tests": [
                {
                  "title": "should verify compact UI spacing across all widgets",
                  "fullTitle": "Complete Assessment Workflow UI/UX Redesign Validation should verify compact UI spacing across all widgets",
                  "timedOut": null,
                  "duration": 2657,
                  "state": "passed",
                  "speed": "fast",
                  "pass": true,
                  "fail": false,
                  "pending": false,
                  "context": null,
                  "code": "cy.log(\"🎨 Validating compact UI redesign\");\n// Set security levels to activate all widgets\ncy.setSecurityLevels(_support_constants__WEBPACK_IMPORTED_MODULE_0__.SECURITY_LEVELS.HIGH, _support_constants__WEBPACK_IMPORTED_MODULE_0__.SECURITY_LEVELS.HIGH, _support_constants__WEBPACK_IMPORTED_MODULE_0__.SECURITY_LEVELS.HIGH);\n// Check that widgets use compact spacing (p-sm, gap-sm, space-y-sm)\ncy.get('[data-testid*=\"widget\"]').then(($widgets) => {\n    let widgetsWithCompactSpacing = 0;\n    $widgets.each((_, widget) => {\n        const $widget = Cypress.$(widget);\n        const hasCompactSpacing = $widget.find('[class~=\"p-sm\"], [class~=\"gap-sm\"], [class~=\"space-y-sm\"]').length > 0;\n        if (hasCompactSpacing) {\n            widgetsWithCompactSpacing++;\n        }\n    });\n    cy.log(`✓ Found ${widgetsWithCompactSpacing} widgets with compact spacing`);\n    expect(widgetsWithCompactSpacing).to.be.greaterThan(0, 'At least some widgets should use compact spacing');\n});",
                  "err": {},
                  "uuid": "ed61016e-a3cb-478b-a896-d638abadbfc7",
                  "parentUUID": "52b1e029-3b2f-42fc-8baf-6f7bbb86c2dd",
                  "isHook": false,
                  "skipped": false
                },
                {
                  "title": "should verify widgets fit within viewport efficiently",
                  "fullTitle": "Complete Assessment Workflow UI/UX Redesign Validation should verify widgets fit within viewport efficiently",
                  "timedOut": null,
                  "duration": 628,
                  "state": "passed",
                  "speed": "fast",
                  "pass": true,
                  "fail": false,
                  "pending": false,
                  "context": null,
                  "code": "cy.log(\"📏 Validating efficient space usage\");\nconst viewportHeight = 800;\nconst maxWidgetHeight = viewportHeight * 1.5; // Widgets should fit within 1.5 viewports\n// Check AssessmentCenter widgets\nconst widgetSelectors = [\n    '[data-testid*=\"security-summary\"]',\n    '[data-testid*=\"security-level\"]',\n    '[data-testid*=\"business-impact\"]'\n];\nwidgetSelectors.forEach(selector => {\n    cy.get(selector).then(($widget) => {\n        if ($widget.length > 0) {\n            const widgetHeight = $widget[0].scrollHeight;\n            cy.log(`Widget ${selector}: ${widgetHeight}px (max: ${maxWidgetHeight}px)`);\n            // Log whether widget meets compact criteria\n            if (widgetHeight < maxWidgetHeight) {\n                cy.log(`✓ Widget fits within 1.5 viewport heights`);\n            }\n            else {\n                cy.log(`⚠ Widget exceeds 1.5 viewport heights`);\n            }\n        }\n    });\n});",
                  "err": {},
                  "uuid": "73be1311-7f1b-4d45-80fb-c9fa56ac4ff0",
                  "parentUUID": "52b1e029-3b2f-42fc-8baf-6f7bbb86c2dd",
                  "isHook": false,
                  "skipped": false
                },
                {
                  "title": "should verify responsive grid layouts on different screen sizes",
                  "fullTitle": "Complete Assessment Workflow UI/UX Redesign Validation should verify responsive grid layouts on different screen sizes",
                  "timedOut": null,
                  "duration": 1731,
                  "state": "passed",
                  "speed": "fast",
                  "pass": true,
                  "fail": false,
                  "pending": false,
                  "context": null,
                  "code": "cy.log(\"📱 Validating responsive layouts\");\nconst viewports = [\n    { width: 375, height: 667, name: 'mobile' },\n    { width: 768, height: 1024, name: 'tablet' },\n    { width: 1280, height: 800, name: 'desktop' }\n];\nviewports.forEach(viewport => {\n    cy.viewport(viewport.width, viewport.height);\n    cy.wait(300);\n    // Verify all key widgets are still visible and functional\n    cy.get('[data-testid*=\"security-level\"]').should('be.visible');\n    // Check for responsive grid classes\n    cy.get('[class*=\"grid-cols\"]').then(($grids) => {\n        if ($grids.length > 0) {\n            cy.log(`✓ Found ${$grids.length} grid layouts on ${viewport.name}`);\n        }\n    });\n});",
                  "err": {},
                  "uuid": "381ce664-c8ce-41e5-ba82-ced1a461cb0a",
                  "parentUUID": "52b1e029-3b2f-42fc-8baf-6f7bbb86c2dd",
                  "isHook": false,
                  "skipped": false
                }
              ],
              "suites": [],
              "passes": [
                "ed61016e-a3cb-478b-a896-d638abadbfc7",
                "73be1311-7f1b-4d45-80fb-c9fa56ac4ff0",
                "381ce664-c8ce-41e5-ba82-ced1a461cb0a"
              ],
              "failures": [],
              "pending": [],
              "skipped": [],
              "duration": 5016,
              "root": false,
              "rootEmpty": false,
              "_timeout": 2000
            }
          ],
          "passes": [],
          "failures": [],
          "pending": [],
          "skipped": [],
          "duration": 0,
          "root": false,
          "rootEmpty": false,
          "_timeout": 2000
        }
      ],
      "passes": [],
      "failures": [],
      "pending": [],
      "skipped": [],
      "duration": 0,
      "root": true,
      "rootEmpty": true,
      "_timeout": 2000
    }
  ],
  "meta": {
    "mocha": {
      "version": "7.2.0"
    },
    "mochawesome": {
      "options": {
        "quiet": false,
        "reportFilename": "mochawesome",
        "saveHtml": true,
        "saveJson": true,
        "consoleReporter": "spec",
        "useInlineDiffs": false,
        "code": true
      },
      "version": "7.1.4"
    },
    "marge": {
      "options": {
        "id": "default",
        "reportDir": "build/cypress/mochawesome",
        "overwrite": false,
        "html": true,
        "json": true,
        "code": true,
        "timestamp": "mmddyyyy_HHMMss",
        "charts": true,
        "showHooks": "failed",
        "embeddedScreenshots": true
      },
      "version": "6.3.2"
    }
  }
}