{
  "stats": {
    "suites": 9,
    "tests": 16,
    "passes": 16,
    "pending": 0,
    "failures": 0,
    "start": "2026-04-26T20:30:38.199Z",
    "end": "2026-04-26T20:31:02.777Z",
    "duration": 24578,
    "testsRegistered": 16,
    "passPercent": 100,
    "pendingPercent": 0,
    "other": 0,
    "hasOther": false,
    "skipped": 0,
    "hasSkipped": false
  },
  "results": [
    {
      "uuid": "e0aabb98-bba0-4ff2-ad7a-e275784b96c7",
      "title": "",
      "fullFile": "cypress/e2e/integration/all-widgets.cy.ts",
      "file": "cypress/e2e/integration/all-widgets.cy.ts",
      "beforeHooks": [],
      "afterHooks": [],
      "tests": [],
      "suites": [
        {
          "uuid": "74b428cb-1aee-4774-ad20-9aa315116e68",
          "title": "All Widgets Integration",
          "fullFile": "",
          "file": "",
          "beforeHooks": [],
          "afterHooks": [],
          "tests": [],
          "suites": [
            {
              "uuid": "a8b220ef-5062-4d97-9441-d823bcd9a258",
              "title": "Widget Rendering",
              "fullFile": "",
              "file": "",
              "beforeHooks": [],
              "afterHooks": [],
              "tests": [
                {
                  "title": "should render core widgets",
                  "fullTitle": "All Widgets Integration Widget Rendering should render core widgets",
                  "timedOut": null,
                  "duration": 1812,
                  "state": "passed",
                  "speed": "fast",
                  "pass": true,
                  "fail": false,
                  "pending": false,
                  "context": null,
                  "code": "// Core widgets that should always be present (most critical 5 widgets)\ncy.log('Checking for core essential widgets');\ncy.get(_support_selectors__WEBPACK_IMPORTED_MODULE_0__.securityLevelWidget.root).should('exist').and('be.visible');\ncy.get(_support_selectors__WEBPACK_IMPORTED_MODULE_0__.securitySummaryWidget.root).should('exist').and('be.visible');\ncy.get(_support_selectors__WEBPACK_IMPORTED_MODULE_0__.costEstimationWidget.root).should('exist').and('be.visible');\ncy.get(_support_selectors__WEBPACK_IMPORTED_MODULE_0__.valueCreationWidget.root).should('exist').and('be.visible');\ncy.get(_support_selectors__WEBPACK_IMPORTED_MODULE_0__.complianceStatusWidget.root).should('exist').and('be.visible');",
                  "err": {},
                  "uuid": "a9abb10e-05cb-4993-a3ba-963487c64133",
                  "parentUUID": "a8b220ef-5062-4d97-9441-d823bcd9a258",
                  "isHook": false,
                  "skipped": false
                },
                {
                  "title": "should render CIA impact widgets",
                  "fullTitle": "All Widgets Integration Widget Rendering should render CIA impact widgets",
                  "timedOut": null,
                  "duration": 1268,
                  "state": "passed",
                  "speed": "fast",
                  "pass": true,
                  "fail": false,
                  "pending": false,
                  "context": null,
                  "code": "cy.log('Checking for CIA impact widgets');\ncy.get(_support_selectors__WEBPACK_IMPORTED_MODULE_0__.availabilityImpactWidget.root).should('exist');\ncy.get(_support_selectors__WEBPACK_IMPORTED_MODULE_0__.integrityImpactWidget.root).should('exist');\ncy.get(_support_selectors__WEBPACK_IMPORTED_MODULE_0__.confidentialityImpactWidget.root).should('exist');",
                  "err": {},
                  "uuid": "d614b106-3449-4b5d-a57f-1ad34726ebda",
                  "parentUUID": "a8b220ef-5062-4d97-9441-d823bcd9a258",
                  "isHook": false,
                  "skipped": false
                },
                {
                  "title": "should render implementation widgets",
                  "fullTitle": "All Widgets Integration Widget Rendering should render implementation widgets",
                  "timedOut": null,
                  "duration": 920,
                  "state": "passed",
                  "speed": "fast",
                  "pass": true,
                  "fail": false,
                  "pending": false,
                  "context": null,
                  "code": "cy.log('Checking for implementation widgets');\ncy.get(_support_selectors__WEBPACK_IMPORTED_MODULE_0__.technicalDetailsWidget.root).should('exist');\ncy.get(_support_selectors__WEBPACK_IMPORTED_MODULE_0__.securityResourcesWidget.root).should('exist');",
                  "err": {},
                  "uuid": "36387d98-3b00-454b-af59-624b1bba517a",
                  "parentUUID": "a8b220ef-5062-4d97-9441-d823bcd9a258",
                  "isHook": false,
                  "skipped": false
                }
              ],
              "suites": [],
              "passes": [
                "a9abb10e-05cb-4993-a3ba-963487c64133",
                "d614b106-3449-4b5d-a57f-1ad34726ebda",
                "36387d98-3b00-454b-af59-624b1bba517a"
              ],
              "failures": [],
              "pending": [],
              "skipped": [],
              "duration": 4000,
              "root": false,
              "rootEmpty": false,
              "_timeout": 2000
            },
            {
              "uuid": "6abce244-31d4-46e8-a490-0399efd4e73d",
              "title": "Security Level Synchronization",
              "fullFile": "",
              "file": "",
              "beforeHooks": [],
              "afterHooks": [],
              "tests": [
                {
                  "title": "should update all widgets when security levels change",
                  "fullTitle": "All Widgets Integration Security Level Synchronization should update all widgets when security levels change",
                  "timedOut": null,
                  "duration": 2261,
                  "state": "passed",
                  "speed": "fast",
                  "pass": true,
                  "fail": false,
                  "pending": false,
                  "context": null,
                  "code": "// Change all security levels to High\ncy.get(_support_selectors__WEBPACK_IMPORTED_MODULE_0__.securityLevelWidget.availabilitySelect).select(_support_constants__WEBPACK_IMPORTED_MODULE_1__.SECURITY_LEVELS.HIGH, { force: true });\ncy.wait(300);\ncy.get(_support_selectors__WEBPACK_IMPORTED_MODULE_0__.securityLevelWidget.integritySelect).select(_support_constants__WEBPACK_IMPORTED_MODULE_1__.SECURITY_LEVELS.HIGH, { force: true });\ncy.wait(300);\ncy.get(_support_selectors__WEBPACK_IMPORTED_MODULE_0__.securityLevelWidget.confidentialitySelect).select(_support_constants__WEBPACK_IMPORTED_MODULE_1__.SECURITY_LEVELS.HIGH, { force: true });\ncy.wait(500); // Wait for all widgets to update\n// Verify key widgets updated their content\ncy.get(_support_selectors__WEBPACK_IMPORTED_MODULE_0__.securitySummaryWidget.root)\n    .should('contain', 'High');\ncy.get(_support_selectors__WEBPACK_IMPORTED_MODULE_0__.costEstimationWidget.root)\n    .should('be.visible');\ncy.get(_support_selectors__WEBPACK_IMPORTED_MODULE_0__.valueCreationWidget.root)\n    .should('be.visible');",
                  "err": {},
                  "uuid": "26011097-35bf-40dd-9bae-62bfec4cebba",
                  "parentUUID": "6abce244-31d4-46e8-a490-0399efd4e73d",
                  "isHook": false,
                  "skipped": false
                },
                {
                  "title": "should maintain consistency across security level changes",
                  "fullTitle": "All Widgets Integration Security Level Synchronization should maintain consistency across security level changes",
                  "timedOut": null,
                  "duration": 5131,
                  "state": "passed",
                  "speed": "medium",
                  "pass": true,
                  "fail": false,
                  "pending": false,
                  "context": null,
                  "code": "// Test multiple level changes\nconst testSequence = [\n    { level: _support_constants__WEBPACK_IMPORTED_MODULE_1__.SECURITY_LEVELS.LOW, label: 'Low' },\n    { level: _support_constants__WEBPACK_IMPORTED_MODULE_1__.SECURITY_LEVELS.MODERATE, label: 'Moderate' },\n    { level: _support_constants__WEBPACK_IMPORTED_MODULE_1__.SECURITY_LEVELS.HIGH, label: 'High' },\n];\ntestSequence.forEach(({ level, label }) => {\n    cy.log(`Testing security level: ${label}`);\n    // Set all levels\n    cy.get(_support_selectors__WEBPACK_IMPORTED_MODULE_0__.securityLevelWidget.availabilitySelect).select(level, { force: true });\n    cy.wait(200);\n    cy.get(_support_selectors__WEBPACK_IMPORTED_MODULE_0__.securityLevelWidget.integritySelect).select(level, { force: true });\n    cy.wait(200);\n    cy.get(_support_selectors__WEBPACK_IMPORTED_MODULE_0__.securityLevelWidget.confidentialitySelect).select(level, { force: true });\n    cy.wait(500);\n    // Verify at least the security summary reflects the change\n    cy.get(_support_selectors__WEBPACK_IMPORTED_MODULE_0__.securitySummaryWidget.root)\n        .should('be.visible')\n        .and('contain', label);\n});",
                  "err": {},
                  "uuid": "3814eb4d-ce6d-4e50-a4f6-9afb2ea483ae",
                  "parentUUID": "6abce244-31d4-46e8-a490-0399efd4e73d",
                  "isHook": false,
                  "skipped": false
                }
              ],
              "suites": [],
              "passes": [
                "26011097-35bf-40dd-9bae-62bfec4cebba",
                "3814eb4d-ce6d-4e50-a4f6-9afb2ea483ae"
              ],
              "failures": [],
              "pending": [],
              "skipped": [],
              "duration": 7392,
              "root": false,
              "rootEmpty": false,
              "_timeout": 2000
            },
            {
              "uuid": "f851ea02-78dd-403d-be76-b78cb09be8d1",
              "title": "Responsive Layout",
              "fullFile": "",
              "file": "",
              "beforeHooks": [],
              "afterHooks": [],
              "tests": [
                {
                  "title": "should adapt to mobile viewport",
                  "fullTitle": "All Widgets Integration Responsive Layout should adapt to mobile viewport",
                  "timedOut": null,
                  "duration": 1011,
                  "state": "passed",
                  "speed": "fast",
                  "pass": true,
                  "fail": false,
                  "pending": false,
                  "context": null,
                  "code": "cy.testResponsiveLayout(['iphone-x']);\n// Verify widgets stack vertically on mobile\ncy.get('[data-testid=\"app-container\"]')\n    .should('be.visible');\n// Widgets should still be accessible\ncy.get(_support_selectors__WEBPACK_IMPORTED_MODULE_0__.securityLevelWidget.root)\n    .should('exist');",
                  "err": {},
                  "uuid": "6de05750-7995-464a-be8d-643999780fbf",
                  "parentUUID": "f851ea02-78dd-403d-be76-b78cb09be8d1",
                  "isHook": false,
                  "skipped": false
                },
                {
                  "title": "should adapt to tablet viewport",
                  "fullTitle": "All Widgets Integration Responsive Layout should adapt to tablet viewport",
                  "timedOut": null,
                  "duration": 1021,
                  "state": "passed",
                  "speed": "fast",
                  "pass": true,
                  "fail": false,
                  "pending": false,
                  "context": null,
                  "code": "cy.testResponsiveLayout(['ipad-2']);\n// Verify app renders properly on tablet\ncy.get('[data-testid=\"app-container\"]')\n    .should('be.visible');",
                  "err": {},
                  "uuid": "8cf73314-1dfc-4542-8c51-5b29dc05a42c",
                  "parentUUID": "f851ea02-78dd-403d-be76-b78cb09be8d1",
                  "isHook": false,
                  "skipped": false
                },
                {
                  "title": "should adapt to desktop viewport",
                  "fullTitle": "All Widgets Integration Responsive Layout should adapt to desktop viewport",
                  "timedOut": null,
                  "duration": 1132,
                  "state": "passed",
                  "speed": "fast",
                  "pass": true,
                  "fail": false,
                  "pending": false,
                  "context": null,
                  "code": "cy.testResponsiveLayout(['macbook-15']);\n// Verify all widgets are accessible on desktop\ncy.get(_support_selectors__WEBPACK_IMPORTED_MODULE_0__.securityLevelWidget.root)\n    .should('exist');\ncy.get(_support_selectors__WEBPACK_IMPORTED_MODULE_0__.securitySummaryWidget.root)\n    .should('exist');",
                  "err": {},
                  "uuid": "b7e9401f-5e98-455a-a32a-cd2503c1a0f0",
                  "parentUUID": "f851ea02-78dd-403d-be76-b78cb09be8d1",
                  "isHook": false,
                  "skipped": false
                }
              ],
              "suites": [],
              "passes": [
                "6de05750-7995-464a-be8d-643999780fbf",
                "8cf73314-1dfc-4542-8c51-5b29dc05a42c",
                "b7e9401f-5e98-455a-a32a-cd2503c1a0f0"
              ],
              "failures": [],
              "pending": [],
              "skipped": [],
              "duration": 3164,
              "root": false,
              "rootEmpty": false,
              "_timeout": 2000
            },
            {
              "uuid": "fb03f5f7-59f5-49b2-8340-7da7a64c9a49",
              "title": "Widget Loading States",
              "fullFile": "",
              "file": "",
              "beforeHooks": [],
              "afterHooks": [],
              "tests": [
                {
                  "title": "should not show loading indicators after initial load",
                  "fullTitle": "All Widgets Integration Widget Loading States should not show loading indicators after initial load",
                  "timedOut": null,
                  "duration": 1544,
                  "state": "passed",
                  "speed": "fast",
                  "pass": true,
                  "fail": false,
                  "pending": false,
                  "context": null,
                  "code": "// Wait for page to fully load\ncy.wait(1000);\n// Check that loading indicators are not present\ncy.get('[data-testid*=\"loading\"]').should('not.exist');",
                  "err": {},
                  "uuid": "2c2ab91d-6e97-4887-a2af-f15815acc18c",
                  "parentUUID": "fb03f5f7-59f5-49b2-8340-7da7a64c9a49",
                  "isHook": false,
                  "skipped": false
                },
                {
                  "title": "should display content after loading completes",
                  "fullTitle": "All Widgets Integration Widget Loading States should display content after loading completes",
                  "timedOut": null,
                  "duration": 919,
                  "state": "passed",
                  "speed": "fast",
                  "pass": true,
                  "fail": false,
                  "pending": false,
                  "context": null,
                  "code": "// Verify widgets show content, not loading states\nconst widgets = [_support_selectors__WEBPACK_IMPORTED_MODULE_0__.securityLevelWidget, _support_selectors__WEBPACK_IMPORTED_MODULE_0__.securitySummaryWidget, _support_selectors__WEBPACK_IMPORTED_MODULE_0__.costEstimationWidget];\nwidgets.forEach(widget => {\n    cy.get(widget.root)\n        .should('exist')\n        .and('be.visible')\n        .and('not.contain', 'Loading...');\n});",
                  "err": {},
                  "uuid": "521a3186-6962-4636-ba5b-f230fb6ab941",
                  "parentUUID": "fb03f5f7-59f5-49b2-8340-7da7a64c9a49",
                  "isHook": false,
                  "skipped": false
                }
              ],
              "suites": [],
              "passes": [
                "2c2ab91d-6e97-4887-a2af-f15815acc18c",
                "521a3186-6962-4636-ba5b-f230fb6ab941"
              ],
              "failures": [],
              "pending": [],
              "skipped": [],
              "duration": 2463,
              "root": false,
              "rootEmpty": false,
              "_timeout": 2000
            },
            {
              "uuid": "2248f6a3-0f41-47d2-990d-072ad1a212a2",
              "title": "Error Handling",
              "fullFile": "",
              "file": "",
              "beforeHooks": [],
              "afterHooks": [],
              "tests": [
                {
                  "title": "should not display error states in normal operation",
                  "fullTitle": "All Widgets Integration Error Handling should not display error states in normal operation",
                  "timedOut": null,
                  "duration": 526,
                  "state": "passed",
                  "speed": "fast",
                  "pass": true,
                  "fail": false,
                  "pending": false,
                  "context": null,
                  "code": "// Verify no error indicators are shown\ncy.get('[data-testid*=\"error\"]').should('not.exist');\n// Verify no error messages in widgets\ncy.get('[role=\"alert\"]').should('not.exist');",
                  "err": {},
                  "uuid": "48297c91-fa62-4f5d-a23e-b195000a5f1b",
                  "parentUUID": "2248f6a3-0f41-47d2-990d-072ad1a212a2",
                  "isHook": false,
                  "skipped": false
                }
              ],
              "suites": [],
              "passes": [
                "48297c91-fa62-4f5d-a23e-b195000a5f1b"
              ],
              "failures": [],
              "pending": [],
              "skipped": [],
              "duration": 526,
              "root": false,
              "rootEmpty": false,
              "_timeout": 2000
            },
            {
              "uuid": "391765c2-54ef-4e03-a971-7f4efdd97c90",
              "title": "Basic Accessibility",
              "fullFile": "",
              "file": "",
              "beforeHooks": [],
              "afterHooks": [],
              "tests": [
                {
                  "title": "should have proper ARIA attributes on interactive elements",
                  "fullTitle": "All Widgets Integration Basic Accessibility should have proper ARIA attributes on interactive elements",
                  "timedOut": null,
                  "duration": 1120,
                  "state": "passed",
                  "speed": "fast",
                  "pass": true,
                  "fail": false,
                  "pending": false,
                  "context": null,
                  "code": "cy.checkA11y();",
                  "err": {},
                  "uuid": "f8f740d3-3b80-418f-bb24-a1299607a3ae",
                  "parentUUID": "391765c2-54ef-4e03-a971-7f4efdd97c90",
                  "isHook": false,
                  "skipped": false
                },
                {
                  "title": "should have accessible labels on security level selectors",
                  "fullTitle": "All Widgets Integration Basic Accessibility should have accessible labels on security level selectors",
                  "timedOut": null,
                  "duration": 621,
                  "state": "passed",
                  "speed": "fast",
                  "pass": true,
                  "fail": false,
                  "pending": false,
                  "context": null,
                  "code": "const selectorLabels = [\n    {\n        selector: _support_selectors__WEBPACK_IMPORTED_MODULE_0__.securityLevelWidget.availabilitySelect,\n        labelFor: 'availability-select',\n        label: 'Availability',\n    },\n    {\n        selector: _support_selectors__WEBPACK_IMPORTED_MODULE_0__.securityLevelWidget.integritySelect,\n        labelFor: 'integrity-select',\n        label: 'Integrity',\n    },\n    {\n        selector: _support_selectors__WEBPACK_IMPORTED_MODULE_0__.securityLevelWidget.confidentialitySelect,\n        labelFor: 'confidentiality-select',\n        label: 'Confidentiality',\n    },\n];\nselectorLabels.forEach(({ selector, labelFor, label }) => {\n    cy.get(selector)\n        .should('exist')\n        .and('have.attr', 'id', labelFor);\n    cy.get(`label[for=\"${labelFor}\"]`)\n        .should('exist')\n        .and('contain.text', label);\n});",
                  "err": {},
                  "uuid": "42d8844e-3db8-4d52-8112-a42c0f585590",
                  "parentUUID": "391765c2-54ef-4e03-a971-7f4efdd97c90",
                  "isHook": false,
                  "skipped": false
                }
              ],
              "suites": [],
              "passes": [
                "f8f740d3-3b80-418f-bb24-a1299607a3ae",
                "42d8844e-3db8-4d52-8112-a42c0f585590"
              ],
              "failures": [],
              "pending": [],
              "skipped": [],
              "duration": 1741,
              "root": false,
              "rootEmpty": false,
              "_timeout": 2000
            },
            {
              "uuid": "5e53c082-f6b7-45fb-9f01-1b042d1427eb",
              "title": "Performance",
              "fullFile": "",
              "file": "",
              "beforeHooks": [],
              "afterHooks": [],
              "tests": [
                {
                  "title": "should load all widgets within acceptable time",
                  "fullTitle": "All Widgets Integration Performance should load all widgets within acceptable time",
                  "timedOut": null,
                  "duration": 1143,
                  "state": "passed",
                  "speed": "fast",
                  "pass": true,
                  "fail": false,
                  "pending": false,
                  "context": null,
                  "code": "const startTime = Date.now();\ncy.visit('/');\ncy.waitForWidget('widget-security-level');\ncy.then(() => {\n    const loadTime = Date.now() - startTime;\n    cy.log(`Page load time: ${loadTime}ms`);\n    // Should load within 3 seconds\n    expect(loadTime).to.be.lessThan(3000);\n});",
                  "err": {},
                  "uuid": "2417e868-8cb6-4180-acdc-6007fcc30ad3",
                  "parentUUID": "5e53c082-f6b7-45fb-9f01-1b042d1427eb",
                  "isHook": false,
                  "skipped": false
                },
                {
                  "title": "should respond to interactions quickly",
                  "fullTitle": "All Widgets Integration Performance should respond to interactions quickly",
                  "timedOut": null,
                  "duration": 694,
                  "state": "passed",
                  "speed": "fast",
                  "pass": true,
                  "fail": false,
                  "pending": false,
                  "context": null,
                  "code": "const startTime = Date.now();\ncy.get(_support_selectors__WEBPACK_IMPORTED_MODULE_0__.securityLevelWidget.availabilitySelect)\n    .select(_support_constants__WEBPACK_IMPORTED_MODULE_1__.SECURITY_LEVELS.HIGH, { force: true });\ncy.then(() => {\n    const responseTime = Date.now() - startTime;\n    cy.log(`Response time: ${responseTime}ms`);\n    // Should respond within 500ms\n    expect(responseTime).to.be.lessThan(500);\n});",
                  "err": {},
                  "uuid": "0716abbd-401f-403e-bb59-19ae361c1225",
                  "parentUUID": "5e53c082-f6b7-45fb-9f01-1b042d1427eb",
                  "isHook": false,
                  "skipped": false
                }
              ],
              "suites": [],
              "passes": [
                "2417e868-8cb6-4180-acdc-6007fcc30ad3",
                "0716abbd-401f-403e-bb59-19ae361c1225"
              ],
              "failures": [],
              "pending": [],
              "skipped": [],
              "duration": 1837,
              "root": false,
              "rootEmpty": false,
              "_timeout": 2000
            },
            {
              "uuid": "95db0d2e-7c37-437d-85d2-467e33b8626f",
              "title": "State Persistence",
              "fullFile": "",
              "file": "",
              "beforeHooks": [],
              "afterHooks": [],
              "tests": [
                {
                  "title": "should maintain security levels across widget interactions",
                  "fullTitle": "All Widgets Integration State Persistence should maintain security levels across widget interactions",
                  "timedOut": null,
                  "duration": 2277,
                  "state": "passed",
                  "speed": "fast",
                  "pass": true,
                  "fail": false,
                  "pending": false,
                  "context": null,
                  "code": "// Set initial levels\ncy.get(_support_selectors__WEBPACK_IMPORTED_MODULE_0__.securityLevelWidget.availabilitySelect).select(_support_constants__WEBPACK_IMPORTED_MODULE_1__.SECURITY_LEVELS.HIGH, { force: true });\ncy.wait(200);\ncy.get(_support_selectors__WEBPACK_IMPORTED_MODULE_0__.securityLevelWidget.integritySelect).select(_support_constants__WEBPACK_IMPORTED_MODULE_1__.SECURITY_LEVELS.MODERATE, { force: true });\ncy.wait(200);\ncy.get(_support_selectors__WEBPACK_IMPORTED_MODULE_0__.securityLevelWidget.confidentialitySelect).select(_support_constants__WEBPACK_IMPORTED_MODULE_1__.SECURITY_LEVELS.HIGH, { force: true });\ncy.wait(500);\n// Verify levels are set\ncy.get(_support_selectors__WEBPACK_IMPORTED_MODULE_0__.securityLevelWidget.availabilitySelect).should('have.value', _support_constants__WEBPACK_IMPORTED_MODULE_1__.SECURITY_LEVELS.HIGH);\ncy.get(_support_selectors__WEBPACK_IMPORTED_MODULE_0__.securityLevelWidget.integritySelect).should('have.value', _support_constants__WEBPACK_IMPORTED_MODULE_1__.SECURITY_LEVELS.MODERATE);\ncy.get(_support_selectors__WEBPACK_IMPORTED_MODULE_0__.securityLevelWidget.confidentialitySelect).should('have.value', _support_constants__WEBPACK_IMPORTED_MODULE_1__.SECURITY_LEVELS.HIGH);\n// Interact with another widget (scroll to it)\ncy.get(_support_selectors__WEBPACK_IMPORTED_MODULE_0__.costEstimationWidget.root).scrollIntoView();\ncy.wait(300);\n// Verify levels are still set\ncy.get(_support_selectors__WEBPACK_IMPORTED_MODULE_0__.securityLevelWidget.availabilitySelect).should('have.value', _support_constants__WEBPACK_IMPORTED_MODULE_1__.SECURITY_LEVELS.HIGH);\ncy.get(_support_selectors__WEBPACK_IMPORTED_MODULE_0__.securityLevelWidget.integritySelect).should('have.value', _support_constants__WEBPACK_IMPORTED_MODULE_1__.SECURITY_LEVELS.MODERATE);\ncy.get(_support_selectors__WEBPACK_IMPORTED_MODULE_0__.securityLevelWidget.confidentialitySelect).should('have.value', _support_constants__WEBPACK_IMPORTED_MODULE_1__.SECURITY_LEVELS.HIGH);",
                  "err": {},
                  "uuid": "3bd74867-81bd-488f-ae23-b201e6aabdbe",
                  "parentUUID": "95db0d2e-7c37-437d-85d2-467e33b8626f",
                  "isHook": false,
                  "skipped": false
                }
              ],
              "suites": [],
              "passes": [
                "3bd74867-81bd-488f-ae23-b201e6aabdbe"
              ],
              "failures": [],
              "pending": [],
              "skipped": [],
              "duration": 2277,
              "root": false,
              "rootEmpty": false,
              "_timeout": 2000
            }
          ],
          "passes": [],
          "failures": [],
          "pending": [],
          "skipped": [],
          "duration": 0,
          "root": false,
          "rootEmpty": false,
          "_timeout": 2000
        }
      ],
      "passes": [],
      "failures": [],
      "pending": [],
      "skipped": [],
      "duration": 0,
      "root": true,
      "rootEmpty": true,
      "_timeout": 2000
    }
  ],
  "meta": {
    "mocha": {
      "version": "7.2.0"
    },
    "mochawesome": {
      "options": {
        "quiet": false,
        "reportFilename": "mochawesome",
        "saveHtml": true,
        "saveJson": true,
        "consoleReporter": "spec",
        "useInlineDiffs": false,
        "code": true
      },
      "version": "7.1.4"
    },
    "marge": {
      "options": {
        "id": "default",
        "reportDir": "build/cypress/mochawesome",
        "overwrite": false,
        "html": true,
        "json": true,
        "code": true,
        "timestamp": "mmddyyyy_HHMMss",
        "charts": true,
        "showHooks": "failed",
        "embeddedScreenshots": true
      },
      "version": "6.3.2"
    }
  }
}