{
  "stats": {
    "suites": 9,
    "tests": 20,
    "passes": 20,
    "pending": 0,
    "failures": 0,
    "start": "2026-03-23T09:44:54.285Z",
    "end": "2026-03-23T09:45:26.654Z",
    "duration": 32369,
    "testsRegistered": 20,
    "passPercent": 100,
    "pendingPercent": 0,
    "other": 0,
    "hasOther": false,
    "skipped": 0,
    "hasSkipped": false
  },
  "results": [
    {
      "uuid": "6136bb72-7b11-4202-8d3c-eaa093e95da4",
      "title": "",
      "fullFile": "cypress/e2e/widgets/businessvalue/cost-estimation-enhanced.cy.ts",
      "file": "cypress/e2e/widgets/businessvalue/cost-estimation-enhanced.cy.ts",
      "beforeHooks": [],
      "afterHooks": [],
      "tests": [],
      "suites": [
        {
          "uuid": "df547ea7-50f2-4f8a-a77a-38cbc2bfd0c5",
          "title": "Cost Estimation Widget - Enhanced",
          "fullFile": "",
          "file": "",
          "beforeHooks": [],
          "afterHooks": [],
          "tests": [],
          "suites": [
            {
              "uuid": "85d103e1-e835-4e51-a578-68b049669faa",
              "title": "Rendering",
              "fullFile": "",
              "file": "",
              "beforeHooks": [],
              "afterHooks": [],
              "tests": [
                {
                  "title": "should display widget with all elements",
                  "fullTitle": "Cost Estimation Widget - Enhanced Rendering should display widget with all elements",
                  "timedOut": null,
                  "duration": 1500,
                  "state": "passed",
                  "speed": "fast",
                  "pass": true,
                  "fail": false,
                  "pending": false,
                  "context": null,
                  "code": "cy.get(_support_selectors__WEBPACK_IMPORTED_MODULE_0__.costEstimationWidget.root).should('be.visible');\n// Verify key cost elements are present\ncy.get(_support_selectors__WEBPACK_IMPORTED_MODULE_0__.costEstimationWidget.capex).should('exist');\ncy.get(_support_selectors__WEBPACK_IMPORTED_MODULE_0__.costEstimationWidget.opex).should('exist');\ncy.get(_support_selectors__WEBPACK_IMPORTED_MODULE_0__.costEstimationWidget.total).should('exist');",
                  "err": {},
                  "uuid": "5375b3fc-4e1b-463a-ac72-9e728afe3f78",
                  "parentUUID": "85d103e1-e835-4e51-a578-68b049669faa",
                  "isHook": false,
                  "skipped": false
                },
                {
                  "title": "should display cost values after security level selection",
                  "fullTitle": "Cost Estimation Widget - Enhanced Rendering should display cost values after security level selection",
                  "timedOut": null,
                  "duration": 2270,
                  "state": "passed",
                  "speed": "fast",
                  "pass": true,
                  "fail": false,
                  "pending": false,
                  "context": null,
                  "code": "// Select moderate security levels\ncy.get(_support_selectors__WEBPACK_IMPORTED_MODULE_0__.securityLevelWidget.availabilitySelect).select(_support_constants__WEBPACK_IMPORTED_MODULE_1__.SECURITY_LEVELS.MODERATE, { force: true });\ncy.wait(INTERACTION_DELAY);\ncy.get(_support_selectors__WEBPACK_IMPORTED_MODULE_0__.securityLevelWidget.integritySelect).select(_support_constants__WEBPACK_IMPORTED_MODULE_1__.SECURITY_LEVELS.MODERATE, { force: true });\ncy.wait(INTERACTION_DELAY);\ncy.get(_support_selectors__WEBPACK_IMPORTED_MODULE_0__.securityLevelWidget.confidentialitySelect).select(_support_constants__WEBPACK_IMPORTED_MODULE_1__.SECURITY_LEVELS.MODERATE, { force: true });\ncy.wait(500);\n// Verify costs are displayed and not zero\ncy.get(_support_selectors__WEBPACK_IMPORTED_MODULE_0__.costEstimationWidget.total)\n    .should('be.visible')\n    .and('not.contain', '$0');",
                  "err": {},
                  "uuid": "90514188-75e3-4642-aa0e-6a02b65ffc43",
                  "parentUUID": "85d103e1-e835-4e51-a578-68b049669faa",
                  "isHook": false,
                  "skipped": false
                },
                {
                  "title": "should display CAPEX and OPEX sections",
                  "fullTitle": "Cost Estimation Widget - Enhanced Rendering should display CAPEX and OPEX sections",
                  "timedOut": null,
                  "duration": 883,
                  "state": "passed",
                  "speed": "fast",
                  "pass": true,
                  "fail": false,
                  "pending": false,
                  "context": null,
                  "code": "// Component displays CAPEX and OPEX as MetricCards, not sections\ncy.get(_support_selectors__WEBPACK_IMPORTED_MODULE_0__.costEstimationWidget.capex).should('be.visible');\ncy.get(_support_selectors__WEBPACK_IMPORTED_MODULE_0__.costEstimationWidget.opex).should('be.visible');",
                  "err": {},
                  "uuid": "e2253804-25b2-4693-bf36-2c26f11e9fcd",
                  "parentUUID": "85d103e1-e835-4e51-a578-68b049669faa",
                  "isHook": false,
                  "skipped": false
                },
                {
                  "title": "should show implementation timeline",
                  "fullTitle": "Cost Estimation Widget - Enhanced Rendering should show implementation timeline",
                  "timedOut": null,
                  "duration": 882,
                  "state": "passed",
                  "speed": "fast",
                  "pass": true,
                  "fail": false,
                  "pending": false,
                  "context": null,
                  "code": "cy.get('body').then($body => {\n    if ($body.find(_support_selectors__WEBPACK_IMPORTED_MODULE_0__.costEstimationWidget.implementationTime).length > 0) {\n        cy.get(_support_selectors__WEBPACK_IMPORTED_MODULE_0__.costEstimationWidget.implementationTime)\n            .should('be.visible')\n            .and('not.be.empty');\n    }\n    else {\n        cy.log('Implementation timeline not found (may be conditional)');\n    }\n});",
                  "err": {},
                  "uuid": "26a5197b-1c13-48a4-b041-4eab01d76aef",
                  "parentUUID": "85d103e1-e835-4e51-a578-68b049669faa",
                  "isHook": false,
                  "skipped": false
                }
              ],
              "suites": [],
              "passes": [
                "5375b3fc-4e1b-463a-ac72-9e728afe3f78",
                "90514188-75e3-4642-aa0e-6a02b65ffc43",
                "e2253804-25b2-4693-bf36-2c26f11e9fcd",
                "26a5197b-1c13-48a4-b041-4eab01d76aef"
              ],
              "failures": [],
              "pending": [],
              "skipped": [],
              "duration": 5535,
              "root": false,
              "rootEmpty": false,
              "_timeout": 2000
            },
            {
              "uuid": "d998e11a-ceec-4d5d-9d38-71e461c8e453",
              "title": "Cost Calculations",
              "fullFile": "",
              "file": "",
              "beforeHooks": [],
              "afterHooks": [],
              "tests": [
                {
                  "title": "should update costs when security levels change",
                  "fullTitle": "Cost Estimation Widget - Enhanced Cost Calculations should update costs when security levels change",
                  "timedOut": null,
                  "duration": 3888,
                  "state": "passed",
                  "speed": "fast",
                  "pass": true,
                  "fail": false,
                  "pending": false,
                  "context": null,
                  "code": "// Set low security levels\ncy.get(_support_selectors__WEBPACK_IMPORTED_MODULE_0__.securityLevelWidget.availabilitySelect).select(_support_constants__WEBPACK_IMPORTED_MODULE_1__.SECURITY_LEVELS.LOW, { force: true });\ncy.wait(INTERACTION_DELAY);\ncy.get(_support_selectors__WEBPACK_IMPORTED_MODULE_0__.securityLevelWidget.integritySelect).select(_support_constants__WEBPACK_IMPORTED_MODULE_1__.SECURITY_LEVELS.LOW, { force: true });\ncy.wait(INTERACTION_DELAY);\ncy.get(_support_selectors__WEBPACK_IMPORTED_MODULE_0__.securityLevelWidget.confidentialitySelect).select(_support_constants__WEBPACK_IMPORTED_MODULE_1__.SECURITY_LEVELS.LOW, { force: true });\ncy.wait(500);\n// Capture low cost\nlet lowCost;\ncy.get(_support_selectors__WEBPACK_IMPORTED_MODULE_0__.costEstimationWidget.total).invoke('text').then(text => {\n    lowCost = text;\n    cy.log(`Low security cost: ${lowCost}`);\n    // Set high security levels\n    cy.get(_support_selectors__WEBPACK_IMPORTED_MODULE_0__.securityLevelWidget.availabilitySelect).select(_support_constants__WEBPACK_IMPORTED_MODULE_1__.SECURITY_LEVELS.HIGH, { force: true });\n    cy.wait(INTERACTION_DELAY);\n    cy.get(_support_selectors__WEBPACK_IMPORTED_MODULE_0__.securityLevelWidget.integritySelect).select(_support_constants__WEBPACK_IMPORTED_MODULE_1__.SECURITY_LEVELS.HIGH, { force: true });\n    cy.wait(INTERACTION_DELAY);\n    cy.get(_support_selectors__WEBPACK_IMPORTED_MODULE_0__.securityLevelWidget.confidentialitySelect).select(_support_constants__WEBPACK_IMPORTED_MODULE_1__.SECURITY_LEVELS.HIGH, { force: true });\n    cy.wait(500);\n    // Verify high cost is different (and typically higher)\n    cy.get(_support_selectors__WEBPACK_IMPORTED_MODULE_0__.costEstimationWidget.total).invoke('text').should('not.equal', lowCost);\n    cy.log('✓ Costs update with security level changes');\n});",
                  "err": {},
                  "uuid": "5f1a7193-72bb-4a86-af77-464dbbf33007",
                  "parentUUID": "d998e11a-ceec-4d5d-9d38-71e461c8e453",
                  "isHook": false,
                  "skipped": false
                },
                {
                  "title": "should show three-year total projection",
                  "fullTitle": "Cost Estimation Widget - Enhanced Cost Calculations should show three-year total projection",
                  "timedOut": null,
                  "duration": 884,
                  "state": "passed",
                  "speed": "fast",
                  "pass": true,
                  "fail": false,
                  "pending": false,
                  "context": null,
                  "code": "cy.get('body').then($body => {\n    if ($body.find(_support_selectors__WEBPACK_IMPORTED_MODULE_0__.costEstimationWidget.threeYearTotal).length > 0) {\n        cy.get(_support_selectors__WEBPACK_IMPORTED_MODULE_0__.costEstimationWidget.threeYearTotal)\n            .should('be.visible')\n            .and('contain', '$');\n    }\n    else {\n        cy.log('Three-year total not found (may be conditional)');\n    }\n});",
                  "err": {},
                  "uuid": "5cb787db-529c-43fc-9bc8-375da37968fa",
                  "parentUUID": "d998e11a-ceec-4d5d-9d38-71e461c8e453",
                  "isHook": false,
                  "skipped": false
                },
                {
                  "title": "should calculate higher costs for higher security levels",
                  "fullTitle": "Cost Estimation Widget - Enhanced Cost Calculations should calculate higher costs for higher security levels",
                  "timedOut": null,
                  "duration": 5384,
                  "state": "passed",
                  "speed": "medium",
                  "pass": true,
                  "fail": false,
                  "pending": false,
                  "context": null,
                  "code": "// Test progression from Low to Very High\nconst levels = [\n    _support_constants__WEBPACK_IMPORTED_MODULE_1__.SECURITY_LEVELS.LOW,\n    _support_constants__WEBPACK_IMPORTED_MODULE_1__.SECURITY_LEVELS.MODERATE,\n    _support_constants__WEBPACK_IMPORTED_MODULE_1__.SECURITY_LEVELS.HIGH,\n];\nlet previousCost = 0;\nlevels.forEach(level => {\n    cy.get(_support_selectors__WEBPACK_IMPORTED_MODULE_0__.securityLevelWidget.availabilitySelect).select(level, { force: true });\n    cy.wait(INTERACTION_DELAY);\n    cy.get(_support_selectors__WEBPACK_IMPORTED_MODULE_0__.securityLevelWidget.integritySelect).select(level, { force: true });\n    cy.wait(INTERACTION_DELAY);\n    cy.get(_support_selectors__WEBPACK_IMPORTED_MODULE_0__.securityLevelWidget.confidentialitySelect).select(level, { force: true });\n    cy.wait(500);\n    cy.get(_support_selectors__WEBPACK_IMPORTED_MODULE_0__.costEstimationWidget.total).invoke('text').then(text => {\n        // Extract numeric value (basic extraction)\n        const costMatch = text.match(/[\\d,]+/);\n        if (costMatch) {\n            const cost = parseInt(costMatch[0].replace(/,/g, ''), 10);\n            cy.log(`${level} security cost: ${cost}`);\n            if (previousCost > 0) {\n                // Higher security should generally mean higher cost\n                // Note: This is a general expectation, might need adjustment\n                cy.log(`Comparing ${cost} with previous ${previousCost}`);\n            }\n            previousCost = cost;\n        }\n    });\n});",
                  "err": {},
                  "uuid": "e1b9ad49-e6fc-4178-8c16-e4419fad260d",
                  "parentUUID": "d998e11a-ceec-4d5d-9d38-71e461c8e453",
                  "isHook": false,
                  "skipped": false
                }
              ],
              "suites": [],
              "passes": [
                "5f1a7193-72bb-4a86-af77-464dbbf33007",
                "5cb787db-529c-43fc-9bc8-375da37968fa",
                "e1b9ad49-e6fc-4178-8c16-e4419fad260d"
              ],
              "failures": [],
              "pending": [],
              "skipped": [],
              "duration": 10156,
              "root": false,
              "rootEmpty": false,
              "_timeout": 2000
            },
            {
              "uuid": "5708c6c2-6247-47d7-9112-6eec861f0995",
              "title": "Error Handling",
              "fullFile": "",
              "file": "",
              "beforeHooks": [],
              "afterHooks": [],
              "tests": [
                {
                  "title": "should not display error state in normal operation",
                  "fullTitle": "Cost Estimation Widget - Enhanced Error Handling should not display error state in normal operation",
                  "timedOut": null,
                  "duration": 965,
                  "state": "passed",
                  "speed": "fast",
                  "pass": true,
                  "fail": false,
                  "pending": false,
                  "context": null,
                  "code": "cy.testWidgetError('widget-cost-estimation');",
                  "err": {},
                  "uuid": "622fa91b-046a-4e04-af02-df426bac40e8",
                  "parentUUID": "5708c6c2-6247-47d7-9112-6eec861f0995",
                  "isHook": false,
                  "skipped": false
                },
                {
                  "title": "should handle missing data gracefully",
                  "fullTitle": "Cost Estimation Widget - Enhanced Error Handling should handle missing data gracefully",
                  "timedOut": null,
                  "duration": 1173,
                  "state": "passed",
                  "speed": "fast",
                  "pass": true,
                  "fail": false,
                  "pending": false,
                  "context": null,
                  "code": "// Widget should display even with default/empty state\ncy.get(_support_selectors__WEBPACK_IMPORTED_MODULE_0__.costEstimationWidget.root)\n    .should('be.visible')\n    .and('not.contain', 'Error');",
                  "err": {},
                  "uuid": "ca61fb56-d7b5-4b86-ae11-5a12e9381da2",
                  "parentUUID": "5708c6c2-6247-47d7-9112-6eec861f0995",
                  "isHook": false,
                  "skipped": false
                }
              ],
              "suites": [],
              "passes": [
                "622fa91b-046a-4e04-af02-df426bac40e8",
                "ca61fb56-d7b5-4b86-ae11-5a12e9381da2"
              ],
              "failures": [],
              "pending": [],
              "skipped": [],
              "duration": 2138,
              "root": false,
              "rootEmpty": false,
              "_timeout": 2000
            },
            {
              "uuid": "37334892-2a58-4eeb-a384-4aa03d43b8e4",
              "title": "Loading States",
              "fullFile": "",
              "file": "",
              "beforeHooks": [],
              "afterHooks": [],
              "tests": [
                {
                  "title": "should not show loading indicator after initial load",
                  "fullTitle": "Cost Estimation Widget - Enhanced Loading States should not show loading indicator after initial load",
                  "timedOut": null,
                  "duration": 953,
                  "state": "passed",
                  "speed": "fast",
                  "pass": true,
                  "fail": false,
                  "pending": false,
                  "context": null,
                  "code": "// Check for loading indicator - will not exist after page load\ncy.get('body').then($body => {\n    if ($body.find('[data-testid=\"widget-container-loading-container-cost-estimation-widget\"]').length > 0) {\n        cy.get('[data-testid=\"widget-container-loading-container-cost-estimation-widget\"]').should('not.exist');\n    }\n});",
                  "err": {},
                  "uuid": "5f51d575-1018-4072-ae42-797cdf59447d",
                  "parentUUID": "37334892-2a58-4eeb-a384-4aa03d43b8e4",
                  "isHook": false,
                  "skipped": false
                },
                {
                  "title": "should display content instead of loading state",
                  "fullTitle": "Cost Estimation Widget - Enhanced Loading States should display content instead of loading state",
                  "timedOut": null,
                  "duration": 888,
                  "state": "passed",
                  "speed": "fast",
                  "pass": true,
                  "fail": false,
                  "pending": false,
                  "context": null,
                  "code": "cy.get(_support_selectors__WEBPACK_IMPORTED_MODULE_0__.costEstimationWidget.root)\n    .should('be.visible')\n    .and('not.contain', 'Loading...');",
                  "err": {},
                  "uuid": "fb7a6342-2804-4afe-acdf-d242cb6f0256",
                  "parentUUID": "37334892-2a58-4eeb-a384-4aa03d43b8e4",
                  "isHook": false,
                  "skipped": false
                }
              ],
              "suites": [],
              "passes": [
                "5f51d575-1018-4072-ae42-797cdf59447d",
                "fb7a6342-2804-4afe-acdf-d242cb6f0256"
              ],
              "failures": [],
              "pending": [],
              "skipped": [],
              "duration": 1841,
              "root": false,
              "rootEmpty": false,
              "_timeout": 2000
            },
            {
              "uuid": "baa61848-68c0-48bd-b288-431b572e881e",
              "title": "Responsive Design",
              "fullFile": "",
              "file": "",
              "beforeHooks": [],
              "afterHooks": [],
              "tests": [
                {
                  "title": "should adapt layout for mobile viewport",
                  "fullTitle": "Cost Estimation Widget - Enhanced Responsive Design should adapt layout for mobile viewport",
                  "timedOut": null,
                  "duration": 1384,
                  "state": "passed",
                  "speed": "fast",
                  "pass": true,
                  "fail": false,
                  "pending": false,
                  "context": null,
                  "code": "cy.viewport('iphone-x');\ncy.wait(500);\ncy.get(_support_selectors__WEBPACK_IMPORTED_MODULE_0__.costEstimationWidget.root)\n    .should('be.visible');\n// Cost values should be visible on mobile (MetricCards are responsive)\ncy.get(_support_selectors__WEBPACK_IMPORTED_MODULE_0__.costEstimationWidget.capex).should('exist');\ncy.get(_support_selectors__WEBPACK_IMPORTED_MODULE_0__.costEstimationWidget.opex).should('exist');",
                  "err": {},
                  "uuid": "08d696d7-a65c-4c82-a939-a9f1f2695c4e",
                  "parentUUID": "baa61848-68c0-48bd-b288-431b572e881e",
                  "isHook": false,
                  "skipped": false
                },
                {
                  "title": "should adapt layout for tablet viewport",
                  "fullTitle": "Cost Estimation Widget - Enhanced Responsive Design should adapt layout for tablet viewport",
                  "timedOut": null,
                  "duration": 1372,
                  "state": "passed",
                  "speed": "fast",
                  "pass": true,
                  "fail": false,
                  "pending": false,
                  "context": null,
                  "code": "cy.viewport('ipad-2');\ncy.wait(500);\ncy.get(_support_selectors__WEBPACK_IMPORTED_MODULE_0__.costEstimationWidget.root)\n    .should('be.visible');",
                  "err": {},
                  "uuid": "21ecbd82-1ff9-40ee-8854-32210c2c8a67",
                  "parentUUID": "baa61848-68c0-48bd-b288-431b572e881e",
                  "isHook": false,
                  "skipped": false
                },
                {
                  "title": "should display properly on desktop viewport",
                  "fullTitle": "Cost Estimation Widget - Enhanced Responsive Design should display properly on desktop viewport",
                  "timedOut": null,
                  "duration": 1392,
                  "state": "passed",
                  "speed": "fast",
                  "pass": true,
                  "fail": false,
                  "pending": false,
                  "context": null,
                  "code": "cy.viewport('macbook-15');\ncy.wait(500);\ncy.get(_support_selectors__WEBPACK_IMPORTED_MODULE_0__.costEstimationWidget.root)\n    .should('be.visible');\n// All cost values should be visible on desktop\ncy.get(_support_selectors__WEBPACK_IMPORTED_MODULE_0__.costEstimationWidget.capex).should('be.visible');\ncy.get(_support_selectors__WEBPACK_IMPORTED_MODULE_0__.costEstimationWidget.opex).should('be.visible');\ncy.get(_support_selectors__WEBPACK_IMPORTED_MODULE_0__.costEstimationWidget.total).should('be.visible');",
                  "err": {},
                  "uuid": "cf5359d3-4821-46f6-80ad-cb7fd9265b2d",
                  "parentUUID": "baa61848-68c0-48bd-b288-431b572e881e",
                  "isHook": false,
                  "skipped": false
                }
              ],
              "suites": [],
              "passes": [
                "08d696d7-a65c-4c82-a939-a9f1f2695c4e",
                "21ecbd82-1ff9-40ee-8854-32210c2c8a67",
                "cf5359d3-4821-46f6-80ad-cb7fd9265b2d"
              ],
              "failures": [],
              "pending": [],
              "skipped": [],
              "duration": 4148,
              "root": false,
              "rootEmpty": false,
              "_timeout": 2000
            },
            {
              "uuid": "f90e3e22-4f1c-42af-9eaf-05870ea6da65",
              "title": "Accessibility",
              "fullFile": "",
              "file": "",
              "beforeHooks": [],
              "afterHooks": [],
              "tests": [
                {
                  "title": "should have proper ARIA labels",
                  "fullTitle": "Cost Estimation Widget - Enhanced Accessibility should have proper ARIA labels",
                  "timedOut": null,
                  "duration": 868,
                  "state": "passed",
                  "speed": "fast",
                  "pass": true,
                  "fail": false,
                  "pending": false,
                  "context": null,
                  "code": "// Widget container should have role region\ncy.get(_support_selectors__WEBPACK_IMPORTED_MODULE_0__.costEstimationWidget.root).within(() => {\n    cy.get('[role=\"region\"]').should('exist');\n});",
                  "err": {},
                  "uuid": "eea4b7c2-7098-4fd8-8051-261265f92330",
                  "parentUUID": "f90e3e22-4f1c-42af-9eaf-05870ea6da65",
                  "isHook": false,
                  "skipped": false
                },
                {
                  "title": "should have accessible cost value labels",
                  "fullTitle": "Cost Estimation Widget - Enhanced Accessibility should have accessible cost value labels",
                  "timedOut": null,
                  "duration": 885,
                  "state": "passed",
                  "speed": "fast",
                  "pass": true,
                  "fail": false,
                  "pending": false,
                  "context": null,
                  "code": "// Cost values should be clearly labeled\ncy.get(_support_selectors__WEBPACK_IMPORTED_MODULE_0__.costEstimationWidget.root).within(() => {\n    cy.contains(/CAPEX|Capital|Initial/i).should('be.visible');\n    cy.contains(/OPEX|Operational|Annual|Monthly/i).should('be.visible');\n});",
                  "err": {},
                  "uuid": "d2f4f535-5350-4242-a92e-fa33d3beb98f",
                  "parentUUID": "f90e3e22-4f1c-42af-9eaf-05870ea6da65",
                  "isHook": false,
                  "skipped": false
                },
                {
                  "title": "should pass basic accessibility checks",
                  "fullTitle": "Cost Estimation Widget - Enhanced Accessibility should pass basic accessibility checks",
                  "timedOut": null,
                  "duration": 958,
                  "state": "passed",
                  "speed": "fast",
                  "pass": true,
                  "fail": false,
                  "pending": false,
                  "context": null,
                  "code": "cy.checkA11y();",
                  "err": {},
                  "uuid": "bbfd0ba0-7fd4-4107-bae4-1187d3c5d794",
                  "parentUUID": "f90e3e22-4f1c-42af-9eaf-05870ea6da65",
                  "isHook": false,
                  "skipped": false
                }
              ],
              "suites": [],
              "passes": [
                "eea4b7c2-7098-4fd8-8051-261265f92330",
                "d2f4f535-5350-4242-a92e-fa33d3beb98f",
                "bbfd0ba0-7fd4-4107-bae4-1187d3c5d794"
              ],
              "failures": [],
              "pending": [],
              "skipped": [],
              "duration": 2711,
              "root": false,
              "rootEmpty": false,
              "_timeout": 2000
            },
            {
              "uuid": "c0ec7ac4-7877-49ce-ae25-e81a5baabbdb",
              "title": "Interactions",
              "fullFile": "",
              "file": "",
              "beforeHooks": [],
              "afterHooks": [],
              "tests": [
                {
                  "title": "should respond quickly to security level changes",
                  "fullTitle": "Cost Estimation Widget - Enhanced Interactions should respond quickly to security level changes",
                  "timedOut": null,
                  "duration": 1656,
                  "state": "passed",
                  "speed": "fast",
                  "pass": true,
                  "fail": false,
                  "pending": false,
                  "context": null,
                  "code": "const startTime = Date.now();\ncy.get(_support_selectors__WEBPACK_IMPORTED_MODULE_0__.securityLevelWidget.availabilitySelect)\n    .select(_support_constants__WEBPACK_IMPORTED_MODULE_1__.SECURITY_LEVELS.HIGH, { force: true });\ncy.get(_support_selectors__WEBPACK_IMPORTED_MODULE_0__.costEstimationWidget.root).should('be.visible');\ncy.then(() => {\n    const responseTime = Date.now() - startTime;\n    cy.log(`Widget response time: ${responseTime}ms`);\n    expect(responseTime).to.be.lessThan(1000);\n});",
                  "err": {},
                  "uuid": "9de9e5a0-f598-4e09-bfcd-c4384e967072",
                  "parentUUID": "c0ec7ac4-7877-49ce-ae25-e81a5baabbdb",
                  "isHook": false,
                  "skipped": false
                },
                {
                  "title": "should maintain cost display during rapid level changes",
                  "fullTitle": "Cost Estimation Widget - Enhanced Interactions should maintain cost display during rapid level changes",
                  "timedOut": null,
                  "duration": 2049,
                  "state": "passed",
                  "speed": "fast",
                  "pass": true,
                  "fail": false,
                  "pending": false,
                  "context": null,
                  "code": "// Rapidly change security levels\ncy.get(_support_selectors__WEBPACK_IMPORTED_MODULE_0__.securityLevelWidget.availabilitySelect).select(_support_constants__WEBPACK_IMPORTED_MODULE_1__.SECURITY_LEVELS.HIGH, { force: true });\ncy.get(_support_selectors__WEBPACK_IMPORTED_MODULE_0__.securityLevelWidget.availabilitySelect).select(_support_constants__WEBPACK_IMPORTED_MODULE_1__.SECURITY_LEVELS.LOW, { force: true });\ncy.get(_support_selectors__WEBPACK_IMPORTED_MODULE_0__.securityLevelWidget.availabilitySelect).select(_support_constants__WEBPACK_IMPORTED_MODULE_1__.SECURITY_LEVELS.MODERATE, { force: true });\ncy.wait(500);\n// Widget should still display costs correctly\ncy.get(_support_selectors__WEBPACK_IMPORTED_MODULE_0__.costEstimationWidget.root)\n    .should('be.visible')\n    .and('not.contain', 'Error')\n    .and('not.contain', 'NaN');",
                  "err": {},
                  "uuid": "6f153fd3-6fe3-4969-8518-8227b47f07b5",
                  "parentUUID": "c0ec7ac4-7877-49ce-ae25-e81a5baabbdb",
                  "isHook": false,
                  "skipped": false
                }
              ],
              "suites": [],
              "passes": [
                "9de9e5a0-f598-4e09-bfcd-c4384e967072",
                "6f153fd3-6fe3-4969-8518-8227b47f07b5"
              ],
              "failures": [],
              "pending": [],
              "skipped": [],
              "duration": 3705,
              "root": false,
              "rootEmpty": false,
              "_timeout": 2000
            },
            {
              "uuid": "84f57d82-786a-4373-ae50-02019becf760",
              "title": "Content Validation",
              "fullFile": "",
              "file": "",
              "beforeHooks": [],
              "afterHooks": [],
              "tests": [
                {
                  "title": "should display expected cost-related content",
                  "fullTitle": "Cost Estimation Widget - Enhanced Content Validation should display expected cost-related content",
                  "timedOut": null,
                  "duration": 897,
                  "state": "passed",
                  "speed": "fast",
                  "pass": true,
                  "fail": false,
                  "pending": false,
                  "context": null,
                  "code": "// Verify financial terminology is present\ncy.get(_support_selectors__WEBPACK_IMPORTED_MODULE_0__.costEstimationWidget.root).invoke('text').then((text) => {\n    const hasFinancialTerms = /cost|expense|budget|investment|estimate|capex|opex/i.test(text);\n    expect(hasFinancialTerms).to.be.true;\n});",
                  "err": {},
                  "uuid": "bd0e0f9a-dc38-49b4-873c-7958d25c553f",
                  "parentUUID": "84f57d82-786a-4373-ae50-02019becf760",
                  "isHook": false,
                  "skipped": false
                }
              ],
              "suites": [],
              "passes": [
                "bd0e0f9a-dc38-49b4-873c-7958d25c553f"
              ],
              "failures": [],
              "pending": [],
              "skipped": [],
              "duration": 897,
              "root": false,
              "rootEmpty": false,
              "_timeout": 2000
            }
          ],
          "passes": [],
          "failures": [],
          "pending": [],
          "skipped": [],
          "duration": 0,
          "root": false,
          "rootEmpty": false,
          "_timeout": 2000
        }
      ],
      "passes": [],
      "failures": [],
      "pending": [],
      "skipped": [],
      "duration": 0,
      "root": true,
      "rootEmpty": true,
      "_timeout": 2000
    }
  ],
  "meta": {
    "mocha": {
      "version": "7.2.0"
    },
    "mochawesome": {
      "options": {
        "quiet": false,
        "reportFilename": "mochawesome",
        "saveHtml": true,
        "saveJson": true,
        "consoleReporter": "spec",
        "useInlineDiffs": false,
        "code": true
      },
      "version": "7.1.4"
    },
    "marge": {
      "options": {
        "id": "default",
        "reportDir": "build/cypress/mochawesome",
        "overwrite": false,
        "html": true,
        "json": true,
        "code": true,
        "timestamp": "mmddyyyy_HHMMss",
        "charts": true,
        "showHooks": "failed",
        "embeddedScreenshots": true
      },
      "version": "6.3.2"
    }
  }
}