TN:
SF:src/App.css
FNF:0
FNH:0
LF:0
LH:0
BRF:0
BRH:0
end_of_record
TN:
SF:src/App.tsx
FN:30,App
FNF:1
FNH:1
FNDA:1,App
DA:31,1
LF:1
LH:1
BRF:0
BRH:0
end_of_record
TN:
SF:src/application/CIAClassificationApp.tsx
FN:7,(anonymous_0)
FN:10,(anonymous_1)
FN:15,(anonymous_2)
FN:18,(anonymous_3)
FN:21,(anonymous_4)
FN:26,(anonymous_5)
FN:29,(anonymous_6)
FN:32,(anonymous_7)
FN:37,(anonymous_8)
FN:40,(anonymous_9)
FN:43,(anonymous_10)
FN:68,(anonymous_11)
FN:86,(anonymous_12)
FN:97,(anonymous_13)
FN:106,(anonymous_14)
FN:114,(anonymous_15)
FN:122,(anonymous_16)
FN:134,(anonymous_17)
FN:135,(anonymous_18)
FN:139,(anonymous_19)
FN:144,(anonymous_20)
FN:148,(anonymous_21)
FN:152,(anonymous_22)
FN:167,(anonymous_23)
FN:248,(anonymous_24)
FN:443,(anonymous_25)
FNF:26
FNH:16
FNDA:6,(anonymous_0)
FNDA:6,(anonymous_1)
FNDA:6,(anonymous_2)
FNDA:6,(anonymous_3)
FNDA:6,(anonymous_4)
FNDA:6,(anonymous_5)
FNDA:6,(anonymous_6)
FNDA:6,(anonymous_7)
FNDA:6,(anonymous_8)
FNDA:6,(anonymous_9)
FNDA:6,(anonymous_10)
FNDA:44,(anonymous_11)
FNDA:24,(anonymous_12)
FNDA:24,(anonymous_13)
FNDA:0,(anonymous_14)
FNDA:0,(anonymous_15)
FNDA:0,(anonymous_16)
FNDA:0,(anonymous_17)
FNDA:0,(anonymous_18)
FNDA:0,(anonymous_19)
FNDA:24,(anonymous_20)
FNDA:0,(anonymous_21)
FNDA:0,(anonymous_22)
FNDA:24,(anonymous_23)
FNDA:0,(anonymous_24)
FNDA:0,(anonymous_25)
DA:7,6
DA:8,6
DA:10,6
DA:11,6
DA:15,6
DA:16,6
DA:18,6
DA:19,6
DA:21,6
DA:22,6
DA:26,6
DA:27,6
DA:29,6
DA:30,6
DA:32,6
DA:33,6
DA:37,6
DA:38,6
DA:40,6
DA:41,6
DA:43,6
DA:44,6
DA:68,6
DA:69,44
DA:72,44
DA:75,44
DA:80,44
DA:83,44
DA:86,44
DA:87,24
DA:92,44
DA:94,44
DA:97,44
DA:98,24
DA:106,44
DA:108,0
DA:109,0
DA:114,44
DA:116,0
DA:117,0
DA:122,44
DA:124,0
DA:128,0
DA:134,44
DA:135,0
DA:139,44
DA:140,0
DA:144,44
DA:148,0
DA:152,0
DA:160,44
DA:167,44
DA:168,24
DA:169,10
DA:170,10
DA:172,14
DA:173,14
DA:177,44
DA:248,0
DA:443,0
LF:60
LH:48
BRDA:92,0,0,44
BRDA:92,0,1,44
BRDA:168,1,0,10
BRDA:168,1,1,14
BRDA:181,2,0,16
BRDA:181,2,1,28
BRDA:260,3,0,16
BRDA:260,3,1,28
BRF:8
BRH:8
end_of_record
TN:
SF:src/components/charts/RadarChart.tsx
FN:45,(anonymous_0)
FN:71,(anonymous_1)
FN:90,(anonymous_2)
FN:92,(anonymous_3)
FN:93,(anonymous_4)
FN:112,(anonymous_5)
FN:115,(anonymous_6)
FN:191,(anonymous_7)
FN:220,(anonymous_8)
FN:238,(anonymous_9)
FN:246,(anonymous_10)
FNF:11
FNH:9
FNDA:52,(anonymous_0)
FNDA:132,(anonymous_1)
FNDA:42,(anonymous_2)
FNDA:0,(anonymous_3)
FNDA:0,(anonymous_4)
FNDA:42,(anonymous_5)
FNDA:47,(anonymous_6)
FNDA:47,(anonymous_7)
FNDA:47,(anonymous_8)
FNDA:1,(anonymous_9)
FNDA:44,(anonymous_10)
DA:23,9
DA:24,9
DA:25,9
DA:45,9
DA:52,52
DA:53,52
DA:57,52
DA:59,52
DA:64,52
DA:71,52
DA:72,132
DA:74,15
DA:77,29
DA:79,58
DA:81,27
DA:83,3
DA:85,0
DA:90,52
DA:92,42
DA:93,0
DA:94,0
DA:99,0
DA:101,0
DA:102,0
DA:109,42
DA:112,42
DA:115,52
DA:116,47
DA:118,47
DA:120,47
DA:121,5
DA:125,47
DA:126,47
DA:127,3
DA:128,3
DA:131,44
DA:132,44
DA:133,44
DA:136,44
DA:139,47
DA:140,47
DA:143,47
DA:146,47
DA:192,0
DA:199,0
DA:221,0
DA:228,0
DA:229,0
DA:238,47
DA:239,1
DA:240,1
DA:244,47
DA:246,47
DA:247,44
DA:248,44
DA:249,44
DA:254,0
DA:256,0
DA:260,52
DA:264,52
LF:60
LH:47
BRDA:24,0,0,9
BRDA:24,0,1,0
BRDA:46,1,0,52
BRDA:47,2,0,52
BRDA:48,3,0,52
BRDA:49,4,0,52
BRDA:50,5,0,52
BRDA:72,6,0,15
BRDA:72,6,1,0
BRDA:72,6,2,29
BRDA:72,6,3,58
BRDA:72,6,4,27
BRDA:72,6,5,3
BRDA:72,6,6,0
BRDA:94,7,0,0
BRDA:94,7,1,0
BRDA:95,8,0,0
BRDA:95,8,1,0
BRDA:101,9,0,0
BRDA:101,9,1,0
BRDA:116,10,0,0
BRDA:116,10,1,47
BRDA:120,11,0,5
BRDA:120,11,1,42
BRDA:126,12,0,3
BRDA:126,12,1,44
BRDA:136,13,0,0
BRDA:136,13,1,44
BRDA:139,14,0,0
BRDA:139,14,1,44
BRDA:140,15,0,0
BRDA:140,15,1,44
BRDA:143,16,0,0
BRDA:143,16,1,44
BRDA:199,17,0,0
BRDA:199,17,1,0
BRDA:209,18,0,0
BRDA:209,18,1,44
BRDA:229,19,0,0
BRDA:229,19,1,0
BRDA:239,20,0,1
BRDA:239,20,1,0
BRDA:248,21,0,44
BRDA:248,21,1,0
BRDA:254,22,0,0
BRDA:254,22,1,0
BRDA:260,23,0,2
BRDA:260,23,1,50
BRDA:266,24,0,5
BRDA:266,24,1,47
BRDA:275,25,0,47
BRDA:275,25,1,0
BRDA:281,26,0,47
BRDA:281,26,1,0
BRDA:287,27,0,47
BRDA:287,27,1,0
BRF:56
BRH:30
end_of_record
TN:
SF:src/components/common/BusinessImpactSection.tsx
FN:9,(anonymous_0)
FN:30,(anonymous_1)
FN:52,(anonymous_2)
FN:72,(anonymous_3)
FN:230,(anonymous_4)
FNF:5
FNH:5
FNDA:30,(anonymous_0)
FNDA:30,(anonymous_1)
FNDA:30,(anonymous_2)
FNDA:30,(anonymous_3)
FNDA:2,(anonymous_4)
DA:9,4
DA:10,30
DA:12,20
DA:14,5
DA:16,5
DA:19,0
DA:20,0
DA:30,4
DA:31,30
DA:33,20
DA:35,5
DA:37,5
DA:40,0
DA:41,0
DA:52,4
DA:53,30
DA:55,20
DA:57,5
DA:59,5
DA:62,0
DA:63,0
DA:72,4
DA:80,30
DA:83,30
DA:84,30
DA:85,30
DA:87,30
DA:232,2
LF:28
LH:22
BRDA:10,0,0,20
BRDA:10,0,1,5
BRDA:10,0,2,5
BRDA:10,0,3,0
BRDA:31,1,0,20
BRDA:31,1,1,5
BRDA:31,1,2,5
BRDA:31,1,3,0
BRDA:53,2,0,20
BRDA:53,2,1,5
BRDA:53,2,2,5
BRDA:53,2,3,0
BRDA:75,3,0,30
BRDA:80,4,0,30
BRDA:80,4,1,2
BRDA:80,4,2,2
BRDA:104,5,0,30
BRDA:104,5,1,0
BRDA:109,6,0,30
BRDA:109,6,1,30
BRDA:120,7,0,30
BRDA:120,7,1,2
BRDA:123,8,0,30
BRDA:123,8,1,12
BRDA:133,9,0,30
BRDA:133,9,1,30
BRDA:144,10,0,30
BRDA:144,10,1,2
BRDA:147,11,0,30
BRDA:147,11,1,13
BRDA:157,12,0,30
BRDA:157,12,1,4
BRDA:168,13,0,4
BRDA:168,13,1,0
BRDA:171,14,0,4
BRDA:171,14,1,0
BRDA:180,15,0,30
BRDA:180,15,1,4
BRDA:191,16,0,4
BRDA:191,16,1,0
BRDA:194,17,0,4
BRDA:194,17,1,0
BRDA:204,18,0,30
BRDA:204,18,1,11
BRDA:215,19,0,11
BRDA:215,19,1,0
BRDA:218,20,0,11
BRDA:218,20,1,0
BRDA:223,21,0,11
BRDA:223,21,1,3
BRDA:223,21,2,1
BRF:51
BRH:41
end_of_record
TN:
SF:src/components/common/CodeBlock.tsx
FN:12,(anonymous_0)
FN:27,(anonymous_1)
FN:49,(anonymous_2)
FN:68,(anonymous_3)
FN:120,(anonymous_4)
FN:130,(anonymous_5)
FN:134,(anonymous_6)
FN:141,(anonymous_7)
FN:180,(anonymous_8)
FNF:9
FNH:9
FNDA:18,(anonymous_0)
FNDA:4,(anonymous_1)
FNDA:2,(anonymous_2)
FNDA:3,(anonymous_3)
FNDA:20,(anonymous_4)
FNDA:2,(anonymous_5)
FNDA:1,(anonymous_6)
FNDA:18,(anonymous_7)
FNDA:5,(anonymous_8)
DA:12,1
DA:13,18
DA:16,18
DA:22,18
DA:24,2
DA:26,2
DA:29,4
DA:30,0
DA:32,4
DA:33,2
DA:35,2
DA:36,2
DA:38,0
DA:39,0
DA:41,0
DA:44,16
DA:46,1
DA:48,1
DA:51,2
DA:52,0
DA:54,2
DA:55,1
DA:57,1
DA:58,1
DA:60,0
DA:63,15
DA:65,1
DA:67,1
DA:70,3
DA:71,0
DA:73,3
DA:74,1
DA:76,2
DA:77,2
DA:79,0
DA:84,18
DA:120,1
DA:128,20
DA:130,20
DA:131,2
DA:132,2
DA:133,1
DA:134,1
DA:136,1
DA:141,20
DA:142,18
DA:143,18
DA:149,20
DA:181,5
LF:49
LH:41
BRDA:22,0,0,2
BRDA:22,0,1,16
BRDA:22,1,0,18
BRDA:22,1,1,16
BRDA:22,1,2,16
BRDA:22,1,3,16
BRDA:29,2,0,0
BRDA:29,2,1,4
BRDA:32,3,0,2
BRDA:32,3,1,2
BRDA:35,4,0,2
BRDA:35,4,1,0
BRDA:38,5,0,0
BRDA:38,5,1,0
BRDA:44,6,0,1
BRDA:44,6,1,15
BRDA:51,7,0,0
BRDA:51,7,1,2
BRDA:54,8,0,1
BRDA:54,8,1,1
BRDA:57,9,0,1
BRDA:57,9,1,0
BRDA:63,10,0,1
BRDA:63,10,1,14
BRDA:63,11,0,15
BRDA:63,11,1,14
BRDA:70,12,0,0
BRDA:70,12,1,3
BRDA:73,13,0,1
BRDA:73,13,1,2
BRDA:76,14,0,2
BRDA:76,14,1,0
BRDA:123,15,0,20
BRDA:124,16,0,20
BRDA:125,17,0,20
BRDA:126,18,0,20
BRDA:157,19,0,20
BRDA:157,19,1,16
BRDA:159,20,0,20
BRDA:159,20,1,19
BRDA:167,21,0,1
BRDA:167,21,1,18
BRDA:177,22,0,2
BRDA:177,22,1,18
BRDA:187,23,0,5
BRDA:187,23,1,0
BRF:46
BRH:37
end_of_record
TN:
SF:src/components/common/ErrorMessage.tsx
FN:67,(anonymous_0)
FNF:1
FNH:1
FNDA:59,(anonymous_0)
DA:67,24
DA:74,59
LF:2
LH:2
BRDA:68,0,0,59
BRDA:71,1,0,59
BRDA:72,2,0,59
BRDA:94,3,0,59
BRDA:94,3,1,51
BRF:5
BRH:5
end_of_record
TN:
SF:src/components/common/ErrorToast.tsx
FN:84,(anonymous_0)
FN:137,(anonymous_1)
FN:149,(anonymous_2)
FN:151,(anonymous_3)
FN:157,(anonymous_4)
FN:159,(anonymous_5)
FN:163,(anonymous_6)
FN:246,(anonymous_7)
FNF:8
FNH:8
FNDA:21,(anonymous_0)
FNDA:22,(anonymous_1)
FNDA:3,(anonymous_2)
FNDA:3,(anonymous_3)
FNDA:16,(anonymous_4)
FNDA:1,(anonymous_5)
FNDA:12,(anonymous_6)
FNDA:1,(anonymous_7)
DA:84,3
DA:85,21
DA:87,1
DA:89,1
DA:91,18
DA:93,0
DA:95,0
DA:97,1
DA:99,0
DA:137,3
DA:147,22
DA:149,22
DA:150,3
DA:151,3
DA:152,3
DA:153,3
DA:157,22
DA:158,16
DA:159,12
DA:160,1
DA:163,12
DA:165,4
DA:168,22
DA:169,1
DA:172,21
DA:174,21
DA:247,1
DA:248,1
LF:28
LH:25
BRDA:85,0,0,1
BRDA:85,0,1,1
BRDA:85,0,2,18
BRDA:85,0,3,0
BRDA:85,0,4,0
BRDA:85,0,5,1
BRDA:85,0,6,0
BRDA:139,1,0,22
BRDA:142,2,0,22
BRDA:143,3,0,22
BRDA:145,4,0,22
BRDA:158,5,0,12
BRDA:158,5,1,4
BRDA:158,6,0,16
BRDA:158,6,1,15
BRDA:168,7,0,1
BRDA:168,7,1,21
BRDA:168,8,0,22
BRDA:168,8,1,1
BRDA:177,9,0,3
BRDA:177,9,1,18
BRDA:243,10,0,22
BRDA:243,10,1,4
BRDA:274,11,0,22
BRDA:274,11,1,14
BRDA:274,11,2,14
BRDA:274,11,3,13
BRF:27
BRH:24
end_of_record
TN:
SF:src/components/common/KeyValuePair.tsx
FN:43,KeyValuePair
FNF:1
FNH:1
FNDA:59,KeyValuePair
DA:53,59
LF:1
LH:1
BRDA:46,0,0,59
BRDA:47,1,0,59
BRDA:48,2,0,59
BRDA:49,3,0,59
BRDA:56,4,0,59
BRDA:56,4,1,4
BRDA:59,5,0,59
BRDA:59,5,1,0
BRDA:63,6,0,59
BRDA:63,6,1,0
BRF:10
BRH:8
end_of_record
TN:
SF:src/components/common/KeyboardShortcutHelp.tsx
FN:21,(anonymous_0)
FN:30,(anonymous_1)
FN:33,(anonymous_2)
FN:48,(anonymous_3)
FN:51,(anonymous_4)
FN:60,(anonymous_5)
FN:64,(anonymous_6)
FN:70,(anonymous_7)
FN:81,(anonymous_8)
FN:96,(anonymous_9)
FN:99,(anonymous_10)
FN:119,(anonymous_11)
FN:154,(anonymous_12)
FN:164,(anonymous_13)
FNF:14
FNH:13
FNDA:58,(anonymous_0)
FNDA:38,(anonymous_1)
FNDA:7,(anonymous_2)
FNDA:58,(anonymous_3)
FNDA:2,(anonymous_4)
FNDA:13,(anonymous_5)
FNDA:38,(anonymous_6)
FNDA:1,(anonymous_7)
FNDA:0,(anonymous_8)
FNDA:1,(anonymous_9)
FNDA:13,(anonymous_10)
FNDA:2,(anonymous_11)
FNDA:7,(anonymous_12)
FNDA:7,(anonymous_13)
DA:21,7
DA:26,58
DA:27,58
DA:30,58
DA:31,38
DA:33,38
DA:34,7
DA:35,7
DA:36,7
DA:38,7
DA:41,38
DA:48,58
DA:49,58
DA:51,13
DA:52,2
DA:53,2
DA:54,2
DA:55,2
DA:59,13
DA:60,13
DA:64,58
DA:65,38
DA:70,13
DA:71,1
DA:72,1
DA:74,1
DA:78,1
DA:79,1
DA:81,1
DA:82,0
DA:84,0
DA:85,0
DA:86,0
DA:87,0
DA:88,0
DA:89,0
DA:93,1
DA:94,1
DA:96,1
DA:99,13
DA:100,13
DA:101,13
DA:105,58
DA:107,13
DA:119,2
DA:155,7
DA:165,7
LF:47
LH:40
BRDA:27,0,0,58
BRDA:27,0,1,57
BRDA:35,1,0,7
BRDA:35,1,1,0
BRDA:49,2,0,45
BRDA:49,2,1,13
BRDA:52,3,0,2
BRDA:52,3,1,0
BRDA:65,4,0,25
BRDA:65,4,1,13
BRDA:72,5,0,0
BRDA:72,5,1,1
BRDA:82,6,0,0
BRDA:82,6,1,0
BRDA:84,7,0,0
BRDA:84,7,1,0
BRDA:84,8,0,0
BRDA:84,8,1,0
BRDA:87,9,0,0
BRDA:87,9,1,0
BRDA:87,10,0,0
BRDA:87,10,1,0
BRDA:105,11,0,45
BRDA:105,11,1,13
BRDA:161,12,0,7
BRDA:161,12,1,0
BRF:26
BRH:12
end_of_record
TN:
SF:src/components/common/LoadingSkeleton.tsx
FN:54,(anonymous_0)
FN:68,(anonymous_1)
FN:70,(anonymous_2)
FN:84,(anonymous_3)
FN:89,(anonymous_4)
FN:99,(anonymous_5)
FN:104,(anonymous_6)
FN:114,(anonymous_7)
FN:116,(anonymous_8)
FN:131,(anonymous_9)
FN:133,(anonymous_10)
FN:146,(anonymous_11)
FN:149,(anonymous_12)
FNF:13
FNH:13
FNDA:485,(anonymous_0)
FNDA:473,(anonymous_1)
FNDA:2348,(anonymous_2)
FNDA:4,(anonymous_3)
FNDA:12,(anonymous_4)
FNDA:2,(anonymous_5)
FNDA:8,(anonymous_6)
FNDA:2,(anonymous_7)
FNDA:10,(anonymous_8)
FNDA:2,(anonymous_9)
FNDA:8,(anonymous_10)
FNDA:2,(anonymous_11)
FNDA:8,(anonymous_12)
DA:54,7
DA:60,485
DA:61,485
DA:64,485
DA:69,473
DA:71,2348
DA:85,4
DA:90,12
DA:100,2
DA:105,8
DA:115,2
DA:117,10
DA:132,2
DA:134,8
DA:147,2
DA:150,8
DA:165,485
DA:168,485
DA:176,485
DA:178,485
LF:20
LH:20
BRDA:55,0,0,485
BRDA:56,1,0,485
BRDA:57,2,0,485
BRDA:58,3,0,485
BRDA:165,4,0,485
BRDA:165,4,1,0
BRDA:176,5,0,485
BRDA:176,5,1,2
BRF:8
BRH:7
end_of_record
TN:
SF:src/components/common/LoadingSpinner.tsx
FN:51,(anonymous_0)
FNF:1
FNH:1
FNDA:12,(anonymous_0)
DA:51,2
DA:56,12
DA:62,12
LF:3
LH:3
BRDA:52,0,0,12
BRDA:53,1,0,12
BRDA:54,2,0,12
BRF:3
BRH:3
end_of_record
TN:
SF:src/components/common/MetricCard.tsx
FN:49,(anonymous_0)
FNF:1
FNH:1
FNDA:180,(anonymous_0)
DA:49,6
DA:61,180
DA:100,180
DA:102,180
LF:4
LH:4
BRDA:55,0,0,180
BRDA:56,1,0,180
BRDA:57,2,0,180
BRDA:106,3,0,180
BRDA:106,3,1,179
BRDA:106,4,0,179
BRDA:106,4,1,176
BRDA:108,5,0,165
BRDA:108,5,1,15
BRDA:109,6,0,180
BRDA:109,6,1,165
BRDA:119,7,0,180
BRDA:119,7,1,4
BRDA:119,8,0,1
BRDA:119,8,1,3
BRDA:128,9,0,180
BRDA:128,9,1,114
BRF:17
BRH:17
end_of_record
TN:
SF:src/components/common/ResourceCard.tsx
FN:12,(anonymous_0)
FN:17,(anonymous_1)
FN:23,(anonymous_2)
FN:37,(anonymous_3)
FN:68,(anonymous_4)
FNF:5
FNH:5
FNDA:33,(anonymous_0)
FNDA:33,(anonymous_1)
FNDA:4,(anonymous_2)
FNDA:3,(anonymous_3)
FNDA:89,(anonymous_4)
DA:12,2
DA:13,33
DA:14,31
DA:17,2
DA:23,33
DA:24,4
DA:25,3
DA:27,1
DA:31,33
DA:38,3
DA:39,2
DA:69,89
LF:12
LH:12
BRDA:13,0,0,2
BRDA:13,0,1,31
BRDA:14,1,0,2
BRDA:14,1,1,29
BRDA:20,2,0,33
BRDA:24,3,0,3
BRDA:24,3,1,1
BRDA:38,4,0,2
BRDA:38,4,1,1
BRDA:38,5,0,3
BRDA:38,5,1,2
BRDA:42,6,0,33
BRDA:42,6,1,24
BRDA:49,7,0,33
BRDA:49,7,1,1
BRDA:54,8,0,33
BRDA:54,8,1,2
BRDA:58,9,0,33
BRDA:58,9,1,24
BRDA:61,10,0,33
BRDA:61,10,1,32
BRDA:64,11,0,33
BRDA:64,11,1,24
BRF:23
BRH:23
end_of_record
TN:
SF:src/components/common/RiskLevelBadge.tsx
FN:31,(anonymous_0)
FN:63,getRiskIcon
FNF:2
FNH:2
FNDA:13,(anonymous_0)
FNDA:2,getRiskIcon
DA:31,2
DA:38,13
DA:39,1
DA:47,12
DA:51,13
DA:53,13
DA:64,2
DA:66,2
DA:67,1
DA:69,1
DA:72,0
DA:73,1
DA:74,1
DA:76,0
DA:79,0
DA:82,0
LF:16
LH:12
BRDA:33,0,0,13
BRDA:34,1,0,13
BRDA:35,2,0,13
BRDA:38,3,0,1
BRDA:38,3,1,12
BRDA:47,4,0,3
BRDA:47,4,1,9
BRDA:55,5,0,13
BRDA:55,5,1,2
BRDA:66,6,0,1
BRDA:66,6,1,1
BRDA:66,7,0,2
BRDA:66,7,1,1
BRDA:69,8,0,0
BRDA:69,8,1,1
BRDA:69,9,0,1
BRDA:69,9,1,1
BRDA:73,10,0,1
BRDA:73,10,1,0
BRDA:76,11,0,0
BRDA:76,11,1,0
BRDA:76,12,0,0
BRDA:76,12,1,0
BRF:23
BRH:17
end_of_record
TN:
SF:src/components/common/SecurityLevelBadge.tsx
FN:45,(anonymous_0)
FN:54,(anonymous_1)
FN:72,(anonymous_2)
FNF:3
FNH:3
FNDA:632,(anonymous_0)
FNDA:303,(anonymous_1)
FNDA:6,(anonymous_2)
DA:45,12
DA:54,632
DA:55,303
DA:57,28
DA:59,68
DA:61,142
DA:63,32
DA:65,33
DA:67,0
DA:72,632
DA:73,6
DA:75,1
DA:77,1
DA:79,2
DA:81,1
DA:83,1
DA:85,0
DA:89,632
DA:90,632
DA:92,632
LF:20
LH:18
BRDA:50,0,0,632
BRDA:55,1,0,28
BRDA:55,1,1,68
BRDA:55,1,2,142
BRDA:55,1,3,32
BRDA:55,1,4,33
BRDA:55,1,5,0
BRDA:73,2,0,1
BRDA:73,2,1,1
BRDA:73,2,2,2
BRDA:73,2,3,1
BRDA:73,2,4,1
BRDA:73,2,5,0
BRDA:89,3,0,632
BRDA:89,3,1,303
BRDA:90,4,0,632
BRDA:90,4,1,6
BRDA:97,5,0,632
BRDA:97,5,1,83
BRF:19
BRH:17
end_of_record
TN:
SF:src/components/common/SecurityLevelIndicator.tsx
FN:34,(anonymous_0)
FN:41,(anonymous_1)
FN:59,(anonymous_2)
FNF:3
FNH:3
FNDA:91,(anonymous_0)
FNDA:91,(anonymous_1)
FNDA:91,(anonymous_2)
DA:34,6
DA:41,91
DA:42,91
DA:44,5
DA:46,3
DA:48,78
DA:50,3
DA:52,2
DA:54,0
DA:59,91
DA:60,91
DA:62,55
DA:64,1
DA:66,35
DA:70,91
LF:15
LH:14
BRDA:36,0,0,91
BRDA:37,1,0,91
BRDA:42,2,0,5
BRDA:42,2,1,3
BRDA:42,2,2,78
BRDA:42,2,3,3
BRDA:42,2,4,2
BRDA:42,2,5,0
BRDA:60,3,0,55
BRDA:60,3,1,1
BRDA:60,3,2,35
BRF:11
BRH:10
end_of_record
TN:
SF:src/components/common/ShortcutBadge.tsx
FN:27,(anonymous_0)
FN:43,(anonymous_1)
FNF:2
FNH:2
FNDA:30,(anonymous_0)
FNDA:44,(anonymous_1)
DA:13,8
DA:27,8
DA:34,30
DA:35,30
DA:37,30
DA:44,44
DA:74,8
LF:7
LH:7
BRDA:29,0,0,30
BRDA:30,1,0,30
BRDA:31,2,0,30
BRDA:34,3,0,29
BRDA:34,3,1,1
BRDA:60,4,0,44
BRDA:60,4,1,14
BRF:7
BRH:7
end_of_record
TN:
SF:src/components/common/StatusBadge.tsx
FN:46,(anonymous_0)
FN:55,(anonymous_1)
FN:75,(anonymous_2)
FN:102,getColorClass
FNF:4
FNH:4
FNDA:73,(anonymous_0)
FNDA:73,(anonymous_1)
FNDA:73,(anonymous_2)
FNDA:73,getColorClass
DA:46,5
DA:55,73
DA:56,73
DA:58,9
DA:60,10
DA:62,19
DA:64,4
DA:66,31
DA:68,0
DA:70,0
DA:75,73
DA:76,73
DA:78,31
DA:80,1
DA:82,41
DA:87,73
DA:89,73
DA:103,73
DA:105,4
DA:107,19
DA:109,10
DA:111,9
DA:114,31
LF:23
LH:21
BRDA:49,0,0,73
BRDA:51,1,0,73
BRDA:52,2,0,73
BRDA:56,3,0,9
BRDA:56,3,1,10
BRDA:56,3,2,19
BRDA:56,3,3,4
BRDA:56,3,4,31
BRDA:56,3,5,0
BRDA:56,3,6,0
BRDA:76,4,0,31
BRDA:76,4,1,1
BRDA:76,4,2,41
BRDA:103,5,0,4
BRDA:103,5,1,19
BRDA:103,5,2,10
BRDA:103,5,3,9
BRDA:103,5,4,31
BRDA:103,5,5,31
BRF:19
BRH:17
end_of_record
TN:
SF:src/components/common/TabContainer.tsx
FN:72,(anonymous_0)
FN:96,(anonymous_1)
FN:102,(anonymous_2)
FN:111,(anonymous_3)
FN:112,(anonymous_4)
FN:142,(anonymous_5)
FNF:6
FNH:6
FNDA:83,(anonymous_0)
FNDA:231,(anonymous_1)
FNDA:462,(anonymous_2)
FNDA:8,(anonymous_3)
FNDA:7,(anonymous_4)
FNDA:231,(anonymous_5)
DA:72,5
DA:79,83
DA:84,83
DA:97,231
DA:99,231
DA:103,462
DA:111,8
DA:112,7
DA:143,231
LF:9
LH:9
BRDA:76,0,0,83
BRDA:77,1,0,83
BRDA:103,2,0,231
BRDA:103,2,1,231
BRDA:109,3,0,82
BRDA:109,3,1,149
BRDA:113,4,0,231
BRDA:113,4,1,74
BRDA:119,5,0,82
BRDA:119,5,1,149
BRDA:123,6,0,36
BRDA:123,6,1,195
BRDA:130,7,0,231
BRDA:130,7,1,42
BRDA:151,8,0,82
BRDA:151,8,1,149
BRDA:153,9,0,231
BRDA:153,9,1,82
BRF:18
BRH:18
end_of_record
TN:
SF:src/components/common/ValueDisplay.tsx
FN:19,(anonymous_0)
FN:26,(anonymous_1)
FN:42,(anonymous_2)
FNF:3
FNH:3
FNDA:21,(anonymous_0)
FNDA:21,(anonymous_1)
FNDA:21,(anonymous_2)
DA:19,1
DA:26,21
DA:27,21
DA:29,2
DA:31,1
DA:33,1
DA:35,1
DA:38,16
DA:42,21
DA:43,21
DA:45,1
DA:47,3
DA:50,17
DA:54,21
LF:14
LH:14
BRDA:21,0,0,21
BRDA:22,1,0,21
BRDA:24,2,0,21
BRDA:27,3,0,2
BRDA:27,3,1,1
BRDA:27,3,2,1
BRDA:27,3,3,1
BRDA:27,3,4,16
BRDA:27,3,5,16
BRDA:43,4,0,1
BRDA:43,4,1,3
BRDA:43,4,2,17
BRDA:43,4,3,17
BRDA:59,5,0,21
BRDA:59,5,1,3
BRF:15
BRH:15
end_of_record
TN:
SF:src/components/common/WidgetContainer.tsx
FN:25,(anonymous_0)
FNF:1
FNH:1
FNDA:252,(anonymous_0)
DA:25,14
DA:38,252
DA:41,252
DA:47,252
DA:48,252
DA:51,252
DA:52,252
DA:53,2
DA:57,252
DA:58,2
DA:77,250
LF:11
LH:11
BRDA:28,0,0,252
BRDA:29,1,0,252
BRDA:30,2,0,252
BRDA:31,3,0,252
BRDA:38,4,0,252
BRDA:38,4,1,173
BRDA:41,5,0,2
BRDA:41,5,1,250
BRDA:42,6,0,1
BRDA:42,6,1,1
BRDA:43,7,0,80
BRDA:43,7,1,170
BRDA:44,8,0,78
BRDA:44,8,1,2
BRDA:45,9,0,164
BRDA:45,9,1,6
BRDA:47,10,0,243
BRDA:47,10,1,9
BRDA:48,11,0,243
BRDA:48,11,1,9
BRDA:52,12,0,2
BRDA:52,12,1,250
BRDA:53,13,0,1
BRDA:53,13,1,1
BRDA:57,14,0,2
BRDA:57,14,1,250
BRDA:70,15,0,2
BRDA:70,15,1,0
BRDA:81,16,0,250
BRDA:81,16,1,242
BRDA:84,17,0,252
BRDA:84,17,1,0
BRDA:86,18,0,80
BRDA:86,18,1,170
BRDA:87,19,0,80
BRDA:87,19,1,170
BRF:36
BRH:34
end_of_record
TN:
SF:src/components/common/WidgetErrorBoundary.tsx
FN:94,(anonymous_0)
FN:102,(anonymous_1)
FN:109,(anonymous_2)
FN:127,(anonymous_3)
FN:131,(anonymous_4)
FNF:5
FNH:5
FNDA:558,(anonymous_0)
FNDA:22,(anonymous_1)
FNDA:25,(anonymous_2)
FNDA:1,(anonymous_3)
FNDA:1001,(anonymous_4)
DA:95,558
DA:96,558
DA:103,50
DA:110,25
DA:113,25
DA:119,25
DA:120,2
DA:127,1
DA:128,1
DA:132,1001
DA:133,1001
DA:135,1001
DA:137,50
DA:138,4
DA:142,46
DA:154,951
LF:16
LH:16
BRDA:114,0,0,19
BRDA:114,0,1,6
BRDA:119,1,0,2
BRDA:119,1,1,23
BRDA:133,2,0,1001
BRDA:135,3,0,50
BRDA:135,3,1,951
BRDA:137,4,0,4
BRDA:137,4,1,46
BRDA:145,5,0,36
BRDA:145,5,1,10
BRDA:146,6,0,50
BRDA:146,6,1,0
BRF:13
BRH:12
end_of_record
TN:
SF:src/components/common/WidgetSection.tsx
FN:46,(anonymous_0)
FNF:1
FNH:1
FNDA:84,(anonymous_0)
DA:46,6
DA:57,84
DA:67,84
DA:69,84
LF:4
LH:4
BRDA:51,0,0,84
BRDA:52,1,0,84
BRDA:54,2,0,84
BRDA:67,3,0,84
BRDA:67,3,1,59
BRDA:76,4,0,84
BRDA:76,4,1,75
BRDA:84,5,0,84
BRDA:84,5,1,1
BRF:9
BRH:9
end_of_record
TN:
SF:src/components/widgets/assessmentcenter/BusinessImpactAnalysisWidget.tsx
FN:33,(anonymous_0)
FN:50,(anonymous_1)
FN:98,(anonymous_2)
FN:122,(anonymous_3)
FN:146,(anonymous_4)
FN:173,(anonymous_5)
FN:200,(anonymous_6)
FN:240,(anonymous_7)
FN:298,(anonymous_8)
FN:361,(anonymous_9)
FN:400,(anonymous_10)
FN:464,(anonymous_11)
FN:491,(anonymous_12)
FN:648,getHighestImpactArea
FN:690,getSecurityLevelValue
FN:703,getImpactColorClass
FN:721,getImpactTextColorClass
FN:735,calculateDefaultImpactLevel
FN:763,getDefaultComponentImpact
FNF:19
FNH:14
FNDA:2,(anonymous_0)
FNDA:22,(anonymous_1)
FNDA:0,(anonymous_2)
FNDA:0,(anonymous_3)
FNDA:0,(anonymous_4)
FNDA:0,(anonymous_5)
FNDA:2,(anonymous_6)
FNDA:132,(anonymous_7)
FNDA:5,(anonymous_8)
FNDA:5,(anonymous_9)
FNDA:22,(anonymous_10)
FNDA:22,(anonymous_11)
FNDA:22,(anonymous_12)
FNDA:22,getHighestImpactArea
FNDA:1,getSecurityLevelValue
FNDA:120,getImpactColorClass
FNDA:4,getImpactTextColorClass
FNDA:18,calculateDefaultImpactLevel
FNDA:0,getDefaultComponentImpact
DA:33,2
DA:46,22
DA:50,22
DA:51,22
DA:52,22
DA:53,22
DA:60,22
DA:63,21
DA:68,3
DA:77,18
DA:83,0
DA:84,0
DA:98,0
DA:99,22
DA:100,22
DA:101,22
DA:104,22
DA:105,21
DA:109,3
DA:114,18
DA:116,18
DA:117,0
DA:122,0
DA:123,0
DA:124,0
DA:125,22
DA:128,22
DA:129,21
DA:133,3
DA:138,18
DA:140,18
DA:141,0
DA:146,0
DA:147,0
DA:148,0
DA:149,22
DA:155,22
DA:156,21
DA:160,3
DA:165,18
DA:167,18
DA:168,0
DA:173,0
DA:178,22
DA:186,22
DA:187,42
DA:188,42
DA:191,42
DA:193,42
DA:194,42
DA:195,42
DA:196,42
DA:200,42
DA:204,28
DA:214,22
DA:240,132
DA:242,132
DA:246,22
DA:298,13
DA:300,5
DA:304,22
DA:361,5
DA:363,22
DA:400,22
DA:401,22
DA:455,22
DA:465,22
DA:492,22
DA:512,88
DA:653,22
DA:655,22
DA:656,2
DA:658,22
DA:659,22
DA:661,22
DA:662,1
DA:664,22
DA:665,1
DA:667,1
DA:668,1
DA:670,22
DA:671,1
DA:674,22
DA:675,22
DA:678,0
DA:679,0
DA:682,22
DA:683,22
DA:686,22
DA:691,1
DA:699,1
DA:704,120
DA:706,120
DA:708,2
DA:710,66
DA:712,66
DA:714,37
DA:716,37
DA:722,4
DA:723,0
DA:724,0
DA:725,2
DA:726,22
DA:727,22
DA:728,0
DA:729,4
DA:731,4
DA:740,18
DA:748,2
DA:749,3
DA:750,3
DA:752,3
DA:755,3
DA:756,3
DA:757,3
DA:758,3
DA:759,3
DA:764,3
DA:766,0
DA:767,2
DA:788,0
DA:789,0
DA:811,0
LF:123
LH:101
BRDA:39,0,0,2
BRDA:40,1,0,2
BRDA:52,2,0,22
BRDA:52,2,1,0
BRDA:60,3,0,21
BRDA:60,3,1,1
BRDA:68,4,0,18
BRDA:68,4,1,18
BRDA:100,5,0,22
BRDA:100,5,1,0
BRDA:104,6,0,21
BRDA:104,6,1,1
BRDA:109,7,0,18
BRDA:109,7,1,18
BRDA:124,8,0,22
BRDA:124,8,1,-22
BRDA:128,9,0,21
BRDA:128,9,1,1
BRDA:133,10,0,18
BRDA:133,10,1,18
BRDA:148,11,0,22
BRDA:148,11,1,-22
BRDA:155,12,0,21
BRDA:155,12,1,1
BRDA:160,13,0,18
BRDA:160,13,1,18
BRDA:186,14,0,22
BRDA:186,14,1,42
BRDA:187,15,0,42
BRDA:187,15,1,42
BRDA:188,16,0,42
BRDA:188,16,1,42
BRDA:193,17,0,42
BRDA:193,17,1,0
BRDA:194,18,0,42
BRDA:194,18,1,0
BRDA:195,19,0,42
BRDA:195,19,1,0
BRDA:222,20,0,132
BRDA:222,20,1,132
BRDA:225,21,0,132
BRDA:225,21,1,132
BRDA:233,22,0,132
BRDA:233,22,1,132
BRDA:259,23,0,20
BRDA:259,23,1,20
BRDA:261,24,0,20
BRDA:261,24,1,20
BRDA:263,25,0,20
BRDA:263,25,1,1
BRDA:272,26,0,13
BRDA:272,26,1,5
BRDA:274,27,0,5
BRDA:274,27,1,20
BRDA:276,28,0,20
BRDA:276,28,1,20
BRDA:285,29,0,13
BRDA:285,29,1,5
BRDA:287,30,0,5
BRDA:287,30,1,20
BRDA:289,31,0,20
BRDA:289,31,1,1
BRDA:308,32,0,20
BRDA:308,32,1,20
BRDA:310,33,0,20
BRDA:310,33,1,20
BRDA:312,34,0,20
BRDA:312,34,1,20
BRDA:321,35,0,13
BRDA:321,35,1,5
BRDA:323,36,0,20
BRDA:323,36,1,20
BRDA:325,37,0,20
BRDA:325,37,1,1
BRDA:334,38,0,13
BRDA:334,38,1,5
BRDA:336,39,0,20
BRDA:336,39,1,20
BRDA:338,40,0,20
BRDA:338,40,1,1
BRDA:347,41,0,13
BRDA:347,41,1,5
BRDA:349,42,0,5
BRDA:349,42,1,20
BRDA:351,43,0,20
BRDA:351,43,1,20
BRDA:442,44,0,22
BRDA:442,44,1,22
BRDA:442,45,0,22
BRDA:442,45,1,22
BRDA:516,46,0,22
BRDA:516,46,1,22
BRDA:518,47,0,22
BRDA:518,47,1,22
BRDA:542,48,0,22
BRDA:542,48,1,22
BRDA:548,49,0,22
BRDA:548,49,1,22
BRDA:553,50,0,22
BRDA:553,50,1,22
BRDA:563,51,0,22
BRDA:563,51,1,22
BRDA:569,52,0,22
BRDA:569,52,1,22
BRDA:571,53,0,22
BRDA:571,53,1,22
BRDA:581,54,0,22
BRDA:581,54,1,22
BRDA:587,55,0,22
BRDA:587,55,1,22
BRDA:589,56,0,22
BRDA:589,56,1,22
BRDA:655,57,0,2
BRDA:655,57,1,20
BRDA:658,58,0,22
BRDA:658,58,1,0
BRDA:661,59,0,1
BRDA:661,59,1,21
BRDA:664,60,0,22
BRDA:664,60,1,0
BRDA:667,61,0,1
BRDA:667,61,1,0
BRDA:670,62,0,1
BRDA:670,62,1,21
BRDA:674,63,0,22
BRDA:674,63,1,0
BRDA:678,64,0,0
BRDA:678,64,1,0
BRDA:682,65,0,22
BRDA:682,65,1,0
BRDA:699,66,0,1
BRDA:699,66,1,2
BRDA:704,67,0,120
BRDA:704,67,1,6
BRDA:704,67,2,66
BRDA:704,67,3,3
BRDA:704,67,4,7
BRDA:704,67,5,37
BRDA:722,68,0,0
BRDA:722,68,1,0
BRDA:724,69,0,2
BRDA:724,69,1,22
BRDA:726,70,0,22
BRDA:726,70,1,0
BRDA:728,71,0,4
BRDA:728,71,1,-4
BRDA:728,72,0,0
BRDA:728,72,1,22
BRDA:748,73,0,3
BRDA:748,73,1,3
BRDA:749,74,0,3
BRDA:749,74,1,3
BRDA:750,75,0,3
BRDA:750,75,1,3
BRDA:755,76,0,3
BRDA:755,76,1,0
BRDA:756,77,0,3
BRDA:756,77,1,0
BRDA:757,78,0,3
BRDA:757,78,1,0
BRDA:758,79,0,3
BRDA:758,79,1,0
BRDA:764,80,0,3
BRDA:764,80,1,0
BRDA:766,81,0,2
BRDA:766,81,1,-2
BRDA:771,82,0,9
BRDA:771,82,1,3
BRDA:775,83,0,3
BRDA:775,83,1,3
BRDA:779,84,0,0
BRDA:779,84,1,3
BRDA:783,85,0,3
BRDA:783,85,1,3
BRDA:788,86,0,0
BRDA:788,86,1,0
BRDA:793,87,0,3
BRDA:793,87,1,6
BRDA:797,88,0,3
BRDA:797,88,1,3
BRDA:801,89,0,0
BRDA:801,89,1,3
BRDA:805,90,0,3
BRDA:805,90,1,3
BRDA:815,91,0,3
BRDA:815,91,1,3
BRDA:819,92,0,3
BRDA:819,92,1,3
BRDA:823,93,0,0
BRDA:823,93,1,3
BRDA:827,94,0,9
BRDA:827,94,1,9
BRF:192
BRH:162
end_of_record
TN:
SF:src/components/widgets/assessmentcenter/SecurityBusinessTab.tsx
FN:25,(anonymous_0)
FNF:1
FNH:1
FNDA:22,(anonymous_0)
DA:25,3
DA:33,22
LF:2
LH:2
BRDA:34,0,0,22
BRDA:34,0,1,0
BRF:2
BRH:1
end_of_record
TN:
SF:src/components/widgets/assessmentcenter/SecurityComplianceTab.tsx
FN:25,(anonymous_0)
FN:110,(anonymous_1)
FN:132,(anonymous_2)
FNF:3
FNH:3
FNDA:17,(anonymous_0)
FNDA:32,(anonymous_1)
FNDA:15,(anonymous_2)
DA:25,3
DA:33,17
DA:112,32
DA:134,15
LF:4
LH:4
BRDA:34,0,0,17
BRDA:34,0,1,0
BRDA:48,1,0,1
BRDA:48,1,1,16
BRDA:57,2,0,0
BRDA:57,2,1,1
BRDA:59,3,0,1
BRDA:59,3,1,0
BRDA:77,4,0,1
BRDA:77,4,1,15
BRDA:78,5,0,16
BRDA:78,5,1,0
BRDA:79,6,0,15
BRDA:79,6,1,0
BRDA:80,7,0,15
BRDA:80,7,1,0
BRDA:85,8,0,16
BRDA:85,8,1,0
BRDA:94,9,0,17
BRDA:94,9,1,16
BRDA:108,10,0,15
BRDA:108,10,1,1
BRDA:130,11,0,15
BRDA:130,11,1,1
BRF:24
BRH:17
end_of_record
TN:
SF:src/components/widgets/assessmentcenter/SecurityImplementationTab.tsx
FN:24,(anonymous_0)
FNF:1
FNH:1
FNDA:19,(anonymous_0)
DA:24,3
DA:35,19
LF:2
LH:2
BRDA:37,0,0,19
BRDA:37,0,1,0
BRDA:63,1,0,1
BRDA:63,1,1,18
BRDA:65,2,0,0
BRDA:65,2,1,18
BRDA:67,3,0,1
BRDA:67,3,1,17
BRDA:74,4,0,1
BRDA:74,4,1,18
BRDA:76,5,0,0
BRDA:76,5,1,18
BRDA:78,6,0,1
BRDA:78,6,1,17
BRF:14
BRH:11
end_of_record
TN:
SF:src/components/widgets/assessmentcenter/SecurityLevelWidget.tsx
FN:44,(anonymous_0)
FN:75,(anonymous_1)
FN:122,(anonymous_2)
FN:133,(anonymous_3)
FN:144,(anonymous_4)
FN:165,(anonymous_5)
FN:200,(anonymous_6)
FN:310,(anonymous_7)
FN:330,(anonymous_8)
FN:377,(anonymous_9)
FN:394,(anonymous_10)
FN:441,(anonymous_11)
FN:458,(anonymous_12)
FNF:13
FNH:10
FNDA:79,(anonymous_0)
FNDA:38,(anonymous_1)
FNDA:1,(anonymous_2)
FNDA:1,(anonymous_3)
FNDA:1,(anonymous_4)
FNDA:237,(anonymous_5)
FNDA:1,(anonymous_6)
FNDA:395,(anonymous_7)
FNDA:0,(anonymous_8)
FNDA:395,(anonymous_9)
FNDA:0,(anonymous_10)
FNDA:395,(anonymous_11)
FNDA:0,(anonymous_12)
DA:44,7
DA:55,79
DA:58,79
DA:61,79
DA:66,79
DA:67,79
DA:70,79
DA:75,79
DA:77,38
DA:78,37
DA:79,37
DA:82,1
DA:83,1
DA:85,1
DA:91,38
DA:101,38
DA:102,38
DA:104,0
DA:105,0
DA:111,1
DA:122,79
DA:124,1
DA:125,1
DA:126,1
DA:128,1
DA:133,79
DA:135,1
DA:136,1
DA:137,1
DA:139,1
DA:144,79
DA:146,1
DA:147,1
DA:148,1
DA:150,1
DA:156,79
DA:165,79
DA:169,237
DA:171,79
DA:172,77
DA:173,75
DA:174,6
DA:175,2
DA:176,0
DA:179,79
DA:180,77
DA:181,73
DA:182,4
DA:183,2
DA:184,0
DA:187,79
DA:188,77
DA:189,75
DA:190,6
DA:191,4
DA:192,0
DA:195,0
DA:200,79
DA:201,1
DA:203,1
DA:205,0
DA:207,0
DA:209,0
DA:213,79
DA:311,395
DA:330,0
DA:378,395
DA:394,0
DA:442,395
DA:458,0
LF:70
LH:58
BRDA:51,0,0,79
BRDA:52,1,0,79
BRDA:77,2,0,37
BRDA:77,2,1,1
BRDA:85,3,0,1
BRDA:85,3,1,0
BRDA:87,4,0,0
BRDA:87,4,1,0
BRDA:91,5,0,38
BRDA:91,5,1,0
BRDA:106,6,0,0
BRDA:106,6,1,0
BRDA:125,7,0,1
BRDA:125,7,1,0
BRDA:136,8,0,1
BRDA:136,8,1,0
BRDA:147,9,0,1
BRDA:147,9,1,0
BRDA:169,10,0,79
BRDA:169,10,1,79
BRDA:169,10,2,79
BRDA:169,10,3,0
BRDA:171,11,0,2
BRDA:171,11,1,77
BRDA:172,12,0,2
BRDA:172,12,1,75
BRDA:173,13,0,69
BRDA:173,13,1,6
BRDA:174,14,0,4
BRDA:174,14,1,2
BRDA:175,15,0,2
BRDA:175,15,1,0
BRDA:179,16,0,2
BRDA:179,16,1,77
BRDA:180,17,0,4
BRDA:180,17,1,73
BRDA:181,18,0,69
BRDA:181,18,1,4
BRDA:182,19,0,2
BRDA:182,19,1,2
BRDA:183,20,0,2
BRDA:183,20,1,0
BRDA:187,21,0,2
BRDA:187,21,1,77
BRDA:188,22,0,2
BRDA:188,22,1,75
BRDA:189,23,0,69
BRDA:189,23,1,6
BRDA:190,24,0,2
BRDA:190,24,1,4
BRDA:191,25,0,4
BRDA:191,25,1,0
BRDA:201,26,0,1
BRDA:201,26,1,0
BRDA:201,26,2,0
BRDA:201,26,3,0
BRDA:242,27,0,79
BRDA:242,27,1,79
BRDA:242,27,2,0
BRDA:255,28,0,79
BRDA:255,28,1,2
BRDA:255,28,2,78
BRDA:336,29,0,79
BRDA:336,29,1,1
BRDA:400,30,0,79
BRDA:400,30,1,1
BRDA:464,31,0,79
BRDA:464,31,1,1
BRDA:488,32,0,1
BRDA:488,32,1,78
BRDA:495,33,0,1
BRDA:495,33,1,0
BRDA:497,34,0,0
BRDA:497,34,1,0
BRDA:508,35,0,1
BRDA:508,35,1,0
BRDA:519,36,0,1
BRDA:519,36,1,0
BRDA:530,37,0,1
BRDA:530,37,1,0
BRDA:536,38,0,1
BRDA:536,38,1,1
BRDA:543,39,0,1
BRDA:543,39,1,0
BRDA:551,40,0,1
BRDA:551,40,1,0
BRDA:557,41,0,1
BRDA:557,41,1,0
BRDA:557,41,2,0
BRDA:569,42,0,1
BRDA:569,42,1,0
BRDA:569,42,2,0
BRF:92
BRH:63
end_of_record
TN:
SF:src/components/widgets/assessmentcenter/SecurityOverviewTab.tsx
FN:32,(anonymous_0)
FNF:1
FNH:1
FNDA:29,(anonymous_0)
DA:32,2
DA:45,29
LF:2
LH:2
BRDA:46,0,0,29
BRDA:46,0,1,0
BRDA:170,1,0,29
BRDA:170,1,1,2
BRF:4
BRH:3
end_of_record
TN:
SF:src/components/widgets/assessmentcenter/SecuritySummaryWidget.tsx
FN:36,(anonymous_0)
FNF:1
FNH:1
FNDA:1,(anonymous_0)
DA:36,1
DA:47,1
DA:51,20
DA:56,20
DA:60,20
DA:61,20
DA:79,20
DA:89,20
DA:163,20
LF:9
LH:9
BRDA:40,0,0,1
BRDA:41,1,0,1
BRDA:60,2,0,20
BRDA:60,2,1,20
BRDA:60,2,2,20
BRDA:61,3,0,20
BRDA:61,3,1,20
BRDA:61,3,2,20
BRDA:144,4,0,20
BRDA:144,4,1,20
BRDA:145,5,0,20
BRDA:145,5,1,20
BRDA:146,6,0,20
BRDA:146,6,1,20
BRDA:147,7,0,20
BRDA:147,7,1,20
BRF:16
BRH:16
end_of_record
TN:
SF:src/components/widgets/businessvalue/ComplianceStatusWidget.tsx
FN:18,(anonymous_0)
FN:34,(anonymous_1)
FN:54,(anonymous_2)
FN:79,(anonymous_3)
FN:83,(anonymous_4)
FN:109,(anonymous_5)
FN:150,(anonymous_6)
FN:168,(anonymous_7)
FN:174,(anonymous_8)
FN:200,(anonymous_9)
FN:253,(anonymous_10)
FN:347,(anonymous_11)
FN:351,(anonymous_12)
FN:374,(anonymous_13)
FN:378,(anonymous_14)
FN:401,(anonymous_15)
FN:405,(anonymous_16)
FN:442,(anonymous_17)
FN:480,(anonymous_18)
FN:543,getSecurityLevelValue
FNF:20
FNH:18
FNDA:2,(anonymous_0)
FNDA:2,(anonymous_1)
FNDA:19,(anonymous_2)
FNDA:15,(anonymous_3)
FNDA:45,(anonymous_4)
FNDA:19,(anonymous_5)
FNDA:19,(anonymous_6)
FNDA:0,(anonymous_7)
FNDA:19,(anonymous_8)
FNDA:19,(anonymous_9)
FNDA:0,(anonymous_10)
FNDA:15,(anonymous_11)
FNDA:15,(anonymous_12)
FNDA:15,(anonymous_13)
FNDA:15,(anonymous_14)
FNDA:15,(anonymous_15)
FNDA:15,(anonymous_16)
FNDA:2,(anonymous_17)
FNDA:2,(anonymous_18)
FNDA:19,getSecurityLevelValue
DA:18,2
DA:19,2
DA:20,2
DA:21,2
DA:34,2
DA:47,2
DA:51,19
DA:54,19
DA:56,19
DA:65,15
DA:72,15
DA:79,15
DA:83,15
DA:84,19
DA:86,19
DA:88,19
DA:94,13
DA:95,13
DA:109,17
DA:110,19
DA:111,19
DA:112,19
DA:114,19
DA:115,17
DA:116,3
DA:122,0
DA:123,13
DA:128,13
DA:129,13
DA:133,13
DA:135,0
DA:136,0
DA:150,19
DA:152,19
DA:154,19
DA:155,19
DA:157,19
DA:159,0
DA:161,0
DA:168,0
DA:169,0
DA:174,0
DA:175,19
DA:176,17
DA:178,19
DA:179,19
DA:186,15
DA:187,2
DA:200,19
DA:203,19
DA:204,19
DA:205,19
DA:210,6
DA:218,6
DA:247,0
DA:253,0
DA:255,0
DA:257,19
DA:258,19
DA:260,19
DA:261,0
DA:263,0
DA:265,0
DA:266,0
DA:272,0
DA:348,15
DA:351,15
DA:375,15
DA:378,15
DA:402,15
DA:405,15
DA:443,2
DA:445,2
DA:450,6
DA:451,6
DA:453,6
DA:481,2
DA:544,19
DA:551,19
LF:79
LH:63
BRDA:19,0,0,2
BRDA:19,0,1,0
BRDA:20,1,0,2
BRDA:20,1,1,0
BRDA:40,2,0,2
BRDA:41,3,0,2
BRDA:79,4,0,15
BRDA:79,4,1,15
BRDA:84,5,0,19
BRDA:84,5,1,-19
BRDA:84,6,0,0
BRDA:84,6,1,19
BRDA:84,6,2,19
BRDA:110,7,0,19
BRDA:110,7,1,0
BRDA:111,8,0,19
BRDA:111,8,1,0
BRDA:112,9,0,19
BRDA:112,9,1,0
BRDA:115,10,0,3
BRDA:115,10,1,14
BRDA:122,11,0,13
BRDA:122,11,1,-13
BRDA:128,12,0,13
BRDA:128,12,1,0
BRDA:152,13,0,19
BRDA:152,13,1,0
BRDA:154,14,0,19
BRDA:154,14,1,19
BRDA:157,15,0,0
BRDA:157,15,1,0
BRDA:175,16,0,17
BRDA:175,16,1,2
BRDA:175,17,0,19
BRDA:175,17,1,19
BRDA:175,17,2,19
BRDA:175,17,3,17
BRDA:203,18,0,19
BRDA:203,18,1,0
BRDA:247,19,0,0
BRDA:247,19,1,0
BRDA:255,20,0,0
BRDA:255,20,1,0
BRDA:258,21,0,19
BRDA:258,21,1,0
BRDA:261,22,0,0
BRDA:261,22,1,0
BRDA:275,23,0,19
BRDA:275,23,1,19
BRDA:276,24,0,19
BRDA:276,24,1,19
BRDA:306,25,0,19
BRDA:306,25,1,19
BRDA:309,26,0,19
BRDA:309,26,1,19
BRDA:312,27,0,19
BRDA:312,27,1,19
BRDA:319,28,0,19
BRDA:319,28,1,19
BRDA:323,29,0,15
BRDA:323,29,1,15
BRDA:326,30,0,15
BRDA:326,30,1,15
BRDA:329,31,0,15
BRDA:329,31,1,15
BRDA:338,32,0,15
BRDA:338,32,1,15
BRDA:343,33,0,15
BRDA:343,33,1,15
BRDA:357,34,0,36
BRDA:357,34,1,36
BRDA:370,35,0,15
BRDA:370,35,1,15
BRDA:384,36,0,23
BRDA:384,36,1,23
BRDA:397,37,0,15
BRDA:397,37,1,15
BRDA:411,38,0,30
BRDA:411,38,1,30
BRDA:426,39,0,15
BRDA:426,39,1,15
BRDA:431,40,0,2
BRDA:431,40,1,2
BRDA:435,41,0,2
BRDA:435,41,1,2
BRDA:445,42,0,2
BRDA:445,42,1,2
BRDA:447,43,0,2
BRDA:447,43,1,2
BRDA:458,44,0,6
BRDA:458,44,1,6
BRDA:476,45,0,6
BRDA:476,45,1,6
BRDA:476,45,2,2
BRDA:482,46,0,2
BRDA:482,46,1,2
BRDA:482,47,0,2
BRDA:482,47,1,2
BRDA:482,47,2,2
BRDA:485,48,0,4
BRDA:485,48,1,4
BRDA:488,49,0,0
BRDA:488,49,1,0
BRDA:511,50,0,19
BRDA:511,50,1,0
BRDA:511,51,0,19
BRDA:511,51,1,19
BRDA:512,52,0,19
BRDA:512,52,1,0
BRDA:517,53,0,0
BRDA:517,53,1,15
BRDA:551,54,0,19
BRDA:551,54,1,2
BRF:113
BRH:88
end_of_record
TN:
SF:src/components/widgets/businessvalue/CostEstimationWidget.tsx
FN:29,(anonymous_0)
FN:51,(anonymous_1)
FN:62,(anonymous_2)
FN:73,(anonymous_3)
FN:105,(anonymous_4)
FN:120,(anonymous_5)
FN:136,(anonymous_6)
FN:145,(anonymous_7)
FN:156,(anonymous_8)
FN:167,(anonymous_9)
FN:205,(anonymous_10)
FN:354,(anonymous_11)
FN:369,getDefaultExpertise
FNF:13
FNH:12
FNDA:2,(anonymous_0)
FNDA:103,(anonymous_1)
FNDA:53,(anonymous_2)
FNDA:53,(anonymous_3)
FNDA:53,(anonymous_4)
FNDA:3,(anonymous_5)
FNDA:0,(anonymous_6)
FNDA:53,(anonymous_7)
FNDA:53,(anonymous_8)
FNDA:52,(anonymous_9)
FNDA:49,(anonymous_10)
FNDA:103,(anonymous_11)
FNDA:103,getDefaultExpertise
DA:29,2
DA:40,2
DA:50,103
DA:51,103
DA:62,53
DA:73,53
DA:75,103
DA:84,53
DA:85,53
DA:86,53
DA:89,0
DA:92,53
DA:95,53
DA:97,53
DA:105,53
DA:109,53
DA:110,103
DA:111,103
DA:114,103
DA:118,3
DA:119,3
DA:120,3
DA:121,3
DA:123,0
DA:124,0
DA:128,0
DA:130,0
DA:131,0
DA:136,3
DA:138,0
DA:146,53
DA:149,53
DA:156,53
DA:157,53
DA:163,103
DA:167,52
DA:169,52
DA:176,103
DA:205,49
DA:206,49
DA:207,53
DA:213,53
DA:355,103
DA:373,103
DA:374,103
DA:376,103
DA:378,2
DA:380,53
DA:386,0
DA:393,0
DA:401,1
DA:405,1
DA:406,1
DA:408,1
DA:410,1
DA:412,0
DA:418,0
DA:425,0
DA:432,2
DA:437,1
DA:439,1
DA:441,1
DA:443,48
DA:445,4
DA:452,24
DA:460,7
LF:66
LH:54
BRDA:33,0,0,2
BRDA:34,1,0,2
BRDA:84,2,0,53
BRDA:84,2,1,53
BRDA:85,3,0,53
BRDA:85,3,1,53
BRDA:86,4,0,53
BRDA:86,4,1,53
BRDA:110,5,0,103
BRDA:110,5,1,0
BRDA:118,6,0,3
BRDA:118,6,1,0
BRDA:118,7,0,3
BRDA:118,7,1,3
BRDA:118,7,2,3
BRDA:120,8,0,3
BRDA:120,8,1,0
BRDA:120,9,0,3
BRDA:120,9,1,3
BRDA:123,10,0,0
BRDA:123,10,1,0
BRDA:163,11,0,103
BRDA:163,11,1,103
BRDA:178,12,0,53
BRDA:178,12,1,53
BRDA:186,13,0,53
BRDA:186,13,1,49
BRDA:194,14,0,49
BRDA:194,14,1,49
BRDA:208,15,0,103
BRDA:208,15,1,103
BRDA:209,16,0,103
BRDA:209,16,1,103
BRDA:216,17,0,103
BRDA:216,17,1,103
BRDA:217,18,0,103
BRDA:217,18,1,103
BRDA:373,19,0,103
BRDA:373,19,1,0
BRDA:374,20,0,103
BRDA:374,20,1,2
BRDA:374,20,2,53
BRDA:374,20,3,0
BRDA:374,20,4,0
BRDA:374,20,5,1
BRDA:405,21,0,1
BRDA:405,21,1,0
BRDA:406,22,0,1
BRDA:406,22,1,1
BRDA:406,22,2,0
BRDA:406,22,3,0
BRDA:406,22,4,0
BRDA:406,22,5,2
BRDA:437,23,0,1
BRDA:437,23,1,1
BRDA:437,23,2,0
BRDA:437,23,3,4
BRDA:437,23,4,24
BRDA:437,23,5,7
BRF:59
BRH:46
end_of_record
TN:
SF:src/components/widgets/businessvalue/ValueCreationWidget.tsx
FN:36,(anonymous_0)
FN:50,(anonymous_1)
FN:60,(anonymous_2)
FN:79,(anonymous_3)
FN:97,(anonymous_4)
FN:139,(anonymous_5)
FN:231,(anonymous_6)
FN:254,(anonymous_7)
FN:293,(anonymous_8)
FN:305,(anonymous_9)
FN:357,(anonymous_10)
FN:358,(anonymous_11)
FN:381,(anonymous_12)
FN:405,(anonymous_13)
FN:406,(anonymous_14)
FN:434,(anonymous_15)
FN:449,(anonymous_16)
FN:464,(anonymous_17)
FN:477,(anonymous_18)
FN:478,(anonymous_19)
FN:525,generateFallbackValueMetrics
FN:580,getPercentageValue
FNF:22
FNH:18
FNDA:2,(anonymous_0)
FNDA:44,(anonymous_1)
FNDA:20,(anonymous_2)
FNDA:1,(anonymous_3)
FNDA:1,(anonymous_4)
FNDA:0,(anonymous_5)
FNDA:0,(anonymous_6)
FNDA:0,(anonymous_7)
FNDA:0,(anonymous_8)
FNDA:44,(anonymous_9)
FNDA:44,(anonymous_10)
FNDA:44,(anonymous_11)
FNDA:39,(anonymous_12)
FNDA:44,(anonymous_13)
FNDA:44,(anonymous_14)
FNDA:3,(anonymous_15)
FNDA:3,(anonymous_16)
FNDA:3,(anonymous_17)
FNDA:44,(anonymous_18)
FNDA:44,(anonymous_19)
FNDA:44,generateFallbackValueMetrics
FNDA:38,getPercentageValue
DA:36,2
DA:44,2
DA:47,44
DA:50,44
DA:52,44
DA:60,20
DA:62,44
DA:64,44
DA:66,44
DA:68,44
DA:70,20
DA:72,20
DA:74,20
DA:79,16
DA:80,1
DA:82,0
DA:84,44
DA:86,44
DA:88,44
DA:90,44
DA:92,44
DA:97,1
DA:98,1
DA:99,1
DA:101,44
DA:102,38
DA:108,19
DA:109,19
DA:115,0
DA:122,0
DA:123,38
DA:139,0
DA:143,44
DA:144,44
DA:146,44
DA:148,9
DA:150,9
DA:151,9
DA:157,0
DA:159,0
DA:160,0
DA:164,9
DA:165,9
DA:171,3
DA:180,0
DA:181,0
DA:185,0
DA:186,0
DA:192,3
DA:201,0
DA:202,0
DA:206,0
DA:207,0
DA:213,3
DA:222,0
DA:225,0
DA:226,0
DA:231,0
DA:232,0
DA:234,0
DA:240,38
DA:245,38
DA:246,38
DA:254,0
DA:255,0
DA:256,0
DA:258,44
DA:259,39
DA:265,19
DA:266,19
DA:272,0
DA:274,0
DA:276,39
DA:278,0
DA:280,2
DA:282,32
DA:284,2
DA:287,2
DA:288,2
DA:293,0
DA:294,0
DA:305,44
DA:306,44
DA:309,44
DA:357,44
DA:359,44
DA:360,44
DA:361,44
DA:382,39
DA:405,44
DA:407,44
DA:408,44
DA:409,44
DA:435,3
DA:450,3
DA:465,3
DA:477,44
DA:479,44
DA:480,44
DA:481,44
DA:532,2
DA:539,38
DA:581,38
DA:585,2
LF:104
LH:75
BRDA:40,0,0,2
BRDA:41,1,0,2
BRDA:62,2,0,44
BRDA:62,2,1,44
BRDA:62,2,2,44
BRDA:62,2,3,20
BRDA:62,2,4,20
BRDA:62,2,5,20
BRDA:80,3,0,0
BRDA:80,3,1,44
BRDA:80,3,2,44
BRDA:80,3,3,44
BRDA:80,3,4,44
BRDA:80,3,5,44
BRDA:99,4,0,44
BRDA:99,4,1,-43
BRDA:101,5,0,38
BRDA:101,5,1,6
BRDA:108,6,0,19
BRDA:108,6,1,0
BRDA:108,7,0,19
BRDA:108,7,1,19
BRDA:144,8,0,44
BRDA:144,8,1,0
BRDA:146,9,0,9
BRDA:146,9,1,35
BRDA:150,10,0,9
BRDA:150,10,1,0
BRDA:150,11,0,9
BRDA:150,11,1,9
BRDA:157,12,0,0
BRDA:157,12,1,0
BRDA:157,12,2,0
BRDA:157,12,3,0
BRDA:159,13,0,0
BRDA:159,13,1,9
BRDA:159,14,0,0
BRDA:159,14,1,0
BRDA:164,15,0,9
BRDA:164,15,1,3
BRDA:180,16,0,0
BRDA:180,16,1,0
BRDA:180,17,0,0
BRDA:180,17,1,0
BRDA:185,18,0,0
BRDA:185,18,1,3
BRDA:201,19,0,0
BRDA:201,19,1,0
BRDA:201,20,0,0
BRDA:201,20,1,0
BRDA:206,21,0,0
BRDA:206,21,1,3
BRDA:241,22,0,38
BRDA:241,22,1,38
BRDA:256,23,0,0
BRDA:256,23,1,0
BRDA:258,24,0,39
BRDA:258,24,1,5
BRDA:265,25,0,19
BRDA:265,25,1,0
BRDA:265,26,0,19
BRDA:265,26,1,19
BRDA:272,27,0,0
BRDA:272,27,1,0
BRDA:272,27,2,0
BRDA:272,27,3,2
BRDA:272,27,4,32
BRDA:272,27,5,1
BRDA:306,28,0,44
BRDA:306,28,1,44
BRDA:312,29,0,44
BRDA:312,29,1,44
BRDA:313,30,0,44
BRDA:313,30,1,44
BRDA:359,31,0,44
BRDA:359,31,1,0
BRDA:359,32,0,44
BRDA:359,32,1,44
BRDA:370,33,0,44
BRDA:370,33,1,44
BRDA:372,34,0,44
BRDA:372,34,1,44
BRDA:384,35,0,156
BRDA:384,35,1,156
BRDA:391,36,0,156
BRDA:391,36,1,39
BRDA:394,37,0,39
BRDA:394,37,1,39
BRDA:407,38,0,44
BRDA:407,38,1,0
BRDA:407,39,0,44
BRDA:407,39,1,44
BRDA:418,40,0,44
BRDA:418,40,1,44
BRDA:420,41,0,44
BRDA:420,41,1,44
BRDA:479,42,0,44
BRDA:479,42,1,0
BRDA:479,43,0,44
BRDA:479,43,1,44
BRDA:490,44,0,44
BRDA:490,44,1,44
BRDA:492,45,0,44
BRDA:492,45,1,44
BRF:104
BRH:73
end_of_record
TN:
SF:src/components/widgets/impactanalysis/AvailabilityImpactWidget.tsx
FN:15,(anonymous_0)
FNF:1
FNH:1
FNDA:2,(anonymous_0)
DA:15,2
DA:24,14
LF:2
LH:2
BRDA:19,0,0,2
BRDA:20,1,0,2
BRDA:21,2,0,2
BRF:3
BRH:3
end_of_record
TN:
SF:src/components/widgets/impactanalysis/ConfidentialityImpactWidget.tsx
FN:16,(anonymous_0)
FNF:1
FNH:1
FNDA:2,(anonymous_0)
DA:16,2
DA:27,15
LF:2
LH:2
BRDA:22,0,0,2
BRDA:23,1,0,2
BRDA:24,2,0,15
BRF:3
BRH:3
end_of_record
TN:
SF:src/components/widgets/impactanalysis/ImpactWidget.tsx
FN:84,(anonymous_0)
FN:99,(anonymous_1)
FN:111,(anonymous_2)
FN:123,(anonymous_3)
FN:156,(anonymous_4)
FN:192,(anonymous_5)
FN:201,(anonymous_6)
FN:202,(anonymous_7)
FN:206,(anonymous_8)
FN:215,(anonymous_9)
FN:221,(anonymous_10)
FN:232,(anonymous_11)
FN:244,(anonymous_12)
FN:475,(anonymous_13)
FNF:14
FNH:13
FNDA:61,(anonymous_0)
FNDA:38,(anonymous_1)
FNDA:24,(anonymous_2)
FNDA:21,(anonymous_3)
FNDA:61,(anonymous_4)
FNDA:83,(anonymous_5)
FNDA:61,(anonymous_6)
FNDA:61,(anonymous_7)
FNDA:61,(anonymous_8)
FNDA:0,(anonymous_9)
FNDA:61,(anonymous_10)
FNDA:83,(anonymous_11)
FNDA:83,(anonymous_12)
FNDA:5,(anonymous_13)
DA:84,5
DA:86,61
DA:88,61
DA:90,25
DA:99,38
DA:102,19
DA:111,24
DA:114,17
DA:123,21
DA:127,0
DA:128,0
DA:156,5
DA:157,61
DA:159,25
DA:164,19
DA:169,17
DA:175,0
DA:176,0
DA:192,5
DA:201,83
DA:202,83
DA:203,83
DA:206,83
DA:212,83
DA:215,83
DA:216,0
DA:217,0
DA:221,83
DA:222,61
DA:223,0
DA:228,83
DA:229,83
DA:232,83
DA:233,83
DA:235,2
DA:236,2
DA:238,0
DA:239,0
DA:244,83
DA:245,83
DA:247,38
DA:248,38
DA:260,24
DA:270,21
DA:271,16
DA:272,16
DA:274,0
DA:277,5
DA:280,21
DA:290,0
DA:291,0
DA:296,83
DA:476,5
DA:493,5
LF:54
LH:42
BRDA:88,0,0,25
BRDA:88,0,1,19
BRDA:88,0,2,17
BRDA:88,0,3,0
BRDA:157,1,0,25
BRDA:157,1,1,19
BRDA:157,1,2,17
BRDA:157,1,3,0
BRDA:195,2,0,83
BRDA:197,3,0,83
BRDA:203,4,0,83
BRDA:203,4,1,36
BRDA:207,5,0,61
BRDA:207,5,1,0
BRDA:216,6,0,0
BRDA:216,6,1,0
BRDA:222,7,0,0
BRDA:222,7,1,61
BRDA:233,8,0,81
BRDA:233,8,1,2
BRDA:233,9,0,83
BRDA:233,9,1,3
BRDA:236,10,0,2
BRDA:236,10,1,0
BRDA:245,11,0,38
BRDA:245,11,1,24
BRDA:245,11,2,21
BRDA:245,11,3,0
BRDA:251,12,0,38
BRDA:251,12,1,14
BRDA:252,13,0,38
BRDA:252,13,1,15
BRDA:253,14,0,38
BRDA:253,14,1,15
BRDA:254,15,0,38
BRDA:254,15,1,15
BRDA:255,16,0,38
BRDA:255,16,1,27
BRDA:263,17,0,24
BRDA:263,17,1,11
BRDA:264,18,0,24
BRDA:264,18,1,11
BRDA:270,19,0,16
BRDA:270,19,1,5
BRDA:284,20,0,21
BRDA:284,20,1,9
BRDA:299,21,0,83
BRDA:299,21,1,0
BRDA:300,22,0,83
BRDA:300,22,1,0
BRDA:329,23,0,83
BRDA:329,23,1,83
BRDA:346,24,0,83
BRDA:346,24,1,38
BRDA:398,25,0,83
BRDA:398,25,1,24
BRDA:425,26,0,83
BRDA:425,26,1,21
BRDA:471,27,0,83
BRDA:471,27,1,3
BRDA:471,27,2,3
BRDA:471,27,3,2
BRF:62
BRH:52
end_of_record
TN:
SF:src/components/widgets/impactanalysis/IntegrityImpactWidget.tsx
FN:15,(anonymous_0)
FNF:1
FNH:1
FNDA:2,(anonymous_0)
DA:15,2
DA:24,16
LF:2
LH:2
BRDA:19,0,0,2
BRDA:20,1,0,2
BRDA:21,2,0,16
BRF:3
BRH:3
end_of_record
TN:
SF:src/components/widgets/implementationguide/CIAComponentDetails.tsx
FN:80,(anonymous_0)
FN:95,(anonymous_1)
FN:101,(anonymous_2)
FN:110,(anonymous_3)
FN:206,(anonymous_4)
FN:221,(anonymous_5)
FN:222,(anonymous_6)
FN:284,(anonymous_7)
FNF:8
FNH:7
FNDA:62,(anonymous_0)
FNDA:51,(anonymous_1)
FNDA:51,(anonymous_2)
FNDA:82,(anonymous_3)
FNDA:124,(anonymous_4)
FNDA:11,(anonymous_5)
FNDA:0,(anonymous_6)
FNDA:17,(anonymous_7)
DA:27,3
DA:80,3
DA:91,62
DA:92,62
DA:95,62
DA:96,51
DA:97,51
DA:101,62
DA:102,51
DA:103,51
DA:110,62
DA:115,82
DA:116,82
DA:117,62
DA:118,62
DA:120,20
DA:123,62
DA:207,124
DA:221,11
DA:223,0
DA:224,0
DA:225,0
DA:285,17
LF:23
LH:20
BRDA:115,0,0,0
BRDA:115,0,1,82
BRDA:116,1,0,62
BRDA:116,1,1,20
BRDA:116,2,0,82
BRDA:116,2,1,82
BRDA:118,3,0,62
BRDA:118,3,1,0
BRDA:118,4,0,62
BRDA:118,4,1,62
BRDA:223,5,0,0
BRDA:223,5,1,0
BRDA:223,6,0,0
BRDA:223,6,1,0
BRDA:235,7,0,10
BRDA:235,7,1,52
BRDA:238,8,0,10
BRDA:238,8,1,52
BRDA:242,9,0,62
BRDA:242,9,1,10
BRF:20
BRH:14
end_of_record
TN:
SF:src/components/widgets/implementationguide/ImplementationGuidancePanel.tsx
FN:31,(anonymous_0)
FNF:1
FNH:1
FNDA:26,(anonymous_0)
DA:31,3
DA:39,26
LF:2
LH:2
BRDA:36,0,0,26
BRDA:37,1,0,26
BRDA:59,2,0,26
BRDA:59,2,1,25
BRDA:62,3,0,25
BRDA:62,3,1,24
BRDA:69,4,0,24
BRDA:69,4,1,1
BRDA:75,5,0,24
BRDA:75,5,1,2
BRDA:79,6,0,24
BRDA:79,6,1,1
BRDA:87,7,0,25
BRDA:87,7,1,25
BRDA:94,8,0,25
BRDA:94,8,1,1
BRDA:100,9,0,25
BRDA:100,9,1,2
BRDA:104,10,0,25
BRDA:104,10,1,1
BRDA:112,11,0,25
BRDA:112,11,1,24
BRDA:119,12,0,24
BRDA:119,12,1,1
BRDA:125,13,0,24
BRDA:125,13,1,2
BRDA:129,14,0,24
BRDA:129,14,1,1
BRF:28
BRH:28
end_of_record
TN:
SF:src/components/widgets/implementationguide/SecurityResourcesWidget.tsx
FN:31,(anonymous_0)
FN:83,(anonymous_1)
FN:106,(anonymous_2)
FN:111,(anonymous_3)
FN:159,(anonymous_4)
FN:168,(anonymous_5)
FN:191,(anonymous_6)
FN:193,(anonymous_7)
FN:202,(anonymous_8)
FN:209,(anonymous_9)
FN:225,(anonymous_10)
FN:233,(anonymous_11)
FN:248,(anonymous_12)
FN:255,(anonymous_13)
FN:261,(anonymous_14)
FN:270,(anonymous_15)
FN:278,(anonymous_16)
FN:297,(anonymous_17)
FN:399,(anonymous_18)
FN:407,(anonymous_19)
FN:417,(anonymous_20)
FN:490,(anonymous_21)
FN:508,(anonymous_22)
FN:520,(anonymous_23)
FN:523,(anonymous_24)
FN:535,(anonymous_25)
FNF:26
FNH:21
FNDA:2,(anonymous_0)
FNDA:2,(anonymous_1)
FNDA:14,(anonymous_2)
FNDA:14,(anonymous_3)
FNDA:0,(anonymous_4)
FNDA:0,(anonymous_5)
FNDA:0,(anonymous_6)
FNDA:14,(anonymous_7)
FNDA:38,(anonymous_8)
FNDA:13,(anonymous_9)
FNDA:0,(anonymous_10)
FNDA:0,(anonymous_11)
FNDA:8,(anonymous_12)
FNDA:13,(anonymous_13)
FNDA:14,(anonymous_14)
FNDA:14,(anonymous_15)
FNDA:14,(anonymous_16)
FNDA:11,(anonymous_17)
FNDA:11,(anonymous_18)
FNDA:11,(anonymous_19)
FNDA:22,(anonymous_20)
FNDA:5,(anonymous_21)
FNDA:1,(anonymous_22)
FNDA:1,(anonymous_23)
FNDA:1,(anonymous_24)
FNDA:3,(anonymous_25)
DA:23,2
DA:24,2
DA:31,2
DA:32,2
DA:83,2
DA:96,14
DA:100,14
DA:101,14
DA:102,14
DA:103,14
DA:106,14
DA:107,14
DA:111,14
DA:112,14
DA:113,10
DA:114,14
DA:118,14
DA:130,11
DA:136,13
DA:149,13
DA:156,13
DA:157,13
DA:159,13
DA:160,13
DA:161,13
DA:162,13
DA:163,13
DA:168,73
DA:170,38
DA:171,13
DA:174,63
DA:175,63
DA:177,63
DA:180,63
DA:181,63
DA:191,0
DA:192,14
DA:193,14
DA:194,14
DA:195,14
DA:198,14
DA:202,38
DA:203,13
DA:206,14
DA:209,13
DA:210,13
DA:211,0
DA:212,0
DA:216,0
DA:220,0
DA:224,0
DA:225,0
DA:226,0
DA:231,0
DA:232,0
DA:233,13
DA:235,0
DA:244,4
DA:248,4
DA:249,2
DA:250,14
DA:251,14
DA:255,13
DA:256,13
DA:257,14
DA:261,14
DA:263,14
DA:264,0
DA:270,0
DA:271,14
DA:275,1
DA:278,0
DA:279,14
DA:280,14
DA:281,14
DA:284,14
DA:297,11
DA:299,13
DA:300,13
DA:309,33
DA:399,11
DA:408,11
DA:417,22
DA:491,5
DA:508,1
DA:521,1
DA:523,1
DA:535,3
LF:88
LH:74
BRDA:32,0,0,2
BRDA:32,0,1,2
BRDA:32,1,0,2
BRDA:32,1,1,2
BRDA:32,1,2,2
BRDA:87,2,0,2
BRDA:88,3,0,2
BRDA:89,4,0,2
BRDA:90,5,0,2
BRDA:113,6,0,14
BRDA:113,6,1,-4
BRDA:118,7,0,2
BRDA:118,7,1,11
BRDA:130,8,0,11
BRDA:130,8,1,13
BRDA:136,9,0,11
BRDA:136,9,1,13
BRDA:150,10,0,13
BRDA:150,10,1,11
BRDA:151,11,0,11
BRDA:151,11,1,11
BRDA:152,12,0,11
BRDA:152,12,1,11
BRDA:160,13,0,13
BRDA:160,13,1,13
BRDA:161,14,0,13
BRDA:161,14,1,0
BRDA:174,15,0,63
BRDA:174,15,1,0
BRDA:194,16,0,14
BRDA:194,16,1,0
BRDA:206,17,0,14
BRDA:206,17,1,0
BRDA:224,18,0,0
BRDA:224,18,1,0
BRDA:231,19,0,0
BRDA:231,19,1,0
BRDA:235,20,0,0
BRDA:235,20,1,13
BRDA:235,20,2,2
BRDA:235,20,3,2
BRDA:280,21,0,14
BRDA:280,21,1,0
BRDA:312,22,0,14
BRDA:312,22,1,14
BRDA:313,23,0,14
BRDA:313,23,1,14
BRDA:380,24,0,14
BRDA:380,24,1,14
BRDA:395,25,0,11
BRDA:395,25,1,11
BRDA:413,26,0,22
BRDA:413,26,1,22
BRDA:467,27,0,14
BRDA:467,27,1,14
BRDA:473,28,0,14
BRDA:473,28,1,14
BRDA:480,29,0,5
BRDA:480,29,1,5
BRDA:488,30,0,5
BRDA:488,30,1,5
BRDA:492,31,0,9
BRDA:492,31,1,9
BRDA:501,32,0,24
BRDA:501,32,1,24
BRDA:511,33,0,1
BRDA:511,33,1,1
BRDA:525,34,0,3
BRDA:525,34,1,3
BRDA:538,35,0,0
BRDA:538,35,1,1
BRF:71
BRH:59
end_of_record
TN:
SF:src/components/widgets/implementationguide/SecurityVisualizationWidget.tsx
FN:35,(anonymous_0)
FN:49,(anonymous_1)
FN:71,(anonymous_2)
FN:84,(anonymous_3)
FNF:4
FNH:4
FNDA:16,(anonymous_0)
FNDA:7,(anonymous_1)
FNDA:7,(anonymous_2)
FNDA:16,(anonymous_3)
DA:35,3
DA:45,16
DA:49,16
DA:51,7
DA:52,7
DA:53,7
DA:57,7
DA:58,7
DA:59,7
DA:64,7
DA:65,7
DA:67,7
DA:71,16
DA:73,7
DA:80,7
DA:84,16
DA:85,16
DA:86,16
DA:87,16
DA:90,16
DA:94,16
DA:95,0
DA:110,16
DA:140,16
LF:24
LH:23
BRDA:41,0,0,16
BRDA:42,1,0,16
BRDA:90,2,0,16
BRDA:90,2,1,0
BRDA:91,3,0,16
BRDA:91,3,1,16
BRDA:94,4,0,0
BRDA:94,4,1,16
BRDA:94,5,0,16
BRDA:94,5,1,16
BRDA:112,6,0,16
BRDA:112,6,1,0
BRDA:120,7,0,16
BRDA:120,7,1,16
BRDA:128,8,0,16
BRDA:128,8,1,0
BRDA:143,9,0,16
BRDA:143,9,1,0
BRDA:144,10,0,16
BRDA:144,10,1,0
BRF:20
BRH:14
end_of_record
TN:
SF:src/components/widgets/implementationguide/TechnicalDetailsWidget.tsx
FN:31,(anonymous_0)
FNF:1
FNH:1
FNDA:2,(anonymous_0)
DA:31,2
DA:39,2
DA:50,14
DA:59,14
DA:122,14
LF:5
LH:5
BRDA:35,0,0,2
BRDA:36,1,0,2
BRDA:126,2,0,14
BRDA:126,2,1,14
BRDA:128,3,0,14
BRDA:128,3,1,14
BRF:6
BRH:6
end_of_record
TN:
SF:src/constants/appConstants.ts
FN:28,(anonymous_0)
FN:245,(anonymous_1)
FNF:2
FNH:1
FNDA:9,(anonymous_0)
FNDA:0,(anonymous_1)
DA:28,39
DA:36,9
DA:37,2
DA:46,7
DA:70,39
DA:79,39
DA:86,39
DA:93,39
DA:101,39
DA:113,39
DA:122,39
DA:134,39
DA:143,39
DA:174,39
DA:182,39
DA:192,39
DA:245,0
DA:253,39
DA:268,39
DA:308,39
DA:339,39
DA:358,39
DA:376,39
DA:394,39
DA:399,39
DA:409,39
DA:421,39
DA:431,39
DA:441,39
DA:450,39
DA:459,39
DA:464,39
DA:480,39
LF:33
LH:32
BRDA:36,0,0,2
BRDA:36,0,1,7
BRDA:48,1,0,7
BRDA:48,1,1,6
BRDA:49,2,0,2
BRDA:49,2,1,4
BRDA:51,3,0,9
BRDA:51,3,1,7
BRDA:52,4,0,2
BRDA:52,4,1,5
BRDA:54,5,0,9
BRDA:54,5,1,6
BRDA:55,6,0,2
BRDA:55,6,1,4
BRDA:59,7,0,9
BRDA:59,7,1,7
BRDA:60,8,0,2
BRDA:60,8,1,5
BRDA:62,9,0,9
BRDA:62,9,1,6
BRDA:63,10,0,2
BRDA:63,10,1,4
BRF:22
BRH:22
end_of_record
TN:
SF:src/constants/businessConstants.ts
FN:767,getBusinessConsiderationsForCategory
FN:785,getBusinessBenefitsForLevel
FN:797,getIndustryROIFactor
FNF:3
FNH:3
FNDA:9,getBusinessConsiderationsForCategory
FNDA:7,getBusinessBenefitsForLevel
FNDA:12,getIndustryROIFactor
DA:25,9
DA:185,9
DA:270,9
DA:335,9
DA:349,9
DA:381,9
DA:637,9
DA:724,9
DA:770,9
DA:771,9
DA:772,8
DA:776,1
DA:788,7
DA:798,12
DA:799,12
LF:15
LH:15
BRDA:771,0,0,8
BRDA:771,0,1,1
BRDA:788,1,0,7
BRDA:788,1,1,1
BRDA:800,2,0,12
BRDA:800,2,1,2
BRF:6
BRH:6
end_of_record
TN:
SF:src/constants/complianceConstants.ts
FN:242,getRequiredSecurityLevel
FNF:1
FNH:0
FNDA:0,getRequiredSecurityLevel
DA:16,7
DA:32,7
DA:41,7
DA:67,7
DA:82,7
DA:101,7
DA:130,7
DA:161,7
DA:196,7
DA:246,0
LF:10
LH:9
BRDA:246,0,0,0
BRDA:246,0,1,0
BRF:2
BRH:0
end_of_record
TN:
SF:src/constants/coreConstants.ts
FN:286,(anonymous_0)
FNF:1
FNH:0
FNDA:0,(anonymous_0)
DA:47,1
DA:81,1
DA:104,1
DA:129,1
DA:155,1
DA:182,1
DA:233,1
DA:262,1
DA:286,0
DA:303,1
DA:312,1
DA:320,1
DA:333,1
DA:357,1
DA:378,1
DA:389,1
DA:404,1
DA:415,1
DA:420,1
DA:433,1
DA:445,1
DA:454,1
DA:467,1
DA:477,1
DA:487,1
DA:500,1
DA:510,1
LF:27
LH:26
BRF:0
BRH:0
end_of_record
TN:
SF:src/constants/costConstants.ts
FN:243,formatCurrency
FN:257,formatPercentage
FN:269,calculateTotalCapex
FN:289,calculateTotalOpex
FNF:4
FNH:4
FNDA:10,formatCurrency
FNDA:9,formatPercentage
FNDA:4,calculateTotalCapex
FNDA:5,calculateTotalOpex
DA:15,8
DA:32,8
DA:42,8
DA:55,8
DA:86,8
DA:107,8
DA:117,8
DA:128,8
DA:148,8
DA:158,8
DA:168,8
DA:184,8
DA:196,8
DA:207,8
DA:218,8
DA:229,8
DA:244,10
DA:258,9
DA:274,4
DA:294,5
LF:20
LH:20
BRDA:243,0,0,10
BRF:1
BRH:1
end_of_record
TN:
SF:src/constants/designTokens.ts
FN:242,getSpacing
FN:251,getTypography
FN:261,getSemanticColor
FN:273,getShadow
FN:282,getBorderRadius
FN:300,(anonymous_5)
FN:308,(anonymous_6)
FN:316,(anonymous_7)
FN:324,(anonymous_8)
FN:332,(anonymous_9)
FN:340,(anonymous_10)
FN:348,(anonymous_11)
FN:357,(anonymous_12)
FNF:13
FNH:5
FNDA:6,getSpacing
FNDA:4,getTypography
FNDA:7,getSemanticColor
FNDA:4,getShadow
FNDA:5,getBorderRadius
FNDA:0,(anonymous_5)
FNDA:0,(anonymous_6)
FNDA:0,(anonymous_7)
FNDA:0,(anonymous_8)
FNDA:0,(anonymous_9)
FNDA:0,(anonymous_10)
FNDA:0,(anonymous_11)
FNDA:0,(anonymous_12)
DA:22,12
DA:41,12
DA:61,12
DA:71,12
DA:84,12
DA:128,12
DA:147,12
DA:165,12
DA:177,12
DA:191,12
DA:207,12
DA:229,12
DA:243,6
DA:252,4
DA:265,7
DA:274,4
DA:283,5
DA:295,12
DA:301,0
DA:309,0
DA:317,0
DA:325,0
DA:333,0
DA:341,0
DA:349,0
DA:358,0
DA:366,0
LF:27
LH:18
BRDA:263,0,0,7
BRDA:357,1,0,0
BRF:2
BRH:1
end_of_record
TN:
SF:src/constants/index.ts
FNF:0
FNH:0
LF:0
LH:0
BRF:0
BRH:0
end_of_record
TN:
SF:src/constants/keyboardShortcuts.ts
FNF:0
FNH:0
DA:15,23
DA:121,23
DA:132,23
DA:141,23
DA:225,23
DA:230,23
DA:235,23
LF:7
LH:7
BRF:0
BRH:0
end_of_record
TN:
SF:src/constants/riskConstants.ts
FN:196,getRiskLevelColor
FN:206,getRiskLevelFromSecurityLevel
FNF:2
FNH:2
FNDA:7,getRiskLevelColor
FNDA:8,getRiskLevelFromSecurityLevel
DA:7,44
DA:25,44
DA:34,44
DA:46,44
DA:57,44
DA:68,44
DA:80,44
DA:91,44
DA:105,44
DA:118,44
DA:133,44
DA:153,44
DA:167,44
DA:197,7
DA:209,8
LF:15
LH:15
BRDA:197,0,0,7
BRDA:197,0,1,2
BRDA:209,1,0,8
BRDA:209,1,1,1
BRF:4
BRH:4
end_of_record
TN:
SF:src/constants/securityLevels.ts
FN:111,getSecurityLevelByValue
FN:121,getSecurityLevelValue
FN:148,getRiskLevelForSecurity
FNF:3
FNH:3
FNDA:11,getSecurityLevelByValue
FNDA:11,getSecurityLevelValue
FNDA:16,getRiskLevelForSecurity
DA:7,37
DA:19,37
DA:30,37
DA:41,37
DA:57,37
DA:71,37
DA:97,37
DA:112,11
DA:122,11
DA:134,37
DA:149,16
LF:11
LH:11
BRDA:112,0,0,11
BRDA:112,0,1,4
BRDA:122,1,0,11
BRDA:122,1,1,3
BRDA:149,2,0,16
BRDA:149,2,1,1
BRF:6
BRH:6
end_of_record
TN:
SF:src/constants/testConstants.ts
FN:20,(anonymous_0)
FN:24,(anonymous_1)
FN:30,(anonymous_2)
FN:35,(anonymous_3)
FN:36,(anonymous_4)
FN:87,(anonymous_5)
FN:100,(anonymous_6)
FN:111,(anonymous_7)
FNF:8
FNH:7
FNDA:2,(anonymous_0)
FNDA:0,(anonymous_1)
FNDA:2,(anonymous_2)
FNDA:1,(anonymous_3)
FNDA:1,(anonymous_4)
FNDA:1,(anonymous_5)
FNDA:1,(anonymous_6)
FNDA:2,(anonymous_7)
DA:6,1
DA:13,1
DA:20,1
DA:21,2
DA:24,1
DA:26,0
DA:27,0
DA:30,1
DA:31,2
DA:32,2
DA:35,1
DA:36,1
DA:37,1
DA:42,1
DA:67,1
DA:74,1
DA:87,1
DA:88,1
DA:90,1
DA:98,1
DA:101,1
DA:103,1
DA:112,2
DA:119,1
LF:24
LH:22
BRDA:20,0,0,2
BRDA:37,1,0,1
BRDA:37,1,1,1
BRDA:90,2,0,1
BRDA:90,2,1,0
BRDA:104,3,0,1
BRDA:104,3,1,1
BRDA:104,3,2,1
BRDA:112,4,0,1
BRDA:112,4,1,1
BRF:10
BRH:9
end_of_record
TN:
SF:src/constants/testIds.ts
FN:53,createTestId
FN:56,(anonymous_1)
FN:97,createWidgetTestId
FN:101,(anonymous_3)
FN:102,(anonymous_4)
FN:103,(anonymous_5)
FN:104,(anonymous_6)
FN:105,(anonymous_7)
FN:106,(anonymous_8)
FN:107,(anonymous_9)
FN:108,(anonymous_10)
FN:109,(anonymous_11)
FN:110,(anonymous_12)
FN:114,(anonymous_13)
FN:118,(anonymous_14)
FN:129,(anonymous_15)
FN:140,(anonymous_16)
FN:151,(anonymous_17)
FN:156,(anonymous_18)
FN:161,(anonymous_19)
FN:166,(anonymous_20)
FN:171,(anonymous_21)
FN:176,(anonymous_22)
FN:182,(anonymous_23)
FN:187,(anonymous_24)
FN:192,(anonymous_25)
FN:197,(anonymous_26)
FN:202,(anonymous_27)
FN:207,(anonymous_28)
FN:212,(anonymous_29)
FN:218,(anonymous_30)
FN:223,(anonymous_31)
FN:233,(anonymous_32)
FN:243,(anonymous_33)
FN:248,(anonymous_34)
FN:253,(anonymous_35)
FN:258,(anonymous_36)
FN:263,(anonymous_37)
FN:273,categorySpecific
FN:284,(anonymous_39)
FN:285,(anonymous_40)
FN:293,(anonymous_41)
FN:306,(anonymous_42)
FN:313,(anonymous_43)
FN:1163,(anonymous_44)
FN:1170,asSecurityLevel
FNF:46
FNH:31
FNDA:3793,createTestId
FNDA:14102,(anonymous_1)
FNDA:504,createWidgetTestId
FNDA:906,(anonymous_3)
FNDA:360,(anonymous_4)
FNDA:60,(anonymous_5)
FNDA:1453,(anonymous_6)
FNDA:0,(anonymous_7)
FNDA:14,(anonymous_8)
FNDA:72,(anonymous_9)
FNDA:300,(anonymous_10)
FNDA:0,(anonymous_11)
FNDA:124,(anonymous_12)
FNDA:0,(anonymous_13)
FNDA:0,(anonymous_14)
FNDA:2,(anonymous_15)
FNDA:2,(anonymous_16)
FNDA:0,(anonymous_17)
FNDA:0,(anonymous_18)
FNDA:0,(anonymous_19)
FNDA:0,(anonymous_20)
FNDA:1,(anonymous_21)
FNDA:1,(anonymous_22)
FNDA:1,(anonymous_23)
FNDA:1,(anonymous_24)
FNDA:1,(anonymous_25)
FNDA:1,(anonymous_26)
FNDA:1,(anonymous_27)
FNDA:1,(anonymous_28)
FNDA:0,(anonymous_29)
FNDA:0,(anonymous_30)
FNDA:1,(anonymous_31)
FNDA:1,(anonymous_32)
FNDA:1,(anonymous_33)
FNDA:1,(anonymous_34)
FNDA:2,(anonymous_35)
FNDA:2,(anonymous_36)
FNDA:1,(anonymous_37)
FNDA:0,categorySpecific
FNDA:0,(anonymous_39)
FNDA:0,(anonymous_40)
FNDA:0,(anonymous_41)
FNDA:1,(anonymous_42)
FNDA:0,(anonymous_43)
FNDA:2,(anonymous_44)
FNDA:3,asSecurityLevel
DA:54,3793
DA:56,14102
DA:98,504
DA:99,504
DA:101,906
DA:102,360
DA:103,60
DA:104,1453
DA:105,0
DA:106,14
DA:107,72
DA:108,300
DA:109,0
DA:111,124
DA:115,0
DA:119,0
DA:129,42
DA:133,2
DA:140,42
DA:141,2
DA:147,42
DA:151,0
DA:156,0
DA:161,0
DA:166,0
DA:171,1
DA:177,1
DA:182,1
DA:187,1
DA:192,1
DA:197,1
DA:202,1
DA:207,1
DA:213,0
DA:218,0
DA:224,1
DA:236,1
DA:237,1
DA:243,1
DA:248,1
DA:253,2
DA:258,2
DA:263,1
DA:274,0
DA:280,42
DA:285,0
DA:286,0
DA:294,0
DA:307,1
DA:316,0
DA:324,42
DA:348,42
DA:349,42
DA:350,42
DA:351,42
DA:352,42
DA:353,42
DA:354,42
DA:355,42
DA:356,42
DA:357,42
DA:358,42
DA:359,42
DA:365,42
DA:441,42
DA:518,42
DA:578,42
DA:591,42
DA:624,42
DA:662,42
DA:680,42
DA:721,42
DA:751,42
DA:784,42
DA:798,42
DA:809,42
DA:825,42
DA:847,42
DA:874,42
DA:913,42
DA:932,42
DA:938,42
DA:948,42
DA:994,42
DA:1018,42
DA:1043,42
DA:1079,42
DA:1120,42
DA:1163,42
DA:1164,2
DA:1171,3
DA:1181,42
LF:92
LH:77
BRDA:111,0,0,62
BRDA:111,0,1,62
BRDA:115,1,0,0
BRDA:115,1,1,0
BRDA:119,2,0,0
BRDA:119,2,1,0
BRDA:286,3,0,0
BRDA:286,3,1,0
BRF:8
BRH:2
end_of_record
TN:
SF:src/constants/uiConstants.ts
FN:67,getComponentIcon
FN:77,getBusinessImpactIcon
FN:92,getSecurityIcon
FNF:3
FNH:3
FNDA:124,getComponentIcon
FNDA:15,getBusinessImpactIcon
FNDA:23,getSecurityIcon
DA:8,40
DA:26,40
DA:37,40
DA:46,40
DA:68,124
DA:78,15
DA:81,15
DA:83,15
DA:93,23
DA:96,23
DA:98,23
DA:104,40
DA:115,40
LF:13
LH:13
BRDA:68,0,0,124
BRDA:68,0,1,1
BRDA:83,1,0,15
BRDA:83,1,1,2
BRDA:98,2,0,23
BRDA:98,2,1,2
BRF:6
BRH:6
end_of_record
TN:
SF:src/contexts/ErrorContext.tsx
FN:133,(anonymous_0)
FN:146,(anonymous_1)
FN:153,(anonymous_2)
FN:168,(anonymous_3)
FN:177,(anonymous_4)
FN:178,(anonymous_5)
FN:178,(anonymous_6)
FN:184,(anonymous_7)
FN:191,(anonymous_8)
FN:199,(anonymous_9)
FN:202,(anonymous_10)
FN:210,(anonymous_11)
FN:214,(anonymous_12)
FN:266,(anonymous_13)
FNF:14
FNH:13
FNDA:43,(anonymous_0)
FNDA:20,(anonymous_1)
FNDA:20,(anonymous_2)
FNDA:20,(anonymous_3)
FNDA:2,(anonymous_4)
FNDA:2,(anonymous_5)
FNDA:5,(anonymous_6)
FNDA:1,(anonymous_7)
FNDA:4,(anonymous_8)
FNDA:1,(anonymous_9)
FNDA:0,(anonymous_10)
FNDA:2,(anonymous_11)
FNDA:38,(anonymous_12)
FNDA:32,(anonymous_13)
DA:87,3
DA:133,3
DA:139,43
DA:140,43
DA:141,43
DA:146,43
DA:147,20
DA:153,43
DA:155,20
DA:158,20
DA:168,20
DA:169,20
DA:170,20
DA:177,43
DA:178,5
DA:184,43
DA:185,1
DA:191,43
DA:192,4
DA:193,4
DA:199,43
DA:200,1
DA:202,1
DA:203,0
DA:210,43
DA:211,2
DA:214,43
DA:224,43
DA:266,3
DA:267,32
DA:269,32
DA:270,2
DA:273,30
LF:33
LH:32
BRDA:135,0,0,43
BRDA:136,1,0,43
BRDA:137,2,0,43
BRDA:229,3,0,43
BRDA:229,3,1,5
BRDA:235,4,0,5
BRDA:235,4,1,5
BRDA:236,5,0,5
BRDA:236,5,1,5
BRDA:269,6,0,2
BRDA:269,6,1,30
BRF:11
BRH:11
end_of_record
TN:
SF:src/contexts/KeyboardShortcutContext.tsx
FN:45,KeyboardShortcutProvider
FN:61,(anonymous_1)
FN:68,(anonymous_2)
FN:77,(anonymous_3)
FN:80,(anonymous_4)
FN:89,(anonymous_5)
FN:97,(anonymous_6)
FN:103,(anonymous_7)
FN:144,useKeyboardShortcutContext
FN:169,useKeyboardShortcutContextOptional
FNF:10
FNH:10
FNDA:57,KeyboardShortcutProvider
FNDA:3,(anonymous_1)
FNDA:3,(anonymous_2)
FNDA:1,(anonymous_3)
FNDA:1,(anonymous_4)
FNDA:2,(anonymous_5)
FNDA:2,(anonymous_6)
FNDA:57,(anonymous_7)
FNDA:121,useKeyboardShortcutContext
FNDA:2,useKeyboardShortcutContextOptional
DA:19,9
DA:50,57
DA:51,57
DA:52,57
DA:56,57
DA:61,57
DA:62,3
DA:68,3
DA:77,57
DA:78,1
DA:80,1
DA:81,1
DA:82,1
DA:89,57
DA:90,2
DA:91,2
DA:97,57
DA:98,2
DA:99,2
DA:103,57
DA:104,57
DA:126,57
DA:145,121
DA:147,121
DA:148,2
DA:153,119
DA:170,2
LF:27
LH:27
BRDA:47,0,0,57
BRDA:48,1,0,57
BRDA:147,2,0,2
BRDA:147,2,1,119
BRF:4
BRH:4
end_of_record
TN:
SF:src/data/ciaOptionsData.ts
FN:313,getCIAOptionsForComponent
FN:335,getImplementationDetails
FN:401,getDefaultSLAMetrics
FN:466,getDefaultPrivacyImpact
FN:489,getDefaultValidationLevel
FN:512,(anonymous_5)
FNF:6
FNH:6
FNDA:3,getCIAOptionsForComponent
FNDA:23,getImplementationDetails
FNDA:47,getDefaultSLAMetrics
FNDA:18,getDefaultPrivacyImpact
FNDA:20,getDefaultValidationLevel
FNDA:22,(anonymous_5)
DA:16,26
DA:22,26
DA:28,26
DA:34,26
DA:46,26
DA:131,26
DA:205,26
DA:274,26
DA:316,3
DA:318,1
DA:320,1
DA:322,1
DA:324,0
DA:339,23
DA:347,23
DA:355,23
DA:365,23
DA:367,23
DA:369,11
DA:370,11
DA:372,6
DA:373,6
DA:375,6
DA:376,6
DA:380,23
DA:383,23
DA:386,23
DA:388,23
DA:408,47
DA:410,5
DA:418,4
DA:426,23
DA:434,9
DA:442,5
DA:450,1
DA:467,18
DA:469,2
DA:471,1
DA:473,4
DA:475,6
DA:477,4
DA:479,1
DA:490,20
DA:492,2
DA:494,1
DA:496,4
DA:498,10
DA:500,2
DA:502,1
DA:512,26
DA:513,22
DA:515,2
DA:517,2
DA:519,4
DA:521,11
DA:523,2
DA:525,1
LF:57
LH:56
BRDA:316,0,0,1
BRDA:316,0,1,1
BRDA:316,0,2,1
BRDA:316,0,3,0
BRDA:367,1,0,11
BRDA:367,1,1,6
BRDA:367,1,2,6
BRDA:408,2,0,5
BRDA:408,2,1,4
BRDA:408,2,2,23
BRDA:408,2,3,9
BRDA:408,2,4,5
BRDA:408,2,5,1
BRDA:467,3,0,2
BRDA:467,3,1,1
BRDA:467,3,2,4
BRDA:467,3,3,6
BRDA:467,3,4,4
BRDA:467,3,5,1
BRDA:490,4,0,2
BRDA:490,4,1,1
BRDA:490,4,2,4
BRDA:490,4,3,10
BRDA:490,4,4,2
BRDA:490,4,5,1
BRDA:513,5,0,2
BRDA:513,5,1,2
BRDA:513,5,2,4
BRDA:513,5,3,11
BRDA:513,5,4,2
BRDA:513,5,5,1
BRF:31
BRH:30
end_of_record
TN:
SF:src/data/riskImpactData.ts
FN:51,isRiskImpactLevel
FN:64,isRiskImpact
FN:84,isValidCIAComponent
FN:116,getRiskLevelFromSecurityLevel
FN:394,getBusinessImpact
FN:459,calculateBusinessImpactLevel
FN:510,getRiskImpactLabel
FN:540,createDefaultBusinessImpact
FNF:8
FNH:8
FNDA:12,isRiskImpactLevel
FNDA:11,isRiskImpact
FNDA:27,isValidCIAComponent
FNDA:40,getRiskLevelFromSecurityLevel
FNDA:18,getBusinessImpact
FNDA:134,calculateBusinessImpactLevel
FNDA:8,getRiskImpactLabel
FNDA:28,createDefaultBusinessImpact
DA:52,12
DA:65,11
DA:66,5
DA:69,6
DA:71,6
DA:87,27
DA:96,24
DA:117,40
DA:126,24
DA:161,24
DA:195,24
DA:222,24
DA:274,24
DA:326,24
DA:399,18
DA:400,1
DA:406,17
DA:408,7
DA:409,7
DA:411,5
DA:412,5
DA:414,5
DA:415,5
DA:417,0
DA:421,17
DA:464,134
DA:472,134
DA:473,134
DA:474,134
DA:477,134
DA:479,134
DA:481,134
DA:490,134
DA:491,134
DA:511,8
DA:519,8
DA:544,28
DA:546,28
LF:38
LH:37
BRDA:53,0,0,12
BRDA:53,0,1,7
BRDA:65,1,0,5
BRDA:65,1,1,6
BRDA:65,2,0,11
BRDA:65,2,1,7
BRDA:72,3,0,6
BRDA:72,3,1,4
BRDA:72,3,2,3
BRDA:88,4,0,27
BRDA:88,4,1,23
BRDA:117,5,0,40
BRDA:117,5,1,1
BRDA:399,6,0,1
BRDA:399,6,1,17
BRDA:406,7,0,7
BRDA:406,7,1,5
BRDA:406,7,2,5
BRDA:406,7,3,0
BRDA:424,8,0,17
BRDA:424,8,1,17
BRDA:425,9,0,18
BRDA:425,9,1,17
BRDA:426,10,0,0
BRDA:426,10,1,17
BRDA:428,11,0,17
BRDA:428,11,1,0
BRDA:472,12,0,134
BRDA:472,12,1,0
BRDA:473,13,0,134
BRDA:473,13,1,0
BRDA:474,14,0,134
BRDA:474,14,1,0
BRDA:491,15,0,134
BRDA:491,15,1,0
BRDA:519,16,0,8
BRDA:519,16,1,3
BRF:37
BRH:30
end_of_record
TN:
SF:src/data/securityResources.ts
FNF:0
FNH:0
DA:6,18
DA:200,18
LF:2
LH:2
BRF:0
BRH:0
end_of_record
TN:
SF:src/data/testDataProvider.ts
FN:17,createTestDataProvider
FN:40,getDefaultSecurityIcon
FN:54,getDefaultValuePoints
FN:72,getDefaultExpertiseLevel
FN:86,getProtectionLevel
FN:100,enhanceAvailabilityOptions
FN:106,(anonymous_6)
FN:163,enhanceIntegrityOptions
FN:178,(anonymous_8)
FN:232,enhanceConfidentialityOptions
FN:247,(anonymous_10)
FN:307,createTestROIEstimates
FN:354,getUptimeForLevel
FN:368,getRtoForLevel
FN:382,getRpoForLevel
FN:396,getMttrForLevel
FN:410,getRiskLevelForSecurityLevel
FN:424,getDevelopmentEffortForLevel
FN:438,getMaintenanceEffortForLevel
FN:452,getExpertiseForLevel
FN:477,(anonymous_20)
FNF:21
FNH:18
FNDA:20,createTestDataProvider
FNDA:5,getDefaultSecurityIcon
FNDA:5,getDefaultValuePoints
FNDA:0,getDefaultExpertiseLevel
FNDA:0,getProtectionLevel
FNDA:20,enhanceAvailabilityOptions
FNDA:100,(anonymous_6)
FNDA:20,enhanceIntegrityOptions
FNDA:100,(anonymous_8)
FNDA:20,enhanceConfidentialityOptions
FNDA:100,(anonymous_10)
FNDA:20,createTestROIEstimates
FNDA:100,getUptimeForLevel
FNDA:100,getRtoForLevel
FNDA:100,getRpoForLevel
FNDA:100,getMttrForLevel
FNDA:1600,getRiskLevelForSecurityLevel
FNDA:300,getDevelopmentEffortForLevel
FNDA:300,getMaintenanceEffortForLevel
FNDA:300,getExpertiseForLevel
FNDA:0,(anonymous_20)
DA:19,20
DA:34,20
DA:41,5
DA:48,5
DA:55,5
DA:56,1
DA:59,4
DA:66,5
DA:73,0
DA:80,0
DA:87,0
DA:94,0
DA:103,20
DA:106,20
DA:107,100
DA:109,100
DA:157,20
DA:166,20
DA:169,20
DA:178,20
DA:179,100
DA:181,100
DA:226,20
DA:235,20
DA:238,20
DA:247,20
DA:248,100
DA:250,100
DA:301,20
DA:308,20
DA:355,100
DA:362,100
DA:369,100
DA:376,100
DA:383,100
DA:390,100
DA:397,100
DA:404,100
DA:411,1600
DA:418,1600
DA:425,300
DA:432,300
DA:439,300
DA:446,300
DA:453,300
DA:460,300
DA:479,0
DA:480,0
DA:481,0
DA:482,0
DA:483,0
DA:486,0
DA:488,0
DA:490,0
DA:492,0
LF:55
LH:42
BRDA:48,0,0,5
BRDA:48,0,1,0
BRDA:55,1,0,1
BRDA:55,1,1,4
BRDA:62,2,0,2
BRDA:62,2,1,2
BRDA:62,3,0,4
BRDA:62,3,1,3
BRDA:80,4,0,0
BRDA:80,4,1,0
BRDA:94,5,0,0
BRDA:94,5,1,0
BRDA:362,6,0,100
BRDA:362,6,1,0
BRDA:376,7,0,100
BRDA:376,7,1,0
BRDA:390,8,0,100
BRDA:390,8,1,0
BRDA:404,9,0,100
BRDA:404,9,1,0
BRDA:418,10,0,1600
BRDA:418,10,1,0
BRDA:432,11,0,300
BRDA:432,11,1,0
BRDA:446,12,0,300
BRDA:446,12,1,0
BRDA:460,13,0,300
BRDA:460,13,1,0
BRDA:487,14,0,0
BRDA:487,14,1,0
BRDA:489,15,0,0
BRDA:489,15,1,0
BRDA:491,16,0,0
BRDA:491,16,1,0
BRDA:492,17,0,0
BRDA:492,17,1,0
BRF:36
BRH:15
end_of_record
TN:
SF:src/data/valueCreationData.ts
FN:119,getROIEstimateForLevel
FN:378,getROIEstimate
FN:392,getValuePoints
FN:402,getBusinessConsiderations
FN:414,getBusinessBenefits
FNF:5
FNH:5
FNDA:30,getROIEstimateForLevel
FNDA:7,getROIEstimate
FNDA:8,getValuePoints
FNDA:8,getBusinessConsiderations
FNDA:8,getBusinessBenefits
DA:8,26
DA:60,26
DA:71,26
DA:120,30
DA:121,2
DA:125,28
DA:127,28
DA:129,7
DA:131,6
DA:134,5
DA:136,4
DA:139,5
DA:141,1
DA:148,26
DA:159,26
DA:195,26
DA:285,26
DA:382,7
DA:383,7
DA:393,8
DA:405,8
DA:415,8
DA:421,26
LF:23
LH:23
BRDA:120,0,0,2
BRDA:120,0,1,28
BRDA:127,1,0,7
BRDA:127,1,1,6
BRDA:127,1,2,5
BRDA:127,1,3,5
BRDA:127,1,4,4
BRDA:127,1,5,5
BRDA:127,1,6,5
BRDA:127,1,7,1
BRDA:383,2,0,7
BRDA:383,2,1,1
BRDA:393,3,0,8
BRDA:393,3,1,1
BRDA:405,4,0,8
BRDA:405,4,1,1
BRDA:415,5,0,8
BRDA:415,5,1,1
BRF:18
BRH:18
end_of_record
TN:
SF:src/data/security/availabilityData.ts
FNF:0
FNH:0
DA:14,32
LF:1
LH:1
BRF:0
BRH:0
end_of_record
TN:
SF:src/data/security/confidentialityData.ts
FNF:0
FNH:0
DA:14,32
LF:1
LH:1
BRF:0
BRH:0
end_of_record
TN:
SF:src/data/security/index.ts
FNF:0
FNH:0
DA:22,32
DA:23,32
DA:24,32
DA:25,32
LF:4
LH:4
BRF:0
BRH:0
end_of_record
TN:
SF:src/data/security/integrityData.ts
FNF:0
FNH:0
DA:14,32
LF:1
LH:1
BRF:0
BRH:0
end_of_record
TN:
SF:src/data/security/roiEstimatesData.ts
FNF:0
FNH:0
DA:12,33
LF:1
LH:1
BRF:0
BRH:0
end_of_record
TN:
SF:src/hooks/index.ts
FNF:0
FNH:0
LF:0
LH:0
BRF:0
BRH:0
end_of_record
TN:
SF:src/hooks/useBusinessImpact.ts
FN:30,useBusinessImpact
FN:36,(anonymous_1)
FNF:2
FNH:2
FNDA:105,useBusinessImpact
FNDA:104,(anonymous_1)
DA:34,105
DA:36,105
DA:37,104
DA:38,28
DA:41,76
DA:42,76
DA:43,76
DA:45,1
DA:46,1
DA:50,105
LF:10
LH:10
BRDA:37,0,0,28
BRDA:37,0,1,76
BRDA:43,1,0,76
BRDA:43,1,1,3
BRF:4
BRH:4
end_of_record
TN:
SF:src/hooks/useCIAContentService.ts
FN:151,(anonymous_0)
FN:157,(anonymous_1)
FN:175,(anonymous_2)
FN:181,(anonymous_3)
FNF:4
FNH:4
FNDA:387,(anonymous_0)
FNDA:191,(anonymous_1)
FNDA:1,(anonymous_2)
FNDA:190,(anonymous_3)
DA:151,13
DA:152,387
DA:154,387
DA:155,387
DA:157,387
DA:158,191
DA:159,191
DA:161,191
DA:163,191
DA:164,190
DA:165,190
DA:167,1
DA:168,1
DA:170,191
DA:175,387
DA:177,1
DA:178,1
DA:181,387
DA:182,190
DA:185,387
LF:20
LH:20
BRF:0
BRH:0
end_of_record
TN:
SF:src/hooks/useCIADataProvider.ts
FN:9,(anonymous_0)
FN:17,(anonymous_1)
FN:44,(anonymous_2)
FNF:3
FNH:3
FNDA:42,(anonymous_0)
FNDA:21,(anonymous_1)
FNDA:20,(anonymous_2)
DA:9,14
DA:10,42
DA:13,42
DA:14,42
DA:17,42
DA:18,21
DA:19,21
DA:20,21
DA:23,21
DA:28,6
DA:29,6
DA:31,0
DA:32,0
DA:37,0
DA:39,6
DA:44,42
DA:45,20
DA:48,42
LF:18
LH:15
BRDA:33,0,0,0
BRDA:33,0,1,0
BRF:2
BRH:0
end_of_record
TN:
SF:src/hooks/useCIAOptions.ts
FN:417,(anonymous_0)
FN:419,(anonymous_1)
FN:420,(anonymous_2)
FN:421,(anonymous_3)
FN:422,(anonymous_4)
FN:424,(anonymous_5)
FN:441,(anonymous_6)
FN:448,(anonymous_7)
FN:457,(anonymous_8)
FNF:9
FNH:9
FNDA:7,(anonymous_0)
FNDA:6,(anonymous_1)
FNDA:6,(anonymous_2)
FNDA:6,(anonymous_3)
FNDA:6,(anonymous_4)
FNDA:10,(anonymous_5)
FNDA:5,(anonymous_6)
FNDA:15,(anonymous_7)
FNDA:2,(anonymous_8)
DA:110,9
DA:148,9
DA:186,9
DA:224,9
DA:417,9
DA:419,7
DA:420,7
DA:421,7
DA:422,7
DA:424,7
DA:425,10
DA:427,2
DA:429,2
DA:431,2
DA:433,2
DA:435,2
DA:437,0
DA:441,7
DA:447,5
DA:448,5
DA:449,15
DA:450,15
DA:451,15
DA:454,5
DA:457,7
DA:458,2
DA:461,7
LF:27
LH:26
BRDA:425,0,0,2
BRDA:425,0,1,2
BRDA:425,0,2,2
BRDA:425,0,3,2
BRDA:425,0,4,2
BRDA:425,0,5,0
BRDA:449,1,0,15
BRDA:449,1,1,5
BRDA:450,2,0,15
BRDA:450,2,1,7
BRDA:451,3,0,4
BRDA:451,3,1,11
BRDA:458,4,0,2
BRDA:458,4,1,0
BRF:14
BRH:12
end_of_record
TN:
SF:src/hooks/useComplianceService.ts
FN:8,useComplianceService
FN:12,(anonymous_1)
FN:37,(anonymous_2)
FN:40,(anonymous_3)
FN:60,(anonymous_4)
FNF:5
FNH:5
FNDA:24,useComplianceService
FNDA:12,(anonymous_1)
FNDA:12,(anonymous_2)
FNDA:12,(anonymous_3)
FNDA:12,(anonymous_4)
DA:9,24
DA:10,24
DA:12,24
DA:14,12
DA:23,12
DA:37,24
DA:38,12
DA:40,12
DA:41,12
DA:43,12
DA:45,12
DA:46,12
DA:50,0
DA:51,0
DA:52,0
DA:53,0
DA:58,12
DA:60,12
DA:61,12
DA:65,24
LF:20
LH:16
BRDA:43,0,0,12
BRDA:43,0,1,0
BRDA:45,1,0,12
BRDA:45,1,1,0
BRDA:51,2,0,0
BRDA:51,2,1,0
BRDA:52,3,0,0
BRDA:52,3,1,0
BRF:8
BRH:2
end_of_record
TN:
SF:src/hooks/useComponentDetails.ts
FN:29,useComponentDetails
FN:35,(anonymous_1)
FNF:2
FNH:2
FNDA:103,useComponentDetails
FNDA:102,(anonymous_1)
DA:33,103
DA:35,103
DA:36,102
DA:38,75
DA:39,75
DA:40,75
DA:42,1
DA:43,1
DA:47,103
LF:9
LH:9
BRDA:36,0,0,27
BRDA:36,0,1,75
BRDA:40,1,0,2
BRDA:40,1,1,72
BRF:4
BRH:4
end_of_record
TN:
SF:src/hooks/useFormattedMetrics.ts
FN:79,useFormattedMetrics
FN:85,(anonymous_1)
FN:87,(anonymous_2)
FN:88,(anonymous_3)
FN:90,(anonymous_4)
FNF:5
FNH:5
FNDA:24,useFormattedMetrics
FNDA:22,(anonymous_1)
FNDA:12,(anonymous_2)
FNDA:7,(anonymous_3)
FNDA:11,(anonymous_4)
DA:82,24
DA:83,24
DA:85,24
DA:86,22
DA:87,12
DA:88,7
DA:90,11
LF:7
LH:7
BRDA:82,0,0,24
BRDA:82,0,1,13
BRDA:83,1,0,24
BRDA:83,1,1,14
BRDA:88,2,0,7
BRF:5
BRH:5
end_of_record
TN:
SF:src/hooks/useKeyboardShortcuts.ts
FN:42,useKeyboardShortcuts
FN:55,(anonymous_1)
FN:63,(anonymous_2)
FN:73,(anonymous_3)
FN:115,(anonymous_4)
FN:124,(anonymous_5)
FNF:6
FNH:6
FNDA:54,useKeyboardShortcuts
FNDA:34,(anonymous_1)
FNDA:8,(anonymous_2)
FNDA:8,(anonymous_3)
FNDA:34,(anonymous_4)
FNDA:33,(anonymous_5)
DA:48,54
DA:51,54
DA:52,54
DA:55,54
DA:56,34
DA:57,34
DA:63,54
DA:65,8
DA:66,1
DA:70,7
DA:73,7
DA:74,8
DA:75,1
DA:79,7
DA:85,7
DA:89,7
DA:90,5
DA:96,5
DA:97,4
DA:99,5
DA:100,0
DA:103,5
DA:104,5
DA:106,0
DA:115,54
DA:116,34
DA:117,1
DA:120,33
DA:122,33
DA:124,33
DA:125,33
DA:126,33
LF:32
LH:30
BRDA:45,0,0,54
BRDA:46,1,0,54
BRDA:47,2,0,54
BRDA:65,3,0,1
BRDA:65,3,1,7
BRDA:65,4,0,8
BRDA:65,4,1,8
BRDA:74,5,0,1
BRDA:74,5,1,7
BRDA:89,6,0,5
BRDA:89,6,1,2
BRDA:96,7,0,4
BRDA:96,7,1,1
BRDA:99,8,0,0
BRDA:99,8,1,5
BRDA:116,9,0,1
BRDA:116,9,1,33
BRDA:116,10,0,34
BRDA:116,10,1,33
BRF:19
BRH:18
end_of_record
TN:
SF:src/hooks/useLocalStorage.ts
FN:55,useLocalStorage
FN:61,(anonymous_1)
FN:81,(anonymous_2)
FN:84,(anonymous_3)
FN:106,(anonymous_4)
FN:111,(anonymous_5)
FN:124,(anonymous_6)
FNF:7
FNH:7
FNDA:116,useLocalStorage
FNDA:62,(anonymous_1)
FNDA:33,(anonymous_2)
FNDA:33,(anonymous_3)
FNDA:62,(anonymous_4)
FNDA:3,(anonymous_5)
FNDA:62,(anonymous_6)
DA:61,116
DA:63,62
DA:64,0
DA:67,62
DA:69,62
DA:71,62
DA:74,3
DA:75,3
DA:81,116
DA:82,33
DA:84,33
DA:85,33
DA:89,33
DA:90,33
DA:91,33
DA:93,1
DA:97,33
DA:101,0
DA:106,116
DA:107,62
DA:108,0
DA:111,62
DA:112,3
DA:113,2
DA:114,2
DA:116,1
DA:122,62
DA:124,62
DA:125,62
DA:129,116
LF:30
LH:27
BRDA:63,0,0,0
BRDA:63,0,1,62
BRDA:71,1,0,16
BRDA:71,1,1,45
BRDA:85,2,0,5
BRDA:85,2,1,28
BRDA:89,3,0,33
BRDA:89,3,1,0
BRDA:107,4,0,0
BRDA:107,4,1,62
BRDA:112,5,0,2
BRDA:112,5,1,1
BRDA:112,6,0,3
BRDA:112,6,1,2
BRF:14
BRH:11
end_of_record
TN:
SF:src/hooks/useResponsiveBreakpoint.ts
FN:22,getBreakpoint
FN:55,useResponsiveBreakpoint
FN:56,(anonymous_2)
FN:62,(anonymous_3)
FN:64,(anonymous_4)
FN:73,(anonymous_5)
FNF:6
FNH:6
FNDA:33,getBreakpoint
FNDA:23,useResponsiveBreakpoint
FNDA:16,(anonymous_2)
FNDA:16,(anonymous_3)
FNDA:17,(anonymous_4)
FNDA:16,(anonymous_5)
DA:11,11
DA:23,33
DA:24,24
DA:25,12
DA:56,23
DA:58,16
DA:59,16
DA:62,23
DA:64,16
DA:65,17
DA:66,17
DA:70,16
DA:73,16
DA:76,23
LF:14
LH:14
BRDA:23,0,0,9
BRDA:23,0,1,24
BRDA:24,1,0,12
BRDA:24,1,1,12
BRDA:58,2,0,0
BRDA:58,2,1,16
BRF:6
BRH:5
end_of_record
TN:
SF:src/hooks/useSecurityLevelState.ts
FN:78,useSecurityLevelState
FN:87,(anonymous_1)
FN:88,(anonymous_2)
FN:91,(anonymous_3)
FN:99,(anonymous_4)
FNF:5
FNH:5
FNDA:103,useSecurityLevelState
FNDA:27,(anonymous_1)
FNDA:27,(anonymous_2)
FNDA:6,(anonymous_3)
FNDA:8,(anonymous_4)
DA:81,103
DA:87,103
DA:88,27
DA:91,103
DA:92,6
DA:99,103
DA:100,8
DA:103,103
LF:8
LH:8
BRDA:82,0,0,103
BRDA:82,0,1,56
BRDA:83,1,0,103
BRDA:83,1,1,57
BRDA:84,2,0,103
BRDA:84,2,1,57
BRDA:91,3,0,6
BRF:7
BRH:7
end_of_record
TN:
SF:src/hooks/useSecurityMetricsService.ts
FN:13,(anonymous_0)
FN:23,(anonymous_1)
FN:48,(anonymous_2)
FNF:3
FNH:3
FNDA:36,(anonymous_0)
FNDA:18,(anonymous_1)
FNDA:18,(anonymous_2)
DA:13,13
DA:14,36
DA:16,36
DA:17,36
DA:20,36
DA:23,36
DA:24,18
DA:25,18
DA:26,18
DA:29,18
DA:33,18
DA:35,0
DA:36,0
DA:41,0
DA:43,18
DA:48,36
DA:49,18
DA:52,36
LF:18
LH:15
BRDA:29,0,0,1
BRDA:29,0,1,17
BRDA:37,1,0,0
BRDA:37,1,1,0
BRF:4
BRH:2
end_of_record
TN:
SF:src/hooks/useSecuritySummaryData.ts
FN:32,useSecuritySummaryData
FN:40,(anonymous_1)
FN:51,(anonymous_2)
FN:57,(anonymous_3)
FN:69,(anonymous_4)
FN:77,(anonymous_5)
FN:108,(anonymous_6)
FN:141,(anonymous_7)
FN:186,(anonymous_8)
FN:220,(anonymous_9)
FN:228,(anonymous_10)
FN:244,(anonymous_11)
FN:255,(anonymous_12)
FN:280,(anonymous_13)
FN:305,(anonymous_14)
FNF:15
FNH:15
FNDA:20,useSecuritySummaryData
FNDA:10,(anonymous_1)
FNDA:10,(anonymous_2)
FNDA:10,(anonymous_3)
FNDA:10,(anonymous_4)
FNDA:20,(anonymous_5)
FNDA:20,(anonymous_6)
FNDA:20,(anonymous_7)
FNDA:10,(anonymous_8)
FNDA:10,(anonymous_9)
FNDA:10,(anonymous_10)
FNDA:10,(anonymous_11)
FNDA:20,(anonymous_12)
FNDA:20,(anonymous_13)
FNDA:10,(anonymous_14)
DA:40,20
DA:51,20
DA:57,20
DA:58,10
DA:59,10
DA:60,10
DA:63,10
DA:64,10
DA:65,10
DA:69,20
DA:70,10
DA:71,10
DA:72,10
DA:73,1
DA:77,20
DA:78,20
DA:79,20
DA:80,20
DA:82,0
DA:83,0
DA:86,0
DA:91,20
DA:93,2
DA:95,0
DA:97,18
DA:99,0
DA:101,0
DA:103,0
DA:108,20
DA:109,20
DA:113,20
DA:114,20
DA:117,20
DA:119,0
DA:124,0
DA:126,0
DA:128,0
DA:130,0
DA:132,0
DA:134,0
DA:136,0
DA:141,20
DA:142,20
DA:146,0
DA:147,0
DA:152,0
DA:154,0
DA:159,20
DA:167,20
DA:168,20
DA:169,20
DA:172,20
DA:174,20
DA:175,18
DA:176,0
DA:177,0
DA:186,20
DA:187,10
DA:188,10
DA:190,10
DA:197,10
DA:198,10
DA:207,0
DA:209,0
DA:210,0
DA:220,20
DA:221,10
DA:222,10
DA:223,10
DA:224,1
DA:228,20
DA:229,10
DA:231,0
DA:233,0
DA:235,9
DA:237,1
DA:239,0
DA:244,20
DA:245,10
DA:255,20
DA:256,20
DA:257,20
DA:261,0
DA:266,0
DA:269,0
DA:273,20
DA:274,20
DA:275,20
DA:276,2
DA:280,20
DA:281,20
DA:282,20
DA:286,0
DA:291,0
DA:294,0
DA:298,20
DA:299,20
DA:300,20
DA:301,2
DA:305,20
DA:306,10
DA:307,10
DA:312,10
DA:314,0
DA:315,0
DA:319,20
LF:106
LH:71
BRDA:70,0,0,0
BRDA:70,0,1,10
BRDA:71,1,0,0
BRDA:71,1,1,10
BRDA:72,2,0,9
BRDA:72,2,1,1
BRDA:78,3,0,20
BRDA:78,3,1,0
BRDA:80,4,0,0
BRDA:80,4,1,20
BRDA:83,5,0,0
BRDA:83,5,1,0
BRDA:91,6,0,2
BRDA:91,6,1,0
BRDA:91,6,2,18
BRDA:91,6,3,0
BRDA:91,6,4,0
BRDA:91,6,5,0
BRDA:109,7,0,20
BRDA:109,7,1,0
BRDA:110,8,0,20
BRDA:110,8,1,20
BRDA:117,9,0,20
BRDA:117,9,1,0
BRDA:124,10,0,0
BRDA:124,10,1,0
BRDA:124,10,2,0
BRDA:124,10,3,0
BRDA:124,10,4,0
BRDA:124,10,5,0
BRDA:142,11,0,0
BRDA:142,11,1,20
BRDA:143,12,0,20
BRDA:143,12,1,20
BRDA:152,13,0,0
BRDA:152,13,1,0
BRDA:167,14,0,20
BRDA:167,14,1,2
BRDA:168,15,0,20
BRDA:168,15,1,2
BRDA:169,16,0,20
BRDA:169,16,1,2
BRDA:174,17,0,2
BRDA:174,17,1,18
BRDA:175,18,0,18
BRDA:175,18,1,0
BRDA:176,19,0,0
BRDA:176,19,1,0
BRDA:188,20,0,0
BRDA:188,20,1,10
BRDA:197,21,0,10
BRDA:197,21,1,0
BRDA:200,22,0,10
BRDA:200,22,1,0
BRDA:202,23,0,10
BRDA:202,23,1,0
BRDA:203,24,0,10
BRDA:203,24,1,0
BRDA:221,25,0,0
BRDA:221,25,1,10
BRDA:222,26,0,0
BRDA:222,26,1,10
BRDA:223,27,0,9
BRDA:223,27,1,1
BRDA:229,28,0,0
BRDA:229,28,1,0
BRDA:229,28,2,9
BRDA:229,28,3,1
BRDA:229,28,4,0
BRDA:257,29,0,0
BRDA:257,29,1,20
BRDA:258,30,0,20
BRDA:258,30,1,20
BRDA:266,31,0,0
BRDA:266,31,1,0
BRDA:273,32,0,0
BRDA:273,32,1,20
BRDA:274,33,0,0
BRDA:274,33,1,20
BRDA:275,34,0,18
BRDA:275,34,1,2
BRDA:282,35,0,0
BRDA:282,35,1,20
BRDA:283,36,0,20
BRDA:283,36,1,20
BRDA:291,37,0,0
BRDA:291,37,1,0
BRDA:298,38,0,0
BRDA:298,38,1,20
BRDA:299,39,0,0
BRDA:299,39,1,20
BRDA:300,40,0,18
BRDA:300,40,1,2
BRDA:312,41,0,10
BRDA:312,41,1,0
BRF:95
BRH:50
end_of_record
TN:
SF:src/hooks/useServiceData.ts
FN:89,useServiceData
FN:99,(anonymous_1)
FN:100,(anonymous_2)
FN:114,(anonymous_3)
FNF:4
FNH:4
FNDA:68,useServiceData
FNDA:35,(anonymous_1)
FNDA:35,(anonymous_2)
FNDA:29,(anonymous_3)
DA:93,68
DA:99,68
DA:100,35
DA:102,35
DA:103,35
DA:104,35
DA:106,8
DA:114,68
DA:115,29
DA:119,68
LF:10
LH:10
BRDA:91,0,0,68
BRDA:109,1,0,5
BRDA:109,1,1,3
BRF:3
BRH:3
end_of_record
TN:
SF:src/hooks/useTabs.ts
FN:39,useTabs
FN:45,(anonymous_1)
FN:46,(anonymous_2)
FN:46,(anonymous_3)
FN:53,(anonymous_4)
FN:54,(anonymous_5)
FN:65,(anonymous_6)
FNF:7
FNH:7
FNDA:128,useTabs
FNDA:96,(anonymous_1)
FNDA:266,(anonymous_2)
FNDA:231,(anonymous_3)
FNDA:36,(anonymous_4)
FNDA:70,(anonymous_5)
FNDA:26,(anonymous_6)
DA:40,128
DA:41,128
DA:42,128
DA:45,128
DA:46,266
DA:53,128
DA:54,70
DA:55,36
DA:56,33
DA:57,33
DA:65,128
DA:67,26
DA:68,1
DA:71,25
DA:74,25
DA:76,5
DA:78,5
DA:79,5
DA:81,12
DA:83,12
DA:84,12
DA:86,3
DA:87,3
DA:88,3
DA:90,3
DA:91,3
DA:92,3
DA:95,2
DA:98,23
DA:99,23
DA:102,23
DA:105,128
LF:32
LH:32
BRDA:39,0,0,128
BRDA:41,1,0,128
BRDA:41,1,1,67
BRDA:41,1,2,2
BRDA:55,2,0,33
BRDA:55,2,1,3
BRDA:55,3,0,36
BRDA:55,3,1,35
BRDA:67,4,0,1
BRDA:67,4,1,25
BRDA:74,5,0,25
BRDA:74,5,1,12
BRDA:74,5,2,3
BRDA:74,5,3,3
BRDA:74,5,4,2
BRDA:78,6,0,3
BRDA:78,6,1,2
BRDA:83,7,0,9
BRDA:83,7,1,3
BRF:19
BRH:19
end_of_record
TN:
SF:src/hooks/useTechnicalDetailsData.ts
FN:26,useTechnicalDetailsData
FN:33,(anonymous_1)
FN:39,(anonymous_2)
FN:59,(anonymous_3)
FN:79,(anonymous_4)
FN:99,(anonymous_5)
FN:111,(anonymous_6)
FN:123,(anonymous_7)
FN:142,(anonymous_8)
FN:156,(anonymous_9)
FN:184,(anonymous_10)
FN:198,(anonymous_11)
FN:212,(anonymous_12)
FNF:13
FNH:10
FNDA:14,useTechnicalDetailsData
FNDA:36,(anonymous_1)
FNDA:13,(anonymous_2)
FNDA:13,(anonymous_3)
FNDA:13,(anonymous_4)
FNDA:12,(anonymous_5)
FNDA:12,(anonymous_6)
FNDA:12,(anonymous_7)
FNDA:15,(anonymous_8)
FNDA:15,(anonymous_9)
FNDA:0,(anonymous_10)
FNDA:0,(anonymous_11)
FNDA:0,(anonymous_12)
DA:33,14
DA:34,36
DA:35,36
DA:39,14
DA:40,13
DA:41,13
DA:42,2
DA:45,11
DA:49,13
DA:53,0
DA:54,0
DA:59,14
DA:60,13
DA:61,13
DA:62,2
DA:65,11
DA:69,13
DA:73,0
DA:74,0
DA:79,14
DA:80,13
DA:81,13
DA:82,2
DA:85,11
DA:89,13
DA:93,0
DA:94,0
DA:99,14
DA:100,12
DA:105,12
DA:111,14
DA:112,12
DA:117,12
DA:123,14
DA:124,12
DA:129,12
DA:142,14
DA:146,15
DA:156,14
DA:160,15
DA:161,15
DA:162,15
DA:166,15
DA:167,14
DA:170,1
DA:172,0
DA:173,0
DA:184,14
DA:188,0
DA:198,14
DA:202,0
DA:212,14
DA:216,0
DA:217,0
DA:218,0
DA:222,0
DA:223,0
DA:226,0
DA:228,0
DA:229,0
DA:233,14
LF:61
LH:43
BRDA:41,0,0,2
BRDA:41,0,1,11
BRDA:49,1,0,0
BRDA:49,1,1,11
BRDA:61,2,0,2
BRDA:61,2,1,11
BRDA:69,3,0,0
BRDA:69,3,1,11
BRDA:81,4,0,2
BRDA:81,4,1,11
BRDA:89,5,0,0
BRDA:89,5,1,11
BRDA:161,6,0,15
BRDA:161,6,1,0
BRDA:166,7,0,14
BRDA:166,7,1,1
BRDA:166,8,0,15
BRDA:166,8,1,14
BRDA:217,9,0,0
BRDA:217,9,1,0
BRDA:222,10,0,0
BRDA:222,10,1,0
BRDA:222,11,0,0
BRDA:222,11,1,0
BRF:24
BRH:14
end_of_record
TN:
SF:src/hooks/useWidgetError.ts
FN:80,useWidgetError
FN:87,(anonymous_1)
FN:113,(anonymous_2)
FN:120,(anonymous_3)
FN:128,(anonymous_4)
FNF:5
FNH:5
FNDA:32,useWidgetError
FNDA:8,(anonymous_1)
FNDA:7,(anonymous_2)
FNDA:13,(anonymous_3)
FNDA:8,(anonymous_4)
DA:81,32
DA:87,32
DA:88,8
DA:89,3
DA:90,5
DA:91,1
DA:96,4
DA:97,1
DA:98,1
DA:100,0
DA:103,3
DA:106,4
DA:113,32
DA:114,7
DA:120,32
DA:121,13
DA:122,13
DA:128,32
DA:129,8
DA:130,8
DA:133,32
LF:21
LH:20
BRDA:88,0,0,3
BRDA:88,0,1,5
BRDA:90,1,0,1
BRDA:90,1,1,4
BRDA:96,2,0,1
BRDA:96,2,1,3
BRDA:96,3,0,4
BRDA:96,3,1,2
BRF:8
BRH:8
end_of_record
TN:
SF:src/services/BaseService.ts
FN:56,(anonymous_0)
FN:73,(anonymous_1)
FN:85,(anonymous_2)
FN:104,(anonymous_3)
FN:130,(anonymous_4)
FN:160,(anonymous_5)
FN:184,(anonymous_6)
FN:193,(anonymous_7)
FN:215,(anonymous_8)
FN:233,(anonymous_9)
FN:254,(anonymous_10)
FN:270,(anonymous_11)
FN:277,(anonymous_12)
FN:284,(anonymous_13)
FN:311,(anonymous_14)
FN:328,(anonymous_15)
FN:385,(anonymous_16)
FN:401,(anonymous_17)
FN:419,(anonymous_18)
FN:435,(anonymous_19)
FN:453,(anonymous_20)
FNF:21
FNH:17
FNDA:2020,(anonymous_0)
FNDA:0,(anonymous_1)
FNDA:0,(anonymous_2)
FNDA:1,(anonymous_3)
FNDA:408,(anonymous_4)
FNDA:152,(anonymous_5)
FNDA:6,(anonymous_6)
FNDA:299,(anonymous_7)
FNDA:311,(anonymous_8)
FNDA:5,(anonymous_9)
FNDA:5,(anonymous_10)
FNDA:6291,(anonymous_11)
FNDA:6,(anonymous_12)
FNDA:13,(anonymous_13)
FNDA:8,(anonymous_14)
FNDA:7,(anonymous_15)
FNDA:8,(anonymous_16)
FNDA:4,(anonymous_17)
FNDA:4,(anonymous_18)
FNDA:0,(anonymous_19)
FNDA:0,(anonymous_20)
DA:44,2020
DA:58,2020
DA:59,0
DA:64,2020
DA:76,0
DA:86,0
DA:88,0
DA:89,0
DA:92,0
DA:106,1
DA:107,0
DA:108,0
DA:112,1
DA:119,1
DA:120,1
DA:131,408
DA:139,408
DA:140,1
DA:150,407
DA:161,152
DA:167,152
DA:168,1
DA:178,151
DA:187,6
DA:197,299
DA:198,299
DA:199,299
DA:200,0
DA:202,299
DA:204,0
DA:208,0
DA:218,311
DA:220,112
DA:222,99
DA:224,98
DA:226,2
[...]
BRDA:559,65,1,6
BRDA:569,66,0,0
BRDA:569,66,1,5
BRDA:573,67,0,0
BRDA:573,67,1,5
BRDA:577,68,0,0
BRDA:577,68,1,5
BRDA:581,69,0,0
BRDA:581,69,1,5
BRF:158
BRH:145
end_of_record
TN:
SF:src/utils/securityDefaults.ts
FN:6,getDefaultDevelopmentEffort
FN:20,getDefaultMaintenanceEffort
FN:34,getDefaultExpertiseLevel
FN:48,getInformationSensitivity
FN:62,getProtectionLevel
FNF:5
FNH:5
FNDA:6,getDefaultDevelopmentEffort
FNDA:6,getDefaultMaintenanceEffort
FNDA:6,getDefaultExpertiseLevel
FNDA:6,getInformationSensitivity
FNDA:6,getProtectionLevel
DA:7,6
DA:8,1
DA:9,1
DA:10,1
DA:11,1
DA:12,1
DA:13,1
DA:21,6
DA:22,1
DA:23,1
DA:24,1
DA:25,1
DA:26,1
DA:27,1
DA:35,6
DA:36,1
DA:37,1
DA:38,1
DA:39,1
DA:40,1
DA:41,1
DA:49,6
DA:50,1
DA:51,1
DA:52,1
DA:53,1
DA:54,1
DA:55,1
DA:63,6
DA:64,1
DA:65,1
DA:66,1
DA:67,1
DA:68,1
DA:69,1
LF:35
LH:35
BRDA:7,0,0,1
BRDA:7,0,1,1
BRDA:7,0,2,1
BRDA:7,0,3,1
BRDA:7,0,4,1
BRDA:7,0,5,1
BRDA:21,1,0,1
BRDA:21,1,1,1
BRDA:21,1,2,1
BRDA:21,1,3,1
BRDA:21,1,4,1
BRDA:21,1,5,1
BRDA:35,2,0,1
BRDA:35,2,1,1
BRDA:35,2,2,1
BRDA:35,2,3,1
BRDA:35,2,4,1
BRDA:35,2,5,1
BRDA:49,3,0,1
BRDA:49,3,1,1
BRDA:49,3,2,1
BRDA:49,3,3,1
BRDA:49,3,4,1
BRDA:49,3,5,1
BRDA:63,4,0,1
BRDA:63,4,1,1
BRDA:63,4,2,1
BRDA:63,4,3,1
BRDA:63,4,4,1
BRDA:63,4,5,1
BRF:30
BRH:30
end_of_record
TN:
SF:src/utils/securityLevelUtils.ts
FN:52,normalizeSecurityLevel
FN:105,getSecurityLevelValue
FN:159,getSecurityLevelFromValue
FN:193,getRiskLevelFromSecurityLevel
FN:235,calculateOverallSecurityLevel
FN:295,meetsSecurityRequirements
FN:342,getSecurityLevelGap
FN:362,getRecommendedSecurityLevels
FN:419,getSecurityLevelPercentage
FN:453,getSecurityLevelClass
FN:481,getSecurityLevelBadgeVariant
FN:525,isSecurityLevel
FN:540,asSecurityLevel
FN:553,getSecurityLevelDescription
FN:590,meetsComplianceRequirements
FN:616,getSecurityIcon
FN:634,getRecommendedSecurityLevel
FN:650,formatSecurityLevel
FN:673,(anonymous_18)
FNF:19
FNH:19
FNDA:1108,normalizeSecurityLevel
FNDA:914,getSecurityLevelValue
FNDA:7,getSecurityLevelFromValue
FNDA:180,getRiskLevelFromSecurityLevel
FNDA:68,calculateOverallSecurityLevel
FNDA:3,meetsSecurityRequirements
FNDA:3,getSecurityLevelGap
FNDA:3,getRecommendedSecurityLevels
FNDA:7,getSecurityLevelPercentage
FNDA:8,getSecurityLevelClass
FNDA:6,getSecurityLevelBadgeVariant
FNDA:14,isSecurityLevel
FNDA:4,asSecurityLevel
FNDA:15,getSecurityLevelDescription
FNDA:6,meetsComplianceRequirements
FNDA:6,getSecurityIcon
FNDA:7,getRecommendedSecurityLevel
FNDA:10,formatSecurityLevel
FNDA:8,(anonymous_18)
DA:31,34
DA:55,1108
DA:57,1107
DA:66,1107
DA:67,1098
DA:72,9
DA:75,1108
DA:76,6
DA:80,3
DA:107,914
DA:108,914
DA:116,914
DA:117,1
DA:121,913
DA:123,913
DA:131,913
DA:160,7
DA:167,7
DA:194,180
DA:202,180
DA:241,68
DA:242,68
DA:243,68
DA:246,68
DA:250,68
DA:253,68
DA:304,3
DA:307,3
DA:310,3
DA:313,3
DA:346,3
DA:375,3
DA:380,3
DA:385,3
DA:390,3
DA:423,7
DA:424,7
DA:425,7
DA:426,7
DA:456,8
DA:460,8
DA:462,2
DA:464,1
DA:466,2
DA:468,1
DA:470,1
DA:472,1
DA:484,6
DA:486,6
DA:488,1
DA:490,1
DA:492,2
DA:494,1
DA:496,1
DA:498,0
DA:526,14
DA:528,10
DA:544,4
DA:554,15
DA:562,15
DA:594,6
DA:604,6
DA:607,6
DA:617,6
DA:625,6
DA:637,7
DA:638,5
DA:639,4
DA:640,3
DA:641,2
DA:651,10
DA:654,8
DA:657,8
DA:658,7
DA:659,6
DA:660,4
DA:661,3
DA:664,1
DA:673,34
DA:674,8
DA:675,8
DA:676,6
DA:677,5
DA:678,4
DA:679,2
DA:680,1
LF:86
LH:85
BRDA:55,0,0,1
BRDA:55,0,1,1107
BRDA:66,1,0,1098
BRDA:66,1,1,9
BRDA:72,2,0,9
BRDA:72,2,1,0
BRDA:75,3,0,6
BRDA:75,3,1,1102
BRDA:107,4,0,914
BRDA:107,4,1,0
BRDA:116,5,0,1
BRDA:116,5,1,913
BRDA:131,6,0,913
BRDA:131,6,1,0
BRDA:167,7,0,7
BRDA:167,7,1,2
BRDA:202,8,0,180
BRDA:202,8,1,1
BRDA:241,9,0,68
BRDA:241,9,1,6
BRDA:242,10,0,68
BRDA:242,10,1,6
BRDA:243,11,0,68
BRDA:243,11,1,5
BRDA:253,12,0,68
BRDA:253,12,1,0
BRDA:313,13,0,3
BRDA:313,13,1,3
BRDA:313,13,2,2
BRDA:391,14,0,3
BRDA:391,14,1,0
BRDA:392,15,0,3
BRDA:392,15,1,0
BRDA:393,16,0,3
BRDA:393,16,1,0
BRDA:456,17,0,8
BRDA:456,17,1,0
BRDA:460,18,0,2
BRDA:460,18,1,1
BRDA:460,18,2,2
BRDA:460,18,3,1
BRDA:460,18,4,1
BRDA:460,18,5,1
BRDA:486,19,0,1
BRDA:486,19,1,1
BRDA:486,19,2,2
BRDA:486,19,3,1
BRDA:486,19,4,1
BRDA:486,19,5,0
BRDA:526,20,0,4
BRDA:526,20,1,10
BRDA:542,21,0,4
BRDA:544,22,0,2
BRDA:544,22,1,2
BRDA:562,23,0,15
BRDA:562,23,1,0
BRDA:604,24,0,6
BRDA:604,24,1,0
BRDA:625,25,0,6
BRDA:625,25,1,1
BRDA:637,26,0,2
BRDA:637,26,1,5
BRDA:638,27,0,1
BRDA:638,27,1,4
BRDA:639,28,0,1
BRDA:639,28,1,3
BRDA:640,29,0,1
BRDA:640,29,1,2
BRDA:651,30,0,2
BRDA:651,30,1,8
BRDA:657,31,0,1
BRDA:657,31,1,7
BRDA:658,32,0,1
BRDA:658,32,1,6
BRDA:659,33,0,2
BRDA:659,33,1,4
BRDA:660,34,0,1
BRDA:660,34,1,3
BRDA:661,35,0,2
BRDA:661,35,1,1
BRDA:675,36,0,2
BRDA:675,36,1,6
BRDA:676,37,0,1
BRDA:676,37,1,5
BRDA:677,38,0,1
BRDA:677,38,1,4
BRDA:678,39,0,2
BRDA:678,39,1,2
BRDA:679,40,0,1
BRDA:679,40,1,1
BRF:90
BRH:79
end_of_record
TN:
SF:src/utils/serviceUtils.ts
FN:25,createEmptyCIADetails
FNF:1
FNH:1
FNDA:60,createEmptyCIADetails
DA:26,60
LF:1
LH:1
BRF:0
BRH:0
end_of_record
TN:
SF:src/utils/statusUtils.ts
FN:47,getStatusVariant
FN:81,getRiskColorClass
FN:114,getComplianceStatusText
FNF:3
FNH:3
FNDA:43,getStatusVariant
FNDA:31,getRiskColorClass
FNDA:9,getComplianceStatusText
DA:48,43
DA:49,43
DA:50,41
DA:51,38
DA:52,36
DA:53,33
DA:54,31
DA:82,31
DA:83,29
DA:84,27
DA:85,7
DA:86,3
DA:115,9
DA:116,6
DA:117,3
LF:15
LH:15
BRDA:49,0,0,2
BRDA:49,0,1,41
BRDA:50,1,0,3
BRDA:50,1,1,38
BRDA:51,2,0,2
BRDA:51,2,1,36
BRDA:52,3,0,3
BRDA:52,3,1,33
BRDA:53,4,0,2
BRDA:53,4,1,31
BRDA:82,5,0,2
BRDA:82,5,1,29
BRDA:83,6,0,2
BRDA:83,6,1,27
BRDA:84,7,0,20
BRDA:84,7,1,7
BRDA:85,8,0,4
BRDA:85,8,1,3
BRDA:115,9,0,3
BRDA:115,9,1,6
BRDA:116,10,0,3
BRDA:116,10,1,3
BRF:22
BRH:22
end_of_record
TN:
SF:src/utils/tailwindClassHelpers.ts
FN:294,cn
FNF:1
FNH:1
FNDA:1716,cn
DA:34,21
DA:295,1716
LF:2
LH:2
BRF:0
BRH:0
end_of_record
TN:
SF:src/utils/technicalDetailsDefaults.ts
FN:10,getDefaultTechnicalDetails
FN:32,getDefaultDescription
FN:94,getDefaultTechDescription
FN:156,getDefaultRequirements
FN:285,getDefaultTechnologies
FN:347,getDefaultConfigurations
FN:409,getDefaultExpertise
FNF:7
FNH:4
FNDA:6,getDefaultTechnicalDetails
FNDA:6,getDefaultDescription
FNDA:21,getDefaultTechDescription
FNDA:7,getDefaultRequirements
FNDA:0,getDefaultTechnologies
FNDA:0,getDefaultConfigurations
FNDA:0,getDefaultExpertise
DA:18,6
DA:36,6
DA:37,2
DA:39,0
DA:41,0
DA:43,2
DA:45,0
DA:47,0
DA:49,0
DA:53,4
DA:54,2
DA:56,0
DA:58,0
DA:60,2
DA:62,0
DA:64,0
DA:66,0
DA:71,2
DA:73,0
DA:75,0
DA:77,2
DA:79,0
DA:81,0
DA:83,0
DA:98,21
DA:99,13
DA:101,1
DA:103,0
DA:105,10
DA:107,1
DA:109,1
DA:111,0
DA:115,8
DA:116,5
DA:118,0
DA:120,0
DA:122,4
DA:124,0
DA:126,1
DA:128,0
DA:133,3
DA:135,0
DA:137,0
DA:139,3
DA:141,0
DA:143,0
DA:145,0
DA:160,7
DA:161,3
DA:163,0
DA:165,0
DA:172,3
DA:180,0
DA:188,0
DA:196,0
DA:200,4
DA:201,2
DA:203,0
DA:205,0
DA:211,2
DA:219,0
DA:227,0
DA:235,0
DA:240,2
DA:242,0
DA:244,0
DA:250,2
DA:258,0
DA:266,0
DA:274,0
DA:289,0
DA:290,0
DA:292,0
DA:294,0
DA:296,0
DA:298,0
DA:300,0
DA:302,0
DA:306,0
DA:307,0
DA:309,0
DA:311,0
DA:313,0
DA:315,0
DA:317,0
DA:319,0
DA:324,0
DA:326,0
DA:328,0
DA:330,0
DA:332,0
DA:334,0
DA:336,0
DA:351,0
DA:352,0
DA:354,0
DA:356,0
DA:358,0
DA:360,0
DA:362,0
DA:364,0
DA:368,0
DA:369,0
DA:371,0
DA:373,0
DA:375,0
DA:377,0
DA:379,0
DA:381,0
DA:386,0
DA:388,0
DA:390,0
DA:392,0
DA:394,0
DA:396,0
DA:398,0
DA:413,0
DA:414,0
DA:416,0
DA:418,0
DA:420,0
DA:426,0
DA:433,0
DA:441,0
DA:445,0
DA:446,0
DA:448,0
DA:450,0
DA:452,0
DA:458,0
DA:465,0
DA:472,0
DA:477,0
DA:479,0
DA:481,0
DA:483,0
DA:485,0
DA:492,0
DA:500,0
LF:139
LH:29
BRDA:36,0,0,2
BRDA:36,0,1,4
BRDA:37,1,0,0
BRDA:37,1,1,0
BRDA:37,1,2,2
BRDA:37,1,3,0
BRDA:37,1,4,0
BRDA:37,1,5,0
BRDA:53,2,0,2
BRDA:53,2,1,2
BRDA:54,3,0,0
BRDA:54,3,1,0
BRDA:54,3,2,2
BRDA:54,3,3,0
BRDA:54,3,4,0
BRDA:54,3,5,0
BRDA:71,4,0,0
BRDA:71,4,1,0
BRDA:71,4,2,2
BRDA:71,4,3,0
BRDA:71,4,4,0
BRDA:71,4,5,0
BRDA:98,5,0,13
BRDA:98,5,1,8
BRDA:99,6,0,1
BRDA:99,6,1,0
BRDA:99,6,2,10
BRDA:99,6,3,1
BRDA:99,6,4,1
BRDA:99,6,5,0
BRDA:115,7,0,5
BRDA:115,7,1,3
BRDA:116,8,0,0
BRDA:116,8,1,0
BRDA:116,8,2,4
BRDA:116,8,3,0
BRDA:116,8,4,1
BRDA:116,8,5,0
BRDA:133,9,0,3
BRDA:133,9,1,0
BRDA:133,9,2,3
BRDA:133,9,3,0
BRDA:133,9,4,0
BRDA:133,9,5,0
BRDA:160,10,0,3
BRDA:160,10,1,4
BRDA:161,11,0,0
BRDA:161,11,1,0
BRDA:161,11,2,3
BRDA:161,11,3,0
BRDA:161,11,4,0
BRDA:161,11,5,0
BRDA:200,12,0,2
BRDA:200,12,1,2
BRDA:201,13,0,0
BRDA:201,13,1,0
BRDA:201,13,2,2
BRDA:201,13,3,0
BRDA:201,13,4,0
BRDA:201,13,5,0
BRDA:240,14,0,0
BRDA:240,14,1,0
BRDA:240,14,2,2
BRDA:240,14,3,0
BRDA:240,14,4,0
BRDA:240,14,5,0
BRDA:289,15,0,0
BRDA:289,15,1,0
BRDA:290,16,0,0
BRDA:290,16,1,0
BRDA:290,16,2,0
BRDA:290,16,3,0
BRDA:290,16,4,0
BRDA:290,16,5,0
BRDA:306,17,0,0
BRDA:306,17,1,0
BRDA:307,18,0,0
BRDA:307,18,1,0
BRDA:307,18,2,0
BRDA:307,18,3,0
BRDA:307,18,4,0
BRDA:307,18,5,0
BRDA:324,19,0,0
BRDA:324,19,1,0
BRDA:324,19,2,0
BRDA:324,19,3,0
BRDA:324,19,4,0
BRDA:324,19,5,0
BRDA:351,20,0,0
BRDA:351,20,1,0
BRDA:352,21,0,0
BRDA:352,21,1,0
BRDA:352,21,2,0
BRDA:352,21,3,0
BRDA:352,21,4,0
BRDA:352,21,5,0
BRDA:368,22,0,0
BRDA:368,22,1,0
BRDA:369,23,0,0
BRDA:369,23,1,0
BRDA:369,23,2,0
BRDA:369,23,3,0
BRDA:369,23,4,0
BRDA:369,23,5,0
BRDA:386,24,0,0
BRDA:386,24,1,0
BRDA:386,24,2,0
BRDA:386,24,3,0
BRDA:386,24,4,0
BRDA:386,24,5,0
BRDA:413,25,0,0
BRDA:413,25,1,0
BRDA:414,26,0,0
BRDA:414,26,1,0
BRDA:414,26,2,0
BRDA:414,26,3,0
BRDA:414,26,4,0
BRDA:414,26,5,0
BRDA:445,27,0,0
BRDA:445,27,1,0
BRDA:446,28,0,0
BRDA:446,28,1,0
BRDA:446,28,2,0
BRDA:446,28,3,0
BRDA:446,28,4,0
BRDA:446,28,5,0
BRDA:477,29,0,0
BRDA:477,29,1,0
BRDA:477,29,2,0
BRDA:477,29,3,0
BRDA:477,29,4,0
BRDA:477,29,5,0
BRF:132
BRH:26
end_of_record
TN:
SF:src/utils/testUtils.tsx
FN:61,renderWidget
FN:80,waitForWidgetLoad
FN:81,(anonymous_2)
FN:101,waitForWidgetContent
FN:102,(anonymous_4)
FN:119,waitForWidgetError
FN:120,(anonymous_6)
FNF:7
FNH:0
FNDA:0,renderWidget
FNDA:0,waitForWidgetLoad
FNDA:0,(anonymous_2)
FNDA:0,waitForWidgetContent
FNDA:0,(anonymous_4)
FNDA:0,waitForWidgetError
FNDA:0,(anonymous_6)
DA:10,13
DA:19,13
DA:28,13
DA:37,13
DA:46,13
DA:65,0
DA:81,0
DA:82,0
DA:83,0
DA:86,0
DA:87,0
DA:102,0
DA:103,0
DA:105,0
DA:120,0
DA:121,0
DA:123,0
LF:17
LH:5
BRDA:103,0,0,0
BRDA:103,0,1,0
BRDA:121,1,0,0
BRDA:121,1,1,0
BRF:4
BRH:0
end_of_record
TN:
SF:src/utils/typeGuards.ts
FN:57,isAvailabilityDetail
FN:72,isIntegrityDetail
FN:86,isConfidentialityDetail
FN:102,isValidCIADetail
FN:133,isObject
FN:142,isString
FN:149,isNumber
FN:160,safeAccess
FN:191,ensureArray
FN:198,safeNumberConversion
FN:216,getSecurityLevelOption
FN:242,hasProperty
FN:251,isROIMetrics
FN:264,isTechnicalImplementationDetails
FN:281,isSecurityResource
FN:299,hasWidgetProps
FN:313,isWidgetProps
FN:333,isSecurityProfile
FN:355,isComplianceStatus
FN:392,isComplianceFramework
FN:434,isROIMetricDetails
FN:458,isSecurityLevel
FN:471,isCIAComponentType
FN:484,isCIADetails
FN:513,isSecurityLevelWidgetProps
FN:536,isCIAImpactSummaryWidgetProps
FN:559,isBusinessImpactDetails
FN:577,(anonymous_27)
FN:587,isROIEstimate
FN:598,isWidgetConfig
FN:606,hasTagValue
FN:619,parseRiskLevel
FN:656,extractSecurityLevels
FN:679,getImplementationCost
FN:714,isBusinessImpactCategory
FN:732,isComplianceFrameworkName
FN:752,isComplianceFrameworkObject
FN:770,isRiskLevel
FN:795,isWidget
FN:813,isWidgetType
FN:837,isBoolean
FN:846,isArray
FN:855,isFunction
FN:864,isNull
FN:873,isUndefined
FN:882,isNullish
FN:891,isDate
FN:900,isError
FN:909,isValidKey
FN:919,isCIAComponent
FN:929,(anonymous_50)
FN:942,isStatusType
FN:963,(anonymous_52)
FN:977,hasMethod
FNF:54
FNH:42
FNDA:5,isAvailabilityDetail
FNDA:4,isIntegrityDetail
FNDA:4,isConfidentialityDetail
FNDA:3,isValidCIADetail
FNDA:219,isObject
FNDA:134,isString
FNDA:42,isNumber
FNDA:6,safeAccess
FNDA:5,ensureArray
FNDA:5,safeNumberConversion
FNDA:7,getSecurityLevelOption
FNDA:113,hasProperty
FNDA:4,isROIMetrics
FNDA:3,isTechnicalImplementationDetails
FNDA:3,isSecurityResource
FNDA:0,hasWidgetProps
FNDA:3,isWidgetProps
FNDA:12,isSecurityProfile
FNDA:14,isComplianceStatus
FNDA:10,isComplianceFramework
FNDA:4,isROIMetricDetails
FNDA:22,isSecurityLevel
FNDA:17,isCIAComponentType
FNDA:13,isCIADetails
FNDA:0,isSecurityLevelWidgetProps
FNDA:0,isCIAImpactSummaryWidgetProps
FNDA:6,isBusinessImpactDetails
FNDA:9,(anonymous_27)
FNDA:3,isROIEstimate
FNDA:4,isWidgetConfig
FNDA:12,hasTagValue
FNDA:12,parseRiskLevel
FNDA:8,extractSecurityLevels
FNDA:12,getImplementationCost
FNDA:0,isBusinessImpactCategory
FNDA:0,isComplianceFrameworkName
FNDA:0,isComplianceFrameworkObject
FNDA:0,isRiskLevel
FNDA:0,isWidget
FNDA:0,isWidgetType
FNDA:9,isBoolean
FNDA:42,isArray
FNDA:10,isFunction
FNDA:7,isNull
FNDA:8,isUndefined
FNDA:1021,isNullish
FNDA:8,isDate
FNDA:22,isError
FNDA:10,isValidKey
FNDA:9,isCIAComponent
FNDA:0,(anonymous_50)
FNDA:0,isStatusType
FNDA:0,(anonymous_52)
FNDA:147,hasMethod
DA:58,5
DA:60,5
DA:61,5
DA:73,4
DA:75,4
DA:76,4
DA:89,4
DA:91,4
DA:92,4
DA:105,3
DA:136,219
DA:143,134
DA:150,42
DA:165,6
DA:166,2
DA:169,4
DA:173,6
DA:175,6
DA:176,13
DA:177,0
DA:180,13
DA:183,4
DA:192,5
DA:202,5
DA:203,4
DA:204,3
DA:205,3
DA:207,1
DA:221,7
DA:224,7
DA:231,6
DA:233,1
DA:243,113
DA:252,4
DA:265,3
DA:282,3
DA:300,0
DA:314,3
DA:317,3
DA:318,2
DA:319,0
DA:320,2
DA:323,2
DA:334,12
DA:337,8
DA:356,14
DA:358,10
DA:361,10
DA:362,7
DA:363,6
DA:366,5
DA:370,1
DA:371,4
DA:372,0
DA:375,4
DA:376,3
DA:380,0
DA:381,3
DA:383,3
DA:393,10
DA:394,2
DA:398,8
DA:399,2
DA:403,6
DA:404,0
DA:407,6
DA:410,6
DA:411,2
DA:416,4
DA:422,10
DA:423,2
DA:428,2
DA:435,4
DA:436,3
DA:459,22
DA:472,17
DA:485,13
DA:487,9
DA:490,9
DA:516,0
DA:518,0
DA:521,0
DA:539,0
DA:541,0
DA:544,0
DA:562,6
DA:565,3
DA:568,2
DA:577,9
DA:579,2
DA:588,3
DA:599,4
DA:600,3
DA:607,12
DA:608,7
DA:610,5
DA:623,12
DA:626,8
DA:629,7
DA:632,7
DA:633,7
DA:636,2
DA:644,2
DA:645,2
DA:646,2
DA:650,0
DA:661,8
DA:662,4
DA:669,4
DA:680,12
DA:682,8
DA:683,8
DA:684,4
DA:686,8
DA:687,3
DA:689,8
DA:690,3
DA:692,8
DA:715,0
DA:717,0
DA:733,0
DA:735,0
DA:753,0
DA:755,0
DA:757,0
DA:771,0
DA:773,0
DA:796,0
DA:798,0
DA:800,0
DA:814,0
DA:816,0
DA:838,9
DA:847,42
DA:856,10
DA:865,7
DA:874,8
DA:883,1021
DA:892,8
DA:901,22
DA:910,10
DA:920,9
DA:929,29
DA:933,0
DA:934,0
DA:943,0
DA:945,0
DA:954,0
DA:963,29
DA:967,0
DA:968,0
DA:981,147
LF:152
LH:118
BRDA:58,0,0,0
BRDA:58,0,1,5
BRDA:58,1,0,5
BRDA:58,1,1,5
BRDA:62,2,0,5
BRDA:62,2,1,4
BRDA:62,2,2,3
BRDA:62,2,3,2
BRDA:73,3,0,0
BRDA:73,3,1,4
BRDA:73,4,0,4
BRDA:73,4,1,4
BRDA:77,5,0,4
BRDA:77,5,1,3
BRDA:77,5,2,2
BRDA:89,6,0,0
BRDA:89,6,1,4
BRDA:89,7,0,4
BRDA:89,7,1,4
BRDA:93,8,0,4
BRDA:93,8,1,3
BRDA:93,8,2,2
BRDA:105,9,0,3
BRDA:105,9,1,2
BRDA:136,10,0,219
BRDA:136,10,1,202
BRDA:136,10,2,188
BRDA:150,11,0,42
BRDA:150,11,1,23
BRDA:165,12,0,2
BRDA:165,12,1,4
BRDA:169,13,0,0
BRDA:169,13,1,4
BRDA:176,14,0,0
BRDA:176,14,1,13
BRDA:176,15,0,13
BRDA:176,15,1,13
BRDA:183,16,0,2
BRDA:183,16,1,2
BRDA:183,17,0,4
BRDA:183,17,1,2
BRDA:192,18,0,1
BRDA:192,18,1,4
BRDA:192,19,0,2
BRDA:192,19,1,2
BRDA:200,20,0,5
BRDA:202,21,0,1
BRDA:202,21,1,4
BRDA:203,22,0,3
BRDA:203,22,1,1
BRDA:205,23,0,2
BRDA:205,23,1,1
BRDA:221,24,0,7
BRDA:221,24,1,1
BRDA:224,25,0,6
BRDA:224,25,1,1
BRDA:225,26,0,7
BRDA:225,26,1,5
BRDA:225,26,2,4
BRDA:225,26,3,3
BRDA:225,26,4,2
BRDA:243,27,0,113
BRDA:243,27,1,109
BRDA:253,28,0,4
BRDA:253,28,1,3
BRDA:253,28,2,1
BRDA:266,29,0,3
BRDA:266,29,1,3
BRDA:266,29,2,2
BRDA:266,29,3,1
BRDA:266,29,4,1
BRDA:266,29,5,1
BRDA:266,29,6,1
BRDA:283,30,0,3
BRDA:283,30,1,3
BRDA:283,30,2,2
BRDA:283,30,3,2
BRDA:283,30,4,1
BRDA:283,30,5,1
BRDA:283,30,6,1
BRDA:283,30,7,1
BRDA:301,31,0,0
BRDA:301,31,1,0
BRDA:301,31,2,0
BRDA:301,31,3,0
BRDA:314,32,0,0
BRDA:314,32,1,3
BRDA:317,33,0,1
BRDA:317,33,1,2
BRDA:317,34,0,3
BRDA:317,34,1,2
BRDA:318,35,0,0
BRDA:318,35,1,2
BRDA:318,36,0,2
BRDA:318,36,1,1
BRDA:320,37,0,0
BRDA:320,37,1,2
BRDA:320,38,0,2
BRDA:320,38,1,1
BRDA:324,39,0,2
BRDA:324,39,1,1
BRDA:324,39,2,1
BRDA:334,40,0,4
BRDA:334,40,1,8
BRDA:338,41,0,8
BRDA:338,41,1,7
BRDA:338,41,2,6
BRDA:338,41,3,5
BRDA:338,41,4,4
BRDA:338,41,5,4
BRDA:338,41,6,3
BRDA:338,41,7,3
BRDA:356,42,0,4
BRDA:356,42,1,10
BRDA:356,43,0,14
BRDA:356,43,1,11
BRDA:361,44,0,3
BRDA:361,44,1,7
BRDA:362,45,0,1
BRDA:362,45,1,6
BRDA:363,46,0,1
BRDA:363,46,1,5
BRDA:366,47,0,1
BRDA:366,47,1,4
BRDA:367,48,0,5
BRDA:367,48,1,2
BRDA:371,49,0,0
BRDA:371,49,1,4
BRDA:371,50,0,4
BRDA:371,50,1,1
BRDA:375,51,0,1
BRDA:375,51,1,3
BRDA:375,52,0,4
BRDA:375,52,1,3
BRDA:376,53,0,0
BRDA:376,53,1,3
BRDA:377,54,0,3
BRDA:377,54,1,2
BRDA:381,55,0,0
BRDA:381,55,1,3
BRDA:381,56,0,3
BRDA:381,56,1,0
BRDA:393,57,0,2
BRDA:393,57,1,8
BRDA:398,58,0,2
BRDA:398,58,1,6
BRDA:403,59,0,0
BRDA:403,59,1,6
BRDA:410,60,0,2
BRDA:410,60,1,4
BRDA:410,61,0,6
BRDA:410,61,1,4
BRDA:416,62,0,4
BRDA:416,62,1,2
BRDA:416,62,2,2
BRDA:416,62,3,2
BRDA:416,62,4,2
BRDA:422,63,0,2
BRDA:422,63,1,8
BRDA:435,64,0,1
BRDA:435,64,1,3
BRDA:437,65,0,3
BRDA:437,65,1,2
BRDA:437,65,2,1
BRDA:437,65,3,1
BRDA:437,65,4,1
BRDA:437,65,5,1
BRDA:460,66,0,22
BRDA:460,66,1,16
BRDA:473,67,0,17
BRDA:473,67,1,11
BRDA:485,68,0,4
BRDA:485,68,1,9
BRDA:485,69,0,13
BRDA:485,69,1,11
BRDA:491,70,0,9
BRDA:491,70,1,8
BRDA:491,70,2,7
BRDA:491,70,3,6
BRDA:491,70,4,5
BRDA:491,70,5,4
BRDA:491,70,6,3
BRDA:491,70,7,2
BRDA:516,71,0,0
BRDA:516,71,1,0
BRDA:522,72,0,0
BRDA:522,72,1,0
BRDA:522,72,2,0
BRDA:522,72,3,0
BRDA:522,72,4,0
BRDA:522,72,5,0
BRDA:539,73,0,0
BRDA:539,73,1,0
BRDA:545,74,0,0
BRDA:545,74,1,0
BRDA:545,74,2,0
BRDA:545,74,3,0
BRDA:545,74,4,0
BRDA:545,74,5,0
BRDA:562,75,0,3
BRDA:562,75,1,3
BRDA:565,76,0,1
BRDA:565,76,1,2
BRDA:577,77,0,9
BRDA:577,77,1,1
BRDA:589,78,0,3
BRDA:589,78,1,3
BRDA:589,78,2,1
BRDA:599,79,0,1
BRDA:599,79,1,3
BRDA:600,80,0,3
BRDA:600,80,1,2
BRDA:607,81,0,7
BRDA:607,81,1,5
BRDA:607,82,0,12
BRDA:607,82,1,9
BRDA:607,82,2,7
BRDA:623,83,0,4
BRDA:623,83,1,8
BRDA:626,84,0,1
BRDA:626,84,1,7
BRDA:629,85,0,0
BRDA:629,85,1,7
BRDA:633,86,0,5
BRDA:633,86,1,2
BRDA:645,87,0,2
BRDA:645,87,1,0
BRDA:661,88,0,4
BRDA:661,88,1,4
BRDA:670,89,0,4
BRDA:670,89,1,0
BRDA:671,90,0,8
BRDA:671,90,1,2
BRDA:672,91,0,8
BRDA:672,91,1,2
BRDA:680,92,0,4
BRDA:680,92,1,8
BRDA:683,93,0,4
BRDA:683,93,1,4
BRDA:683,94,0,8
BRDA:683,94,1,4
BRDA:686,95,0,3
BRDA:686,95,1,5
BRDA:686,96,0,8
BRDA:686,96,1,3
BRDA:689,97,0,3
BRDA:689,97,1,5
BRDA:689,98,0,8
BRDA:689,98,1,3
BRDA:715,99,0,0
BRDA:715,99,1,0
BRDA:733,100,0,0
BRDA:733,100,1,0
BRDA:753,101,0,0
BRDA:753,101,1,0
BRDA:753,102,0,0
BRDA:753,102,1,0
BRDA:758,103,0,0
BRDA:758,103,1,0
BRDA:758,103,2,0
BRDA:758,103,3,0
BRDA:771,104,0,0
BRDA:771,104,1,0
BRDA:796,105,0,0
BRDA:796,105,1,0
BRDA:796,106,0,0
BRDA:796,106,1,0
BRDA:801,107,0,0
BRDA:801,107,1,0
BRDA:801,107,2,0
BRDA:814,108,0,0
BRDA:814,108,1,0
BRDA:883,109,0,1021
BRDA:883,109,1,853
BRDA:910,110,0,10
BRDA:910,110,1,6
BRDA:910,110,2,5
BRDA:931,111,0,0
BRDA:933,112,0,0
BRDA:933,112,1,0
BRDA:943,113,0,0
BRDA:943,113,1,0
BRDA:965,114,0,0
BRDA:967,115,0,0
BRDA:967,115,1,0
BRDA:982,116,0,147
BRDA:982,116,1,147
BRDA:982,116,2,147
BRDA:982,116,3,147
BRDA:982,116,4,20
BRF:290
BRH:223
end_of_record
TN:
SF:src/utils/widgetHelpers.ts
FN:46,formatSecurityLevel
FN:70,(anonymous_1)
FN:76,(anonymous_2)
FN:80,(anonymous_3)
FN:108,(anonymous_4)
FN:113,(anonymous_5)
FN:120,(anonymous_6)
FN:148,(anonymous_7)
FN:156,(anonymous_8)
FN:160,(anonymous_9)
FN:162,(anonymous_10)
FN:165,(anonymous_11)
FNF:12
FNH:12
FNDA:8,formatSecurityLevel
FNDA:1,(anonymous_1)
FNDA:1,(anonymous_2)
FNDA:1,(anonymous_3)
FNDA:2,(anonymous_4)
FNDA:1,(anonymous_5)
FNDA:1,(anonymous_6)
FNDA:2,(anonymous_7)
FNDA:1,(anonymous_8)
FNDA:1,(anonymous_9)
FNDA:1,(anonymous_10)
FNDA:1,(anonymous_11)
DA:49,8
DA:51,6
DA:54,6
DA:55,1
DA:58,5
DA:60,5
DA:61,4
DA:62,3
DA:63,2
DA:64,1
DA:66,0
DA:70,14
DA:73,1
DA:76,14
DA:77,1
DA:80,14
DA:81,1
DA:108,14
DA:109,2
DA:110,1
DA:113,14
DA:117,1
DA:120,14
DA:121,1
DA:148,14
DA:150,2
DA:151,1
DA:153,1
DA:156,14
DA:157,1
DA:160,14
DA:162,14
DA:163,1
DA:165,14
LF:34
LH:33
BRDA:49,0,0,2
BRDA:49,0,1,6
BRDA:54,1,0,1
BRDA:54,1,1,5
BRDA:60,2,0,1
BRDA:60,2,1,4
BRDA:61,3,0,1
BRDA:61,3,1,3
BRDA:62,4,0,1
BRDA:62,4,1,2
BRDA:63,5,0,1
BRDA:63,5,1,1
BRDA:64,6,0,1
BRDA:64,6,1,0
BRDA:109,7,0,1
BRDA:109,7,1,1
BRDA:150,8,0,1
BRDA:150,8,1,1
BRF:18
BRH:17
end_of_record
